warning: `VIRTUAL_ENV=/home/mila/r/roy.eyono/RNN_EI_Network/inhibition/.venv` does not match the project environment path `/home/mila/r/roy.eyono/RNN_EI_Network/.venv` and will be ignored; use `--active` to target the active environment instead
wandb: [wandb.login()] Loaded credentials for https://api.wandb.ai from /home/mila/r/roy.eyono/.netrc.
wandb: Currently logged in as: royeyono to https://api.wandb.ai. Use `wandb login --relogin` to force relogin
wandb: Tracking run with wandb version 0.25.1
wandb: Run data is saved locally in /home/mila/r/roy.eyono/RNN_EI_Network/experiments/batch_run/wandb/run-20260410_154142-6bbrniut
wandb: Run `wandb offline` to turn off syncing.
wandb: Syncing run happy-pond-68
wandb: ⭐️ View project at https://wandb.ai/royeyono/mnist-ei
wandb: 🚀 View run at https://wandb.ai/royeyono/mnist-ei/runs/6bbrniut
wandb: updating run metadata
wandb: uploading history steps 93241-93799, summary, console lines 9491-9548
wandb: 
wandb: Run history:
wandb:              epoch ▁▁▁▁▂▂▂▂▂▂▃▃▃▃▃▄▄▄▄▄▄▄▅▅▅▅▆▆▆▆▇▇▇▇▇▇▇▇▇█
wandb:  test/accuracy_pct ▁▃▄▄▅▅▅▅▆▆▆▆▆▆▇▇▇▇▇▇▇▇▇▇▇▇▇▇████████████
wandb:          test/loss █▆▆▅▅▄▄▄▃▃▃▃▃▃▂▂▂▂▂▂▂▂▂▂▂▂▁▁▁▁▁▁▁▁▁▁▁▁▁▁
wandb: train/local_ln_sum ▁▁▁▁▁▁▁▁▁▁▁▁▁▁▁▁▁▁▁▁▁▁▁▁▁▁▁▁▁▁▁▁▁▁▁▁▁▁▁▁
wandb:         train/loss █▆▅▇▅▄▂▄▄▃▃▄▅▃▃▄▅▃▄▄▂▃▂▃▄▃▂▃▂▃▁▂▁▄▃▃▃▄▃▃
wandb:    train/task_loss █▅▆▃▇▃▄▅▂▂▅▃▄▄▃▄▄▁▄▃▃▃▁▃▁▃▂▂▁▃▂▂▃▃▂▃▂▂▂▁
wandb: 
wandb: Run summary:
wandb:              epoch 50
wandb:  test/accuracy_pct 80.11
wandb:          test/loss 0.94565
wandb: train/local_ln_sum 0
wandb:         train/loss 0.75426
wandb:    train/task_loss 0.75426
wandb: 
wandb: 🚀 View run happy-pond-68 at: https://wandb.ai/royeyono/mnist-ei/runs/6bbrniut
wandb: ⭐️ View project at: https://wandb.ai/royeyono/mnist-ei
wandb: Synced 5 W&B file(s), 0 media file(s), 0 artifact file(s) and 0 other file(s)
wandb: Find logs at: ./wandb/run-20260410_154142-6bbrniut/logs
