warning: `VIRTUAL_ENV=/home/mila/r/roy.eyono/RNN_EI_Network/inhibition/.venv` does not match the project environment path `/home/mila/r/roy.eyono/RNN_EI_Network/.venv` and will be ignored; use `--active` to target the active environment instead
wandb: [wandb.login()] Loaded credentials for https://api.wandb.ai from /home/mila/r/roy.eyono/.netrc.
wandb: W&B API key is configured. Use `wandb login --relogin` to force relogin
wandb: Tracking run with wandb version 0.25.1
wandb: Run data is saved locally in /home/mila/r/roy.eyono/RNN_EI_Network/experiments/batch_run/wandb/run-20260410_154659-j2s5x440
wandb: Run `wandb offline` to turn off syncing.
wandb: Syncing run lively-plant-75
wandb: 猸愶笍 View project at https://wandb.ai/royeyono/mnist-ei
wandb: 馃殌 View run at https://wandb.ai/royeyono/mnist-ei/runs/j2s5x440
wandb: uploading history steps 92836-93798, summary, console lines 9451-9546; updating run metadata
wandb: uploading history steps 93799-93799, summary, console lines 9547-9548
wandb: 
wandb: Run history:
wandb:              epoch 鈻佲杹鈻佲杹鈻佲杺鈻傗杺鈻傗杺鈻傗杻鈻冣杻鈻冣杻鈻冣杻鈻勨杽鈻勨枀鈻呪枀鈻呪枀鈻呪枂鈻嗏枂鈻嗏枂鈻嗏枂鈻嗏枃鈻団枅鈻堚枅
wandb:  test/accuracy_pct 鈻佲杻鈻勨枀鈻呪枂鈻嗏枂鈻嗏枂鈻団枃鈻団枃鈻団枃鈻団枃鈻団枃鈻団枅鈻団枅鈻堚枅鈻堚枅鈻堚枅鈻堚枅鈻堚枅鈻堚枅鈻堚枅鈻堚枅
wandb:          test/loss 鈻堚枂鈻呪枀鈻勨杽鈻冣杻鈻冣杻鈻冣杻鈻傗杺鈻傗杺鈻傗杺鈻傗杺鈻佲杺鈻佲杹鈻傗杹鈻佲杹鈻佲杹鈻佲杹鈻佲杹鈻佲杹鈻佲杹鈻佲杹
wandb: train/local_ln_sum 鈻佲杹鈻佲杹鈻佲杹鈻佲杹鈻佲杹鈻佲杹鈻佲杹鈻佲杹鈻佲杹鈻佲杹鈻佲杹鈻佲杹鈻佲杹鈻佲杹鈻佲杹鈻佲杹鈻佲杹鈻佲杹鈻佲杹鈻佲杹
wandb:         train/loss 鈻堚杽鈻勨杽鈻冣杻鈻冣杻鈻傗杻鈻勨杻鈻冣杻鈻傗杺鈻傗杻鈻冣杺鈻冣杻鈻傗杺鈻冣杺鈻佲杺鈻傗杺鈻傗杺鈻傗杻鈻冣杺鈻佲杺鈻傗杹
wandb:    train/task_loss 鈻団枅鈻勨杻鈻勨杻鈻冣杺鈻勨杺鈻冣杻鈻傗杹鈻冣杻鈻冣杹鈻冣杻鈻冣杹鈻冣杽鈻傗杺鈻冣杻鈻傗杹鈻冣杻鈻傗杺鈻佲杺鈻勨杻鈻傗杺
wandb: 
wandb: Run summary:
wandb:              epoch 50
wandb:  test/accuracy_pct 82.3
wandb:          test/loss 0.88702
wandb: train/local_ln_sum 0
wandb:         train/loss 0.68726
wandb:    train/task_loss 0.68726
wandb: 
wandb: 馃殌 View run lively-plant-75 at: https://wandb.ai/royeyono/mnist-ei/runs/j2s5x440
wandb: 猸愶笍 View project at: https://wandb.ai/royeyono/mnist-ei
wandb: Synced 5 W&B file(s), 0 media file(s), 0 artifact file(s) and 0 other file(s)
wandb: Find logs at: ./wandb/run-20260410_154659-j2s5x440/logs
/etc/slurm/slurmtask_epilog: line 26: ${OUT_FILE}: ambiguous redirect
/etc/slurm/slurmtask_epilog: line 27: ${OUT_FILE}: ambiguous redirect
/etc/slurm/slurmtask_epilog: line 28: ${OUT_FILE}: ambiguous redirect
[2026-04-10T16:11:48.905] error: --task-epilog failed status=1
