warning: `VIRTUAL_ENV=/home/mila/r/roy.eyono/RNN_EI_Network/inhibition/.venv` does not match the project environment path `/home/mila/r/roy.eyono/RNN_EI_Network/.venv` and will be ignored; use `--active` to target the active environment instead
Traceback (most recent call last):
  File "/home/mila/r/roy.eyono/RNN_EI_Network/experiments/main.py", line 54, in <module>
    main()
    ~~~~^^
  File "/home/mila/r/roy.eyono/RNN_EI_Network/experiments/main.py", line 32, in main
    model = RNNNet().to(device)
  File "/home/mila/r/roy.eyono/RNN_EI_Network/.venv/lib/python3.13/site-packages/torch/nn/modules/module.py", line 1384, in to
    return self._apply(convert)
           ~~~~~~~~~~~^^^^^^^^^
  File "/home/mila/r/roy.eyono/RNN_EI_Network/.venv/lib/python3.13/site-packages/torch/nn/modules/module.py", line 934, in _apply
    module._apply(fn)
    ~~~~~~~~~~~~~^^^^
  File "/home/mila/r/roy.eyono/RNN_EI_Network/.venv/lib/python3.13/site-packages/torch/nn/modules/module.py", line 965, in _apply
    param_applied = fn(param)
  File "/home/mila/r/roy.eyono/RNN_EI_Network/.venv/lib/python3.13/site-packages/torch/nn/modules/module.py", line 1370, in convert
    return t.to(
           ~~~~^
        device,
        ^^^^^^^
        dtype if t.is_floating_point() or t.is_complex() else None,
        ^^^^^^^^^^^^^^^^^^^^^^^^^^^^^^^^^^^^^^^^^^^^^^^^^^^^^^^^^^^
        non_blocking,
        ^^^^^^^^^^^^^
    )
    ^
torch.AcceleratorError: CUDA error: uncorrectable ECC error encountered
Search for `cudaErrorECCUncorrectable' in https://docs.nvidia.com/cuda/cuda-runtime-api/group__CUDART__TYPES.html for more information.
CUDA kernel errors might be asynchronously reported at some other API call, so the stacktrace below might be incorrect.
For debugging consider passing CUDA_LAUNCH_BLOCKING=1
Compile with `TORCH_USE_CUDA_DSA` to enable device-side assertions.

/etc/slurm/slurmtask_epilog: line 26: ${OUT_FILE}: ambiguous redirect
/etc/slurm/slurmtask_epilog: line 27: ${OUT_FILE}: ambiguous redirect
/etc/slurm/slurmtask_epilog: line 28: ${OUT_FILE}: ambiguous redirect
[2026-04-10T14:52:51.942] error: --task-epilog failed status=1
