warning: `VIRTUAL_ENV=/home/mila/r/roy.eyono/RNN_EI_Network/inhibition/.venv` does not match the project environment path `/home/mila/r/roy.eyono/RNN_EI_Network/.venv` and will be ignored; use `--active` to target the active environment instead
wandb: [wandb.login()] Loaded credentials for https://api.wandb.ai from /home/mila/r/roy.eyono/.netrc.
wandb: W&B API key is configured. Use `wandb login --relogin` to force relogin
wandb: Tracking run with wandb version 0.25.1
wandb: Run data is saved locally in /home/mila/r/roy.eyono/RNN_EI_Network/experiments/batch_run/wandb/run-20260410_145002-m03w3cqy
wandb: Run `wandb offline` to turn off syncing.
wandb: Syncing run swift-frog-55
wandb: ⭐️ View project at https://wandb.ai/royeyono/mnist-ei
wandb: 🚀 View run at https://wandb.ai/royeyono/mnist-ei/runs/m03w3cqy
wandb: updating run metadata
wandb: uploading history steps 93450-93799, summary, console lines 9512-9548
wandb: 
wandb: Run history:
wandb:              epoch ▁▁▁▁▁▂▂▂▂▃▃▃▃▃▃▃▄▄▄▄▄▅▅▅▅▅▅▅▅▆▆▆▆▇▇▇████
wandb:  test/accuracy_pct ▁▃▄▄▅▅▅▆▆▆▆▆▇▇▇▇▇▇▇▇████████████████████
wandb:          test/loss █▆▆▅▅▄▄▄▃▃▃▃▃▂▂▂▂▂▂▂▂▂▂▁▁▁▁▁▁▁▁▁▁▁▁▁▁▁▁▁
wandb: train/local_ln_sum ▁▁▁▁▁▁▁▁▁▁▁▁▁▁▁▁▁▁▁▁▁▁▁▁▁▁▁▁▁▁▁▁▁▁▁▁▁▁▁▁
wandb:         train/loss ▇█▆█▄▃▄▅▄▄▄▄▂▃▃▂▁▁▂▂▄▁▁▁▁▂▂▁▂▂▁▃▁▂▂▂▃▁▂▂
wandb:    train/task_loss █▅▅▄▄▄▃▂▃▄▂▃▁▃▂▂▃▃▁▂▁▂▂▃▁▁▂▂▁▂▃▂▂▁▁▁▃▂▂▃
wandb: 
wandb: Run summary:
wandb:              epoch 50
wandb:  test/accuracy_pct 85.74
wandb:          test/loss 0.81965
wandb: train/local_ln_sum 0
wandb:         train/loss 0.74793
wandb:    train/task_loss 0.74793
wandb: 
wandb: 🚀 View run swift-frog-55 at: https://wandb.ai/royeyono/mnist-ei/runs/m03w3cqy
wandb: ⭐️ View project at: https://wandb.ai/royeyono/mnist-ei
wandb: Synced 5 W&B file(s), 0 media file(s), 0 artifact file(s) and 0 other file(s)
wandb: Find logs at: ./wandb/run-20260410_145002-m03w3cqy/logs
