step 100  mean_loss_last_100: 1.37870  trial_acc (50 trials): 0.0200
step 200  mean_loss_last_100: 1.06181  trial_acc (50 trials): 0.0800
step 300  mean_loss_last_100: 1.03961  trial_acc (50 trials): 0.0600
step 400  mean_loss_last_100: 1.02519  trial_acc (50 trials): 0.0200
step 500  mean_loss_last_100: 1.00918  trial_acc (50 trials): 0.0400
step 600  mean_loss_last_100: 0.97758  trial_acc (50 trials): 0.0200
step 700  mean_loss_last_100: 0.91325  trial_acc (50 trials): 0.1000
step 800  mean_loss_last_100: 0.84149  trial_acc (50 trials): 0.1200
step 900  mean_loss_last_100: 0.77719  trial_acc (50 trials): 0.1600
step 1000  mean_loss_last_100: 0.73235  trial_acc (50 trials): 0.2200
step 1100  mean_loss_last_100: 0.69266  trial_acc (50 trials): 0.4800
step 1200  mean_loss_last_100: 0.65994  trial_acc (50 trials): 0.2000
step 1300  mean_loss_last_100: 0.63147  trial_acc (50 trials): 0.4600
step 1400  mean_loss_last_100: 0.60417  trial_acc (50 trials): 0.1600
step 1500  mean_loss_last_100: 0.57983  trial_acc (50 trials): 0.2200
step 1600  mean_loss_last_100: 0.55769  trial_acc (50 trials): 0.5600
step 1700  mean_loss_last_100: 0.53480  trial_acc (50 trials): 0.3600
step 1800  mean_loss_last_100: 0.51413  trial_acc (50 trials): 0.3800
step 1900  mean_loss_last_100: 0.49798  trial_acc (50 trials): 0.3600
step 2000  mean_loss_last_100: 0.47942  trial_acc (50 trials): 0.5800
Finished training.

======== GPU REPORT ========

==============NVSMI LOG==============

Timestamp                                 : Fri May  1 15:38:57 2026
Driver Version                            : 580.95.05
CUDA Version                              : 13.0

Attached GPUs                             : 1
GPU 00000000:27:00.0
    Accounting Mode                       : Enabled
    Accounting Mode Buffer Size           : 4000
    Accounted Processes
        Process ID                        : 1329516
            GPU Utilization               : 3 %
            Memory Utilization            : 0 %
            Max memory usage              : 266 MiB
            Time                          : 117859 ms
            Is Running                    : 0

Fri May  1 15:38:57 2026       
+-----------------------------------------------------------------------------------------+
| NVIDIA-SMI 580.95.05              Driver Version: 580.95.05      CUDA Version: 13.0     |
+-----------------------------------------+------------------------+----------------------+
| GPU  Name                 Persistence-M | Bus-Id          Disp.A | Volatile Uncorr. ECC |
| Fan  Temp   Perf          Pwr:Usage/Cap |           Memory-Usage | GPU-Util  Compute M. |
|                                         |                        |               MIG M. |
|=========================================+========================+======================|
|   0  Quadro RTX 8000                On  |   00000000:27:00.0 Off |                  N/A |
| 35%   38C    P2             72W /  260W |       1MiB /  46080MiB |      4%      Default |
|                                         |                        |                  N/A |
+-----------------------------------------+------------------------+----------------------+

+-----------------------------------------------------------------------------------------+
| Processes:                                                                              |
|  GPU   GI   CI              PID   Type   Process name                        GPU Memory |
|        ID   ID                                                               Usage      |
|=========================================================================================|
|  No running processes found                                                             |
+-----------------------------------------------------------------------------------------+
