step 100  mean_loss_last_100: 1.31689  trial_acc (50 trials): 0.0000
step 200  mean_loss_last_100: 1.04451  trial_acc (50 trials): 0.0200
step 300  mean_loss_last_100: 0.99874  trial_acc (50 trials): 0.0400
step 400  mean_loss_last_100: 0.92225  trial_acc (50 trials): 0.1200
step 500  mean_loss_last_100: 0.82666  trial_acc (50 trials): 0.2600
step 600  mean_loss_last_100: 0.75709  trial_acc (50 trials): 0.3400
step 700  mean_loss_last_100: 0.70670  trial_acc (50 trials): 0.4200
step 800  mean_loss_last_100: 0.66998  trial_acc (50 trials): 0.3800
step 900  mean_loss_last_100: 0.63942  trial_acc (50 trials): 0.2600
step 1000  mean_loss_last_100: 0.61178  trial_acc (50 trials): 0.2800
step 1100  mean_loss_last_100: 0.59005  trial_acc (50 trials): 0.4800
step 1200  mean_loss_last_100: 0.56983  trial_acc (50 trials): 0.5800
step 1300  mean_loss_last_100: 0.55129  trial_acc (50 trials): 0.3600
step 1400  mean_loss_last_100: 0.53345  trial_acc (50 trials): 0.4000
step 1500  mean_loss_last_100: 0.51700  trial_acc (50 trials): 0.6400
step 1600  mean_loss_last_100: 0.50098  trial_acc (50 trials): 0.5600
step 1700  mean_loss_last_100: 0.48572  trial_acc (50 trials): 0.5400
step 1800  mean_loss_last_100: 0.46829  trial_acc (50 trials): 0.6600
step 1900  mean_loss_last_100: 0.45553  trial_acc (50 trials): 0.7800
step 2000  mean_loss_last_100: 0.44325  trial_acc (50 trials): 0.7800
Finished training.

======== GPU REPORT ========

==============NVSMI LOG==============

Timestamp                                 : Fri May  1 15:38:52 2026
Driver Version                            : 580.95.05
CUDA Version                              : 13.0

Attached GPUs                             : 1
GPU 00000000:28:00.0
    Accounting Mode                       : Enabled
    Accounting Mode Buffer Size           : 4000
    Accounted Processes
        Process ID                        : 3397444
            GPU Utilization               : 3 %
            Memory Utilization            : 0 %
            Max memory usage              : 266 MiB
            Time                          : 113594 ms
            Is Running                    : 0

Fri May  1 15:38:52 2026       
+-----------------------------------------------------------------------------------------+
| NVIDIA-SMI 580.95.05              Driver Version: 580.95.05      CUDA Version: 13.0     |
+-----------------------------------------+------------------------+----------------------+
| GPU  Name                 Persistence-M | Bus-Id          Disp.A | Volatile Uncorr. ECC |
| Fan  Temp   Perf          Pwr:Usage/Cap |           Memory-Usage | GPU-Util  Compute M. |
|                                         |                        |               MIG M. |
|=========================================+========================+======================|
|   0  Quadro RTX 8000                On  |   00000000:28:00.0 Off |                    0 |
| 33%   41C    P2             72W /  260W |       1MiB /  46080MiB |      4%      Default |
|                                         |                        |                  N/A |
+-----------------------------------------+------------------------+----------------------+

+-----------------------------------------------------------------------------------------+
| Processes:                                                                              |
|  GPU   GI   CI              PID   Type   Process name                        GPU Memory |
|        ID   ID                                                               Usage      |
|=========================================================================================|
|  No running processes found                                                             |
+-----------------------------------------------------------------------------------------+
