step 100  mean_loss_last_100: 0.11903  trial_acc (50 trials): 0.3400
step 200  mean_loss_last_100: 0.08153  trial_acc (50 trials): 0.4200
step 300  mean_loss_last_100: 0.06572  trial_acc (50 trials): 0.6200
step 400  mean_loss_last_100: 0.05609  trial_acc (50 trials): 0.8800
step 500  mean_loss_last_100: 0.04959  trial_acc (50 trials): 0.6400
step 600  mean_loss_last_100: 0.04531  trial_acc (50 trials): 0.8000
step 700  mean_loss_last_100: 0.04176  trial_acc (50 trials): 0.8600
step 800  mean_loss_last_100: 0.03864  trial_acc (50 trials): 0.8000
step 900  mean_loss_last_100: 0.03651  trial_acc (50 trials): 0.8400
step 1000  mean_loss_last_100: 0.03443  trial_acc (50 trials): 0.7800
step 1100  mean_loss_last_100: 0.03245  trial_acc (50 trials): 0.8000
step 1200  mean_loss_last_100: 0.03127  trial_acc (50 trials): 0.8200
step 1300  mean_loss_last_100: 0.02957  trial_acc (50 trials): 0.8200
step 1400  mean_loss_last_100: 0.02817  trial_acc (50 trials): 0.9000
step 1500  mean_loss_last_100: 0.02729  trial_acc (50 trials): 0.8400
step 1600  mean_loss_last_100: 0.02607  trial_acc (50 trials): 0.8600
step 1700  mean_loss_last_100: 0.02515  trial_acc (50 trials): 0.8200
step 1800  mean_loss_last_100: 0.02401  trial_acc (50 trials): 0.9400
step 1900  mean_loss_last_100: 0.02320  trial_acc (50 trials): 0.8600
step 2000  mean_loss_last_100: 0.02221  trial_acc (50 trials): 0.8000
Finished training.

======== GPU REPORT ========

==============NVSMI LOG==============

Timestamp                                 : Fri May  1 15:17:50 2026
Driver Version                            : 580.95.05
CUDA Version                              : 13.0

Attached GPUs                             : 1
GPU 00000000:C3:00.0
    Accounting Mode                       : Enabled
    Accounting Mode Buffer Size           : 4000
    Accounted Processes
        Process ID                        : 3706359
            GPU Utilization               : 12 %
            Memory Utilization            : 0 %
            Max memory usage              : 232 MiB
            Time                          : 400641 ms
            Is Running                    : 0

Fri May  1 15:17:50 2026       
+-----------------------------------------------------------------------------------------+
| NVIDIA-SMI 580.95.05              Driver Version: 580.95.05      CUDA Version: 13.0     |
+-----------------------------------------+------------------------+----------------------+
| GPU  Name                 Persistence-M | Bus-Id          Disp.A | Volatile Uncorr. ECC |
| Fan  Temp   Perf          Pwr:Usage/Cap |           Memory-Usage | GPU-Util  Compute M. |
|                                         |                        |               MIG M. |
|=========================================+========================+======================|
|   0  Quadro RTX 8000                On  |   00000000:C3:00.0 Off |                    0 |
| 34%   43C    P2             75W /  260W |       1MiB /  46080MiB |      3%      Default |
|                                         |                        |                  N/A |
+-----------------------------------------+------------------------+----------------------+

+-----------------------------------------------------------------------------------------+
| Processes:                                                                              |
|  GPU   GI   CI              PID   Type   Process name                        GPU Memory |
|        ID   ID                                                               Usage      |
|=========================================================================================|
|  No running processes found                                                             |
+-----------------------------------------------------------------------------------------+
