step 100  mean_loss_last_100: 0.21879  trial_acc (50 trials): 0.0000
step 200  mean_loss_last_100: 0.08891  trial_acc (50 trials): 0.4200
step 300  mean_loss_last_100: 0.05883  trial_acc (50 trials): 0.4800
step 400  mean_loss_last_100: 0.04843  trial_acc (50 trials): 0.6000
step 500  mean_loss_last_100: 0.04358  trial_acc (50 trials): 0.5400
step 600  mean_loss_last_100: 0.04076  trial_acc (50 trials): 0.5400
step 700  mean_loss_last_100: 0.03878  trial_acc (50 trials): 0.6600
step 800  mean_loss_last_100: 0.03743  trial_acc (50 trials): 0.6000
step 900  mean_loss_last_100: 0.03648  trial_acc (50 trials): 0.8400
step 1000  mean_loss_last_100: 0.03557  trial_acc (50 trials): 0.8400
step 1100  mean_loss_last_100: 0.03487  trial_acc (50 trials): 0.7800
step 1200  mean_loss_last_100: 0.03439  trial_acc (50 trials): 0.8200
step 1300  mean_loss_last_100: 0.03374  trial_acc (50 trials): 0.8600
step 1400  mean_loss_last_100: 0.03327  trial_acc (50 trials): 0.8200
step 1500  mean_loss_last_100: 0.03291  trial_acc (50 trials): 0.7400
step 1600  mean_loss_last_100: 0.03246  trial_acc (50 trials): 0.8000
step 1700  mean_loss_last_100: 0.03203  trial_acc (50 trials): 0.7800
step 1800  mean_loss_last_100: 0.03170  trial_acc (50 trials): 0.8200
step 1900  mean_loss_last_100: 0.03123  trial_acc (50 trials): 0.8000
step 2000  mean_loss_last_100: 0.03089  trial_acc (50 trials): 0.7600
Finished training.

======== GPU REPORT ========

==============NVSMI LOG==============

Timestamp                                 : Fri May  1 15:12:22 2026
Driver Version                            : 580.95.05
CUDA Version                              : 13.0

Attached GPUs                             : 1
GPU 00000000:89:00.0
    Accounting Mode                       : Enabled
    Accounting Mode Buffer Size           : 4000
    Accounted Processes
        Process ID                        : 2058118
            GPU Utilization               : 4 %
            Memory Utilization            : 0 %
            Max memory usage              : 264 MiB
            Time                          : 93640 ms
            Is Running                    : 0

Fri May  1 15:12:22 2026       
+-----------------------------------------------------------------------------------------+
| NVIDIA-SMI 580.95.05              Driver Version: 580.95.05      CUDA Version: 13.0     |
+-----------------------------------------+------------------------+----------------------+
| GPU  Name                 Persistence-M | Bus-Id          Disp.A | Volatile Uncorr. ECC |
| Fan  Temp   Perf          Pwr:Usage/Cap |           Memory-Usage | GPU-Util  Compute M. |
|                                         |                        |               MIG M. |
|=========================================+========================+======================|
|   0  Quadro RTX 8000                On  |   00000000:89:00.0 Off |                    0 |
| 33%   32C    P2             68W /  260W |       1MiB /  46080MiB |      4%      Default |
|                                         |                        |                  N/A |
+-----------------------------------------+------------------------+----------------------+

+-----------------------------------------------------------------------------------------+
| Processes:                                                                              |
|  GPU   GI   CI              PID   Type   Process name                        GPU Memory |
|        ID   ID                                                               Usage      |
|=========================================================================================|
|  No running processes found                                                             |
+-----------------------------------------------------------------------------------------+
