step 100  mean_loss_last_100: 0.23319  trial_acc (50 trials): 0.0000
step 200  mean_loss_last_100: 0.12497  trial_acc (50 trials): 0.0000
step 300  mean_loss_last_100: 0.08240  trial_acc (50 trials): 0.4600
step 400  mean_loss_last_100: 0.06222  trial_acc (50 trials): 0.4200
step 500  mean_loss_last_100: 0.05283  trial_acc (50 trials): 0.4400
step 600  mean_loss_last_100: 0.04790  trial_acc (50 trials): 0.4800
step 700  mean_loss_last_100: 0.04526  trial_acc (50 trials): 0.4800
step 800  mean_loss_last_100: 0.04329  trial_acc (50 trials): 0.5200
step 900  mean_loss_last_100: 0.04217  trial_acc (50 trials): 0.4800
step 1000  mean_loss_last_100: 0.04130  trial_acc (50 trials): 0.5200
step 1100  mean_loss_last_100: 0.04037  trial_acc (50 trials): 0.4800
step 1200  mean_loss_last_100: 0.03988  trial_acc (50 trials): 0.4600
step 1300  mean_loss_last_100: 0.03966  trial_acc (50 trials): 0.3000
step 1400  mean_loss_last_100: 0.03929  trial_acc (50 trials): 0.5000
step 1500  mean_loss_last_100: 0.03872  trial_acc (50 trials): 0.5000
step 1600  mean_loss_last_100: 0.03884  trial_acc (50 trials): 0.4400
step 1700  mean_loss_last_100: 0.03825  trial_acc (50 trials): 0.5400
step 1800  mean_loss_last_100: 0.03832  trial_acc (50 trials): 0.4600
step 1900  mean_loss_last_100: 0.03778  trial_acc (50 trials): 0.5200
step 2000  mean_loss_last_100: 0.03793  trial_acc (50 trials): 0.5800
Finished training.

======== GPU REPORT ========

==============NVSMI LOG==============

Timestamp                                 : Fri May  1 15:47:31 2026
Driver Version                            : 580.95.05
CUDA Version                              : 13.0

Attached GPUs                             : 1
GPU 00000000:27:00.0
    Accounting Mode                       : Enabled
    Accounting Mode Buffer Size           : 4000
    Accounted Processes
        Process ID                        : 3376204
            GPU Utilization               : 4 %
            Memory Utilization            : 0 %
            Max memory usage              : 264 MiB
            Time                          : 93492 ms
            Is Running                    : 0

Fri May  1 15:47:31 2026       
+-----------------------------------------------------------------------------------------+
| NVIDIA-SMI 580.95.05              Driver Version: 580.95.05      CUDA Version: 13.0     |
+-----------------------------------------+------------------------+----------------------+
| GPU  Name                 Persistence-M | Bus-Id          Disp.A | Volatile Uncorr. ECC |
| Fan  Temp   Perf          Pwr:Usage/Cap |           Memory-Usage | GPU-Util  Compute M. |
|                                         |                        |               MIG M. |
|=========================================+========================+======================|
|   0  Quadro RTX 8000                On  |   00000000:27:00.0 Off |                    0 |
| 37%   43C    P2             79W /  260W |       1MiB /  46080MiB |      4%      Default |
|                                         |                        |                  N/A |
+-----------------------------------------+------------------------+----------------------+

+-----------------------------------------------------------------------------------------+
| Processes:                                                                              |
|  GPU   GI   CI              PID   Type   Process name                        GPU Memory |
|        ID   ID                                                               Usage      |
|=========================================================================================|
|  No running processes found                                                             |
+-----------------------------------------------------------------------------------------+
