step 100  mean_loss_last_100: 0.29830  trial_acc (50 trials): 0.0000
step 200  mean_loss_last_100: 0.16155  trial_acc (50 trials): 0.0000
step 300  mean_loss_last_100: 0.12241  trial_acc (50 trials): 0.0000
step 400  mean_loss_last_100: 0.09221  trial_acc (50 trials): 0.1200
step 500  mean_loss_last_100: 0.07282  trial_acc (50 trials): 0.4600
step 600  mean_loss_last_100: 0.06117  trial_acc (50 trials): 0.5600
step 700  mean_loss_last_100: 0.05398  trial_acc (50 trials): 0.5600
step 800  mean_loss_last_100: 0.04969  trial_acc (50 trials): 0.5000
step 900  mean_loss_last_100: 0.04681  trial_acc (50 trials): 0.4200
step 1000  mean_loss_last_100: 0.04465  trial_acc (50 trials): 0.4400
step 1100  mean_loss_last_100: 0.04328  trial_acc (50 trials): 0.4800
step 1200  mean_loss_last_100: 0.04215  trial_acc (50 trials): 0.4400
step 1300  mean_loss_last_100: 0.04146  trial_acc (50 trials): 0.5200
step 1400  mean_loss_last_100: 0.04096  trial_acc (50 trials): 0.4000
step 1500  mean_loss_last_100: 0.04005  trial_acc (50 trials): 0.3200
step 1600  mean_loss_last_100: 0.03990  trial_acc (50 trials): 0.5600
step 1700  mean_loss_last_100: 0.03978  trial_acc (50 trials): 0.4800
step 1800  mean_loss_last_100: 0.03914  trial_acc (50 trials): 0.4600
step 1900  mean_loss_last_100: 0.03871  trial_acc (50 trials): 0.5400
step 2000  mean_loss_last_100: 0.03854  trial_acc (50 trials): 0.5600
Finished training.

======== GPU REPORT ========

==============NVSMI LOG==============

Timestamp                                 : Fri May  1 15:47:33 2026
Driver Version                            : 580.95.05
CUDA Version                              : 13.0

Attached GPUs                             : 1
GPU 00000000:C3:00.0
    Accounting Mode                       : Enabled
    Accounting Mode Buffer Size           : 4000
    Accounted Processes
        Process ID                        : 3376205
            GPU Utilization               : 4 %
            Memory Utilization            : 0 %
            Max memory usage              : 264 MiB
            Time                          : 94246 ms
            Is Running                    : 0

Fri May  1 15:47:33 2026       
+-----------------------------------------------------------------------------------------+
| NVIDIA-SMI 580.95.05              Driver Version: 580.95.05      CUDA Version: 13.0     |
+-----------------------------------------+------------------------+----------------------+
| GPU  Name                 Persistence-M | Bus-Id          Disp.A | Volatile Uncorr. ECC |
| Fan  Temp   Perf          Pwr:Usage/Cap |           Memory-Usage | GPU-Util  Compute M. |
|                                         |                        |               MIG M. |
|=========================================+========================+======================|
|   0  Quadro RTX 8000                On  |   00000000:C3:00.0 Off |                    0 |
| 33%   31C    P2             63W /  260W |       1MiB /  46080MiB |      0%      Default |
|                                         |                        |                  N/A |
+-----------------------------------------+------------------------+----------------------+

+-----------------------------------------------------------------------------------------+
| Processes:                                                                              |
|  GPU   GI   CI              PID   Type   Process name                        GPU Memory |
|        ID   ID                                                               Usage      |
|=========================================================================================|
|  No running processes found                                                             |
+-----------------------------------------------------------------------------------------+
