step 100  mean_loss_last_100: 0.37129  trial_acc (50 trials): 0.0000
step 200  mean_loss_last_100: 0.23082  trial_acc (50 trials): 0.0000
step 300  mean_loss_last_100: 0.20673  trial_acc (50 trials): 0.0000
step 400  mean_loss_last_100: 0.18514  trial_acc (50 trials): 0.0000
step 500  mean_loss_last_100: 0.16991  trial_acc (50 trials): 0.0000
step 600  mean_loss_last_100: 0.15655  trial_acc (50 trials): 0.0000
step 700  mean_loss_last_100: 0.14291  trial_acc (50 trials): 0.0000
step 800  mean_loss_last_100: 0.13021  trial_acc (50 trials): 0.0000
step 900  mean_loss_last_100: 0.12063  trial_acc (50 trials): 0.0000
step 1000  mean_loss_last_100: 0.11145  trial_acc (50 trials): 0.0000
step 1100  mean_loss_last_100: 0.10295  trial_acc (50 trials): 0.0200
step 1200  mean_loss_last_100: 0.09647  trial_acc (50 trials): 0.2200
step 1300  mean_loss_last_100: 0.08952  trial_acc (50 trials): 0.2400
step 1400  mean_loss_last_100: 0.08417  trial_acc (50 trials): 0.2200
step 1500  mean_loss_last_100: 0.07905  trial_acc (50 trials): 0.2400
step 1600  mean_loss_last_100: 0.07479  trial_acc (50 trials): 0.3200
step 1700  mean_loss_last_100: 0.07147  trial_acc (50 trials): 0.4600
step 1800  mean_loss_last_100: 0.06758  trial_acc (50 trials): 0.4000
step 1900  mean_loss_last_100: 0.06558  trial_acc (50 trials): 0.4800
step 2000  mean_loss_last_100: 0.06312  trial_acc (50 trials): 0.5600
Finished training.

======== GPU REPORT ========

==============NVSMI LOG==============

Timestamp                                 : Fri May  1 15:52:11 2026
Driver Version                            : 580.95.05
CUDA Version                              : 13.0

Attached GPUs                             : 1
GPU 00000000:C3:00.0
    Accounting Mode                       : Enabled
    Accounting Mode Buffer Size           : 4000
    Accounted Processes
        Process ID                        : 1890943
            GPU Utilization               : 12 %
            Memory Utilization            : 0 %
            Max memory usage              : 232 MiB
            Time                          : 373819 ms
            Is Running                    : 0

Fri May  1 15:52:11 2026       
+-----------------------------------------------------------------------------------------+
| NVIDIA-SMI 580.95.05              Driver Version: 580.95.05      CUDA Version: 13.0     |
+-----------------------------------------+------------------------+----------------------+
| GPU  Name                 Persistence-M | Bus-Id          Disp.A | Volatile Uncorr. ECC |
| Fan  Temp   Perf          Pwr:Usage/Cap |           Memory-Usage | GPU-Util  Compute M. |
|                                         |                        |               MIG M. |
|=========================================+========================+======================|
|   0  Quadro RTX 8000                On  |   00000000:C3:00.0 Off |                    0 |
| 33%   32C    P2             65W /  260W |       1MiB /  46080MiB |      0%      Default |
|                                         |                        |                  N/A |
+-----------------------------------------+------------------------+----------------------+

+-----------------------------------------------------------------------------------------+
| Processes:                                                                              |
|  GPU   GI   CI              PID   Type   Process name                        GPU Memory |
|        ID   ID                                                               Usage      |
|=========================================================================================|
|  No running processes found                                                             |
+-----------------------------------------------------------------------------------------+
