step 100  mean_loss_last_100: 0.24559  trial_acc (50 trials): 0.5400
step 200  mean_loss_last_100: 0.19866  trial_acc (50 trials): 0.6000
step 300  mean_loss_last_100: 0.19727  trial_acc (50 trials): 0.3800
step 400  mean_loss_last_100: 0.19654  trial_acc (50 trials): 0.4000
step 500  mean_loss_last_100: 0.19537  trial_acc (50 trials): 0.4200
step 600  mean_loss_last_100: 0.19544  trial_acc (50 trials): 0.3800
step 700  mean_loss_last_100: 0.19509  trial_acc (50 trials): 0.6000
step 800  mean_loss_last_100: 0.19482  trial_acc (50 trials): 0.5200
step 900  mean_loss_last_100: 0.19527  trial_acc (50 trials): 0.5800
step 1000  mean_loss_last_100: 0.19478  trial_acc (50 trials): 0.4600
step 1100  mean_loss_last_100: 0.19453  trial_acc (50 trials): 0.5200
step 1200  mean_loss_last_100: 0.19476  trial_acc (50 trials): 0.4000
step 1300  mean_loss_last_100: 0.19454  trial_acc (50 trials): 0.4800
step 1400  mean_loss_last_100: 0.19414  trial_acc (50 trials): 0.6000
step 1500  mean_loss_last_100: 0.19453  trial_acc (50 trials): 0.5200
step 1600  mean_loss_last_100: 0.19451  trial_acc (50 trials): 0.4800
step 1700  mean_loss_last_100: 0.19408  trial_acc (50 trials): 0.4800
step 1800  mean_loss_last_100: 0.19484  trial_acc (50 trials): 0.6200
step 1900  mean_loss_last_100: 0.19427  trial_acc (50 trials): 0.5600
step 2000  mean_loss_last_100: 0.19393  trial_acc (50 trials): 0.5000
Finished training.

======== GPU REPORT ========

==============NVSMI LOG==============

Timestamp                                 : Fri May  1 15:24:18 2026
Driver Version                            : 580.95.05
CUDA Version                              : 13.0

Attached GPUs                             : 1
GPU 00000000:15:00.0
    Accounting Mode                       : Enabled
    Accounting Mode Buffer Size           : 4000
    Accounted Processes
        Process ID                        : 3759445
            GPU Utilization               : 5 %
            Memory Utilization            : 0 %
            Max memory usage              : 264 MiB
            Time                          : 90166 ms
            Is Running                    : 0

Fri May  1 15:24:18 2026       
+-----------------------------------------------------------------------------------------+
| NVIDIA-SMI 580.95.05              Driver Version: 580.95.05      CUDA Version: 13.0     |
+-----------------------------------------+------------------------+----------------------+
| GPU  Name                 Persistence-M | Bus-Id          Disp.A | Volatile Uncorr. ECC |
| Fan  Temp   Perf          Pwr:Usage/Cap |           Memory-Usage | GPU-Util  Compute M. |
|                                         |                        |               MIG M. |
|=========================================+========================+======================|
|   0  Quadro RTX 8000                On  |   00000000:15:00.0 Off |                    0 |
| 33%   31C    P2             64W /  260W |       1MiB /  46080MiB |      0%      Default |
|                                         |                        |                  N/A |
+-----------------------------------------+------------------------+----------------------+

+-----------------------------------------------------------------------------------------+
| Processes:                                                                              |
|  GPU   GI   CI              PID   Type   Process name                        GPU Memory |
|        ID   ID                                                               Usage      |
|=========================================================================================|
|  No running processes found                                                             |
+-----------------------------------------------------------------------------------------+
