step 100  mean_loss_last_100: 0.14726  trial_acc (50 trials): 0.5000
step 200  mean_loss_last_100: 0.05037  trial_acc (50 trials): 0.5000
step 300  mean_loss_last_100: 0.03967  trial_acc (50 trials): 0.6600
step 400  mean_loss_last_100: 0.03585  trial_acc (50 trials): 0.8400
step 500  mean_loss_last_100: 0.03378  trial_acc (50 trials): 0.8200
step 600  mean_loss_last_100: 0.03234  trial_acc (50 trials): 0.8200
step 700  mean_loss_last_100: 0.03118  trial_acc (50 trials): 0.8000
step 800  mean_loss_last_100: 0.02993  trial_acc (50 trials): 0.8000
step 900  mean_loss_last_100: 0.02884  trial_acc (50 trials): 0.7400
step 1000  mean_loss_last_100: 0.02753  trial_acc (50 trials): 0.8600
step 1100  mean_loss_last_100: 0.02592  trial_acc (50 trials): 0.8600
step 1200  mean_loss_last_100: 0.02462  trial_acc (50 trials): 0.8000
step 1300  mean_loss_last_100: 0.02274  trial_acc (50 trials): 0.8000
step 1400  mean_loss_last_100: 0.02060  trial_acc (50 trials): 0.8200
step 1500  mean_loss_last_100: 0.01961  trial_acc (50 trials): 0.8200
step 1600  mean_loss_last_100: 0.01873  trial_acc (50 trials): 0.8600
step 1700  mean_loss_last_100: 0.01799  trial_acc (50 trials): 0.7800
step 1800  mean_loss_last_100: 0.01727  trial_acc (50 trials): 0.8000
step 1900  mean_loss_last_100: 0.01717  trial_acc (50 trials): 0.7600
step 2000  mean_loss_last_100: 0.01730  trial_acc (50 trials): 0.9400
Finished training.

======== GPU REPORT ========

==============NVSMI LOG==============

Timestamp                                 : Fri May  1 15:12:38 2026
Driver Version                            : 580.95.05
CUDA Version                              : 13.0

Attached GPUs                             : 1
GPU 00000000:43:00.0
    Accounting Mode                       : Enabled
    Accounting Mode Buffer Size           : 4000
    Accounted Processes
        Process ID                        : 3367012
            GPU Utilization               : 4 %
            Memory Utilization            : 0 %
            Max memory usage              : 264 MiB
            Time                          : 88674 ms
            Is Running                    : 0

Fri May  1 15:12:38 2026       
+-----------------------------------------------------------------------------------------+
| NVIDIA-SMI 580.95.05              Driver Version: 580.95.05      CUDA Version: 13.0     |
+-----------------------------------------+------------------------+----------------------+
| GPU  Name                 Persistence-M | Bus-Id          Disp.A | Volatile Uncorr. ECC |
| Fan  Temp   Perf          Pwr:Usage/Cap |           Memory-Usage | GPU-Util  Compute M. |
|                                         |                        |               MIG M. |
|=========================================+========================+======================|
|   0  Quadro RTX 8000                On  |   00000000:43:00.0 Off |                    0 |
| 34%   47C    P2             69W /  260W |       1MiB /  46080MiB |      4%      Default |
|                                         |                        |                  N/A |
+-----------------------------------------+------------------------+----------------------+

+-----------------------------------------------------------------------------------------+
| Processes:                                                                              |
|  GPU   GI   CI              PID   Type   Process name                        GPU Memory |
|        ID   ID                                                               Usage      |
|=========================================================================================|
|  No running processes found                                                             |
+-----------------------------------------------------------------------------------------+
