step 100  mean_loss_last_100: 0.31390  trial_acc (50 trials): 1.0000
step 200  mean_loss_last_100: 0.11783  trial_acc (50 trials): 1.0000
step 300  mean_loss_last_100: 0.06001  trial_acc (50 trials): 1.0000
step 400  mean_loss_last_100: 0.04247  trial_acc (50 trials): 1.0000
step 500  mean_loss_last_100: 0.03514  trial_acc (50 trials): 1.0000
step 600  mean_loss_last_100: 0.03162  trial_acc (50 trials): 1.0000
step 700  mean_loss_last_100: 0.02943  trial_acc (50 trials): 1.0000
step 800  mean_loss_last_100: 0.02835  trial_acc (50 trials): 1.0000
step 900  mean_loss_last_100: 0.02783  trial_acc (50 trials): 1.0000
step 1000  mean_loss_last_100: 0.02705  trial_acc (50 trials): 1.0000
step 1100  mean_loss_last_100: 0.02688  trial_acc (50 trials): 1.0000
step 1200  mean_loss_last_100: 0.02651  trial_acc (50 trials): 1.0000
step 1300  mean_loss_last_100: 0.02596  trial_acc (50 trials): 1.0000
step 1400  mean_loss_last_100: 0.02576  trial_acc (50 trials): 1.0000
step 1500  mean_loss_last_100: 0.02616  trial_acc (50 trials): 1.0000
step 1600  mean_loss_last_100: 0.02556  trial_acc (50 trials): 1.0000
step 1700  mean_loss_last_100: 0.02541  trial_acc (50 trials): 1.0000
step 1800  mean_loss_last_100: 0.02520  trial_acc (50 trials): 1.0000
step 1900  mean_loss_last_100: 0.02484  trial_acc (50 trials): 1.0000
step 2000  mean_loss_last_100: 0.02508  trial_acc (50 trials): 1.0000
Finished training.

======== GPU REPORT ========

==============NVSMI LOG==============

Timestamp                                 : Fri May  1 15:35:36 2026
Driver Version                            : 580.95.05
CUDA Version                              : 13.0

Attached GPUs                             : 1
GPU 00000000:44:00.0
    Accounting Mode                       : Enabled
    Accounting Mode Buffer Size           : 4000
    Accounted Processes
        Process ID                        : 2619437
            GPU Utilization               : 11 %
            Memory Utilization            : 0 %
            Max memory usage              : 232 MiB
            Time                          : 324052 ms
            Is Running                    : 0

Fri May  1 15:35:36 2026       
+-----------------------------------------------------------------------------------------+
| NVIDIA-SMI 580.95.05              Driver Version: 580.95.05      CUDA Version: 13.0     |
+-----------------------------------------+------------------------+----------------------+
| GPU  Name                 Persistence-M | Bus-Id          Disp.A | Volatile Uncorr. ECC |
| Fan  Temp   Perf          Pwr:Usage/Cap |           Memory-Usage | GPU-Util  Compute M. |
|                                         |                        |               MIG M. |
|=========================================+========================+======================|
|   0  Quadro RTX 8000                On  |   00000000:44:00.0 Off |                    0 |
| 33%   38C    P2             75W /  260W |       1MiB /  46080MiB |      0%      Default |
|                                         |                        |                  N/A |
+-----------------------------------------+------------------------+----------------------+

+-----------------------------------------------------------------------------------------+
| Processes:                                                                              |
|  GPU   GI   CI              PID   Type   Process name                        GPU Memory |
|        ID   ID                                                               Usage      |
|=========================================================================================|
|  No running processes found                                                             |
+-----------------------------------------------------------------------------------------+
