step 100  mean_loss_last_100: 0.07477  trial_acc (50 trials): 0.6200
step 200  mean_loss_last_100: 0.03013  trial_acc (50 trials): 0.8400
step 300  mean_loss_last_100: 0.02603  trial_acc (50 trials): 0.8200
step 400  mean_loss_last_100: 0.02255  trial_acc (50 trials): 0.9000
step 500  mean_loss_last_100: 0.01934  trial_acc (50 trials): 0.8400
step 600  mean_loss_last_100: 0.01786  trial_acc (50 trials): 0.9000
step 700  mean_loss_last_100: 0.01738  trial_acc (50 trials): 0.9000
step 800  mean_loss_last_100: 0.01625  trial_acc (50 trials): 0.8200
step 900  mean_loss_last_100: 0.01681  trial_acc (50 trials): 0.9000
step 1000  mean_loss_last_100: 0.01602  trial_acc (50 trials): 0.8600
step 1100  mean_loss_last_100: 0.01641  trial_acc (50 trials): 0.8400
step 1200  mean_loss_last_100: 0.01511  trial_acc (50 trials): 0.8800
step 1300  mean_loss_last_100: 0.01529  trial_acc (50 trials): 0.8200
step 1400  mean_loss_last_100: 0.01490  trial_acc (50 trials): 0.8000
step 1500  mean_loss_last_100: 0.01551  trial_acc (50 trials): 0.8000
step 1600  mean_loss_last_100: 0.01576  trial_acc (50 trials): 0.8800
step 1700  mean_loss_last_100: 0.01413  trial_acc (50 trials): 0.8400
step 1800  mean_loss_last_100: 0.01474  trial_acc (50 trials): 0.9600
step 1900  mean_loss_last_100: 0.01465  trial_acc (50 trials): 0.7400
step 2000  mean_loss_last_100: 0.01437  trial_acc (50 trials): 0.9200
Finished training.

======== GPU REPORT ========

==============NVSMI LOG==============

Timestamp                                 : Fri May  1 15:12:38 2026
Driver Version                            : 580.95.05
CUDA Version                              : 13.0

Attached GPUs                             : 1
GPU 00000000:28:00.0
    Accounting Mode                       : Enabled
    Accounting Mode Buffer Size           : 4000
    Accounted Processes
        Process ID                        : 1883619
            GPU Utilization               : 4 %
            Memory Utilization            : 0 %
            Max memory usage              : 264 MiB
            Time                          : 88658 ms
            Is Running                    : 0

Fri May  1 15:12:38 2026       
+-----------------------------------------------------------------------------------------+
| NVIDIA-SMI 580.95.05              Driver Version: 580.95.05      CUDA Version: 13.0     |
+-----------------------------------------+------------------------+----------------------+
| GPU  Name                 Persistence-M | Bus-Id          Disp.A | Volatile Uncorr. ECC |
| Fan  Temp   Perf          Pwr:Usage/Cap |           Memory-Usage | GPU-Util  Compute M. |
|                                         |                        |               MIG M. |
|=========================================+========================+======================|
|   0  Quadro RTX 8000                On  |   00000000:28:00.0 Off |                    0 |
| 33%   49C    P2             78W /  260W |       1MiB /  46080MiB |      3%      Default |
|                                         |                        |                  N/A |
+-----------------------------------------+------------------------+----------------------+

+-----------------------------------------------------------------------------------------+
| Processes:                                                                              |
|  GPU   GI   CI              PID   Type   Process name                        GPU Memory |
|        ID   ID                                                               Usage      |
|=========================================================================================|
|  No running processes found                                                             |
+-----------------------------------------------------------------------------------------+
