step 100  mean_loss_last_100: 1.19833  trial_acc (50 trials): 0.0200
step 200  mean_loss_last_100: 1.01195  trial_acc (50 trials): 0.1000
step 300  mean_loss_last_100: 0.90859  trial_acc (50 trials): 0.1400
step 400  mean_loss_last_100: 0.79852  trial_acc (50 trials): 0.1600
step 500  mean_loss_last_100: 0.71981  trial_acc (50 trials): 0.3200
step 600  mean_loss_last_100: 0.66270  trial_acc (50 trials): 0.2200
step 700  mean_loss_last_100: 0.61079  trial_acc (50 trials): 0.2200
step 800  mean_loss_last_100: 0.56556  trial_acc (50 trials): 0.3800
step 900  mean_loss_last_100: 0.52752  trial_acc (50 trials): 0.4600
step 1000  mean_loss_last_100: 0.49244  trial_acc (50 trials): 0.2600
step 1100  mean_loss_last_100: 0.46331  trial_acc (50 trials): 0.7200
step 1200  mean_loss_last_100: 0.43544  trial_acc (50 trials): 0.5600
step 1300  mean_loss_last_100: 0.41010  trial_acc (50 trials): 0.6000
step 1400  mean_loss_last_100: 0.38441  trial_acc (50 trials): 0.4800
step 1500  mean_loss_last_100: 0.36667  trial_acc (50 trials): 0.5600
step 1600  mean_loss_last_100: 0.34755  trial_acc (50 trials): 0.6600
step 1700  mean_loss_last_100: 0.32994  trial_acc (50 trials): 0.6800
step 1800  mean_loss_last_100: 0.30994  trial_acc (50 trials): 0.9000
step 1900  mean_loss_last_100: 0.29669  trial_acc (50 trials): 0.7200
step 2000  mean_loss_last_100: 0.28419  trial_acc (50 trials): 0.7800
Finished training.

======== GPU REPORT ========

==============NVSMI LOG==============

Timestamp                                 : Fri May  1 15:39:05 2026
Driver Version                            : 580.95.05
CUDA Version                              : 13.0

Attached GPUs                             : 1
GPU 00000000:A4:00.0
    Accounting Mode                       : Enabled
    Accounting Mode Buffer Size           : 4000
    Accounted Processes
        Process ID                        : 3669742
            GPU Utilization               : 3 %
            Memory Utilization            : 0 %
            Max memory usage              : 266 MiB
            Time                          : 116296 ms
            Is Running                    : 0

Fri May  1 15:39:05 2026       
+-----------------------------------------------------------------------------------------+
| NVIDIA-SMI 580.95.05              Driver Version: 580.95.05      CUDA Version: 13.0     |
+-----------------------------------------+------------------------+----------------------+
| GPU  Name                 Persistence-M | Bus-Id          Disp.A | Volatile Uncorr. ECC |
| Fan  Temp   Perf          Pwr:Usage/Cap |           Memory-Usage | GPU-Util  Compute M. |
|                                         |                        |               MIG M. |
|=========================================+========================+======================|
|   0  Quadro RTX 8000                On  |   00000000:A4:00.0 Off |                  N/A |
| 33%   35C    P2             76W /  260W |       1MiB /  46080MiB |      2%      Default |
|                                         |                        |                  N/A |
+-----------------------------------------+------------------------+----------------------+

+-----------------------------------------------------------------------------------------+
| Processes:                                                                              |
|  GPU   GI   CI              PID   Type   Process name                        GPU Memory |
|        ID   ID                                                               Usage      |
|=========================================================================================|
|  No running processes found                                                             |
+-----------------------------------------------------------------------------------------+
