step 100  mean_loss_last_100: 0.26799  trial_acc (50 trials): 0.5800
step 200  mean_loss_last_100: 0.23732  trial_acc (50 trials): 0.5800
step 300  mean_loss_last_100: 0.23420  trial_acc (50 trials): 0.6200
step 400  mean_loss_last_100: 0.23169  trial_acc (50 trials): 0.4800
step 500  mean_loss_last_100: 0.22401  trial_acc (50 trials): 0.4800
step 600  mean_loss_last_100: 0.12428  trial_acc (50 trials): 1.0000
step 700  mean_loss_last_100: 0.10041  trial_acc (50 trials): 1.0000
step 800  mean_loss_last_100: 0.12871  trial_acc (50 trials): 1.0000
step 900  mean_loss_last_100: 0.14268  trial_acc (50 trials): 1.0000
step 1000  mean_loss_last_100: 0.04079  trial_acc (50 trials): 1.0000
step 1100  mean_loss_last_100: 0.05291  trial_acc (50 trials): 1.0000
step 1200  mean_loss_last_100: 0.04993  trial_acc (50 trials): 1.0000
step 1300  mean_loss_last_100: 0.03667  trial_acc (50 trials): 1.0000
step 1400  mean_loss_last_100: 0.03416  trial_acc (50 trials): 1.0000
step 1500  mean_loss_last_100: 0.03399  trial_acc (50 trials): 1.0000
step 1600  mean_loss_last_100: 0.03191  trial_acc (50 trials): 1.0000
step 1700  mean_loss_last_100: 0.03187  trial_acc (50 trials): 1.0000
step 1800  mean_loss_last_100: 0.03109  trial_acc (50 trials): 1.0000
step 1900  mean_loss_last_100: 0.02925  trial_acc (50 trials): 1.0000
step 2000  mean_loss_last_100: 0.03089  trial_acc (50 trials): 1.0000
Finished training.

======== GPU REPORT ========

==============NVSMI LOG==============

Timestamp                                 : Fri May  1 15:31:34 2026
Driver Version                            : 580.95.05
CUDA Version                              : 13.0

Attached GPUs                             : 1
GPU 00000000:A3:00.0
    Accounting Mode                       : Enabled
    Accounting Mode Buffer Size           : 4000
    Accounted Processes
        Process ID                        : 1327518
            GPU Utilization               : 4 %
            Memory Utilization            : 0 %
            Max memory usage              : 264 MiB
            Time                          : 81167 ms
            Is Running                    : 0

Fri May  1 15:31:34 2026       
+-----------------------------------------------------------------------------------------+
| NVIDIA-SMI 580.95.05              Driver Version: 580.95.05      CUDA Version: 13.0     |
+-----------------------------------------+------------------------+----------------------+
| GPU  Name                 Persistence-M | Bus-Id          Disp.A | Volatile Uncorr. ECC |
| Fan  Temp   Perf          Pwr:Usage/Cap |           Memory-Usage | GPU-Util  Compute M. |
|                                         |                        |               MIG M. |
|=========================================+========================+======================|
|   0  Quadro RTX 8000                On  |   00000000:A3:00.0 Off |                  N/A |
| 33%   32C    P2             67W /  260W |       1MiB /  46080MiB |      4%      Default |
|                                         |                        |                  N/A |
+-----------------------------------------+------------------------+----------------------+

+-----------------------------------------------------------------------------------------+
| Processes:                                                                              |
|  GPU   GI   CI              PID   Type   Process name                        GPU Memory |
|        ID   ID                                                               Usage      |
|=========================================================================================|
|  No running processes found                                                             |
+-----------------------------------------------------------------------------------------+
