step 100  mean_loss_last_100: 0.12586  trial_acc (50 trials): 0.0000
step 200  mean_loss_last_100: 0.08004  trial_acc (50 trials): 0.4400
step 300  mean_loss_last_100: 0.06464  trial_acc (50 trials): 0.7400
step 400  mean_loss_last_100: 0.05495  trial_acc (50 trials): 0.7800
step 500  mean_loss_last_100: 0.04818  trial_acc (50 trials): 0.7400
step 600  mean_loss_last_100: 0.04354  trial_acc (50 trials): 0.7600
step 700  mean_loss_last_100: 0.03961  trial_acc (50 trials): 0.6600
step 800  mean_loss_last_100: 0.03658  trial_acc (50 trials): 0.7800
step 900  mean_loss_last_100: 0.03400  trial_acc (50 trials): 0.8600
step 1000  mean_loss_last_100: 0.03190  trial_acc (50 trials): 0.8200
step 1100  mean_loss_last_100: 0.02906  trial_acc (50 trials): 0.8400
step 1200  mean_loss_last_100: 0.02713  trial_acc (50 trials): 0.8400
step 1300  mean_loss_last_100: 0.02538  trial_acc (50 trials): 0.8000
step 1400  mean_loss_last_100: 0.02408  trial_acc (50 trials): 0.9200
step 1500  mean_loss_last_100: 0.02219  trial_acc (50 trials): 0.8000
step 1600  mean_loss_last_100: 0.02058  trial_acc (50 trials): 0.8800
step 1700  mean_loss_last_100: 0.01939  trial_acc (50 trials): 0.9000
step 1800  mean_loss_last_100: 0.01809  trial_acc (50 trials): 0.9400
step 1900  mean_loss_last_100: 0.01772  trial_acc (50 trials): 0.8600
step 2000  mean_loss_last_100: 0.01750  trial_acc (50 trials): 0.9000
Finished training.

======== GPU REPORT ========

==============NVSMI LOG==============

Timestamp                                 : Fri May  1 15:16:21 2026
Driver Version                            : 580.95.05
CUDA Version                              : 13.0

Attached GPUs                             : 1
GPU 00000000:3A:00.0
    Accounting Mode                       : Enabled
    Accounting Mode Buffer Size           : 4000
    Accounted Processes
        Process ID                        : 3757547
            GPU Utilization               : 15 %
            Memory Utilization            : 0 %
            Max memory usage              : 232 MiB
            Time                          : 333274 ms
            Is Running                    : 0

Fri May  1 15:16:21 2026       
+-----------------------------------------------------------------------------------------+
| NVIDIA-SMI 580.95.05              Driver Version: 580.95.05      CUDA Version: 13.0     |
+-----------------------------------------+------------------------+----------------------+
| GPU  Name                 Persistence-M | Bus-Id          Disp.A | Volatile Uncorr. ECC |
| Fan  Temp   Perf          Pwr:Usage/Cap |           Memory-Usage | GPU-Util  Compute M. |
|                                         |                        |               MIG M. |
|=========================================+========================+======================|
|   0  Quadro RTX 8000                On  |   00000000:3A:00.0 Off |                    0 |
| 33%   32C    P2             68W /  260W |       1MiB /  46080MiB |      0%      Default |
|                                         |                        |                  N/A |
+-----------------------------------------+------------------------+----------------------+

+-----------------------------------------------------------------------------------------+
| Processes:                                                                              |
|  GPU   GI   CI              PID   Type   Process name                        GPU Memory |
|        ID   ID                                                               Usage      |
|=========================================================================================|
|  No running processes found                                                             |
+-----------------------------------------------------------------------------------------+
