step 100  mean_loss_last_100: 0.36464  trial_acc (50 trials): 0.0000
step 200  mean_loss_last_100: 0.18283  trial_acc (50 trials): 0.0000
step 300  mean_loss_last_100: 0.15325  trial_acc (50 trials): 0.0000
step 400  mean_loss_last_100: 0.13078  trial_acc (50 trials): 0.0000
step 500  mean_loss_last_100: 0.11473  trial_acc (50 trials): 0.0000
step 600  mean_loss_last_100: 0.10234  trial_acc (50 trials): 0.0200
step 700  mean_loss_last_100: 0.09223  trial_acc (50 trials): 0.0400
step 800  mean_loss_last_100: 0.08474  trial_acc (50 trials): 0.1800
step 900  mean_loss_last_100: 0.07922  trial_acc (50 trials): 0.1200
step 1000  mean_loss_last_100: 0.07462  trial_acc (50 trials): 0.2000
step 1100  mean_loss_last_100: 0.07049  trial_acc (50 trials): 0.2800
step 1200  mean_loss_last_100: 0.06683  trial_acc (50 trials): 0.3400
step 1300  mean_loss_last_100: 0.06366  trial_acc (50 trials): 0.3800
step 1400  mean_loss_last_100: 0.06109  trial_acc (50 trials): 0.4200
step 1500  mean_loss_last_100: 0.05867  trial_acc (50 trials): 0.4600
step 1600  mean_loss_last_100: 0.05636  trial_acc (50 trials): 0.5000
step 1700  mean_loss_last_100: 0.05504  trial_acc (50 trials): 0.4800
step 1800  mean_loss_last_100: 0.05312  trial_acc (50 trials): 0.5000
step 1900  mean_loss_last_100: 0.05163  trial_acc (50 trials): 0.5800
step 2000  mean_loss_last_100: 0.05024  trial_acc (50 trials): 0.6000
Finished training.

======== GPU REPORT ========

==============NVSMI LOG==============

Timestamp                                 : Fri May  1 15:16:10 2026
Driver Version                            : 580.95.05
CUDA Version                              : 13.0

Attached GPUs                             : 1
GPU 00000000:15:00.0
    Accounting Mode                       : Enabled
    Accounting Mode Buffer Size           : 4000
    Accounted Processes
        Process ID                        : 310286
            GPU Utilization               : 15 %
            Memory Utilization            : 0 %
            Max memory usage              : 232 MiB
            Time                          : 322348 ms
            Is Running                    : 0

Fri May  1 15:16:10 2026       
+-----------------------------------------------------------------------------------------+
| NVIDIA-SMI 580.95.05              Driver Version: 580.95.05      CUDA Version: 13.0     |
+-----------------------------------------+------------------------+----------------------+
| GPU  Name                 Persistence-M | Bus-Id          Disp.A | Volatile Uncorr. ECC |
| Fan  Temp   Perf          Pwr:Usage/Cap |           Memory-Usage | GPU-Util  Compute M. |
|                                         |                        |               MIG M. |
|=========================================+========================+======================|
|   0  Quadro RTX 8000                On  |   00000000:15:00.0 Off |                    0 |
| 33%   31C    P2             64W /  260W |       1MiB /  46080MiB |      3%      Default |
|                                         |                        |                  N/A |
+-----------------------------------------+------------------------+----------------------+

+-----------------------------------------------------------------------------------------+
| Processes:                                                                              |
|  GPU   GI   CI              PID   Type   Process name                        GPU Memory |
|        ID   ID                                                               Usage      |
|=========================================================================================|
|  No running processes found                                                             |
+-----------------------------------------------------------------------------------------+
