step 100  mean_loss_last_100: 1.47316  trial_acc (50 trials): 0.0000
step 200  mean_loss_last_100: 1.04612  trial_acc (50 trials): 0.0000
step 300  mean_loss_last_100: 0.89988  trial_acc (50 trials): 0.1200
step 400  mean_loss_last_100: 0.79360  trial_acc (50 trials): 0.3000
step 500  mean_loss_last_100: 0.71605  trial_acc (50 trials): 0.3000
step 600  mean_loss_last_100: 0.65585  trial_acc (50 trials): 0.5000
step 700  mean_loss_last_100: 0.60470  trial_acc (50 trials): 0.3600
step 800  mean_loss_last_100: 0.56629  trial_acc (50 trials): 0.4600
step 900  mean_loss_last_100: 0.53057  trial_acc (50 trials): 0.6400
step 1000  mean_loss_last_100: 0.49857  trial_acc (50 trials): 0.6800
step 1100  mean_loss_last_100: 0.47477  trial_acc (50 trials): 0.5400
step 1200  mean_loss_last_100: 0.45232  trial_acc (50 trials): 0.6600
step 1300  mean_loss_last_100: 0.42889  trial_acc (50 trials): 0.7400
step 1400  mean_loss_last_100: 0.40714  trial_acc (50 trials): 0.6800
step 1500  mean_loss_last_100: 0.39011  trial_acc (50 trials): 0.8000
step 1600  mean_loss_last_100: 0.37029  trial_acc (50 trials): 0.8000
step 1700  mean_loss_last_100: 0.35375  trial_acc (50 trials): 0.8400
step 1800  mean_loss_last_100: 0.33694  trial_acc (50 trials): 0.8200
step 1900  mean_loss_last_100: 0.31975  trial_acc (50 trials): 0.9600
step 2000  mean_loss_last_100: 0.30697  trial_acc (50 trials): 0.9200
Finished training.

======== GPU REPORT ========

==============NVSMI LOG==============

Timestamp                                 : Fri May  1 15:43:02 2026
Driver Version                            : 580.95.05
CUDA Version                              : 13.0

Attached GPUs                             : 1
GPU 00000000:A3:00.0
    Accounting Mode                       : Enabled
    Accounting Mode Buffer Size           : 4000
    Accounted Processes
        Process ID                        : 2621422
            GPU Utilization               : 11 %
            Memory Utilization            : 0 %
            Max memory usage              : 232 MiB
            Time                          : 363525 ms
            Is Running                    : 0

Fri May  1 15:43:03 2026       
+-----------------------------------------------------------------------------------------+
| NVIDIA-SMI 580.95.05              Driver Version: 580.95.05      CUDA Version: 13.0     |
+-----------------------------------------+------------------------+----------------------+
| GPU  Name                 Persistence-M | Bus-Id          Disp.A | Volatile Uncorr. ECC |
| Fan  Temp   Perf          Pwr:Usage/Cap |           Memory-Usage | GPU-Util  Compute M. |
|                                         |                        |               MIG M. |
|=========================================+========================+======================|
|   0  Quadro RTX 8000                On  |   00000000:A3:00.0 Off |                    0 |
| 33%   33C    P2             63W /  260W |       1MiB /  46080MiB |      3%      Default |
|                                         |                        |                  N/A |
+-----------------------------------------+------------------------+----------------------+

+-----------------------------------------------------------------------------------------+
| Processes:                                                                              |
|  GPU   GI   CI              PID   Type   Process name                        GPU Memory |
|        ID   ID                                                               Usage      |
|=========================================================================================|
|  No running processes found                                                             |
+-----------------------------------------------------------------------------------------+
