step 100  mean_loss_last_100: 0.29027  trial_acc (50 trials): 0.0000
step 200  mean_loss_last_100: 0.22552  trial_acc (50 trials): 0.0000
step 300  mean_loss_last_100: 0.20710  trial_acc (50 trials): 0.0000
step 400  mean_loss_last_100: 0.19003  trial_acc (50 trials): 0.0000
step 500  mean_loss_last_100: 0.17311  trial_acc (50 trials): 0.0000
step 600  mean_loss_last_100: 0.15578  trial_acc (50 trials): 0.0000
step 700  mean_loss_last_100: 0.13732  trial_acc (50 trials): 0.0000
step 800  mean_loss_last_100: 0.12163  trial_acc (50 trials): 0.0000
step 900  mean_loss_last_100: 0.10885  trial_acc (50 trials): 0.0400
step 1000  mean_loss_last_100: 0.09808  trial_acc (50 trials): 0.0600
step 1100  mean_loss_last_100: 0.08896  trial_acc (50 trials): 0.4800
step 1200  mean_loss_last_100: 0.08149  trial_acc (50 trials): 0.4800
step 1300  mean_loss_last_100: 0.07513  trial_acc (50 trials): 0.5000
step 1400  mean_loss_last_100: 0.07030  trial_acc (50 trials): 0.4800
step 1500  mean_loss_last_100: 0.06582  trial_acc (50 trials): 0.5800
step 1600  mean_loss_last_100: 0.06232  trial_acc (50 trials): 0.6400
step 1700  mean_loss_last_100: 0.05922  trial_acc (50 trials): 0.6200
step 1800  mean_loss_last_100: 0.05681  trial_acc (50 trials): 0.6200
step 1900  mean_loss_last_100: 0.05408  trial_acc (50 trials): 0.6200
step 2000  mean_loss_last_100: 0.05207  trial_acc (50 trials): 0.6800
Finished training.

======== GPU REPORT ========

==============NVSMI LOG==============

Timestamp                                 : Fri May  1 15:52:16 2026
Driver Version                            : 580.95.05
CUDA Version                              : 13.0

Attached GPUs                             : 1
GPU 00000000:C4:00.0
    Accounting Mode                       : Enabled
    Accounting Mode Buffer Size           : 4000
    Accounted Processes
        Process ID                        : 811998
            GPU Utilization               : 12 %
            Memory Utilization            : 0 %
            Max memory usage              : 232 MiB
            Time                          : 377794 ms
            Is Running                    : 0

Fri May  1 15:52:16 2026       
+-----------------------------------------------------------------------------------------+
| NVIDIA-SMI 580.95.05              Driver Version: 580.95.05      CUDA Version: 13.0     |
+-----------------------------------------+------------------------+----------------------+
| GPU  Name                 Persistence-M | Bus-Id          Disp.A | Volatile Uncorr. ECC |
| Fan  Temp   Perf          Pwr:Usage/Cap |           Memory-Usage | GPU-Util  Compute M. |
|                                         |                        |               MIG M. |
|=========================================+========================+======================|
|   0  Quadro RTX 8000                On  |   00000000:C4:00.0 Off |                    0 |
| 33%   33C    P2             62W /  260W |       1MiB /  46080MiB |      0%      Default |
|                                         |                        |                  N/A |
+-----------------------------------------+------------------------+----------------------+

+-----------------------------------------------------------------------------------------+
| Processes:                                                                              |
|  GPU   GI   CI              PID   Type   Process name                        GPU Memory |
|        ID   ID                                                               Usage      |
|=========================================================================================|
|  No running processes found                                                             |
+-----------------------------------------------------------------------------------------+
