step 100  mean_loss_last_100: 0.12007  trial_acc (50 trials): 0.4600
step 200  mean_loss_last_100: 0.04060  trial_acc (50 trials): 0.8200
step 300  mean_loss_last_100: 0.03362  trial_acc (50 trials): 0.6200
step 400  mean_loss_last_100: 0.03049  trial_acc (50 trials): 0.8200
step 500  mean_loss_last_100: 0.02817  trial_acc (50 trials): 0.8600
step 600  mean_loss_last_100: 0.02616  trial_acc (50 trials): 0.9400
step 700  mean_loss_last_100: 0.02380  trial_acc (50 trials): 0.8200
step 800  mean_loss_last_100: 0.02171  trial_acc (50 trials): 0.8200
step 900  mean_loss_last_100: 0.01996  trial_acc (50 trials): 0.9000
step 1000  mean_loss_last_100: 0.01903  trial_acc (50 trials): 0.7400
step 1100  mean_loss_last_100: 0.01845  trial_acc (50 trials): 0.8200
step 1200  mean_loss_last_100: 0.01793  trial_acc (50 trials): 0.8400
step 1300  mean_loss_last_100: 0.01731  trial_acc (50 trials): 0.8000
step 1400  mean_loss_last_100: 0.01663  trial_acc (50 trials): 0.8200
step 1500  mean_loss_last_100: 0.01651  trial_acc (50 trials): 0.7800
step 1600  mean_loss_last_100: 0.01648  trial_acc (50 trials): 0.8800
step 1700  mean_loss_last_100: 0.01620  trial_acc (50 trials): 0.7800
step 1800  mean_loss_last_100: 0.01577  trial_acc (50 trials): 0.9200
step 1900  mean_loss_last_100: 0.01586  trial_acc (50 trials): 0.8600
step 2000  mean_loss_last_100: 0.01535  trial_acc (50 trials): 0.8800
Finished training.

======== GPU REPORT ========

==============NVSMI LOG==============

Timestamp                                 : Fri May  1 15:12:19 2026
Driver Version                            : 580.95.05
CUDA Version                              : 13.0

Attached GPUs                             : 1
GPU 00000000:89:00.0
    Accounting Mode                       : Enabled
    Accounting Mode Buffer Size           : 4000
    Accounted Processes
        Process ID                        : 2305047
            GPU Utilization               : 4 %
            Memory Utilization            : 0 %
            Max memory usage              : 264 MiB
            Time                          : 91538 ms
            Is Running                    : 0

Fri May  1 15:12:19 2026       
+-----------------------------------------------------------------------------------------+
| NVIDIA-SMI 580.95.05              Driver Version: 580.95.05      CUDA Version: 13.0     |
+-----------------------------------------+------------------------+----------------------+
| GPU  Name                 Persistence-M | Bus-Id          Disp.A | Volatile Uncorr. ECC |
| Fan  Temp   Perf          Pwr:Usage/Cap |           Memory-Usage | GPU-Util  Compute M. |
|                                         |                        |               MIG M. |
|=========================================+========================+======================|
|   0  Quadro RTX 8000                On  |   00000000:89:00.0 Off |                  N/A |
| 33%   37C    P2             72W /  260W |       1MiB /  46080MiB |      4%      Default |
|                                         |                        |                  N/A |
+-----------------------------------------+------------------------+----------------------+

+-----------------------------------------------------------------------------------------+
| Processes:                                                                              |
|  GPU   GI   CI              PID   Type   Process name                        GPU Memory |
|        ID   ID                                                               Usage      |
|=========================================================================================|
|  No running processes found                                                             |
+-----------------------------------------------------------------------------------------+
