step 100  mean_loss_last_100: 0.15494  trial_acc (50 trials): 0.0000
step 200  mean_loss_last_100: 0.07375  trial_acc (50 trials): 0.6000
step 300  mean_loss_last_100: 0.05508  trial_acc (50 trials): 0.7200
step 400  mean_loss_last_100: 0.04640  trial_acc (50 trials): 0.8000
step 500  mean_loss_last_100: 0.04185  trial_acc (50 trials): 0.7600
step 600  mean_loss_last_100: 0.03918  trial_acc (50 trials): 0.9200
step 700  mean_loss_last_100: 0.03728  trial_acc (50 trials): 0.6800
step 800  mean_loss_last_100: 0.03593  trial_acc (50 trials): 0.8000
step 900  mean_loss_last_100: 0.03495  trial_acc (50 trials): 0.8400
step 1000  mean_loss_last_100: 0.03401  trial_acc (50 trials): 0.7800
step 1100  mean_loss_last_100: 0.03336  trial_acc (50 trials): 0.8600
step 1200  mean_loss_last_100: 0.03278  trial_acc (50 trials): 0.8800
step 1300  mean_loss_last_100: 0.03213  trial_acc (50 trials): 0.8000
step 1400  mean_loss_last_100: 0.03171  trial_acc (50 trials): 0.7600
step 1500  mean_loss_last_100: 0.03135  trial_acc (50 trials): 0.7800
step 1600  mean_loss_last_100: 0.03084  trial_acc (50 trials): 0.7200
step 1700  mean_loss_last_100: 0.03041  trial_acc (50 trials): 0.6800
step 1800  mean_loss_last_100: 0.03000  trial_acc (50 trials): 0.7800
step 1900  mean_loss_last_100: 0.02961  trial_acc (50 trials): 0.8200
step 2000  mean_loss_last_100: 0.02903  trial_acc (50 trials): 0.8800
Finished training.

======== GPU REPORT ========

==============NVSMI LOG==============

Timestamp                                 : Fri May  1 15:12:38 2026
Driver Version                            : 580.95.05
CUDA Version                              : 13.0

Attached GPUs                             : 1
GPU 00000000:44:00.0
    Accounting Mode                       : Enabled
    Accounting Mode Buffer Size           : 4000
    Accounted Processes
        Process ID                        : 3367013
            GPU Utilization               : 4 %
            Memory Utilization            : 0 %
            Max memory usage              : 264 MiB
            Time                          : 88833 ms
            Is Running                    : 0

Fri May  1 15:12:38 2026       
+-----------------------------------------------------------------------------------------+
| NVIDIA-SMI 580.95.05              Driver Version: 580.95.05      CUDA Version: 13.0     |
+-----------------------------------------+------------------------+----------------------+
| GPU  Name                 Persistence-M | Bus-Id          Disp.A | Volatile Uncorr. ECC |
| Fan  Temp   Perf          Pwr:Usage/Cap |           Memory-Usage | GPU-Util  Compute M. |
|                                         |                        |               MIG M. |
|=========================================+========================+======================|
|   0  Quadro RTX 8000                On  |   00000000:44:00.0 Off |                    0 |
| 33%   41C    P2             78W /  260W |       1MiB /  46080MiB |      4%      Default |
|                                         |                        |                  N/A |
+-----------------------------------------+------------------------+----------------------+

+-----------------------------------------------------------------------------------------+
| Processes:                                                                              |
|  GPU   GI   CI              PID   Type   Process name                        GPU Memory |
|        ID   ID                                                               Usage      |
|=========================================================================================|
|  No running processes found                                                             |
+-----------------------------------------------------------------------------------------+
