step 100  mean_loss_last_100: 1.18924  trial_acc (50 trials): 0.0600
step 200  mean_loss_last_100: 0.97730  trial_acc (50 trials): 0.1800
step 300  mean_loss_last_100: 0.83945  trial_acc (50 trials): 0.2200
step 400  mean_loss_last_100: 0.73030  trial_acc (50 trials): 0.1400
step 500  mean_loss_last_100: 0.64569  trial_acc (50 trials): 0.1800
step 600  mean_loss_last_100: 0.57449  trial_acc (50 trials): 0.3600
step 700  mean_loss_last_100: 0.51798  trial_acc (50 trials): 0.3800
step 800  mean_loss_last_100: 0.47619  trial_acc (50 trials): 0.4400
step 900  mean_loss_last_100: 0.44124  trial_acc (50 trials): 0.7400
step 1000  mean_loss_last_100: 0.41174  trial_acc (50 trials): 0.7800
step 1100  mean_loss_last_100: 0.38891  trial_acc (50 trials): 0.7000
step 1200  mean_loss_last_100: 0.36650  trial_acc (50 trials): 0.5000
step 1300  mean_loss_last_100: 0.34357  trial_acc (50 trials): 0.9400
step 1400  mean_loss_last_100: 0.32569  trial_acc (50 trials): 0.9200
step 1500  mean_loss_last_100: 0.31108  trial_acc (50 trials): 0.8800
step 1600  mean_loss_last_100: 0.29286  trial_acc (50 trials): 0.9600
step 1700  mean_loss_last_100: 0.27867  trial_acc (50 trials): 0.9200
step 1800  mean_loss_last_100: 0.26422  trial_acc (50 trials): 0.8000
step 1900  mean_loss_last_100: 0.25146  trial_acc (50 trials): 0.7200
step 2000  mean_loss_last_100: 0.23956  trial_acc (50 trials): 0.5000
Finished training.

======== GPU REPORT ========

==============NVSMI LOG==============

Timestamp                                 : Fri May  1 15:38:57 2026
Driver Version                            : 580.95.05
CUDA Version                              : 13.0

Attached GPUs                             : 1
GPU 00000000:C3:00.0
    Accounting Mode                       : Enabled
    Accounting Mode Buffer Size           : 4000
    Accounted Processes
        Process ID                        : 690060
            GPU Utilization               : 3 %
            Memory Utilization            : 0 %
            Max memory usage              : 266 MiB
            Time                          : 117505 ms
            Is Running                    : 0

Fri May  1 15:38:57 2026       
+-----------------------------------------------------------------------------------------+
| NVIDIA-SMI 580.95.05              Driver Version: 580.95.05      CUDA Version: 13.0     |
+-----------------------------------------+------------------------+----------------------+
| GPU  Name                 Persistence-M | Bus-Id          Disp.A | Volatile Uncorr. ECC |
| Fan  Temp   Perf          Pwr:Usage/Cap |           Memory-Usage | GPU-Util  Compute M. |
|                                         |                        |               MIG M. |
|=========================================+========================+======================|
|   0  Quadro RTX 8000                On  |   00000000:C3:00.0 Off |                    0 |
| 33%   36C    P2             65W /  260W |       1MiB /  46080MiB |      4%      Default |
|                                         |                        |                  N/A |
+-----------------------------------------+------------------------+----------------------+

+-----------------------------------------------------------------------------------------+
| Processes:                                                                              |
|  GPU   GI   CI              PID   Type   Process name                        GPU Memory |
|        ID   ID                                                               Usage      |
|=========================================================================================|
|  No running processes found                                                             |
+-----------------------------------------------------------------------------------------+
