step 100  mean_loss_last_100: 0.37526  trial_acc (50 trials): 0.0000
step 200  mean_loss_last_100: 0.22306  trial_acc (50 trials): 0.0000
step 300  mean_loss_last_100: 0.20470  trial_acc (50 trials): 0.0000
step 400  mean_loss_last_100: 0.18728  trial_acc (50 trials): 0.0000
step 500  mean_loss_last_100: 0.17164  trial_acc (50 trials): 0.0000
step 600  mean_loss_last_100: 0.15810  trial_acc (50 trials): 0.0000
step 700  mean_loss_last_100: 0.14516  trial_acc (50 trials): 0.0000
step 800  mean_loss_last_100: 0.13249  trial_acc (50 trials): 0.0000
step 900  mean_loss_last_100: 0.12340  trial_acc (50 trials): 0.0200
step 1000  mean_loss_last_100: 0.11410  trial_acc (50 trials): 0.0400
step 1100  mean_loss_last_100: 0.10638  trial_acc (50 trials): 0.2000
step 1200  mean_loss_last_100: 0.10009  trial_acc (50 trials): 0.1400
step 1300  mean_loss_last_100: 0.09448  trial_acc (50 trials): 0.1400
step 1400  mean_loss_last_100: 0.08952  trial_acc (50 trials): 0.2400
step 1500  mean_loss_last_100: 0.08557  trial_acc (50 trials): 0.2200
step 1600  mean_loss_last_100: 0.08200  trial_acc (50 trials): 0.3800
step 1700  mean_loss_last_100: 0.07861  trial_acc (50 trials): 0.4200
step 1800  mean_loss_last_100: 0.07551  trial_acc (50 trials): 0.5000
step 1900  mean_loss_last_100: 0.07261  trial_acc (50 trials): 0.4200
step 2000  mean_loss_last_100: 0.07013  trial_acc (50 trials): 0.5400
Finished training.

======== GPU REPORT ========

==============NVSMI LOG==============

Timestamp                                 : Fri May  1 15:52:28 2026
Driver Version                            : 580.95.05
CUDA Version                              : 13.0

Attached GPUs                             : 1
GPU 00000000:43:00.0
    Accounting Mode                       : Enabled
    Accounting Mode Buffer Size           : 4000
    Accounted Processes
        Process ID                        : 1332266
            GPU Utilization               : 11 %
            Memory Utilization            : 0 %
            Max memory usage              : 232 MiB
            Time                          : 390488 ms
            Is Running                    : 0

Fri May  1 15:52:28 2026       
+-----------------------------------------------------------------------------------------+
| NVIDIA-SMI 580.95.05              Driver Version: 580.95.05      CUDA Version: 13.0     |
+-----------------------------------------+------------------------+----------------------+
| GPU  Name                 Persistence-M | Bus-Id          Disp.A | Volatile Uncorr. ECC |
| Fan  Temp   Perf          Pwr:Usage/Cap |           Memory-Usage | GPU-Util  Compute M. |
|                                         |                        |               MIG M. |
|=========================================+========================+======================|
|   0  Quadro RTX 8000                On  |   00000000:43:00.0 Off |                  N/A |
| 33%   35C    P2             67W /  260W |       1MiB /  46080MiB |      3%      Default |
|                                         |                        |                  N/A |
+-----------------------------------------+------------------------+----------------------+

+-----------------------------------------------------------------------------------------+
| Processes:                                                                              |
|  GPU   GI   CI              PID   Type   Process name                        GPU Memory |
|        ID   ID                                                               Usage      |
|=========================================================================================|
|  No running processes found                                                             |
+-----------------------------------------------------------------------------------------+
