step 100  mean_loss_last_100: 0.24006  trial_acc (50 trials): 0.0000
step 200  mean_loss_last_100: 0.17427  trial_acc (50 trials): 0.0000
step 300  mean_loss_last_100: 0.15474  trial_acc (50 trials): 0.0000
step 400  mean_loss_last_100: 0.13573  trial_acc (50 trials): 0.0000
step 500  mean_loss_last_100: 0.11893  trial_acc (50 trials): 0.0000
step 600  mean_loss_last_100: 0.10649  trial_acc (50 trials): 0.0000
step 700  mean_loss_last_100: 0.09695  trial_acc (50 trials): 0.0000
step 800  mean_loss_last_100: 0.08904  trial_acc (50 trials): 0.0000
step 900  mean_loss_last_100: 0.08274  trial_acc (50 trials): 0.0000
step 1000  mean_loss_last_100: 0.07671  trial_acc (50 trials): 0.1400
step 1100  mean_loss_last_100: 0.07192  trial_acc (50 trials): 0.3000
step 1200  mean_loss_last_100: 0.06785  trial_acc (50 trials): 0.5200
step 1300  mean_loss_last_100: 0.06403  trial_acc (50 trials): 0.5600
step 1400  mean_loss_last_100: 0.06090  trial_acc (50 trials): 0.5400
step 1500  mean_loss_last_100: 0.05821  trial_acc (50 trials): 0.5400
step 1600  mean_loss_last_100: 0.05593  trial_acc (50 trials): 0.5000
step 1700  mean_loss_last_100: 0.05382  trial_acc (50 trials): 0.6600
step 1800  mean_loss_last_100: 0.05207  trial_acc (50 trials): 0.7200
step 1900  mean_loss_last_100: 0.05040  trial_acc (50 trials): 0.6800
step 2000  mean_loss_last_100: 0.04899  trial_acc (50 trials): 0.7600
Finished training.

======== GPU REPORT ========

==============NVSMI LOG==============

Timestamp                                 : Fri May  1 15:17:55 2026
Driver Version                            : 580.95.05
CUDA Version                              : 13.0

Attached GPUs                             : 1
GPU 00000000:A4:00.0
    Accounting Mode                       : Enabled
    Accounting Mode Buffer Size           : 4000
    Accounted Processes
        Process ID                        : 3367011
            GPU Utilization               : 12 %
            Memory Utilization            : 0 %
            Max memory usage              : 232 MiB
            Time                          : 405669 ms
            Is Running                    : 0

Fri May  1 15:17:55 2026       
+-----------------------------------------------------------------------------------------+
| NVIDIA-SMI 580.95.05              Driver Version: 580.95.05      CUDA Version: 13.0     |
+-----------------------------------------+------------------------+----------------------+
| GPU  Name                 Persistence-M | Bus-Id          Disp.A | Volatile Uncorr. ECC |
| Fan  Temp   Perf          Pwr:Usage/Cap |           Memory-Usage | GPU-Util  Compute M. |
|                                         |                        |               MIG M. |
|=========================================+========================+======================|
|   0  Quadro RTX 8000                On  |   00000000:A4:00.0 Off |                    0 |
| 33%   34C    P2             72W /  260W |       1MiB /  46080MiB |      3%      Default |
|                                         |                        |                  N/A |
+-----------------------------------------+------------------------+----------------------+

+-----------------------------------------------------------------------------------------+
| Processes:                                                                              |
|  GPU   GI   CI              PID   Type   Process name                        GPU Memory |
|        ID   ID                                                               Usage      |
|=========================================================================================|
|  No running processes found                                                             |
+-----------------------------------------------------------------------------------------+
