step 100  mean_loss_last_100: 0.30118  trial_acc (50 trials): 0.5400
step 200  mean_loss_last_100: 0.24620  trial_acc (50 trials): 0.3600
step 300  mean_loss_last_100: 0.24001  trial_acc (50 trials): 0.5200
step 400  mean_loss_last_100: 0.23699  trial_acc (50 trials): 0.5800
step 500  mean_loss_last_100: 0.23610  trial_acc (50 trials): 0.3800
step 600  mean_loss_last_100: 0.23520  trial_acc (50 trials): 0.4600
step 700  mean_loss_last_100: 0.23432  trial_acc (50 trials): 0.4800
step 800  mean_loss_last_100: 0.23428  trial_acc (50 trials): 0.5600
step 900  mean_loss_last_100: 0.23388  trial_acc (50 trials): 0.3000
step 1000  mean_loss_last_100: 0.23333  trial_acc (50 trials): 0.5000
step 1100  mean_loss_last_100: 0.23334  trial_acc (50 trials): 0.5800
step 1200  mean_loss_last_100: 0.23324  trial_acc (50 trials): 0.4000
step 1300  mean_loss_last_100: 0.23287  trial_acc (50 trials): 0.5200
step 1400  mean_loss_last_100: 0.23295  trial_acc (50 trials): 0.5200
step 1500  mean_loss_last_100: 0.23302  trial_acc (50 trials): 0.5200
step 1600  mean_loss_last_100: 0.23247  trial_acc (50 trials): 0.4600
step 1700  mean_loss_last_100: 0.23264  trial_acc (50 trials): 0.4400
step 1800  mean_loss_last_100: 0.23267  trial_acc (50 trials): 0.4200
step 1900  mean_loss_last_100: 0.23226  trial_acc (50 trials): 0.5200
step 2000  mean_loss_last_100: 0.23239  trial_acc (50 trials): 0.5800
Finished training.

======== GPU REPORT ========

==============NVSMI LOG==============

Timestamp                                 : Fri May  1 15:31:33 2026
Driver Version                            : 580.95.05
CUDA Version                              : 13.0

Attached GPUs                             : 1
GPU 00000000:C4:00.0
    Accounting Mode                       : Enabled
    Accounting Mode Buffer Size           : 4000
    Accounted Processes
        Process ID                        : 693940
            GPU Utilization               : 4 %
            Memory Utilization            : 0 %
            Max memory usage              : 264 MiB
            Time                          : 81115 ms
            Is Running                    : 0

Fri May  1 15:31:33 2026       
+-----------------------------------------------------------------------------------------+
| NVIDIA-SMI 580.95.05              Driver Version: 580.95.05      CUDA Version: 13.0     |
+-----------------------------------------+------------------------+----------------------+
| GPU  Name                 Persistence-M | Bus-Id          Disp.A | Volatile Uncorr. ECC |
| Fan  Temp   Perf          Pwr:Usage/Cap |           Memory-Usage | GPU-Util  Compute M. |
|                                         |                        |               MIG M. |
|=========================================+========================+======================|
|   0  Quadro RTX 8000                On  |   00000000:C4:00.0 Off |                    0 |
| 33%   31C    P2             72W /  260W |       1MiB /  46080MiB |      4%      Default |
|                                         |                        |                  N/A |
+-----------------------------------------+------------------------+----------------------+

+-----------------------------------------------------------------------------------------+
| Processes:                                                                              |
|  GPU   GI   CI              PID   Type   Process name                        GPU Memory |
|        ID   ID                                                               Usage      |
|=========================================================================================|
|  No running processes found                                                             |
+-----------------------------------------------------------------------------------------+
