step 100  mean_loss_last_100: 0.31460  trial_acc (50 trials): 0.6000
step 200  mean_loss_last_100: 0.22975  trial_acc (50 trials): 0.4400
step 300  mean_loss_last_100: 0.15142  trial_acc (50 trials): 0.3600
step 400  mean_loss_last_100: 0.08211  trial_acc (50 trials): 1.0000
step 500  mean_loss_last_100: 0.05871  trial_acc (50 trials): 1.0000
step 600  mean_loss_last_100: 0.04890  trial_acc (50 trials): 1.0000
step 700  mean_loss_last_100: 0.04274  trial_acc (50 trials): 1.0000
step 800  mean_loss_last_100: 0.03942  trial_acc (50 trials): 1.0000
step 900  mean_loss_last_100: 0.03702  trial_acc (50 trials): 1.0000
step 1000  mean_loss_last_100: 0.03484  trial_acc (50 trials): 1.0000
step 1100  mean_loss_last_100: 0.03371  trial_acc (50 trials): 1.0000
step 1200  mean_loss_last_100: 0.03269  trial_acc (50 trials): 1.0000
step 1300  mean_loss_last_100: 0.03151  trial_acc (50 trials): 1.0000
step 1400  mean_loss_last_100: 0.03100  trial_acc (50 trials): 1.0000
step 1500  mean_loss_last_100: 0.03022  trial_acc (50 trials): 1.0000
step 1600  mean_loss_last_100: 0.02958  trial_acc (50 trials): 1.0000
step 1700  mean_loss_last_100: 0.02931  trial_acc (50 trials): 1.0000
step 1800  mean_loss_last_100: 0.02912  trial_acc (50 trials): 1.0000
step 1900  mean_loss_last_100: 0.02816  trial_acc (50 trials): 1.0000
step 2000  mean_loss_last_100: 0.02822  trial_acc (50 trials): 1.0000
Finished training.

======== GPU REPORT ========

==============NVSMI LOG==============

Timestamp                                 : Fri May  1 15:35:31 2026
Driver Version                            : 580.95.05
CUDA Version                              : 13.0

Attached GPUs                             : 1
GPU 00000000:27:00.0
    Accounting Mode                       : Enabled
    Accounting Mode Buffer Size           : 4000
    Accounted Processes
        Process ID                        : 3454056
            GPU Utilization               : 12 %
            Memory Utilization            : 0 %
            Max memory usage              : 232 MiB
            Time                          : 322330 ms
            Is Running                    : 0

Fri May  1 15:35:31 2026       
+-----------------------------------------------------------------------------------------+
| NVIDIA-SMI 580.95.05              Driver Version: 580.95.05      CUDA Version: 13.0     |
+-----------------------------------------+------------------------+----------------------+
| GPU  Name                 Persistence-M | Bus-Id          Disp.A | Volatile Uncorr. ECC |
| Fan  Temp   Perf          Pwr:Usage/Cap |           Memory-Usage | GPU-Util  Compute M. |
|                                         |                        |               MIG M. |
|=========================================+========================+======================|
|   0  Quadro RTX 8000                On  |   00000000:27:00.0 Off |                    0 |
| 33%   40C    P2             69W /  260W |       1MiB /  46080MiB |      3%      Default |
|                                         |                        |                  N/A |
+-----------------------------------------+------------------------+----------------------+

+-----------------------------------------------------------------------------------------+
| Processes:                                                                              |
|  GPU   GI   CI              PID   Type   Process name                        GPU Memory |
|        ID   ID                                                               Usage      |
|=========================================================================================|
|  No running processes found                                                             |
+-----------------------------------------------------------------------------------------+
