step 100  mean_loss_last_100: 0.13505  trial_acc (50 trials): 0.4000
step 200  mean_loss_last_100: 0.04972  trial_acc (50 trials): 0.5000
step 300  mean_loss_last_100: 0.04170  trial_acc (50 trials): 0.5200
step 400  mean_loss_last_100: 0.03960  trial_acc (50 trials): 0.5000
step 500  mean_loss_last_100: 0.03847  trial_acc (50 trials): 0.6200
step 600  mean_loss_last_100: 0.03791  trial_acc (50 trials): 0.5200
step 700  mean_loss_last_100: 0.03752  trial_acc (50 trials): 0.5400
step 800  mean_loss_last_100: 0.03708  trial_acc (50 trials): 0.4800
step 900  mean_loss_last_100: 0.03709  trial_acc (50 trials): 0.5200
step 1000  mean_loss_last_100: 0.03683  trial_acc (50 trials): 0.5400
step 1100  mean_loss_last_100: 0.03690  trial_acc (50 trials): 0.4600
step 1200  mean_loss_last_100: 0.03673  trial_acc (50 trials): 0.5800
step 1300  mean_loss_last_100: 0.03678  trial_acc (50 trials): 0.5400
step 1400  mean_loss_last_100: 0.03638  trial_acc (50 trials): 0.5400
step 1500  mean_loss_last_100: 0.03648  trial_acc (50 trials): 0.4800
step 1600  mean_loss_last_100: 0.03648  trial_acc (50 trials): 0.5600
step 1700  mean_loss_last_100: 0.03650  trial_acc (50 trials): 0.4200
step 1800  mean_loss_last_100: 0.03648  trial_acc (50 trials): 0.5000
step 1900  mean_loss_last_100: 0.03631  trial_acc (50 trials): 0.4000
step 2000  mean_loss_last_100: 0.03622  trial_acc (50 trials): 0.5600
Finished training.

======== GPU REPORT ========

==============NVSMI LOG==============

Timestamp                                 : Fri May  1 15:47:31 2026
Driver Version                            : 580.95.05
CUDA Version                              : 13.0

Attached GPUs                             : 1
GPU 00000000:A4:00.0
    Accounting Mode                       : Enabled
    Accounting Mode Buffer Size           : 4000
    Accounted Processes
        Process ID                        : 1890942
            GPU Utilization               : 4 %
            Memory Utilization            : 0 %
            Max memory usage              : 264 MiB
            Time                          : 93928 ms
            Is Running                    : 0

Fri May  1 15:47:31 2026       
+-----------------------------------------------------------------------------------------+
| NVIDIA-SMI 580.95.05              Driver Version: 580.95.05      CUDA Version: 13.0     |
+-----------------------------------------+------------------------+----------------------+
| GPU  Name                 Persistence-M | Bus-Id          Disp.A | Volatile Uncorr. ECC |
| Fan  Temp   Perf          Pwr:Usage/Cap |           Memory-Usage | GPU-Util  Compute M. |
|                                         |                        |               MIG M. |
|=========================================+========================+======================|
|   0  Quadro RTX 8000                On  |   00000000:A4:00.0 Off |                    0 |
| 34%   33C    P2             69W /  260W |       1MiB /  46080MiB |      4%      Default |
|                                         |                        |                  N/A |
+-----------------------------------------+------------------------+----------------------+

+-----------------------------------------------------------------------------------------+
| Processes:                                                                              |
|  GPU   GI   CI              PID   Type   Process name                        GPU Memory |
|        ID   ID                                                               Usage      |
|=========================================================================================|
|  No running processes found                                                             |
+-----------------------------------------------------------------------------------------+
