step 100  mean_loss_last_100: 0.22753  trial_acc (50 trials): 0.0000
step 200  mean_loss_last_100: 0.09750  trial_acc (50 trials): 0.4400
step 300  mean_loss_last_100: 0.06504  trial_acc (50 trials): 0.5400
step 400  mean_loss_last_100: 0.05189  trial_acc (50 trials): 0.5400
step 500  mean_loss_last_100: 0.04546  trial_acc (50 trials): 0.4800
step 600  mean_loss_last_100: 0.04183  trial_acc (50 trials): 0.6200
step 700  mean_loss_last_100: 0.03928  trial_acc (50 trials): 0.7000
step 800  mean_loss_last_100: 0.03762  trial_acc (50 trials): 0.7800
step 900  mean_loss_last_100: 0.03633  trial_acc (50 trials): 0.8000
step 1000  mean_loss_last_100: 0.03525  trial_acc (50 trials): 0.8600
step 1100  mean_loss_last_100: 0.03435  trial_acc (50 trials): 0.8200
step 1200  mean_loss_last_100: 0.03363  trial_acc (50 trials): 0.9000
step 1300  mean_loss_last_100: 0.03290  trial_acc (50 trials): 0.8200
step 1400  mean_loss_last_100: 0.03233  trial_acc (50 trials): 0.8400
step 1500  mean_loss_last_100: 0.03179  trial_acc (50 trials): 0.8000
step 1600  mean_loss_last_100: 0.03114  trial_acc (50 trials): 0.7000
step 1700  mean_loss_last_100: 0.03076  trial_acc (50 trials): 0.7000
step 1800  mean_loss_last_100: 0.03029  trial_acc (50 trials): 0.7000
step 1900  mean_loss_last_100: 0.02979  trial_acc (50 trials): 0.8600
step 2000  mean_loss_last_100: 0.02922  trial_acc (50 trials): 0.7800
Finished training.

======== GPU REPORT ========

==============NVSMI LOG==============

Timestamp                                 : Fri May  1 15:12:24 2026
Driver Version                            : 580.95.05
CUDA Version                              : 13.0

Attached GPUs                             : 1
GPU 00000000:B2:00.0
    Accounting Mode                       : Enabled
    Accounting Mode Buffer Size           : 4000
    Accounted Processes
        Process ID                        : 310287
            GPU Utilization               : 4 %
            Memory Utilization            : 0 %
            Max memory usage              : 264 MiB
            Time                          : 95202 ms
            Is Running                    : 0

Fri May  1 15:12:24 2026       
+-----------------------------------------------------------------------------------------+
| NVIDIA-SMI 580.95.05              Driver Version: 580.95.05      CUDA Version: 13.0     |
+-----------------------------------------+------------------------+----------------------+
| GPU  Name                 Persistence-M | Bus-Id          Disp.A | Volatile Uncorr. ECC |
| Fan  Temp   Perf          Pwr:Usage/Cap |           Memory-Usage | GPU-Util  Compute M. |
|                                         |                        |               MIG M. |
|=========================================+========================+======================|
|   0  Quadro RTX 8000                On  |   00000000:B2:00.0 Off |                    0 |
| 33%   34C    P2             69W /  260W |       1MiB /  46080MiB |      0%      Default |
|                                         |                        |                  N/A |
+-----------------------------------------+------------------------+----------------------+

+-----------------------------------------------------------------------------------------+
| Processes:                                                                              |
|  GPU   GI   CI              PID   Type   Process name                        GPU Memory |
|        ID   ID                                                               Usage      |
|=========================================================================================|
|  No running processes found                                                             |
+-----------------------------------------------------------------------------------------+
