step 100  mean_loss_last_100: 1.72068  trial_acc (50 trials): 0.0000
step 200  mean_loss_last_100: 1.34903  trial_acc (50 trials): 0.0000
step 300  mean_loss_last_100: 1.20988  trial_acc (50 trials): 0.0000
step 400  mean_loss_last_100: 1.12371  trial_acc (50 trials): 0.0000
step 500  mean_loss_last_100: 1.06384  trial_acc (50 trials): 0.0000
step 600  mean_loss_last_100: 1.01614  trial_acc (50 trials): 0.0200
step 700  mean_loss_last_100: 0.97338  trial_acc (50 trials): 0.0800
step 800  mean_loss_last_100: 0.93337  trial_acc (50 trials): 0.0600
step 900  mean_loss_last_100: 0.89878  trial_acc (50 trials): 0.0600
step 1000  mean_loss_last_100: 0.86718  trial_acc (50 trials): 0.1600
step 1100  mean_loss_last_100: 0.84006  trial_acc (50 trials): 0.2400
step 1200  mean_loss_last_100: 0.81320  trial_acc (50 trials): 0.3200
step 1300  mean_loss_last_100: 0.78891  trial_acc (50 trials): 0.1400
step 1400  mean_loss_last_100: 0.76441  trial_acc (50 trials): 0.3000
step 1500  mean_loss_last_100: 0.74164  trial_acc (50 trials): 0.3600
step 1600  mean_loss_last_100: 0.72540  trial_acc (50 trials): 0.2200
step 1700  mean_loss_last_100: 0.70545  trial_acc (50 trials): 0.2800
step 1800  mean_loss_last_100: 0.68689  trial_acc (50 trials): 0.4600
step 1900  mean_loss_last_100: 0.67306  trial_acc (50 trials): 0.3600
step 2000  mean_loss_last_100: 0.65772  trial_acc (50 trials): 0.4400
Finished training.

======== GPU REPORT ========

==============NVSMI LOG==============

Timestamp                                 : Fri May  1 15:43:04 2026
Driver Version                            : 580.95.05
CUDA Version                              : 13.0

Attached GPUs                             : 1
GPU 00000000:43:00.0
    Accounting Mode                       : Enabled
    Accounting Mode Buffer Size           : 4000
    Accounted Processes
        Process ID                        : 3455352
            GPU Utilization               : 11 %
            Memory Utilization            : 0 %
            Max memory usage              : 232 MiB
            Time                          : 366274 ms
            Is Running                    : 0

Fri May  1 15:43:04 2026       
+-----------------------------------------------------------------------------------------+
| NVIDIA-SMI 580.95.05              Driver Version: 580.95.05      CUDA Version: 13.0     |
+-----------------------------------------+------------------------+----------------------+
| GPU  Name                 Persistence-M | Bus-Id          Disp.A | Volatile Uncorr. ECC |
| Fan  Temp   Perf          Pwr:Usage/Cap |           Memory-Usage | GPU-Util  Compute M. |
|                                         |                        |               MIG M. |
|=========================================+========================+======================|
|   0  Quadro RTX 8000                On  |   00000000:43:00.0 Off |                    0 |
| 35%   43C    P2             66W /  260W |       1MiB /  46080MiB |      3%      Default |
|                                         |                        |                  N/A |
+-----------------------------------------+------------------------+----------------------+

+-----------------------------------------------------------------------------------------+
| Processes:                                                                              |
|  GPU   GI   CI              PID   Type   Process name                        GPU Memory |
|        ID   ID                                                               Usage      |
|=========================================================================================|
|  No running processes found                                                             |
+-----------------------------------------------------------------------------------------+
