step 100  mean_loss_last_100: 0.25328  trial_acc (50 trials): 0.4600
step 200  mean_loss_last_100: 0.23616  trial_acc (50 trials): 0.5800
step 300  mean_loss_last_100: 0.23585  trial_acc (50 trials): 0.3800
step 400  mean_loss_last_100: 0.23432  trial_acc (50 trials): 0.5400
step 500  mean_loss_last_100: 0.23327  trial_acc (50 trials): 0.5000
step 600  mean_loss_last_100: 0.23207  trial_acc (50 trials): 0.5000
step 700  mean_loss_last_100: 0.23081  trial_acc (50 trials): 0.6600
step 800  mean_loss_last_100: 0.22830  trial_acc (50 trials): 0.5400
step 900  mean_loss_last_100: 0.22775  trial_acc (50 trials): 0.4400
step 1000  mean_loss_last_100: 0.22917  trial_acc (50 trials): 0.6800
step 1100  mean_loss_last_100: 0.23326  trial_acc (50 trials): 0.5200
step 1200  mean_loss_last_100: 0.23152  trial_acc (50 trials): 0.4800
step 1300  mean_loss_last_100: 0.16663  trial_acc (50 trials): 0.5000
step 1400  mean_loss_last_100: 0.23169  trial_acc (50 trials): 0.4400
step 1500  mean_loss_last_100: 0.10002  trial_acc (50 trials): 1.0000
step 1600  mean_loss_last_100: 0.03422  trial_acc (50 trials): 1.0000
step 1700  mean_loss_last_100: 0.03062  trial_acc (50 trials): 1.0000
step 1800  mean_loss_last_100: 0.02819  trial_acc (50 trials): 1.0000
step 1900  mean_loss_last_100: 0.02695  trial_acc (50 trials): 1.0000
step 2000  mean_loss_last_100: 0.02761  trial_acc (50 trials): 1.0000
Finished training.

======== GPU REPORT ========

==============NVSMI LOG==============

Timestamp                                 : Fri May  1 15:31:33 2026
Driver Version                            : 580.95.05
CUDA Version                              : 13.0

Attached GPUs                             : 1
GPU 00000000:A3:00.0
    Accounting Mode                       : Enabled
    Accounting Mode Buffer Size           : 4000
    Accounted Processes
        Process ID                        : 2619439
            GPU Utilization               : 4 %
            Memory Utilization            : 0 %
            Max memory usage              : 264 MiB
            Time                          : 80797 ms
            Is Running                    : 0

Fri May  1 15:31:33 2026       
+-----------------------------------------------------------------------------------------+
| NVIDIA-SMI 580.95.05              Driver Version: 580.95.05      CUDA Version: 13.0     |
+-----------------------------------------+------------------------+----------------------+
| GPU  Name                 Persistence-M | Bus-Id          Disp.A | Volatile Uncorr. ECC |
| Fan  Temp   Perf          Pwr:Usage/Cap |           Memory-Usage | GPU-Util  Compute M. |
|                                         |                        |               MIG M. |
|=========================================+========================+======================|
|   0  Quadro RTX 8000                On  |   00000000:A3:00.0 Off |                    0 |
| 33%   32C    P2             63W /  260W |       1MiB /  46080MiB |      4%      Default |
|                                         |                        |                  N/A |
+-----------------------------------------+------------------------+----------------------+

+-----------------------------------------------------------------------------------------+
| Processes:                                                                              |
|  GPU   GI   CI              PID   Type   Process name                        GPU Memory |
|        ID   ID                                                               Usage      |
|=========================================================================================|
|  No running processes found                                                             |
+-----------------------------------------------------------------------------------------+
