step 100  mean_loss_last_100: 0.37977  trial_acc (50 trials): 0.5600
step 200  mean_loss_last_100: 0.25002  trial_acc (50 trials): 0.6000
step 300  mean_loss_last_100: 0.22769  trial_acc (50 trials): 0.5800
step 400  mean_loss_last_100: 0.21322  trial_acc (50 trials): 0.5600
step 500  mean_loss_last_100: 0.19893  trial_acc (50 trials): 0.7800
step 600  mean_loss_last_100: 0.18331  trial_acc (50 trials): 1.0000
step 700  mean_loss_last_100: 0.16341  trial_acc (50 trials): 1.0000
step 800  mean_loss_last_100: 0.14136  trial_acc (50 trials): 1.0000
step 900  mean_loss_last_100: 0.11882  trial_acc (50 trials): 1.0000
step 1000  mean_loss_last_100: 0.09643  trial_acc (50 trials): 1.0000
step 1100  mean_loss_last_100: 0.08749  trial_acc (50 trials): 1.0000
step 1200  mean_loss_last_100: 0.07697  trial_acc (50 trials): 1.0000
step 1300  mean_loss_last_100: 0.07027  trial_acc (50 trials): 1.0000
step 1400  mean_loss_last_100: 0.06687  trial_acc (50 trials): 1.0000
step 1500  mean_loss_last_100: 0.06329  trial_acc (50 trials): 1.0000
step 1600  mean_loss_last_100: 0.05969  trial_acc (50 trials): 1.0000
step 1700  mean_loss_last_100: 0.06053  trial_acc (50 trials): 1.0000
step 1800  mean_loss_last_100: 0.05808  trial_acc (50 trials): 1.0000
step 1900  mean_loss_last_100: 0.05507  trial_acc (50 trials): 1.0000
step 2000  mean_loss_last_100: 0.05640  trial_acc (50 trials): 1.0000
Finished training.

======== GPU REPORT ========

==============NVSMI LOG==============

Timestamp                                 : Fri May  1 15:30:55 2026
Driver Version                            : 580.95.05
CUDA Version                              : 13.0

Attached GPUs                             : 1
GPU 00000000:44:00.0
    Accounting Mode                       : Enabled
    Accounting Mode Buffer Size           : 4000
    Accounted Processes
        Process ID                        : 3804977
            GPU Utilization               : 13 %
            Memory Utilization            : 0 %
            Max memory usage              : 232 MiB
            Time                          : 487530 ms
            Is Running                    : 0

Fri May  1 15:30:55 2026       
+-----------------------------------------------------------------------------------------+
| NVIDIA-SMI 580.95.05              Driver Version: 580.95.05      CUDA Version: 13.0     |
+-----------------------------------------+------------------------+----------------------+
| GPU  Name                 Persistence-M | Bus-Id          Disp.A | Volatile Uncorr. ECC |
| Fan  Temp   Perf          Pwr:Usage/Cap |           Memory-Usage | GPU-Util  Compute M. |
|                                         |                        |               MIG M. |
|=========================================+========================+======================|
|   0  Quadro RTX 8000                On  |   00000000:44:00.0 Off |                    0 |
| 33%   41C    P2             72W /  260W |       1MiB /  46080MiB |      3%      Default |
|                                         |                        |                  N/A |
+-----------------------------------------+------------------------+----------------------+

+-----------------------------------------------------------------------------------------+
| Processes:                                                                              |
|  GPU   GI   CI              PID   Type   Process name                        GPU Memory |
|        ID   ID                                                               Usage      |
|=========================================================================================|
|  No running processes found                                                             |
+-----------------------------------------------------------------------------------------+
