step 100  mean_loss_last_100: 0.66066  trial_acc (50 trials): 0.3200
step 200  mean_loss_last_100: 0.45943  trial_acc (50 trials): 0.4400
step 300  mean_loss_last_100: 0.37613  trial_acc (50 trials): 0.5000
step 400  mean_loss_last_100: 0.32955  trial_acc (50 trials): 0.5200
step 500  mean_loss_last_100: 0.30049  trial_acc (50 trials): 0.4200
step 600  mean_loss_last_100: 0.28355  trial_acc (50 trials): 0.5400
step 700  mean_loss_last_100: 0.27016  trial_acc (50 trials): 0.4000
step 800  mean_loss_last_100: 0.25956  trial_acc (50 trials): 0.6200
step 900  mean_loss_last_100: 0.24927  trial_acc (50 trials): 0.4000
step 1000  mean_loss_last_100: 0.23889  trial_acc (50 trials): 0.5200
step 1100  mean_loss_last_100: 0.23461  trial_acc (50 trials): 0.5000
step 1200  mean_loss_last_100: 0.23136  trial_acc (50 trials): 0.4000
step 1300  mean_loss_last_100: 0.22782  trial_acc (50 trials): 0.6000
step 1400  mean_loss_last_100: 0.22582  trial_acc (50 trials): 0.7200
step 1500  mean_loss_last_100: 0.22421  trial_acc (50 trials): 0.5400
step 1600  mean_loss_last_100: 0.22233  trial_acc (50 trials): 0.4800
step 1700  mean_loss_last_100: 0.22069  trial_acc (50 trials): 0.4400
step 1800  mean_loss_last_100: 0.22005  trial_acc (50 trials): 0.6400
step 1900  mean_loss_last_100: 0.21801  trial_acc (50 trials): 0.4800
step 2000  mean_loss_last_100: 0.21665  trial_acc (50 trials): 0.6800
Finished training.

======== GPU REPORT ========

==============NVSMI LOG==============

Timestamp                                 : Fri May  1 15:31:11 2026
Driver Version                            : 580.95.05
CUDA Version                              : 13.0

Attached GPUs                             : 1
GPU 00000000:C3:00.0
    Accounting Mode                       : Enabled
    Accounting Mode Buffer Size           : 4000
    Accounted Processes
        Process ID                        : 3370364
            GPU Utilization               : 13 %
            Memory Utilization            : 0 %
            Max memory usage              : 232 MiB
            Time                          : 493057 ms
            Is Running                    : 0

Fri May  1 15:31:11 2026       
+-----------------------------------------------------------------------------------------+
| NVIDIA-SMI 580.95.05              Driver Version: 580.95.05      CUDA Version: 13.0     |
+-----------------------------------------+------------------------+----------------------+
| GPU  Name                 Persistence-M | Bus-Id          Disp.A | Volatile Uncorr. ECC |
| Fan  Temp   Perf          Pwr:Usage/Cap |           Memory-Usage | GPU-Util  Compute M. |
|                                         |                        |               MIG M. |
|=========================================+========================+======================|
|   0  Quadro RTX 8000                On  |   00000000:C3:00.0 Off |                    0 |
| 34%   39C    P2             64W /  260W |       1MiB /  46080MiB |      0%      Default |
|                                         |                        |                  N/A |
+-----------------------------------------+------------------------+----------------------+

+-----------------------------------------------------------------------------------------+
| Processes:                                                                              |
|  GPU   GI   CI              PID   Type   Process name                        GPU Memory |
|        ID   ID                                                               Usage      |
|=========================================================================================|
|  No running processes found                                                             |
+-----------------------------------------------------------------------------------------+
