step 100  mean_loss_last_100: 2.05478  trial_acc (50 trials): 0.0000
step 200  mean_loss_last_100: 1.31341  trial_acc (50 trials): 0.0000
step 300  mean_loss_last_100: 1.16008  trial_acc (50 trials): 0.0200
step 400  mean_loss_last_100: 1.10926  trial_acc (50 trials): 0.0600
step 500  mean_loss_last_100: 1.08643  trial_acc (50 trials): 0.0000
step 600  mean_loss_last_100: 1.07185  trial_acc (50 trials): 0.0200
step 700  mean_loss_last_100: 1.06220  trial_acc (50 trials): 0.0400
step 800  mean_loss_last_100: 1.05603  trial_acc (50 trials): 0.0200
step 900  mean_loss_last_100: 1.05162  trial_acc (50 trials): 0.0000
step 1000  mean_loss_last_100: 1.04774  trial_acc (50 trials): 0.0400
step 1100  mean_loss_last_100: 1.04511  trial_acc (50 trials): 0.0600
step 1200  mean_loss_last_100: 1.04219  trial_acc (50 trials): 0.0200
step 1300  mean_loss_last_100: 1.03938  trial_acc (50 trials): 0.0000
step 1400  mean_loss_last_100: 1.03825  trial_acc (50 trials): 0.0400
step 1500  mean_loss_last_100: 1.03600  trial_acc (50 trials): 0.0400
step 1600  mean_loss_last_100: 1.03473  trial_acc (50 trials): 0.0400
step 1700  mean_loss_last_100: 1.03283  trial_acc (50 trials): 0.0600
step 1800  mean_loss_last_100: 1.03146  trial_acc (50 trials): 0.0200
step 1900  mean_loss_last_100: 1.03018  trial_acc (50 trials): 0.0000
step 2000  mean_loss_last_100: 1.02811  trial_acc (50 trials): 0.0000
Finished training.

======== GPU REPORT ========

==============NVSMI LOG==============

Timestamp                                 : Fri May  1 15:38:57 2026
Driver Version                            : 580.95.05
CUDA Version                              : 13.0

Attached GPUs                             : 1
GPU 00000000:A4:00.0
    Accounting Mode                       : Enabled
    Accounting Mode Buffer Size           : 4000
    Accounted Processes
        Process ID                        : 695883
            GPU Utilization               : 3 %
            Memory Utilization            : 0 %
            Max memory usage              : 266 MiB
            Time                          : 118180 ms
            Is Running                    : 0

Fri May  1 15:38:57 2026       
+-----------------------------------------------------------------------------------------+
| NVIDIA-SMI 580.95.05              Driver Version: 580.95.05      CUDA Version: 13.0     |
+-----------------------------------------+------------------------+----------------------+
| GPU  Name                 Persistence-M | Bus-Id          Disp.A | Volatile Uncorr. ECC |
| Fan  Temp   Perf          Pwr:Usage/Cap |           Memory-Usage | GPU-Util  Compute M. |
|                                         |                        |               MIG M. |
|=========================================+========================+======================|
|   0  Quadro RTX 8000                On  |   00000000:A4:00.0 Off |                    0 |
| 33%   30C    P2             69W /  260W |       1MiB /  46080MiB |      4%      Default |
|                                         |                        |                  N/A |
+-----------------------------------------+------------------------+----------------------+

+-----------------------------------------------------------------------------------------+
| Processes:                                                                              |
|  GPU   GI   CI              PID   Type   Process name                        GPU Memory |
|        ID   ID                                                               Usage      |
|=========================================================================================|
|  No running processes found                                                             |
+-----------------------------------------------------------------------------------------+
