step 100  mean_loss_last_100: 0.12510  trial_acc (50 trials): 0.6200
step 200  mean_loss_last_100: 0.04889  trial_acc (50 trials): 0.4800
step 300  mean_loss_last_100: 0.04162  trial_acc (50 trials): 0.5200
step 400  mean_loss_last_100: 0.03936  trial_acc (50 trials): 0.4200
step 500  mean_loss_last_100: 0.03838  trial_acc (50 trials): 0.5400
step 600  mean_loss_last_100: 0.03786  trial_acc (50 trials): 0.5000
step 700  mean_loss_last_100: 0.03752  trial_acc (50 trials): 0.5800
step 800  mean_loss_last_100: 0.03735  trial_acc (50 trials): 0.4200
step 900  mean_loss_last_100: 0.03681  trial_acc (50 trials): 0.3800
step 1000  mean_loss_last_100: 0.03700  trial_acc (50 trials): 0.5600
step 1100  mean_loss_last_100: 0.03689  trial_acc (50 trials): 0.5400
step 1200  mean_loss_last_100: 0.03670  trial_acc (50 trials): 0.5600
step 1300  mean_loss_last_100: 0.03667  trial_acc (50 trials): 0.4200
step 1400  mean_loss_last_100: 0.03660  trial_acc (50 trials): 0.4600
step 1500  mean_loss_last_100: 0.03644  trial_acc (50 trials): 0.5400
step 1600  mean_loss_last_100: 0.03630  trial_acc (50 trials): 0.5400
step 1700  mean_loss_last_100: 0.03654  trial_acc (50 trials): 0.4600
step 1800  mean_loss_last_100: 0.03618  trial_acc (50 trials): 0.4000
step 1900  mean_loss_last_100: 0.03636  trial_acc (50 trials): 0.5000
step 2000  mean_loss_last_100: 0.03626  trial_acc (50 trials): 0.5400
Finished training.

======== GPU REPORT ========

==============NVSMI LOG==============

Timestamp                                 : Fri May  1 15:47:32 2026
Driver Version                            : 580.95.05
CUDA Version                              : 13.0

Attached GPUs                             : 1
GPU 00000000:44:00.0
    Accounting Mode                       : Enabled
    Accounting Mode Buffer Size           : 4000
    Accounted Processes
        Process ID                        : 3808366
            GPU Utilization               : 4 %
            Memory Utilization            : 0 %
            Max memory usage              : 264 MiB
            Time                          : 95716 ms
            Is Running                    : 0

Fri May  1 15:47:32 2026       
+-----------------------------------------------------------------------------------------+
| NVIDIA-SMI 580.95.05              Driver Version: 580.95.05      CUDA Version: 13.0     |
+-----------------------------------------+------------------------+----------------------+
| GPU  Name                 Persistence-M | Bus-Id          Disp.A | Volatile Uncorr. ECC |
| Fan  Temp   Perf          Pwr:Usage/Cap |           Memory-Usage | GPU-Util  Compute M. |
|                                         |                        |               MIG M. |
|=========================================+========================+======================|
|   0  Quadro RTX 8000                On  |   00000000:44:00.0 Off |                    0 |
| 33%   41C    P2             71W /  260W |       1MiB /  46080MiB |      4%      Default |
|                                         |                        |                  N/A |
+-----------------------------------------+------------------------+----------------------+

+-----------------------------------------------------------------------------------------+
| Processes:                                                                              |
|  GPU   GI   CI              PID   Type   Process name                        GPU Memory |
|        ID   ID                                                               Usage      |
|=========================================================================================|
|  No running processes found                                                             |
+-----------------------------------------------------------------------------------------+
