step 100  mean_loss_last_100: 2.10922  trial_acc (50 trials): 0.0000
step 200  mean_loss_last_100: 1.64565  trial_acc (50 trials): 0.0000
step 300  mean_loss_last_100: 1.48842  trial_acc (50 trials): 0.0000
step 400  mean_loss_last_100: 1.39212  trial_acc (50 trials): 0.0000
step 500  mean_loss_last_100: 1.32842  trial_acc (50 trials): 0.0000
step 600  mean_loss_last_100: 1.28525  trial_acc (50 trials): 0.0000
step 700  mean_loss_last_100: 1.25096  trial_acc (50 trials): 0.0000
step 800  mean_loss_last_100: 1.22505  trial_acc (50 trials): 0.0000
step 900  mean_loss_last_100: 1.20454  trial_acc (50 trials): 0.0000
step 1000  mean_loss_last_100: 1.18879  trial_acc (50 trials): 0.0000
step 1100  mean_loss_last_100: 1.17511  trial_acc (50 trials): 0.0000
step 1200  mean_loss_last_100: 1.16267  trial_acc (50 trials): 0.0000
step 1300  mean_loss_last_100: 1.15165  trial_acc (50 trials): 0.0000
step 1400  mean_loss_last_100: 1.14086  trial_acc (50 trials): 0.0000
step 1500  mean_loss_last_100: 1.13203  trial_acc (50 trials): 0.0000
step 1600  mean_loss_last_100: 1.12324  trial_acc (50 trials): 0.0000
step 1700  mean_loss_last_100: 1.11511  trial_acc (50 trials): 0.0000
step 1800  mean_loss_last_100: 1.10850  trial_acc (50 trials): 0.0000
step 1900  mean_loss_last_100: 1.10178  trial_acc (50 trials): 0.0000
step 2000  mean_loss_last_100: 1.09341  trial_acc (50 trials): 0.0000
Finished training.

======== GPU REPORT ========

==============NVSMI LOG==============

Timestamp                                 : Fri May  1 15:43:18 2026
Driver Version                            : 580.95.05
CUDA Version                              : 13.0

Attached GPUs                             : 1
GPU 00000000:27:00.0
    Accounting Mode                       : Enabled
    Accounting Mode Buffer Size           : 4000
    Accounted Processes
        Process ID                        : 3669743
            GPU Utilization               : 10 %
            Memory Utilization            : 0 %
            Max memory usage              : 232 MiB
            Time                          : 369334 ms
            Is Running                    : 0

Fri May  1 15:43:18 2026       
+-----------------------------------------------------------------------------------------+
| NVIDIA-SMI 580.95.05              Driver Version: 580.95.05      CUDA Version: 13.0     |
+-----------------------------------------+------------------------+----------------------+
| GPU  Name                 Persistence-M | Bus-Id          Disp.A | Volatile Uncorr. ECC |
| Fan  Temp   Perf          Pwr:Usage/Cap |           Memory-Usage | GPU-Util  Compute M. |
|                                         |                        |               MIG M. |
|=========================================+========================+======================|
|   0  Quadro RTX 8000                On  |   00000000:27:00.0 Off |                  N/A |
| 37%   41C    P2             70W /  260W |       1MiB /  46080MiB |      3%      Default |
|                                         |                        |                  N/A |
+-----------------------------------------+------------------------+----------------------+

+-----------------------------------------------------------------------------------------+
| Processes:                                                                              |
|  GPU   GI   CI              PID   Type   Process name                        GPU Memory |
|        ID   ID                                                               Usage      |
|=========================================================================================|
|  No running processes found                                                             |
+-----------------------------------------------------------------------------------------+
