step 100  mean_loss_last_100: 0.48384  trial_acc (50 trials): 0.6200
step 200  mean_loss_last_100: 0.26622  trial_acc (50 trials): 0.4400
step 300  mean_loss_last_100: 0.22737  trial_acc (50 trials): 0.5200
step 400  mean_loss_last_100: 0.21339  trial_acc (50 trials): 0.5000
step 500  mean_loss_last_100: 0.20732  trial_acc (50 trials): 0.5200
step 600  mean_loss_last_100: 0.20459  trial_acc (50 trials): 0.5000
step 700  mean_loss_last_100: 0.20222  trial_acc (50 trials): 0.4600
step 800  mean_loss_last_100: 0.20027  trial_acc (50 trials): 0.4400
step 900  mean_loss_last_100: 0.20019  trial_acc (50 trials): 0.5400
step 1000  mean_loss_last_100: 0.19900  trial_acc (50 trials): 0.4600
step 1100  mean_loss_last_100: 0.19810  trial_acc (50 trials): 0.6400
step 1200  mean_loss_last_100: 0.19832  trial_acc (50 trials): 0.5800
step 1300  mean_loss_last_100: 0.19759  trial_acc (50 trials): 0.4800
step 1400  mean_loss_last_100: 0.19709  trial_acc (50 trials): 0.6400
step 1500  mean_loss_last_100: 0.19731  trial_acc (50 trials): 0.5200
step 1600  mean_loss_last_100: 0.19678  trial_acc (50 trials): 0.5000
step 1700  mean_loss_last_100: 0.19635  trial_acc (50 trials): 0.4800
step 1800  mean_loss_last_100: 0.19672  trial_acc (50 trials): 0.3600
step 1900  mean_loss_last_100: 0.19628  trial_acc (50 trials): 0.3600
step 2000  mean_loss_last_100: 0.19573  trial_acc (50 trials): 0.5400
Finished training.

======== GPU REPORT ========

==============NVSMI LOG==============

Timestamp                                 : Fri May  1 15:24:35 2026
Driver Version                            : 580.95.05
CUDA Version                              : 13.0

Attached GPUs                             : 1
GPU 00000000:88:00.0
    Accounting Mode                       : Enabled
    Accounting Mode Buffer Size           : 4000
    Accounted Processes
        Process ID                        : 2059975
            GPU Utilization               : 4 %
            Memory Utilization            : 0 %
            Max memory usage              : 264 MiB
            Time                          : 106832 ms
            Is Running                    : 0

Fri May  1 15:24:35 2026       
+-----------------------------------------------------------------------------------------+
| NVIDIA-SMI 580.95.05              Driver Version: 580.95.05      CUDA Version: 13.0     |
+-----------------------------------------+------------------------+----------------------+
| GPU  Name                 Persistence-M | Bus-Id          Disp.A | Volatile Uncorr. ECC |
| Fan  Temp   Perf          Pwr:Usage/Cap |           Memory-Usage | GPU-Util  Compute M. |
|                                         |                        |               MIG M. |
|=========================================+========================+======================|
|   0  Quadro RTX 8000                On  |   00000000:88:00.0 Off |                    0 |
| 33%   33C    P2             72W /  260W |       1MiB /  46080MiB |      4%      Default |
|                                         |                        |                  N/A |
+-----------------------------------------+------------------------+----------------------+

+-----------------------------------------------------------------------------------------+
| Processes:                                                                              |
|  GPU   GI   CI              PID   Type   Process name                        GPU Memory |
|        ID   ID                                                               Usage      |
|=========================================================================================|
|  No running processes found                                                             |
+-----------------------------------------------------------------------------------------+
