step 100  mean_loss_last_100: 0.26481  trial_acc (50 trials): 1.0000
step 200  mean_loss_last_100: 0.09178  trial_acc (50 trials): 1.0000
step 300  mean_loss_last_100: 0.06549  trial_acc (50 trials): 1.0000
step 400  mean_loss_last_100: 0.05503  trial_acc (50 trials): 1.0000
step 500  mean_loss_last_100: 0.04973  trial_acc (50 trials): 1.0000
step 600  mean_loss_last_100: 0.04427  trial_acc (50 trials): 1.0000
step 700  mean_loss_last_100: 0.03987  trial_acc (50 trials): 1.0000
step 800  mean_loss_last_100: 0.03648  trial_acc (50 trials): 1.0000
step 900  mean_loss_last_100: 0.03399  trial_acc (50 trials): 1.0000
step 1000  mean_loss_last_100: 0.03212  trial_acc (50 trials): 1.0000
step 1100  mean_loss_last_100: 0.03118  trial_acc (50 trials): 1.0000
step 1200  mean_loss_last_100: 0.03027  trial_acc (50 trials): 1.0000
step 1300  mean_loss_last_100: 0.02955  trial_acc (50 trials): 1.0000
step 1400  mean_loss_last_100: 0.02940  trial_acc (50 trials): 1.0000
step 1500  mean_loss_last_100: 0.02907  trial_acc (50 trials): 1.0000
step 1600  mean_loss_last_100: 0.02831  trial_acc (50 trials): 1.0000
step 1700  mean_loss_last_100: 0.02820  trial_acc (50 trials): 1.0000
step 1800  mean_loss_last_100: 0.02798  trial_acc (50 trials): 1.0000
step 1900  mean_loss_last_100: 0.02745  trial_acc (50 trials): 1.0000
step 2000  mean_loss_last_100: 0.02731  trial_acc (50 trials): 1.0000
Finished training.

======== GPU REPORT ========

==============NVSMI LOG==============

Timestamp                                 : Fri May  1 15:35:38 2026
Driver Version                            : 580.95.05
CUDA Version                              : 13.0

Attached GPUs                             : 1
GPU 00000000:27:00.0
    Accounting Mode                       : Enabled
    Accounting Mode Buffer Size           : 4000
    Accounted Processes
        Process ID                        : 1327517
            GPU Utilization               : 11 %
            Memory Utilization            : 0 %
            Max memory usage              : 232 MiB
            Time                          : 325793 ms
            Is Running                    : 0

Fri May  1 15:35:38 2026       
+-----------------------------------------------------------------------------------------+
| NVIDIA-SMI 580.95.05              Driver Version: 580.95.05      CUDA Version: 13.0     |
+-----------------------------------------+------------------------+----------------------+
| GPU  Name                 Persistence-M | Bus-Id          Disp.A | Volatile Uncorr. ECC |
| Fan  Temp   Perf          Pwr:Usage/Cap |           Memory-Usage | GPU-Util  Compute M. |
|                                         |                        |               MIG M. |
|=========================================+========================+======================|
|   0  Quadro RTX 8000                On  |   00000000:27:00.0 Off |                  N/A |
| 35%   38C    P2             71W /  260W |       1MiB /  46080MiB |      0%      Default |
|                                         |                        |                  N/A |
+-----------------------------------------+------------------------+----------------------+

+-----------------------------------------------------------------------------------------+
| Processes:                                                                              |
|  GPU   GI   CI              PID   Type   Process name                        GPU Memory |
|        ID   ID                                                               Usage      |
|=========================================================================================|
|  No running processes found                                                             |
+-----------------------------------------------------------------------------------------+
