step 100  mean_loss_last_100: 0.20232  trial_acc (50 trials): 0.0000
step 200  mean_loss_last_100: 0.13105  trial_acc (50 trials): 0.0000
step 300  mean_loss_last_100: 0.10084  trial_acc (50 trials): 0.0200
step 400  mean_loss_last_100: 0.07150  trial_acc (50 trials): 0.7000
step 500  mean_loss_last_100: 0.05294  trial_acc (50 trials): 0.6600
step 600  mean_loss_last_100: 0.04061  trial_acc (50 trials): 0.8800
step 700  mean_loss_last_100: 0.03279  trial_acc (50 trials): 0.7600
step 800  mean_loss_last_100: 0.02909  trial_acc (50 trials): 0.7400
step 900  mean_loss_last_100: 0.02663  trial_acc (50 trials): 0.8600
step 1000  mean_loss_last_100: 0.02505  trial_acc (50 trials): 0.9200
step 1100  mean_loss_last_100: 0.02305  trial_acc (50 trials): 0.8800
step 1200  mean_loss_last_100: 0.02129  trial_acc (50 trials): 0.8000
step 1300  mean_loss_last_100: 0.01990  trial_acc (50 trials): 0.9200
step 1400  mean_loss_last_100: 0.01900  trial_acc (50 trials): 0.7600
step 1500  mean_loss_last_100: 0.01840  trial_acc (50 trials): 0.8000
step 1600  mean_loss_last_100: 0.01733  trial_acc (50 trials): 0.8200
step 1700  mean_loss_last_100: 0.01669  trial_acc (50 trials): 0.8000
step 1800  mean_loss_last_100: 0.01641  trial_acc (50 trials): 0.9400
step 1900  mean_loss_last_100: 0.01599  trial_acc (50 trials): 0.9600
step 2000  mean_loss_last_100: 0.01554  trial_acc (50 trials): 0.8800
Finished training.

======== GPU REPORT ========

==============NVSMI LOG==============

Timestamp                                 : Fri May  1 15:17:46 2026
Driver Version                            : 580.95.05
CUDA Version                              : 13.0

Attached GPUs                             : 1
GPU 00000000:A4:00.0
    Accounting Mode                       : Enabled
    Accounting Mode Buffer Size           : 4000
    Accounted Processes
        Process ID                        : 1883618
            GPU Utilization               : 12 %
            Memory Utilization            : 0 %
            Max memory usage              : 232 MiB
            Time                          : 396312 ms
            Is Running                    : 0

Fri May  1 15:17:46 2026       
+-----------------------------------------------------------------------------------------+
| NVIDIA-SMI 580.95.05              Driver Version: 580.95.05      CUDA Version: 13.0     |
+-----------------------------------------+------------------------+----------------------+
| GPU  Name                 Persistence-M | Bus-Id          Disp.A | Volatile Uncorr. ECC |
| Fan  Temp   Perf          Pwr:Usage/Cap |           Memory-Usage | GPU-Util  Compute M. |
|                                         |                        |               MIG M. |
|=========================================+========================+======================|
|   0  Quadro RTX 8000                On  |   00000000:A4:00.0 Off |                    0 |
| 33%   34C    P2             70W /  260W |       1MiB /  46080MiB |      3%      Default |
|                                         |                        |                  N/A |
+-----------------------------------------+------------------------+----------------------+

+-----------------------------------------------------------------------------------------+
| Processes:                                                                              |
|  GPU   GI   CI              PID   Type   Process name                        GPU Memory |
|        ID   ID                                                               Usage      |
|=========================================================================================|
|  No running processes found                                                             |
+-----------------------------------------------------------------------------------------+
