step 100  mean_loss_last_100: 0.07576  trial_acc (50 trials): 0.7200
step 200  mean_loss_last_100: 0.03235  trial_acc (50 trials): 0.8400
step 300  mean_loss_last_100: 0.02806  trial_acc (50 trials): 0.8000
step 400  mean_loss_last_100: 0.02370  trial_acc (50 trials): 0.8400
step 500  mean_loss_last_100: 0.02066  trial_acc (50 trials): 0.8000
step 600  mean_loss_last_100: 0.01975  trial_acc (50 trials): 0.8200
step 700  mean_loss_last_100: 0.01870  trial_acc (50 trials): 0.8400
step 800  mean_loss_last_100: 0.01863  trial_acc (50 trials): 0.7000
step 900  mean_loss_last_100: 0.01816  trial_acc (50 trials): 0.8600
step 1000  mean_loss_last_100: 0.01741  trial_acc (50 trials): 0.8400
step 1100  mean_loss_last_100: 0.01756  trial_acc (50 trials): 0.8000
step 1200  mean_loss_last_100: 0.01697  trial_acc (50 trials): 0.8400
step 1300  mean_loss_last_100: 0.01722  trial_acc (50 trials): 0.8400
step 1400  mean_loss_last_100: 0.01615  trial_acc (50 trials): 0.8200
step 1500  mean_loss_last_100: 0.01643  trial_acc (50 trials): 0.7800
step 1600  mean_loss_last_100: 0.01607  trial_acc (50 trials): 0.9400
step 1700  mean_loss_last_100: 0.01549  trial_acc (50 trials): 0.8000
step 1800  mean_loss_last_100: 0.01623  trial_acc (50 trials): 0.8600
step 1900  mean_loss_last_100: 0.01557  trial_acc (50 trials): 0.8600
step 2000  mean_loss_last_100: 0.01529  trial_acc (50 trials): 0.8000
Finished training.

======== GPU REPORT ========

==============NVSMI LOG==============

Timestamp                                 : Fri May  1 15:12:22 2026
Driver Version                            : 580.95.05
CUDA Version                              : 13.0

Attached GPUs                             : 1
GPU 00000000:B2:00.0
    Accounting Mode                       : Enabled
    Accounting Mode Buffer Size           : 4000
    Accounted Processes
        Process ID                        : 2058115
            GPU Utilization               : 4 %
            Memory Utilization            : 0 %
            Max memory usage              : 264 MiB
            Time                          : 93686 ms
            Is Running                    : 0

Fri May  1 15:12:22 2026       
+-----------------------------------------------------------------------------------------+
| NVIDIA-SMI 580.95.05              Driver Version: 580.95.05      CUDA Version: 13.0     |
+-----------------------------------------+------------------------+----------------------+
| GPU  Name                 Persistence-M | Bus-Id          Disp.A | Volatile Uncorr. ECC |
| Fan  Temp   Perf          Pwr:Usage/Cap |           Memory-Usage | GPU-Util  Compute M. |
|                                         |                        |               MIG M. |
|=========================================+========================+======================|
|   0  Quadro RTX 8000                On  |   00000000:B2:00.0 Off |                    0 |
| 33%   33C    P2             71W /  260W |       1MiB /  46080MiB |      0%      Default |
|                                         |                        |                  N/A |
+-----------------------------------------+------------------------+----------------------+

+-----------------------------------------------------------------------------------------+
| Processes:                                                                              |
|  GPU   GI   CI              PID   Type   Process name                        GPU Memory |
|        ID   ID                                                               Usage      |
|=========================================================================================|
|  No running processes found                                                             |
+-----------------------------------------------------------------------------------------+
