step 100  mean_loss_last_100: 2.07968  trial_acc (50 trials): 0.0000
step 200  mean_loss_last_100: 1.40271  trial_acc (50 trials): 0.0000
step 300  mean_loss_last_100: 1.20557  trial_acc (50 trials): 0.0000
step 400  mean_loss_last_100: 1.13216  trial_acc (50 trials): 0.0600
step 500  mean_loss_last_100: 1.09717  trial_acc (50 trials): 0.0200
step 600  mean_loss_last_100: 1.07793  trial_acc (50 trials): 0.0000
step 700  mean_loss_last_100: 1.06654  trial_acc (50 trials): 0.0000
step 800  mean_loss_last_100: 1.05716  trial_acc (50 trials): 0.0800
step 900  mean_loss_last_100: 1.05205  trial_acc (50 trials): 0.0400
step 1000  mean_loss_last_100: 1.04541  trial_acc (50 trials): 0.0000
step 1100  mean_loss_last_100: 1.04034  trial_acc (50 trials): 0.0000
step 1200  mean_loss_last_100: 1.03646  trial_acc (50 trials): 0.0200
step 1300  mean_loss_last_100: 1.03274  trial_acc (50 trials): 0.0000
step 1400  mean_loss_last_100: 1.02798  trial_acc (50 trials): 0.0200
step 1500  mean_loss_last_100: 1.02375  trial_acc (50 trials): 0.0000
step 1600  mean_loss_last_100: 1.01843  trial_acc (50 trials): 0.0200
step 1700  mean_loss_last_100: 1.01314  trial_acc (50 trials): 0.0000
step 1800  mean_loss_last_100: 1.00589  trial_acc (50 trials): 0.1200
step 1900  mean_loss_last_100: 0.99825  trial_acc (50 trials): 0.0200
step 2000  mean_loss_last_100: 0.98850  trial_acc (50 trials): 0.0400
Finished training.

======== GPU REPORT ========

==============NVSMI LOG==============

Timestamp                                 : Fri May  1 15:38:51 2026
Driver Version                            : 580.95.05
CUDA Version                              : 13.0

Attached GPUs                             : 1
GPU 00000000:27:00.0
    Accounting Mode                       : Enabled
    Accounting Mode Buffer Size           : 4000
    Accounted Processes
        Process ID                        : 1889181
            GPU Utilization               : 3 %
            Memory Utilization            : 0 %
            Max memory usage              : 266 MiB
            Time                          : 113253 ms
            Is Running                    : 0

Fri May  1 15:38:51 2026       
+-----------------------------------------------------------------------------------------+
| NVIDIA-SMI 580.95.05              Driver Version: 580.95.05      CUDA Version: 13.0     |
+-----------------------------------------+------------------------+----------------------+
| GPU  Name                 Persistence-M | Bus-Id          Disp.A | Volatile Uncorr. ECC |
| Fan  Temp   Perf          Pwr:Usage/Cap |           Memory-Usage | GPU-Util  Compute M. |
|                                         |                        |               MIG M. |
|=========================================+========================+======================|
|   0  Quadro RTX 8000                On  |   00000000:27:00.0 Off |                    0 |
| 33%   42C    P2             68W /  260W |       1MiB /  46080MiB |      4%      Default |
|                                         |                        |                  N/A |
+-----------------------------------------+------------------------+----------------------+

+-----------------------------------------------------------------------------------------+
| Processes:                                                                              |
|  GPU   GI   CI              PID   Type   Process name                        GPU Memory |
|        ID   ID                                                               Usage      |
|=========================================================================================|
|  No running processes found                                                             |
+-----------------------------------------------------------------------------------------+
