step 100  mean_loss_last_100: 0.28098  trial_acc (50 trials): 0.4400
step 200  mean_loss_last_100: 0.20345  trial_acc (50 trials): 0.6000
step 300  mean_loss_last_100: 0.19963  trial_acc (50 trials): 0.5400
step 400  mean_loss_last_100: 0.19777  trial_acc (50 trials): 0.4800
step 500  mean_loss_last_100: 0.19652  trial_acc (50 trials): 0.5200
step 600  mean_loss_last_100: 0.19650  trial_acc (50 trials): 0.4800
step 700  mean_loss_last_100: 0.19602  trial_acc (50 trials): 0.4200
step 800  mean_loss_last_100: 0.19547  trial_acc (50 trials): 0.6600
step 900  mean_loss_last_100: 0.19564  trial_acc (50 trials): 0.5000
step 1000  mean_loss_last_100: 0.19527  trial_acc (50 trials): 0.4400
step 1100  mean_loss_last_100: 0.19479  trial_acc (50 trials): 0.4400
step 1200  mean_loss_last_100: 0.19516  trial_acc (50 trials): 0.5200
step 1300  mean_loss_last_100: 0.19456  trial_acc (50 trials): 0.3200
step 1400  mean_loss_last_100: 0.19463  trial_acc (50 trials): 0.4800
step 1500  mean_loss_last_100: 0.19506  trial_acc (50 trials): 0.4800
step 1600  mean_loss_last_100: 0.19479  trial_acc (50 trials): 0.6800
step 1700  mean_loss_last_100: 0.19450  trial_acc (50 trials): 0.5200
step 1800  mean_loss_last_100: 0.19469  trial_acc (50 trials): 0.5200
step 1900  mean_loss_last_100: 0.19489  trial_acc (50 trials): 0.4400
step 2000  mean_loss_last_100: 0.19433  trial_acc (50 trials): 0.5000
Finished training.

======== GPU REPORT ========

==============NVSMI LOG==============

Timestamp                                 : Fri May  1 15:24:23 2026
Driver Version                            : 580.95.05
CUDA Version                              : 13.0

Attached GPUs                             : 1
GPU 00000000:C4:00.0
    Accounting Mode                       : Enabled
    Accounting Mode Buffer Size           : 4000
    Accounted Processes
        Process ID                        : 3708967
            GPU Utilization               : 5 %
            Memory Utilization            : 0 %
            Max memory usage              : 264 MiB
            Time                          : 85435 ms
            Is Running                    : 0

Fri May  1 15:24:23 2026       
+-----------------------------------------------------------------------------------------+
| NVIDIA-SMI 580.95.05              Driver Version: 580.95.05      CUDA Version: 13.0     |
+-----------------------------------------+------------------------+----------------------+
| GPU  Name                 Persistence-M | Bus-Id          Disp.A | Volatile Uncorr. ECC |
| Fan  Temp   Perf          Pwr:Usage/Cap |           Memory-Usage | GPU-Util  Compute M. |
|                                         |                        |               MIG M. |
|=========================================+========================+======================|
|   0  Quadro RTX 8000                On  |   00000000:C4:00.0 Off |                    0 |
| 33%   35C    P2             72W /  260W |       1MiB /  46080MiB |      4%      Default |
|                                         |                        |                  N/A |
+-----------------------------------------+------------------------+----------------------+

+-----------------------------------------------------------------------------------------+
| Processes:                                                                              |
|  GPU   GI   CI              PID   Type   Process name                        GPU Memory |
|        ID   ID                                                               Usage      |
|=========================================================================================|
|  No running processes found                                                             |
+-----------------------------------------------------------------------------------------+
