step 100  mean_loss_last_100: 0.26024  trial_acc (50 trials): 0.5800
step 200  mean_loss_last_100: 0.23668  trial_acc (50 trials): 0.5600
step 300  mean_loss_last_100: 0.23507  trial_acc (50 trials): 0.4200
step 400  mean_loss_last_100: 0.23427  trial_acc (50 trials): 0.5600
step 500  mean_loss_last_100: 0.23458  trial_acc (50 trials): 0.5400
step 600  mean_loss_last_100: 0.23284  trial_acc (50 trials): 0.6400
step 700  mean_loss_last_100: 0.23278  trial_acc (50 trials): 0.4800
step 800  mean_loss_last_100: 0.23380  trial_acc (50 trials): 0.5400
step 900  mean_loss_last_100: 0.23301  trial_acc (50 trials): 0.4400
step 1000  mean_loss_last_100: 0.23337  trial_acc (50 trials): 0.5600
step 1100  mean_loss_last_100: 0.23218  trial_acc (50 trials): 0.5400
step 1200  mean_loss_last_100: 0.23241  trial_acc (50 trials): 0.5200
step 1300  mean_loss_last_100: 0.23230  trial_acc (50 trials): 0.3600
step 1400  mean_loss_last_100: 0.23141  trial_acc (50 trials): 0.4600
step 1500  mean_loss_last_100: 0.23004  trial_acc (50 trials): 0.4000
step 1600  mean_loss_last_100: 0.22092  trial_acc (50 trials): 0.5000
step 1700  mean_loss_last_100: 0.23548  trial_acc (50 trials): 0.4200
step 1800  mean_loss_last_100: 0.11758  trial_acc (50 trials): 1.0000
step 1900  mean_loss_last_100: 0.05483  trial_acc (50 trials): 1.0000
step 2000  mean_loss_last_100: 0.03899  trial_acc (50 trials): 1.0000
Finished training.

======== GPU REPORT ========

==============NVSMI LOG==============

Timestamp                                 : Fri May  1 15:31:36 2026
Driver Version                            : 580.95.05
CUDA Version                              : 13.0

Attached GPUs                             : 1
GPU 00000000:43:00.0
    Accounting Mode                       : Enabled
    Accounting Mode Buffer Size           : 4000
    Accounted Processes
        Process ID                        : 693939
            GPU Utilization               : 4 %
            Memory Utilization            : 0 %
            Max memory usage              : 264 MiB
            Time                          : 84063 ms
            Is Running                    : 0

Fri May  1 15:31:36 2026       
+-----------------------------------------------------------------------------------------+
| NVIDIA-SMI 580.95.05              Driver Version: 580.95.05      CUDA Version: 13.0     |
+-----------------------------------------+------------------------+----------------------+
| GPU  Name                 Persistence-M | Bus-Id          Disp.A | Volatile Uncorr. ECC |
| Fan  Temp   Perf          Pwr:Usage/Cap |           Memory-Usage | GPU-Util  Compute M. |
|                                         |                        |               MIG M. |
|=========================================+========================+======================|
|   0  Quadro RTX 8000                On  |   00000000:43:00.0 Off |                    0 |
| 35%   39C    P2             71W /  260W |       1MiB /  46080MiB |      4%      Default |
|                                         |                        |                  N/A |
+-----------------------------------------+------------------------+----------------------+

+-----------------------------------------------------------------------------------------+
| Processes:                                                                              |
|  GPU   GI   CI              PID   Type   Process name                        GPU Memory |
|        ID   ID                                                               Usage      |
|=========================================================================================|
|  No running processes found                                                             |
+-----------------------------------------------------------------------------------------+
