step 100  mean_loss_last_100: 0.42433  trial_acc (50 trials): 0.4200
step 200  mean_loss_last_100: 0.24854  trial_acc (50 trials): 0.5400
step 300  mean_loss_last_100: 0.23448  trial_acc (50 trials): 0.6200
step 400  mean_loss_last_100: 0.18805  trial_acc (50 trials): 1.0000
step 500  mean_loss_last_100: 0.05790  trial_acc (50 trials): 1.0000
step 600  mean_loss_last_100: 0.04003  trial_acc (50 trials): 1.0000
step 700  mean_loss_last_100: 0.03497  trial_acc (50 trials): 1.0000
step 800  mean_loss_last_100: 0.03254  trial_acc (50 trials): 1.0000
step 900  mean_loss_last_100: 0.03053  trial_acc (50 trials): 1.0000
step 1000  mean_loss_last_100: 0.02961  trial_acc (50 trials): 1.0000
step 1100  mean_loss_last_100: 0.02935  trial_acc (50 trials): 1.0000
step 1200  mean_loss_last_100: 0.02835  trial_acc (50 trials): 1.0000
step 1300  mean_loss_last_100: 0.02761  trial_acc (50 trials): 1.0000
step 1400  mean_loss_last_100: 0.02775  trial_acc (50 trials): 1.0000
step 1500  mean_loss_last_100: 0.02765  trial_acc (50 trials): 1.0000
step 1600  mean_loss_last_100: 0.02686  trial_acc (50 trials): 1.0000
step 1700  mean_loss_last_100: 0.02764  trial_acc (50 trials): 1.0000
step 1800  mean_loss_last_100: 0.02656  trial_acc (50 trials): 1.0000
step 1900  mean_loss_last_100: 0.02666  trial_acc (50 trials): 1.0000
step 2000  mean_loss_last_100: 0.02654  trial_acc (50 trials): 1.0000
Finished training.

======== GPU REPORT ========

==============NVSMI LOG==============

Timestamp                                 : Fri May  1 15:35:38 2026
Driver Version                            : 580.95.05
CUDA Version                              : 13.0

Attached GPUs                             : 1
GPU 00000000:C3:00.0
    Accounting Mode                       : Enabled
    Accounting Mode Buffer Size           : 4000
    Accounted Processes
        Process ID                        : 1017016
            GPU Utilization               : 11 %
            Memory Utilization            : 0 %
            Max memory usage              : 232 MiB
            Time                          : 327929 ms
            Is Running                    : 0

Fri May  1 15:35:39 2026       
+-----------------------------------------------------------------------------------------+
| NVIDIA-SMI 580.95.05              Driver Version: 580.95.05      CUDA Version: 13.0     |
+-----------------------------------------+------------------------+----------------------+
| GPU  Name                 Persistence-M | Bus-Id          Disp.A | Volatile Uncorr. ECC |
| Fan  Temp   Perf          Pwr:Usage/Cap |           Memory-Usage | GPU-Util  Compute M. |
|                                         |                        |               MIG M. |
|=========================================+========================+======================|
|   0  Quadro RTX 8000                On  |   00000000:C3:00.0 Off |                  N/A |
| 34%   40C    P2             76W /  260W |       1MiB /  46080MiB |      3%      Default |
|                                         |                        |                  N/A |
+-----------------------------------------+------------------------+----------------------+

+-----------------------------------------------------------------------------------------+
| Processes:                                                                              |
|  GPU   GI   CI              PID   Type   Process name                        GPU Memory |
|        ID   ID                                                               Usage      |
|=========================================================================================|
|  No running processes found                                                             |
+-----------------------------------------------------------------------------------------+
