step 100  mean_loss_last_100: 0.58596  trial_acc (50 trials): 0.5000
step 200  mean_loss_last_100: 0.38541  trial_acc (50 trials): 0.4600
step 300  mean_loss_last_100: 0.33063  trial_acc (50 trials): 0.4400
step 400  mean_loss_last_100: 0.30204  trial_acc (50 trials): 0.5600
step 500  mean_loss_last_100: 0.28389  trial_acc (50 trials): 0.6200
step 600  mean_loss_last_100: 0.27246  trial_acc (50 trials): 0.4600
step 700  mean_loss_last_100: 0.26237  trial_acc (50 trials): 0.6000
step 800  mean_loss_last_100: 0.25450  trial_acc (50 trials): 0.4200
step 900  mean_loss_last_100: 0.24908  trial_acc (50 trials): 0.5600
step 1000  mean_loss_last_100: 0.24405  trial_acc (50 trials): 0.5000
step 1100  mean_loss_last_100: 0.23934  trial_acc (50 trials): 0.5800
step 1200  mean_loss_last_100: 0.23644  trial_acc (50 trials): 0.4800
step 1300  mean_loss_last_100: 0.23295  trial_acc (50 trials): 0.5400
step 1400  mean_loss_last_100: 0.23000  trial_acc (50 trials): 0.4600
step 1500  mean_loss_last_100: 0.22830  trial_acc (50 trials): 0.6000
step 1600  mean_loss_last_100: 0.22568  trial_acc (50 trials): 0.5600
step 1700  mean_loss_last_100: 0.22341  trial_acc (50 trials): 0.4600
step 1800  mean_loss_last_100: 0.22251  trial_acc (50 trials): 0.6400
step 1900  mean_loss_last_100: 0.22077  trial_acc (50 trials): 0.4600
step 2000  mean_loss_last_100: 0.21891  trial_acc (50 trials): 0.5800
Finished training.

======== GPU REPORT ========

==============NVSMI LOG==============

Timestamp                                 : Fri May  1 15:30:09 2026
Driver Version                            : 580.95.05
CUDA Version                              : 13.0

Attached GPUs                             : 1
GPU 00000000:3A:00.0
    Accounting Mode                       : Enabled
    Accounting Mode Buffer Size           : 4000
    Accounted Processes
        Process ID                        : 312465
            GPU Utilization               : 15 %
            Memory Utilization            : 0 %
            Max memory usage              : 232 MiB
            Time                          : 440705 ms
            Is Running                    : 0

Fri May  1 15:30:09 2026       
+-----------------------------------------------------------------------------------------+
| NVIDIA-SMI 580.95.05              Driver Version: 580.95.05      CUDA Version: 13.0     |
+-----------------------------------------+------------------------+----------------------+
| GPU  Name                 Persistence-M | Bus-Id          Disp.A | Volatile Uncorr. ECC |
| Fan  Temp   Perf          Pwr:Usage/Cap |           Memory-Usage | GPU-Util  Compute M. |
|                                         |                        |               MIG M. |
|=========================================+========================+======================|
|   0  Quadro RTX 8000                On  |   00000000:3A:00.0 Off |                    0 |
| 33%   32C    P2             63W /  260W |       1MiB /  46080MiB |      3%      Default |
|                                         |                        |                  N/A |
+-----------------------------------------+------------------------+----------------------+

+-----------------------------------------------------------------------------------------+
| Processes:                                                                              |
|  GPU   GI   CI              PID   Type   Process name                        GPU Memory |
|        ID   ID                                                               Usage      |
|=========================================================================================|
|  No running processes found                                                             |
+-----------------------------------------------------------------------------------------+
