step 100  mean_loss_last_100: 2.00083  trial_acc (50 trials): 0.0000
step 200  mean_loss_last_100: 1.57603  trial_acc (50 trials): 0.0000
step 300  mean_loss_last_100: 1.48603  trial_acc (50 trials): 0.0000
step 400  mean_loss_last_100: 1.41770  trial_acc (50 trials): 0.0000
step 500  mean_loss_last_100: 1.35568  trial_acc (50 trials): 0.0000
step 600  mean_loss_last_100: 1.30326  trial_acc (50 trials): 0.0000
step 700  mean_loss_last_100: 1.25657  trial_acc (50 trials): 0.0000
step 800  mean_loss_last_100: 1.21664  trial_acc (50 trials): 0.0000
step 900  mean_loss_last_100: 1.18351  trial_acc (50 trials): 0.0000
step 1000  mean_loss_last_100: 1.15750  trial_acc (50 trials): 0.0000
step 1100  mean_loss_last_100: 1.12863  trial_acc (50 trials): 0.0000
step 1200  mean_loss_last_100: 1.10535  trial_acc (50 trials): 0.0000
step 1300  mean_loss_last_100: 1.08509  trial_acc (50 trials): 0.0000
step 1400  mean_loss_last_100: 1.06541  trial_acc (50 trials): 0.0000
step 1500  mean_loss_last_100: 1.04525  trial_acc (50 trials): 0.0000
step 1600  mean_loss_last_100: 1.03114  trial_acc (50 trials): 0.0000
step 1700  mean_loss_last_100: 1.01426  trial_acc (50 trials): 0.0000
step 1800  mean_loss_last_100: 0.99940  trial_acc (50 trials): 0.0000
step 1900  mean_loss_last_100: 0.98418  trial_acc (50 trials): 0.0000
step 2000  mean_loss_last_100: 0.97206  trial_acc (50 trials): 0.0000
Finished training.

======== GPU REPORT ========

==============NVSMI LOG==============

Timestamp                                 : Fri May  1 15:43:13 2026
Driver Version                            : 580.95.05
CUDA Version                              : 13.0

Attached GPUs                             : 1
GPU 00000000:27:00.0
    Accounting Mode                       : Enabled
    Accounting Mode Buffer Size           : 4000
    Accounted Processes
        Process ID                        : 201734
            GPU Utilization               : 11 %
            Memory Utilization            : 0 %
            Max memory usage              : 232 MiB
            Time                          : 363391 ms
            Is Running                    : 0

Fri May  1 15:43:13 2026       
+-----------------------------------------------------------------------------------------+
| NVIDIA-SMI 580.95.05              Driver Version: 580.95.05      CUDA Version: 13.0     |
+-----------------------------------------+------------------------+----------------------+
| GPU  Name                 Persistence-M | Bus-Id          Disp.A | Volatile Uncorr. ECC |
| Fan  Temp   Perf          Pwr:Usage/Cap |           Memory-Usage | GPU-Util  Compute M. |
|                                         |                        |               MIG M. |
|=========================================+========================+======================|
|   0  Quadro RTX 8000                On  |   00000000:27:00.0 Off |                  N/A |
| 36%   39C    P2             65W /  260W |       1MiB /  46080MiB |      3%      Default |
|                                         |                        |                  N/A |
+-----------------------------------------+------------------------+----------------------+

+-----------------------------------------------------------------------------------------+
| Processes:                                                                              |
|  GPU   GI   CI              PID   Type   Process name                        GPU Memory |
|        ID   ID                                                               Usage      |
|=========================================================================================|
|  No running processes found                                                             |
+-----------------------------------------------------------------------------------------+
