step 100  mean_loss_last_100: 0.24642  trial_acc (50 trials): 0.5200
step 200  mean_loss_last_100: 0.20097  trial_acc (50 trials): 0.3800
step 300  mean_loss_last_100: 0.19883  trial_acc (50 trials): 0.5000
step 400  mean_loss_last_100: 0.19673  trial_acc (50 trials): 0.4200
step 500  mean_loss_last_100: 0.19602  trial_acc (50 trials): 0.4400
step 600  mean_loss_last_100: 0.19630  trial_acc (50 trials): 0.5000
step 700  mean_loss_last_100: 0.19552  trial_acc (50 trials): 0.5800
step 800  mean_loss_last_100: 0.19509  trial_acc (50 trials): 0.4800
step 900  mean_loss_last_100: 0.19551  trial_acc (50 trials): 0.5600
step 1000  mean_loss_last_100: 0.19518  trial_acc (50 trials): 0.5600
step 1100  mean_loss_last_100: 0.19457  trial_acc (50 trials): 0.5400
step 1200  mean_loss_last_100: 0.19524  trial_acc (50 trials): 0.4400
step 1300  mean_loss_last_100: 0.19476  trial_acc (50 trials): 0.5000
step 1400  mean_loss_last_100: 0.19422  trial_acc (50 trials): 0.4600
step 1500  mean_loss_last_100: 0.19481  trial_acc (50 trials): 0.4600
step 1600  mean_loss_last_100: 0.19445  trial_acc (50 trials): 0.6800
step 1700  mean_loss_last_100: 0.19437  trial_acc (50 trials): 0.5800
step 1800  mean_loss_last_100: 0.19492  trial_acc (50 trials): 0.5000
step 1900  mean_loss_last_100: 0.19446  trial_acc (50 trials): 0.6200
step 2000  mean_loss_last_100: 0.19418  trial_acc (50 trials): 0.4200
Finished training.

======== GPU REPORT ========

==============NVSMI LOG==============

Timestamp                                 : Fri May  1 15:24:22 2026
Driver Version                            : 580.95.05
CUDA Version                              : 13.0

Attached GPUs                             : 1
GPU 00000000:44:00.0
    Accounting Mode                       : Enabled
    Accounting Mode Buffer Size           : 4000
    Accounted Processes
        Process ID                        : 3708964
            GPU Utilization               : 5 %
            Memory Utilization            : 0 %
            Max memory usage              : 264 MiB
            Time                          : 85127 ms
            Is Running                    : 0

Fri May  1 15:24:22 2026       
+-----------------------------------------------------------------------------------------+
| NVIDIA-SMI 580.95.05              Driver Version: 580.95.05      CUDA Version: 13.0     |
+-----------------------------------------+------------------------+----------------------+
| GPU  Name                 Persistence-M | Bus-Id          Disp.A | Volatile Uncorr. ECC |
| Fan  Temp   Perf          Pwr:Usage/Cap |           Memory-Usage | GPU-Util  Compute M. |
|                                         |                        |               MIG M. |
|=========================================+========================+======================|
|   0  Quadro RTX 8000                On  |   00000000:44:00.0 Off |                    0 |
| 33%   43C    P2             64W /  260W |       1MiB /  46080MiB |      4%      Default |
|                                         |                        |                  N/A |
+-----------------------------------------+------------------------+----------------------+

+-----------------------------------------------------------------------------------------+
| Processes:                                                                              |
|  GPU   GI   CI              PID   Type   Process name                        GPU Memory |
|        ID   ID                                                               Usage      |
|=========================================================================================|
|  No running processes found                                                             |
+-----------------------------------------------------------------------------------------+
