step 100  mean_loss_last_100: 0.23814  trial_acc (50 trials): 0.0000
step 200  mean_loss_last_100: 0.13304  trial_acc (50 trials): 0.0000
step 300  mean_loss_last_100: 0.09459  trial_acc (50 trials): 0.3800
step 400  mean_loss_last_100: 0.07088  trial_acc (50 trials): 0.6600
step 500  mean_loss_last_100: 0.05907  trial_acc (50 trials): 0.4800
step 600  mean_loss_last_100: 0.05221  trial_acc (50 trials): 0.5400
step 700  mean_loss_last_100: 0.04815  trial_acc (50 trials): 0.4800
step 800  mean_loss_last_100: 0.04571  trial_acc (50 trials): 0.5000
step 900  mean_loss_last_100: 0.04384  trial_acc (50 trials): 0.4800
step 1000  mean_loss_last_100: 0.04259  trial_acc (50 trials): 0.5400
step 1100  mean_loss_last_100: 0.04149  trial_acc (50 trials): 0.5200
step 1200  mean_loss_last_100: 0.04066  trial_acc (50 trials): 0.3800
step 1300  mean_loss_last_100: 0.04023  trial_acc (50 trials): 0.5200
step 1400  mean_loss_last_100: 0.04003  trial_acc (50 trials): 0.6000
step 1500  mean_loss_last_100: 0.03944  trial_acc (50 trials): 0.5400
step 1600  mean_loss_last_100: 0.03909  trial_acc (50 trials): 0.5400
step 1700  mean_loss_last_100: 0.03899  trial_acc (50 trials): 0.4400
step 1800  mean_loss_last_100: 0.03870  trial_acc (50 trials): 0.4000
step 1900  mean_loss_last_100: 0.03851  trial_acc (50 trials): 0.4600
step 2000  mean_loss_last_100: 0.03827  trial_acc (50 trials): 0.4000
Finished training.

======== GPU REPORT ========

==============NVSMI LOG==============

Timestamp                                 : Fri May  1 15:47:36 2026
Driver Version                            : 580.95.05
CUDA Version                              : 13.0

Attached GPUs                             : 1
GPU 00000000:C3:00.0
    Accounting Mode                       : Enabled
    Accounting Mode Buffer Size           : 4000
    Accounted Processes
        Process ID                        : 1332250
            GPU Utilization               : 4 %
            Memory Utilization            : 0 %
            Max memory usage              : 264 MiB
            Time                          : 98795 ms
            Is Running                    : 0

Fri May  1 15:47:36 2026       
+-----------------------------------------------------------------------------------------+
| NVIDIA-SMI 580.95.05              Driver Version: 580.95.05      CUDA Version: 13.0     |
+-----------------------------------------+------------------------+----------------------+
| GPU  Name                 Persistence-M | Bus-Id          Disp.A | Volatile Uncorr. ECC |
| Fan  Temp   Perf          Pwr:Usage/Cap |           Memory-Usage | GPU-Util  Compute M. |
|                                         |                        |               MIG M. |
|=========================================+========================+======================|
|   0  Quadro RTX 8000                On  |   00000000:C3:00.0 Off |                  N/A |
| 33%   32C    P2             69W /  260W |       1MiB /  46080MiB |      4%      Default |
|                                         |                        |                  N/A |
+-----------------------------------------+------------------------+----------------------+

+-----------------------------------------------------------------------------------------+
| Processes:                                                                              |
|  GPU   GI   CI              PID   Type   Process name                        GPU Memory |
|        ID   ID                                                               Usage      |
|=========================================================================================|
|  No running processes found                                                             |
+-----------------------------------------------------------------------------------------+
