step 100  mean_loss_last_100: 0.16335  trial_acc (50 trials): 0.0000
step 200  mean_loss_last_100: 0.06811  trial_acc (50 trials): 0.7400
step 300  mean_loss_last_100: 0.04628  trial_acc (50 trials): 0.7800
step 400  mean_loss_last_100: 0.03531  trial_acc (50 trials): 0.9600
step 500  mean_loss_last_100: 0.02871  trial_acc (50 trials): 0.9200
step 600  mean_loss_last_100: 0.02440  trial_acc (50 trials): 0.9200
step 700  mean_loss_last_100: 0.02112  trial_acc (50 trials): 0.9600
step 800  mean_loss_last_100: 0.01916  trial_acc (50 trials): 0.9000
step 900  mean_loss_last_100: 0.01768  trial_acc (50 trials): 0.8800
step 1000  mean_loss_last_100: 0.01703  trial_acc (50 trials): 0.9000
step 1100  mean_loss_last_100: 0.01629  trial_acc (50 trials): 0.8000
step 1200  mean_loss_last_100: 0.01596  trial_acc (50 trials): 0.9600
step 1300  mean_loss_last_100: 0.01521  trial_acc (50 trials): 0.8200
step 1400  mean_loss_last_100: 0.01474  trial_acc (50 trials): 0.9400
step 1500  mean_loss_last_100: 0.01428  trial_acc (50 trials): 0.9800
step 1600  mean_loss_last_100: 0.01396  trial_acc (50 trials): 0.9400
step 1700  mean_loss_last_100: 0.01432  trial_acc (50 trials): 0.9400
step 1800  mean_loss_last_100: 0.01406  trial_acc (50 trials): 0.8600
step 1900  mean_loss_last_100: 0.01379  trial_acc (50 trials): 0.8600
step 2000  mean_loss_last_100: 0.01372  trial_acc (50 trials): 0.9000
Finished training.

======== GPU REPORT ========

==============NVSMI LOG==============

Timestamp                                 : Fri May  1 15:16:17 2026
Driver Version                            : 580.95.05
CUDA Version                              : 13.0

Attached GPUs                             : 1
GPU 00000000:B1:00.0
    Accounting Mode                       : Enabled
    Accounting Mode Buffer Size           : 4000
    Accounted Processes
        Process ID                        : 2058117
            GPU Utilization               : 15 %
            Memory Utilization            : 0 %
            Max memory usage              : 232 MiB
            Time                          : 328416 ms
            Is Running                    : 0

Fri May  1 15:16:17 2026       
+-----------------------------------------------------------------------------------------+
| NVIDIA-SMI 580.95.05              Driver Version: 580.95.05      CUDA Version: 13.0     |
+-----------------------------------------+------------------------+----------------------+
| GPU  Name                 Persistence-M | Bus-Id          Disp.A | Volatile Uncorr. ECC |
| Fan  Temp   Perf          Pwr:Usage/Cap |           Memory-Usage | GPU-Util  Compute M. |
|                                         |                        |               MIG M. |
|=========================================+========================+======================|
|   0  Quadro RTX 8000                On  |   00000000:B1:00.0 Off |                    0 |
| 33%   39C    P2             74W /  260W |       1MiB /  46080MiB |      0%      Default |
|                                         |                        |                  N/A |
+-----------------------------------------+------------------------+----------------------+

+-----------------------------------------------------------------------------------------+
| Processes:                                                                              |
|  GPU   GI   CI              PID   Type   Process name                        GPU Memory |
|        ID   ID                                                               Usage      |
|=========================================================================================|
|  No running processes found                                                             |
+-----------------------------------------------------------------------------------------+
