step 100  mean_loss_last_100: 0.49858  trial_acc (50 trials): 0.4400
step 200  mean_loss_last_100: 0.29900  trial_acc (50 trials): 0.4200
step 300  mean_loss_last_100: 0.26226  trial_acc (50 trials): 0.5200
step 400  mean_loss_last_100: 0.24321  trial_acc (50 trials): 0.4800
step 500  mean_loss_last_100: 0.23146  trial_acc (50 trials): 0.4600
step 600  mean_loss_last_100: 0.22595  trial_acc (50 trials): 0.3600
step 700  mean_loss_last_100: 0.22091  trial_acc (50 trials): 0.4200
step 800  mean_loss_last_100: 0.21606  trial_acc (50 trials): 0.3800
step 900  mean_loss_last_100: 0.21466  trial_acc (50 trials): 0.3600
step 1000  mean_loss_last_100: 0.21108  trial_acc (50 trials): 0.6000
step 1100  mean_loss_last_100: 0.20939  trial_acc (50 trials): 0.5000
step 1200  mean_loss_last_100: 0.20796  trial_acc (50 trials): 0.5400
step 1300  mean_loss_last_100: 0.20606  trial_acc (50 trials): 0.6600
step 1400  mean_loss_last_100: 0.20190  trial_acc (50 trials): 0.6800
step 1500  mean_loss_last_100: 0.18928  trial_acc (50 trials): 0.9800
step 1600  mean_loss_last_100: 0.14577  trial_acc (50 trials): 1.0000
step 1700  mean_loss_last_100: 0.11369  trial_acc (50 trials): 1.0000
step 1800  mean_loss_last_100: 0.09603  trial_acc (50 trials): 1.0000
step 1900  mean_loss_last_100: 0.08417  trial_acc (50 trials): 1.0000
step 2000  mean_loss_last_100: 0.07978  trial_acc (50 trials): 1.0000
Finished training.

======== GPU REPORT ========

==============NVSMI LOG==============

Timestamp                                 : Fri May  1 15:31:11 2026
Driver Version                            : 580.95.05
CUDA Version                              : 13.0

Attached GPUs                             : 1
GPU 00000000:A3:00.0
    Accounting Mode                       : Enabled
    Accounting Mode Buffer Size           : 4000
    Accounted Processes
        Process ID                        : 3370366
            GPU Utilization               : 13 %
            Memory Utilization            : 0 %
            Max memory usage              : 232 MiB
            Time                          : 493770 ms
            Is Running                    : 0

Fri May  1 15:31:11 2026       
+-----------------------------------------------------------------------------------------+
| NVIDIA-SMI 580.95.05              Driver Version: 580.95.05      CUDA Version: 13.0     |
+-----------------------------------------+------------------------+----------------------+
| GPU  Name                 Persistence-M | Bus-Id          Disp.A | Volatile Uncorr. ECC |
| Fan  Temp   Perf          Pwr:Usage/Cap |           Memory-Usage | GPU-Util  Compute M. |
|                                         |                        |               MIG M. |
|=========================================+========================+======================|
|   0  Quadro RTX 8000                On  |   00000000:A3:00.0 Off |                    0 |
| 33%   39C    P2             74W /  260W |       1MiB /  46080MiB |      3%      Default |
|                                         |                        |                  N/A |
+-----------------------------------------+------------------------+----------------------+

+-----------------------------------------------------------------------------------------+
| Processes:                                                                              |
|  GPU   GI   CI              PID   Type   Process name                        GPU Memory |
|        ID   ID                                                               Usage      |
|=========================================================================================|
|  No running processes found                                                             |
+-----------------------------------------------------------------------------------------+
