step 100  mean_loss_last_100: 0.31827  trial_acc (50 trials): 0.4800
step 200  mean_loss_last_100: 0.21696  trial_acc (50 trials): 0.5000
step 300  mean_loss_last_100: 0.20748  trial_acc (50 trials): 0.5200
step 400  mean_loss_last_100: 0.20303  trial_acc (50 trials): 0.5000
step 500  mean_loss_last_100: 0.20108  trial_acc (50 trials): 0.4200
step 600  mean_loss_last_100: 0.20020  trial_acc (50 trials): 0.5600
step 700  mean_loss_last_100: 0.19874  trial_acc (50 trials): 0.4800
step 800  mean_loss_last_100: 0.19815  trial_acc (50 trials): 0.3800
step 900  mean_loss_last_100: 0.19799  trial_acc (50 trials): 0.4600
step 1000  mean_loss_last_100: 0.19734  trial_acc (50 trials): 0.4800
step 1100  mean_loss_last_100: 0.19672  trial_acc (50 trials): 0.4800
step 1200  mean_loss_last_100: 0.19730  trial_acc (50 trials): 0.4000
step 1300  mean_loss_last_100: 0.19656  trial_acc (50 trials): 0.4800
step 1400  mean_loss_last_100: 0.19608  trial_acc (50 trials): 0.5600
step 1500  mean_loss_last_100: 0.19642  trial_acc (50 trials): 0.4200
step 1600  mean_loss_last_100: 0.19580  trial_acc (50 trials): 0.5200
step 1700  mean_loss_last_100: 0.19569  trial_acc (50 trials): 0.4600
step 1800  mean_loss_last_100: 0.19564  trial_acc (50 trials): 0.4800
step 1900  mean_loss_last_100: 0.19564  trial_acc (50 trials): 0.5200
step 2000  mean_loss_last_100: 0.19557  trial_acc (50 trials): 0.3800
Finished training.

======== GPU REPORT ========

==============NVSMI LOG==============

Timestamp                                 : Fri May  1 15:31:11 2026
Driver Version                            : 580.95.05
CUDA Version                              : 13.0

Attached GPUs                             : 1
GPU 00000000:A4:00.0
    Accounting Mode                       : Enabled
    Accounting Mode Buffer Size           : 4000
    Accounted Processes
        Process ID                        : 1886225
            GPU Utilization               : 13 %
            Memory Utilization            : 0 %
            Max memory usage              : 232 MiB
            Time                          : 493373 ms
            Is Running                    : 0

Fri May  1 15:31:11 2026       
+-----------------------------------------------------------------------------------------+
| NVIDIA-SMI 580.95.05              Driver Version: 580.95.05      CUDA Version: 13.0     |
+-----------------------------------------+------------------------+----------------------+
| GPU  Name                 Persistence-M | Bus-Id          Disp.A | Volatile Uncorr. ECC |
| Fan  Temp   Perf          Pwr:Usage/Cap |           Memory-Usage | GPU-Util  Compute M. |
|                                         |                        |               MIG M. |
|=========================================+========================+======================|
|   0  Quadro RTX 8000                On  |   00000000:A4:00.0 Off |                    0 |
| 34%   34C    P2             70W /  260W |       1MiB /  46080MiB |      0%      Default |
|                                         |                        |                  N/A |
+-----------------------------------------+------------------------+----------------------+

+-----------------------------------------------------------------------------------------+
| Processes:                                                                              |
|  GPU   GI   CI              PID   Type   Process name                        GPU Memory |
|        ID   ID                                                               Usage      |
|=========================================================================================|
|  No running processes found                                                             |
+-----------------------------------------------------------------------------------------+
