step 100  mean_loss_last_100: 0.27283  trial_acc (50 trials): 0.4400
step 200  mean_loss_last_100: 0.23585  trial_acc (50 trials): 0.4600
step 300  mean_loss_last_100: 0.23420  trial_acc (50 trials): 0.5400
step 400  mean_loss_last_100: 0.23360  trial_acc (50 trials): 0.5600
step 500  mean_loss_last_100: 0.23404  trial_acc (50 trials): 0.5200
step 600  mean_loss_last_100: 0.23330  trial_acc (50 trials): 0.5400
step 700  mean_loss_last_100: 0.23309  trial_acc (50 trials): 0.4000
step 800  mean_loss_last_100: 0.23273  trial_acc (50 trials): 0.5000
step 900  mean_loss_last_100: 0.23342  trial_acc (50 trials): 0.4400
step 1000  mean_loss_last_100: 0.23240  trial_acc (50 trials): 0.5800
step 1100  mean_loss_last_100: 0.23249  trial_acc (50 trials): 0.5800
step 1200  mean_loss_last_100: 0.23230  trial_acc (50 trials): 0.4200
step 1300  mean_loss_last_100: 0.23238  trial_acc (50 trials): 0.4000
step 1400  mean_loss_last_100: 0.23251  trial_acc (50 trials): 0.6000
step 1500  mean_loss_last_100: 0.23256  trial_acc (50 trials): 0.5200
step 1600  mean_loss_last_100: 0.23179  trial_acc (50 trials): 0.6600
step 1700  mean_loss_last_100: 0.23208  trial_acc (50 trials): 0.4400
step 1800  mean_loss_last_100: 0.23240  trial_acc (50 trials): 0.5200
step 1900  mean_loss_last_100: 0.23180  trial_acc (50 trials): 0.4800
step 2000  mean_loss_last_100: 0.23234  trial_acc (50 trials): 0.5200
Finished training.

======== GPU REPORT ========

==============NVSMI LOG==============

Timestamp                                 : Fri May  1 15:31:38 2026
Driver Version                            : 580.95.05
CUDA Version                              : 13.0

Attached GPUs                             : 1
GPU 00000000:27:00.0
    Accounting Mode                       : Enabled
    Accounting Mode Buffer Size           : 4000
    Accounted Processes
        Process ID                        : 687682
            GPU Utilization               : 4 %
            Memory Utilization            : 0 %
            Max memory usage              : 264 MiB
            Time                          : 86051 ms
            Is Running                    : 0

Fri May  1 15:31:38 2026       
+-----------------------------------------------------------------------------------------+
| NVIDIA-SMI 580.95.05              Driver Version: 580.95.05      CUDA Version: 13.0     |
+-----------------------------------------+------------------------+----------------------+
| GPU  Name                 Persistence-M | Bus-Id          Disp.A | Volatile Uncorr. ECC |
| Fan  Temp   Perf          Pwr:Usage/Cap |           Memory-Usage | GPU-Util  Compute M. |
|                                         |                        |               MIG M. |
|=========================================+========================+======================|
|   0  Quadro RTX 8000                On  |   00000000:27:00.0 Off |                    0 |
| 35%   43C    P2             65W /  260W |       1MiB /  46080MiB |      4%      Default |
|                                         |                        |                  N/A |
+-----------------------------------------+------------------------+----------------------+

+-----------------------------------------------------------------------------------------+
| Processes:                                                                              |
|  GPU   GI   CI              PID   Type   Process name                        GPU Memory |
|        ID   ID                                                               Usage      |
|=========================================================================================|
|  No running processes found                                                             |
+-----------------------------------------------------------------------------------------+
