step 100  mean_loss_last_100: 0.14616  trial_acc (50 trials): 0.1800
step 200  mean_loss_last_100: 0.05763  trial_acc (50 trials): 0.4600
step 300  mean_loss_last_100: 0.04460  trial_acc (50 trials): 0.4400
step 400  mean_loss_last_100: 0.04087  trial_acc (50 trials): 0.4800
step 500  mean_loss_last_100: 0.03928  trial_acc (50 trials): 0.4800
step 600  mean_loss_last_100: 0.03853  trial_acc (50 trials): 0.4200
step 700  mean_loss_last_100: 0.03790  trial_acc (50 trials): 0.4600
step 800  mean_loss_last_100: 0.03753  trial_acc (50 trials): 0.4800
step 900  mean_loss_last_100: 0.03748  trial_acc (50 trials): 0.3400
step 1000  mean_loss_last_100: 0.03701  trial_acc (50 trials): 0.3800
step 1100  mean_loss_last_100: 0.03708  trial_acc (50 trials): 0.5400
step 1200  mean_loss_last_100: 0.03671  trial_acc (50 trials): 0.4600
step 1300  mean_loss_last_100: 0.03692  trial_acc (50 trials): 0.5200
step 1400  mean_loss_last_100: 0.03656  trial_acc (50 trials): 0.4400
step 1500  mean_loss_last_100: 0.03662  trial_acc (50 trials): 0.5800
step 1600  mean_loss_last_100: 0.03640  trial_acc (50 trials): 0.4600
step 1700  mean_loss_last_100: 0.03632  trial_acc (50 trials): 0.5600
step 1800  mean_loss_last_100: 0.03635  trial_acc (50 trials): 0.4200
step 1900  mean_loss_last_100: 0.03638  trial_acc (50 trials): 0.4400
step 2000  mean_loss_last_100: 0.03656  trial_acc (50 trials): 0.6600
Finished training.

======== GPU REPORT ========

==============NVSMI LOG==============

Timestamp                                 : Fri May  1 15:47:36 2026
Driver Version                            : 580.95.05
CUDA Version                              : 13.0

Attached GPUs                             : 1
GPU 00000000:A3:00.0
    Accounting Mode                       : Enabled
    Accounting Mode Buffer Size           : 4000
    Accounted Processes
        Process ID                        : 1332265
            GPU Utilization               : 4 %
            Memory Utilization            : 0 %
            Max memory usage              : 264 MiB
            Time                          : 98821 ms
            Is Running                    : 0

Fri May  1 15:47:36 2026       
+-----------------------------------------------------------------------------------------+
| NVIDIA-SMI 580.95.05              Driver Version: 580.95.05      CUDA Version: 13.0     |
+-----------------------------------------+------------------------+----------------------+
| GPU  Name                 Persistence-M | Bus-Id          Disp.A | Volatile Uncorr. ECC |
| Fan  Temp   Perf          Pwr:Usage/Cap |           Memory-Usage | GPU-Util  Compute M. |
|                                         |                        |               MIG M. |
|=========================================+========================+======================|
|   0  Quadro RTX 8000                On  |   00000000:A3:00.0 Off |                  N/A |
| 33%   32C    P2             68W /  260W |       1MiB /  46080MiB |      0%      Default |
|                                         |                        |                  N/A |
+-----------------------------------------+------------------------+----------------------+

+-----------------------------------------------------------------------------------------+
| Processes:                                                                              |
|  GPU   GI   CI              PID   Type   Process name                        GPU Memory |
|        ID   ID                                                               Usage      |
|=========================================================================================|
|  No running processes found                                                             |
+-----------------------------------------------------------------------------------------+
