step 100  mean_loss_last_100: 1.52621  trial_acc (50 trials): 0.0400
step 200  mean_loss_last_100: 1.08855  trial_acc (50 trials): 0.0000
step 300  mean_loss_last_100: 1.05115  trial_acc (50 trials): 0.0200
step 400  mean_loss_last_100: 1.03407  trial_acc (50 trials): 0.0600
step 500  mean_loss_last_100: 1.01684  trial_acc (50 trials): 0.0400
step 600  mean_loss_last_100: 0.99116  trial_acc (50 trials): 0.0000
step 700  mean_loss_last_100: 0.94776  trial_acc (50 trials): 0.0800
step 800  mean_loss_last_100: 0.90167  trial_acc (50 trials): 0.1800
step 900  mean_loss_last_100: 0.86453  trial_acc (50 trials): 0.1400
step 1000  mean_loss_last_100: 0.83509  trial_acc (50 trials): 0.2200
step 1100  mean_loss_last_100: 0.80663  trial_acc (50 trials): 0.1400
step 1200  mean_loss_last_100: 0.77844  trial_acc (50 trials): 0.1800
step 1300  mean_loss_last_100: 0.74781  trial_acc (50 trials): 0.2000
step 1400  mean_loss_last_100: 0.71697  trial_acc (50 trials): 0.2200
step 1500  mean_loss_last_100: 0.68541  trial_acc (50 trials): 0.2800
step 1600  mean_loss_last_100: 0.65631  trial_acc (50 trials): 0.3000
step 1700  mean_loss_last_100: 0.63201  trial_acc (50 trials): 0.2800
step 1800  mean_loss_last_100: 0.60820  trial_acc (50 trials): 0.4800
step 1900  mean_loss_last_100: 0.58876  trial_acc (50 trials): 0.3200
step 2000  mean_loss_last_100: 0.56867  trial_acc (50 trials): 0.6400
Finished training.

======== GPU REPORT ========

==============NVSMI LOG==============

Timestamp                                 : Fri May  1 15:38:52 2026
Driver Version                            : 580.95.05
CUDA Version                              : 13.0

Attached GPUs                             : 1
GPU 00000000:27:00.0
    Accounting Mode                       : Enabled
    Accounting Mode Buffer Size           : 4000
    Accounted Processes
        Process ID                        : 3455353
            GPU Utilization               : 3 %
            Memory Utilization            : 0 %
            Max memory usage              : 266 MiB
            Time                          : 113569 ms
            Is Running                    : 0

Fri May  1 15:38:52 2026       
+-----------------------------------------------------------------------------------------+
| NVIDIA-SMI 580.95.05              Driver Version: 580.95.05      CUDA Version: 13.0     |
+-----------------------------------------+------------------------+----------------------+
| GPU  Name                 Persistence-M | Bus-Id          Disp.A | Volatile Uncorr. ECC |
| Fan  Temp   Perf          Pwr:Usage/Cap |           Memory-Usage | GPU-Util  Compute M. |
|                                         |                        |               MIG M. |
|=========================================+========================+======================|
|   0  Quadro RTX 8000                On  |   00000000:27:00.0 Off |                    0 |
| 34%   40C    P2             69W /  260W |       1MiB /  46080MiB |      4%      Default |
|                                         |                        |                  N/A |
+-----------------------------------------+------------------------+----------------------+

+-----------------------------------------------------------------------------------------+
| Processes:                                                                              |
|  GPU   GI   CI              PID   Type   Process name                        GPU Memory |
|        ID   ID                                                               Usage      |
|=========================================================================================|
|  No running processes found                                                             |
+-----------------------------------------------------------------------------------------+
