step 100  mean_loss_last_100: 1.63916  trial_acc (50 trials): 0.0000
step 200  mean_loss_last_100: 1.30499  trial_acc (50 trials): 0.0000
step 300  mean_loss_last_100: 1.16967  trial_acc (50 trials): 0.0000
step 400  mean_loss_last_100: 1.10716  trial_acc (50 trials): 0.0000
step 500  mean_loss_last_100: 1.07456  trial_acc (50 trials): 0.0000
step 600  mean_loss_last_100: 1.05098  trial_acc (50 trials): 0.0000
step 700  mean_loss_last_100: 1.02664  trial_acc (50 trials): 0.0600
step 800  mean_loss_last_100: 0.99899  trial_acc (50 trials): 0.0800
step 900  mean_loss_last_100: 0.96586  trial_acc (50 trials): 0.1600
step 1000  mean_loss_last_100: 0.93516  trial_acc (50 trials): 0.2000
step 1100  mean_loss_last_100: 0.90015  trial_acc (50 trials): 0.1600
step 1200  mean_loss_last_100: 0.86170  trial_acc (50 trials): 0.1600
step 1300  mean_loss_last_100: 0.82467  trial_acc (50 trials): 0.2200
step 1400  mean_loss_last_100: 0.78578  trial_acc (50 trials): 0.2200
step 1500  mean_loss_last_100: 0.75526  trial_acc (50 trials): 0.2200
step 1600  mean_loss_last_100: 0.72870  trial_acc (50 trials): 0.2600
step 1700  mean_loss_last_100: 0.70184  trial_acc (50 trials): 0.3200
step 1800  mean_loss_last_100: 0.67897  trial_acc (50 trials): 0.5000
step 1900  mean_loss_last_100: 0.66262  trial_acc (50 trials): 0.4600
step 2000  mean_loss_last_100: 0.63684  trial_acc (50 trials): 0.4200
Finished training.

======== GPU REPORT ========

==============NVSMI LOG==============

Timestamp                                 : Fri May  1 15:43:00 2026
Driver Version                            : 580.95.05
CUDA Version                              : 13.0

Attached GPUs                             : 1
GPU 00000000:A3:00.0
    Accounting Mode                       : Enabled
    Accounting Mode Buffer Size           : 4000
    Accounted Processes
        Process ID                        : 681162
            GPU Utilization               : 11 %
            Memory Utilization            : 0 %
            Max memory usage              : 232 MiB
            Time                          : 361572 ms
            Is Running                    : 0

Fri May  1 15:43:00 2026       
+-----------------------------------------------------------------------------------------+
| NVIDIA-SMI 580.95.05              Driver Version: 580.95.05      CUDA Version: 13.0     |
+-----------------------------------------+------------------------+----------------------+
| GPU  Name                 Persistence-M | Bus-Id          Disp.A | Volatile Uncorr. ECC |
| Fan  Temp   Perf          Pwr:Usage/Cap |           Memory-Usage | GPU-Util  Compute M. |
|                                         |                        |               MIG M. |
|=========================================+========================+======================|
|   0  Quadro RTX 8000                On  |   00000000:A3:00.0 Off |                    0 |
| 33%   37C    P2             74W /  260W |       1MiB /  46080MiB |      3%      Default |
|                                         |                        |                  N/A |
+-----------------------------------------+------------------------+----------------------+

+-----------------------------------------------------------------------------------------+
| Processes:                                                                              |
|  GPU   GI   CI              PID   Type   Process name                        GPU Memory |
|        ID   ID                                                               Usage      |
|=========================================================================================|
|  No running processes found                                                             |
+-----------------------------------------------------------------------------------------+
