step 100  mean_loss_last_100: 1.91916  trial_acc (50 trials): 0.0000
step 200  mean_loss_last_100: 1.27101  trial_acc (50 trials): 0.0000
step 300  mean_loss_last_100: 1.14086  trial_acc (50 trials): 0.0200
step 400  mean_loss_last_100: 1.09669  trial_acc (50 trials): 0.0600
step 500  mean_loss_last_100: 1.07480  trial_acc (50 trials): 0.0400
step 600  mean_loss_last_100: 1.05874  trial_acc (50 trials): 0.0000
step 700  mean_loss_last_100: 1.04948  trial_acc (50 trials): 0.0000
step 800  mean_loss_last_100: 1.04378  trial_acc (50 trials): 0.0400
step 900  mean_loss_last_100: 1.03659  trial_acc (50 trials): 0.0400
step 1000  mean_loss_last_100: 1.03206  trial_acc (50 trials): 0.0200
step 1100  mean_loss_last_100: 1.02804  trial_acc (50 trials): 0.0000
step 1200  mean_loss_last_100: 1.02266  trial_acc (50 trials): 0.0200
step 1300  mean_loss_last_100: 1.01743  trial_acc (50 trials): 0.0200
step 1400  mean_loss_last_100: 1.01231  trial_acc (50 trials): 0.0800
step 1500  mean_loss_last_100: 1.00639  trial_acc (50 trials): 0.0600
step 1600  mean_loss_last_100: 0.99915  trial_acc (50 trials): 0.0000
step 1700  mean_loss_last_100: 0.99086  trial_acc (50 trials): 0.0000
step 1800  mean_loss_last_100: 0.98031  trial_acc (50 trials): 0.0200
step 1900  mean_loss_last_100: 0.96597  trial_acc (50 trials): 0.0000
step 2000  mean_loss_last_100: 0.94764  trial_acc (50 trials): 0.0400
Finished training.

======== GPU REPORT ========

==============NVSMI LOG==============

Timestamp                                 : Fri May  1 15:38:52 2026
Driver Version                            : 580.95.05
CUDA Version                              : 13.0

Attached GPUs                             : 1
GPU 00000000:C3:00.0
    Accounting Mode                       : Enabled
    Accounting Mode Buffer Size           : 4000
    Accounted Processes
        Process ID                        : 1889182
            GPU Utilization               : 3 %
            Memory Utilization            : 0 %
            Max memory usage              : 266 MiB
            Time                          : 113365 ms
            Is Running                    : 0

Fri May  1 15:38:52 2026       
+-----------------------------------------------------------------------------------------+
| NVIDIA-SMI 580.95.05              Driver Version: 580.95.05      CUDA Version: 13.0     |
+-----------------------------------------+------------------------+----------------------+
| GPU  Name                 Persistence-M | Bus-Id          Disp.A | Volatile Uncorr. ECC |
| Fan  Temp   Perf          Pwr:Usage/Cap |           Memory-Usage | GPU-Util  Compute M. |
|                                         |                        |               MIG M. |
|=========================================+========================+======================|
|   0  Quadro RTX 8000                On  |   00000000:C3:00.0 Off |                    0 |
| 33%   32C    P2             64W /  260W |       1MiB /  46080MiB |      4%      Default |
|                                         |                        |                  N/A |
+-----------------------------------------+------------------------+----------------------+

+-----------------------------------------------------------------------------------------+
| Processes:                                                                              |
|  GPU   GI   CI              PID   Type   Process name                        GPU Memory |
|        ID   ID                                                               Usage      |
|=========================================================================================|
|  No running processes found                                                             |
+-----------------------------------------------------------------------------------------+
