step 100  mean_loss_last_100: 0.22801  trial_acc (50 trials): 0.0000
step 200  mean_loss_last_100: 0.15769  trial_acc (50 trials): 0.0000
step 300  mean_loss_last_100: 0.11824  trial_acc (50 trials): 0.1000
step 400  mean_loss_last_100: 0.09171  trial_acc (50 trials): 0.3800
step 500  mean_loss_last_100: 0.07586  trial_acc (50 trials): 0.4400
step 600  mean_loss_last_100: 0.06643  trial_acc (50 trials): 0.4600
step 700  mean_loss_last_100: 0.05945  trial_acc (50 trials): 0.5600
step 800  mean_loss_last_100: 0.05536  trial_acc (50 trials): 0.5600
step 900  mean_loss_last_100: 0.05209  trial_acc (50 trials): 0.4000
step 1000  mean_loss_last_100: 0.04985  trial_acc (50 trials): 0.6200
step 1100  mean_loss_last_100: 0.04779  trial_acc (50 trials): 0.5800
step 1200  mean_loss_last_100: 0.04602  trial_acc (50 trials): 0.4200
step 1300  mean_loss_last_100: 0.04470  trial_acc (50 trials): 0.4800
step 1400  mean_loss_last_100: 0.04361  trial_acc (50 trials): 0.5800
step 1500  mean_loss_last_100: 0.04249  trial_acc (50 trials): 0.7200
step 1600  mean_loss_last_100: 0.04177  trial_acc (50 trials): 0.6600
step 1700  mean_loss_last_100: 0.04062  trial_acc (50 trials): 0.6200
step 1800  mean_loss_last_100: 0.03924  trial_acc (50 trials): 0.8200
step 1900  mean_loss_last_100: 0.03817  trial_acc (50 trials): 0.7200
step 2000  mean_loss_last_100: 0.03717  trial_acc (50 trials): 0.8600
Finished training.

======== GPU REPORT ========

==============NVSMI LOG==============

Timestamp                                 : Fri May  1 15:52:16 2026
Driver Version                            : 580.95.05
CUDA Version                              : 13.0

Attached GPUs                             : 1
GPU 00000000:A4:00.0
    Accounting Mode                       : Enabled
    Accounting Mode Buffer Size           : 4000
    Accounted Processes
        Process ID                        : 692580
            GPU Utilization               : 12 %
            Memory Utilization            : 0 %
            Max memory usage              : 232 MiB
            Time                          : 378037 ms
            Is Running                    : 0

Fri May  1 15:52:16 2026       
+-----------------------------------------------------------------------------------------+
| NVIDIA-SMI 580.95.05              Driver Version: 580.95.05      CUDA Version: 13.0     |
+-----------------------------------------+------------------------+----------------------+
| GPU  Name                 Persistence-M | Bus-Id          Disp.A | Volatile Uncorr. ECC |
| Fan  Temp   Perf          Pwr:Usage/Cap |           Memory-Usage | GPU-Util  Compute M. |
|                                         |                        |               MIG M. |
|=========================================+========================+======================|
|   0  Quadro RTX 8000                On  |   00000000:A4:00.0 Off |                    0 |
| 34%   31C    P2             61W /  260W |       1MiB /  46080MiB |      0%      Default |
|                                         |                        |                  N/A |
+-----------------------------------------+------------------------+----------------------+

+-----------------------------------------------------------------------------------------+
| Processes:                                                                              |
|  GPU   GI   CI              PID   Type   Process name                        GPU Memory |
|        ID   ID                                                               Usage      |
|=========================================================================================|
|  No running processes found                                                             |
+-----------------------------------------------------------------------------------------+
