step 100  mean_loss_last_100: 0.33562  trial_acc (50 trials): 0.4200
step 200  mean_loss_last_100: 0.29948  trial_acc (50 trials): 1.0000
step 300  mean_loss_last_100: 0.22381  trial_acc (50 trials): 1.0000
step 400  mean_loss_last_100: 0.12317  trial_acc (50 trials): 1.0000
step 500  mean_loss_last_100: 0.09744  trial_acc (50 trials): 1.0000
step 600  mean_loss_last_100: 0.08441  trial_acc (50 trials): 1.0000
step 700  mean_loss_last_100: 0.07428  trial_acc (50 trials): 1.0000
step 800  mean_loss_last_100: 0.06811  trial_acc (50 trials): 1.0000
step 900  mean_loss_last_100: 0.06310  trial_acc (50 trials): 1.0000
step 1000  mean_loss_last_100: 0.05929  trial_acc (50 trials): 1.0000
step 1100  mean_loss_last_100: 0.05682  trial_acc (50 trials): 1.0000
step 1200  mean_loss_last_100: 0.05412  trial_acc (50 trials): 1.0000
step 1300  mean_loss_last_100: 0.05134  trial_acc (50 trials): 1.0000
step 1400  mean_loss_last_100: 0.05019  trial_acc (50 trials): 1.0000
step 1500  mean_loss_last_100: 0.04845  trial_acc (50 trials): 1.0000
step 1600  mean_loss_last_100: 0.04632  trial_acc (50 trials): 1.0000
step 1700  mean_loss_last_100: 0.04605  trial_acc (50 trials): 1.0000
step 1800  mean_loss_last_100: 0.04435  trial_acc (50 trials): 1.0000
step 1900  mean_loss_last_100: 0.04325  trial_acc (50 trials): 1.0000
step 2000  mean_loss_last_100: 0.04262  trial_acc (50 trials): 1.0000
Finished training.

======== GPU REPORT ========

==============NVSMI LOG==============

Timestamp                                 : Fri May  1 15:35:43 2026
Driver Version                            : 580.95.05
CUDA Version                              : 13.0

Attached GPUs                             : 1
GPU 00000000:43:00.0
    Accounting Mode                       : Enabled
    Accounting Mode Buffer Size           : 4000
    Accounted Processes
        Process ID                        : 1327514
            GPU Utilization               : 11 %
            Memory Utilization            : 0 %
            Max memory usage              : 232 MiB
            Time                          : 330277 ms
            Is Running                    : 0

Fri May  1 15:35:43 2026       
+-----------------------------------------------------------------------------------------+
| NVIDIA-SMI 580.95.05              Driver Version: 580.95.05      CUDA Version: 13.0     |
+-----------------------------------------+------------------------+----------------------+
| GPU  Name                 Persistence-M | Bus-Id          Disp.A | Volatile Uncorr. ECC |
| Fan  Temp   Perf          Pwr:Usage/Cap |           Memory-Usage | GPU-Util  Compute M. |
|                                         |                        |               MIG M. |
|=========================================+========================+======================|
|   0  Quadro RTX 8000                On  |   00000000:43:00.0 Off |                  N/A |
| 33%   35C    P2             67W /  260W |       1MiB /  46080MiB |      3%      Default |
|                                         |                        |                  N/A |
+-----------------------------------------+------------------------+----------------------+

+-----------------------------------------------------------------------------------------+
| Processes:                                                                              |
|  GPU   GI   CI              PID   Type   Process name                        GPU Memory |
|        ID   ID                                                               Usage      |
|=========================================================================================|
|  No running processes found                                                             |
+-----------------------------------------------------------------------------------------+
