step 100  mean_loss_last_100: 1.90297  trial_acc (50 trials): 0.0000
step 200  mean_loss_last_100: 1.51127  trial_acc (50 trials): 0.0000
step 300  mean_loss_last_100: 1.39223  trial_acc (50 trials): 0.0000
step 400  mean_loss_last_100: 1.30046  trial_acc (50 trials): 0.0000
step 500  mean_loss_last_100: 1.23127  trial_acc (50 trials): 0.0000
step 600  mean_loss_last_100: 1.18070  trial_acc (50 trials): 0.0000
step 700  mean_loss_last_100: 1.14361  trial_acc (50 trials): 0.0000
step 800  mean_loss_last_100: 1.11652  trial_acc (50 trials): 0.0000
step 900  mean_loss_last_100: 1.09147  trial_acc (50 trials): 0.0000
step 1000  mean_loss_last_100: 1.06770  trial_acc (50 trials): 0.0000
step 1100  mean_loss_last_100: 1.04603  trial_acc (50 trials): 0.0000
step 1200  mean_loss_last_100: 1.02800  trial_acc (50 trials): 0.0000
step 1300  mean_loss_last_100: 1.01262  trial_acc (50 trials): 0.0000
step 1400  mean_loss_last_100: 0.99863  trial_acc (50 trials): 0.0000
step 1500  mean_loss_last_100: 0.98316  trial_acc (50 trials): 0.0000
step 1600  mean_loss_last_100: 0.96956  trial_acc (50 trials): 0.0200
step 1700  mean_loss_last_100: 0.95738  trial_acc (50 trials): 0.0600
step 1800  mean_loss_last_100: 0.94446  trial_acc (50 trials): 0.0600
step 1900  mean_loss_last_100: 0.93255  trial_acc (50 trials): 0.0400
step 2000  mean_loss_last_100: 0.92241  trial_acc (50 trials): 0.0200
Finished training.

======== GPU REPORT ========

==============NVSMI LOG==============

Timestamp                                 : Fri May  1 15:42:57 2026
Driver Version                            : 580.95.05
CUDA Version                              : 13.0

Attached GPUs                             : 1
GPU 00000000:A4:00.0
    Accounting Mode                       : Enabled
    Accounting Mode Buffer Size           : 4000
    Accounted Processes
        Process ID                        : 1889178
            GPU Utilization               : 11 %
            Memory Utilization            : 0 %
            Max memory usage              : 232 MiB
            Time                          : 359289 ms
            Is Running                    : 0

Fri May  1 15:42:58 2026       
+-----------------------------------------------------------------------------------------+
| NVIDIA-SMI 580.95.05              Driver Version: 580.95.05      CUDA Version: 13.0     |
+-----------------------------------------+------------------------+----------------------+
| GPU  Name                 Persistence-M | Bus-Id          Disp.A | Volatile Uncorr. ECC |
| Fan  Temp   Perf          Pwr:Usage/Cap |           Memory-Usage | GPU-Util  Compute M. |
|                                         |                        |               MIG M. |
|=========================================+========================+======================|
|   0  Quadro RTX 8000                On  |   00000000:A4:00.0 Off |                    0 |
| 33%   34C    P2             69W /  260W |       1MiB /  46080MiB |      3%      Default |
|                                         |                        |                  N/A |
+-----------------------------------------+------------------------+----------------------+

+-----------------------------------------------------------------------------------------+
| Processes:                                                                              |
|  GPU   GI   CI              PID   Type   Process name                        GPU Memory |
|        ID   ID                                                               Usage      |
|=========================================================================================|
|  No running processes found                                                             |
+-----------------------------------------------------------------------------------------+
