step 100  mean_loss_last_100: 1.58366  trial_acc (50 trials): 0.0000
step 200  mean_loss_last_100: 1.20709  trial_acc (50 trials): 0.0000
step 300  mean_loss_last_100: 1.06562  trial_acc (50 trials): 0.0000
step 400  mean_loss_last_100: 0.98051  trial_acc (50 trials): 0.0000
step 500  mean_loss_last_100: 0.92177  trial_acc (50 trials): 0.0600
step 600  mean_loss_last_100: 0.87722  trial_acc (50 trials): 0.0400
step 700  mean_loss_last_100: 0.83925  trial_acc (50 trials): 0.1200
step 800  mean_loss_last_100: 0.80712  trial_acc (50 trials): 0.0800
step 900  mean_loss_last_100: 0.77907  trial_acc (50 trials): 0.1200
step 1000  mean_loss_last_100: 0.75320  trial_acc (50 trials): 0.1200
step 1100  mean_loss_last_100: 0.72799  trial_acc (50 trials): 0.3400
step 1200  mean_loss_last_100: 0.70493  trial_acc (50 trials): 0.3200
step 1300  mean_loss_last_100: 0.68317  trial_acc (50 trials): 0.2800
step 1400  mean_loss_last_100: 0.66385  trial_acc (50 trials): 0.3800
step 1500  mean_loss_last_100: 0.64403  trial_acc (50 trials): 0.3800
step 1600  mean_loss_last_100: 0.62463  trial_acc (50 trials): 0.4200
step 1700  mean_loss_last_100: 0.60672  trial_acc (50 trials): 0.4800
step 1800  mean_loss_last_100: 0.58816  trial_acc (50 trials): 0.3800
step 1900  mean_loss_last_100: 0.57472  trial_acc (50 trials): 0.4200
step 2000  mean_loss_last_100: 0.55739  trial_acc (50 trials): 0.3800
Finished training.

======== GPU REPORT ========

==============NVSMI LOG==============

Timestamp                                 : Fri May  1 15:43:04 2026
Driver Version                            : 580.95.05
CUDA Version                              : 13.0

Attached GPUs                             : 1
GPU 00000000:43:00.0
    Accounting Mode                       : Enabled
    Accounting Mode Buffer Size           : 4000
    Accounted Processes
        Process ID                        : 3397443
            GPU Utilization               : 11 %
            Memory Utilization            : 0 %
            Max memory usage              : 232 MiB
            Time                          : 365615 ms
            Is Running                    : 0

Fri May  1 15:43:04 2026       
+-----------------------------------------------------------------------------------------+
| NVIDIA-SMI 580.95.05              Driver Version: 580.95.05      CUDA Version: 13.0     |
+-----------------------------------------+------------------------+----------------------+
| GPU  Name                 Persistence-M | Bus-Id          Disp.A | Volatile Uncorr. ECC |
| Fan  Temp   Perf          Pwr:Usage/Cap |           Memory-Usage | GPU-Util  Compute M. |
|                                         |                        |               MIG M. |
|=========================================+========================+======================|
|   0  Quadro RTX 8000                On  |   00000000:43:00.0 Off |                    0 |
| 35%   48C    P2             69W /  260W |       1MiB /  46080MiB |      3%      Default |
|                                         |                        |                  N/A |
+-----------------------------------------+------------------------+----------------------+

+-----------------------------------------------------------------------------------------+
| Processes:                                                                              |
|  GPU   GI   CI              PID   Type   Process name                        GPU Memory |
|        ID   ID                                                               Usage      |
|=========================================================================================|
|  No running processes found                                                             |
+-----------------------------------------------------------------------------------------+
