step 100  mean_loss_last_100: 0.33018  trial_acc (50 trials): 0.4200
step 200  mean_loss_last_100: 0.20962  trial_acc (50 trials): 0.5600
step 300  mean_loss_last_100: 0.20309  trial_acc (50 trials): 0.5400
step 400  mean_loss_last_100: 0.19976  trial_acc (50 trials): 0.4200
step 500  mean_loss_last_100: 0.19793  trial_acc (50 trials): 0.5800
step 600  mean_loss_last_100: 0.19779  trial_acc (50 trials): 0.3600
step 700  mean_loss_last_100: 0.19705  trial_acc (50 trials): 0.6000
step 800  mean_loss_last_100: 0.19643  trial_acc (50 trials): 0.4800
step 900  mean_loss_last_100: 0.19640  trial_acc (50 trials): 0.3600
step 1000  mean_loss_last_100: 0.19581  trial_acc (50 trials): 0.4000
step 1100  mean_loss_last_100: 0.19538  trial_acc (50 trials): 0.5400
step 1200  mean_loss_last_100: 0.19570  trial_acc (50 trials): 0.4200
step 1300  mean_loss_last_100: 0.19559  trial_acc (50 trials): 0.4000
step 1400  mean_loss_last_100: 0.19506  trial_acc (50 trials): 0.5800
step 1500  mean_loss_last_100: 0.19547  trial_acc (50 trials): 0.5800
step 1600  mean_loss_last_100: 0.19497  trial_acc (50 trials): 0.4400
step 1700  mean_loss_last_100: 0.19461  trial_acc (50 trials): 0.5600
step 1800  mean_loss_last_100: 0.19530  trial_acc (50 trials): 0.4600
step 1900  mean_loss_last_100: 0.19492  trial_acc (50 trials): 0.4000
step 2000  mean_loss_last_100: 0.19456  trial_acc (50 trials): 0.5800
Finished training.

======== GPU REPORT ========

==============NVSMI LOG==============

Timestamp                                 : Fri May  1 15:24:36 2026
Driver Version                            : 580.95.05
CUDA Version                              : 13.0

Attached GPUs                             : 1
GPU 00000000:44:00.0
    Accounting Mode                       : Enabled
    Accounting Mode Buffer Size           : 4000
    Accounted Processes
        Process ID                        : 3370369
            GPU Utilization               : 4 %
            Memory Utilization            : 0 %
            Max memory usage              : 264 MiB
            Time                          : 98679 ms
            Is Running                    : 0

Fri May  1 15:24:36 2026       
+-----------------------------------------------------------------------------------------+
| NVIDIA-SMI 580.95.05              Driver Version: 580.95.05      CUDA Version: 13.0     |
+-----------------------------------------+------------------------+----------------------+
| GPU  Name                 Persistence-M | Bus-Id          Disp.A | Volatile Uncorr. ECC |
| Fan  Temp   Perf          Pwr:Usage/Cap |           Memory-Usage | GPU-Util  Compute M. |
|                                         |                        |               MIG M. |
|=========================================+========================+======================|
|   0  Quadro RTX 8000                On  |   00000000:44:00.0 Off |                    0 |
| 33%   42C    P2             78W /  260W |       1MiB /  46080MiB |      4%      Default |
|                                         |                        |                  N/A |
+-----------------------------------------+------------------------+----------------------+

+-----------------------------------------------------------------------------------------+
| Processes:                                                                              |
|  GPU   GI   CI              PID   Type   Process name                        GPU Memory |
|        ID   ID                                                               Usage      |
|=========================================================================================|
|  No running processes found                                                             |
+-----------------------------------------------------------------------------------------+
