step 100  mean_loss_last_100: 0.27768  trial_acc (50 trials): 0.5400
step 200  mean_loss_last_100: 0.23911  trial_acc (50 trials): 0.5000
step 300  mean_loss_last_100: 0.23557  trial_acc (50 trials): 0.5200
step 400  mean_loss_last_100: 0.23403  trial_acc (50 trials): 0.3800
step 500  mean_loss_last_100: 0.23363  trial_acc (50 trials): 0.5200
step 600  mean_loss_last_100: 0.23332  trial_acc (50 trials): 0.4600
step 700  mean_loss_last_100: 0.23289  trial_acc (50 trials): 0.5000
step 800  mean_loss_last_100: 0.23293  trial_acc (50 trials): 0.5400
step 900  mean_loss_last_100: 0.23288  trial_acc (50 trials): 0.6200
step 1000  mean_loss_last_100: 0.23243  trial_acc (50 trials): 0.6400
step 1100  mean_loss_last_100: 0.23239  trial_acc (50 trials): 0.4200
step 1200  mean_loss_last_100: 0.23248  trial_acc (50 trials): 0.4600
step 1300  mean_loss_last_100: 0.23189  trial_acc (50 trials): 0.5600
step 1400  mean_loss_last_100: 0.23226  trial_acc (50 trials): 0.5200
step 1500  mean_loss_last_100: 0.23229  trial_acc (50 trials): 0.5000
step 1600  mean_loss_last_100: 0.23151  trial_acc (50 trials): 0.4800
step 1700  mean_loss_last_100: 0.23199  trial_acc (50 trials): 0.5000
step 1800  mean_loss_last_100: 0.23157  trial_acc (50 trials): 0.4600
step 1900  mean_loss_last_100: 0.23173  trial_acc (50 trials): 0.5400
step 2000  mean_loss_last_100: 0.23193  trial_acc (50 trials): 0.4000
Finished training.

======== GPU REPORT ========

==============NVSMI LOG==============

Timestamp                                 : Fri May  1 15:31:34 2026
Driver Version                            : 580.95.05
CUDA Version                              : 13.0

Attached GPUs                             : 1
GPU 00000000:A4:00.0
    Accounting Mode                       : Enabled
    Accounting Mode Buffer Size           : 4000
    Accounted Processes
        Process ID                        : 1327516
            GPU Utilization               : 4 %
            Memory Utilization            : 0 %
            Max memory usage              : 264 MiB
            Time                          : 81210 ms
            Is Running                    : 0

Fri May  1 15:31:34 2026       
+-----------------------------------------------------------------------------------------+
| NVIDIA-SMI 580.95.05              Driver Version: 580.95.05      CUDA Version: 13.0     |
+-----------------------------------------+------------------------+----------------------+
| GPU  Name                 Persistence-M | Bus-Id          Disp.A | Volatile Uncorr. ECC |
| Fan  Temp   Perf          Pwr:Usage/Cap |           Memory-Usage | GPU-Util  Compute M. |
|                                         |                        |               MIG M. |
|=========================================+========================+======================|
|   0  Quadro RTX 8000                On  |   00000000:A4:00.0 Off |                  N/A |
| 33%   33C    P2             75W /  260W |       1MiB /  46080MiB |      4%      Default |
|                                         |                        |                  N/A |
+-----------------------------------------+------------------------+----------------------+

+-----------------------------------------------------------------------------------------+
| Processes:                                                                              |
|  GPU   GI   CI              PID   Type   Process name                        GPU Memory |
|        ID   ID                                                               Usage      |
|=========================================================================================|
|  No running processes found                                                             |
+-----------------------------------------------------------------------------------------+
