step 100  mean_loss_last_100: 0.40462  trial_acc (50 trials): 0.5000
step 200  mean_loss_last_100: 0.24246  trial_acc (50 trials): 0.4400
step 300  mean_loss_last_100: 0.22359  trial_acc (50 trials): 0.4600
step 400  mean_loss_last_100: 0.21324  trial_acc (50 trials): 0.4400
step 500  mean_loss_last_100: 0.20771  trial_acc (50 trials): 0.6600
step 600  mean_loss_last_100: 0.20074  trial_acc (50 trials): 0.6200
step 700  mean_loss_last_100: 0.18921  trial_acc (50 trials): 0.8400
step 800  mean_loss_last_100: 0.17321  trial_acc (50 trials): 0.5400
step 900  mean_loss_last_100: 0.14353  trial_acc (50 trials): 1.0000
step 1000  mean_loss_last_100: 0.10716  trial_acc (50 trials): 1.0000
step 1100  mean_loss_last_100: 0.08927  trial_acc (50 trials): 0.9800
step 1200  mean_loss_last_100: 0.08774  trial_acc (50 trials): 1.0000
step 1300  mean_loss_last_100: 0.07795  trial_acc (50 trials): 1.0000
step 1400  mean_loss_last_100: 0.07049  trial_acc (50 trials): 1.0000
step 1500  mean_loss_last_100: 0.06936  trial_acc (50 trials): 1.0000
step 1600  mean_loss_last_100: 0.06747  trial_acc (50 trials): 1.0000
step 1700  mean_loss_last_100: 0.06590  trial_acc (50 trials): 1.0000
step 1800  mean_loss_last_100: 0.06292  trial_acc (50 trials): 1.0000
step 1900  mean_loss_last_100: 0.06222  trial_acc (50 trials): 1.0000
step 2000  mean_loss_last_100: 0.06235  trial_acc (50 trials): 1.0000
Finished training.

======== GPU REPORT ========

==============NVSMI LOG==============

Timestamp                                 : Fri May  1 15:31:07 2026
Driver Version                            : 580.95.05
CUDA Version                              : 13.0

Attached GPUs                             : 1
GPU 00000000:28:00.0
    Accounting Mode                       : Enabled
    Accounting Mode Buffer Size           : 4000
    Accounted Processes
        Process ID                        : 3708965
            GPU Utilization               : 13 %
            Memory Utilization            : 0 %
            Max memory usage              : 232 MiB
            Time                          : 489703 ms
            Is Running                    : 0

Fri May  1 15:31:07 2026       
+-----------------------------------------------------------------------------------------+
| NVIDIA-SMI 580.95.05              Driver Version: 580.95.05      CUDA Version: 13.0     |
+-----------------------------------------+------------------------+----------------------+
| GPU  Name                 Persistence-M | Bus-Id          Disp.A | Volatile Uncorr. ECC |
| Fan  Temp   Perf          Pwr:Usage/Cap |           Memory-Usage | GPU-Util  Compute M. |
|                                         |                        |               MIG M. |
|=========================================+========================+======================|
|   0  Quadro RTX 8000                On  |   00000000:28:00.0 Off |                    0 |
| 33%   44C    P2             73W /  260W |       1MiB /  46080MiB |      3%      Default |
|                                         |                        |                  N/A |
+-----------------------------------------+------------------------+----------------------+

+-----------------------------------------------------------------------------------------+
| Processes:                                                                              |
|  GPU   GI   CI              PID   Type   Process name                        GPU Memory |
|        ID   ID                                                               Usage      |
|=========================================================================================|
|  No running processes found                                                             |
+-----------------------------------------------------------------------------------------+
