step 100  mean_loss_last_100: 0.19848  trial_acc (50 trials): 1.0000
step 200  mean_loss_last_100: 0.05963  trial_acc (50 trials): 1.0000
step 300  mean_loss_last_100: 0.04193  trial_acc (50 trials): 1.0000
step 400  mean_loss_last_100: 0.03420  trial_acc (50 trials): 1.0000
step 500  mean_loss_last_100: 0.03140  trial_acc (50 trials): 1.0000
step 600  mean_loss_last_100: 0.03074  trial_acc (50 trials): 1.0000
step 700  mean_loss_last_100: 0.02855  trial_acc (50 trials): 1.0000
step 800  mean_loss_last_100: 0.02820  trial_acc (50 trials): 1.0000
step 900  mean_loss_last_100: 0.02705  trial_acc (50 trials): 1.0000
step 1000  mean_loss_last_100: 0.02653  trial_acc (50 trials): 1.0000
step 1100  mean_loss_last_100: 0.02691  trial_acc (50 trials): 1.0000
step 1200  mean_loss_last_100: 0.02657  trial_acc (50 trials): 1.0000
step 1300  mean_loss_last_100: 0.02526  trial_acc (50 trials): 1.0000
step 1400  mean_loss_last_100: 0.02561  trial_acc (50 trials): 1.0000
step 1500  mean_loss_last_100: 0.02574  trial_acc (50 trials): 1.0000
step 1600  mean_loss_last_100: 0.02506  trial_acc (50 trials): 1.0000
step 1700  mean_loss_last_100: 0.02535  trial_acc (50 trials): 1.0000
step 1800  mean_loss_last_100: 0.02519  trial_acc (50 trials): 1.0000
step 1900  mean_loss_last_100: 0.02543  trial_acc (50 trials): 1.0000
step 2000  mean_loss_last_100: 0.02471  trial_acc (50 trials): 1.0000
Finished training.

======== GPU REPORT ========

==============NVSMI LOG==============

Timestamp                                 : Fri May  1 15:35:37 2026
Driver Version                            : 580.95.05
CUDA Version                              : 13.0

Attached GPUs                             : 1
GPU 00000000:C4:00.0
    Accounting Mode                       : Enabled
    Accounting Mode Buffer Size           : 4000
    Accounted Processes
        Process ID                        : 3161504
            GPU Utilization               : 11 %
            Memory Utilization            : 0 %
            Max memory usage              : 232 MiB
            Time                          : 323364 ms
            Is Running                    : 0

Fri May  1 15:35:37 2026       
+-----------------------------------------------------------------------------------------+
| NVIDIA-SMI 580.95.05              Driver Version: 580.95.05      CUDA Version: 13.0     |
+-----------------------------------------+------------------------+----------------------+
| GPU  Name                 Persistence-M | Bus-Id          Disp.A | Volatile Uncorr. ECC |
| Fan  Temp   Perf          Pwr:Usage/Cap |           Memory-Usage | GPU-Util  Compute M. |
|                                         |                        |               MIG M. |
|=========================================+========================+======================|
|   0  Quadro RTX 8000                On  |   00000000:C4:00.0 Off |                  N/A |
| 33%   32C    P2             72W /  260W |       1MiB /  46080MiB |      3%      Default |
|                                         |                        |                  N/A |
+-----------------------------------------+------------------------+----------------------+

+-----------------------------------------------------------------------------------------+
| Processes:                                                                              |
|  GPU   GI   CI              PID   Type   Process name                        GPU Memory |
|        ID   ID                                                               Usage      |
|=========================================================================================|
|  No running processes found                                                             |
+-----------------------------------------------------------------------------------------+
