step 100  mean_loss_last_100: 1.31323  trial_acc (50 trials): 0.0200
step 200  mean_loss_last_100: 1.05882  trial_acc (50 trials): 0.0600
step 300  mean_loss_last_100: 1.02774  trial_acc (50 trials): 0.0400
step 400  mean_loss_last_100: 0.99731  trial_acc (50 trials): 0.0400
step 500  mean_loss_last_100: 0.94614  trial_acc (50 trials): 0.1600
step 600  mean_loss_last_100: 0.88225  trial_acc (50 trials): 0.1400
step 700  mean_loss_last_100: 0.82314  trial_acc (50 trials): 0.1000
step 800  mean_loss_last_100: 0.77655  trial_acc (50 trials): 0.1000
step 900  mean_loss_last_100: 0.73762  trial_acc (50 trials): 0.1400
step 1000  mean_loss_last_100: 0.70680  trial_acc (50 trials): 0.2400
step 1100  mean_loss_last_100: 0.67820  trial_acc (50 trials): 0.3800
step 1200  mean_loss_last_100: 0.65121  trial_acc (50 trials): 0.2400
step 1300  mean_loss_last_100: 0.62626  trial_acc (50 trials): 0.3400
step 1400  mean_loss_last_100: 0.60453  trial_acc (50 trials): 0.5600
step 1500  mean_loss_last_100: 0.58242  trial_acc (50 trials): 0.2800
step 1600  mean_loss_last_100: 0.56599  trial_acc (50 trials): 0.3800
step 1700  mean_loss_last_100: 0.54891  trial_acc (50 trials): 0.3000
step 1800  mean_loss_last_100: 0.53106  trial_acc (50 trials): 0.5000
step 1900  mean_loss_last_100: 0.51234  trial_acc (50 trials): 0.5400
step 2000  mean_loss_last_100: 0.49685  trial_acc (50 trials): 0.3200
Finished training.

======== GPU REPORT ========

==============NVSMI LOG==============

Timestamp                                 : Fri May  1 15:38:53 2026
Driver Version                            : 580.95.05
CUDA Version                              : 13.0

Attached GPUs                             : 1
GPU 00000000:A3:00.0
    Accounting Mode                       : Enabled
    Accounting Mode Buffer Size           : 4000
    Accounted Processes
        Process ID                        : 690065
            GPU Utilization               : 3 %
            Memory Utilization            : 0 %
            Max memory usage              : 266 MiB
            Time                          : 113573 ms
            Is Running                    : 0

Fri May  1 15:38:53 2026       
+-----------------------------------------------------------------------------------------+
| NVIDIA-SMI 580.95.05              Driver Version: 580.95.05      CUDA Version: 13.0     |
+-----------------------------------------+------------------------+----------------------+
| GPU  Name                 Persistence-M | Bus-Id          Disp.A | Volatile Uncorr. ECC |
| Fan  Temp   Perf          Pwr:Usage/Cap |           Memory-Usage | GPU-Util  Compute M. |
|                                         |                        |               MIG M. |
|=========================================+========================+======================|
|   0  Quadro RTX 8000                On  |   00000000:A3:00.0 Off |                    0 |
| 33%   32C    P2             63W /  260W |       1MiB /  46080MiB |      4%      Default |
|                                         |                        |                  N/A |
+-----------------------------------------+------------------------+----------------------+

+-----------------------------------------------------------------------------------------+
| Processes:                                                                              |
|  GPU   GI   CI              PID   Type   Process name                        GPU Memory |
|        ID   ID                                                               Usage      |
|=========================================================================================|
|  No running processes found                                                             |
+-----------------------------------------------------------------------------------------+
