step 100  mean_loss_last_100: 0.19948  trial_acc (50 trials): 0.0000
step 200  mean_loss_last_100: 0.06256  trial_acc (50 trials): 0.4400
step 300  mean_loss_last_100: 0.04356  trial_acc (50 trials): 0.5000
step 400  mean_loss_last_100: 0.04023  trial_acc (50 trials): 0.4800
step 500  mean_loss_last_100: 0.03889  trial_acc (50 trials): 0.5200
step 600  mean_loss_last_100: 0.03820  trial_acc (50 trials): 0.5800
step 700  mean_loss_last_100: 0.03798  trial_acc (50 trials): 0.4200
step 800  mean_loss_last_100: 0.03731  trial_acc (50 trials): 0.4800
step 900  mean_loss_last_100: 0.03719  trial_acc (50 trials): 0.4600
step 1000  mean_loss_last_100: 0.03699  trial_acc (50 trials): 0.5600
step 1100  mean_loss_last_100: 0.03682  trial_acc (50 trials): 0.5000
step 1200  mean_loss_last_100: 0.03702  trial_acc (50 trials): 0.5400
step 1300  mean_loss_last_100: 0.03668  trial_acc (50 trials): 0.4600
step 1400  mean_loss_last_100: 0.03656  trial_acc (50 trials): 0.4200
step 1500  mean_loss_last_100: 0.03640  trial_acc (50 trials): 0.5400
step 1600  mean_loss_last_100: 0.03657  trial_acc (50 trials): 0.4200
step 1700  mean_loss_last_100: 0.03651  trial_acc (50 trials): 0.5400
step 1800  mean_loss_last_100: 0.03650  trial_acc (50 trials): 0.5400
step 1900  mean_loss_last_100: 0.03618  trial_acc (50 trials): 0.5200
step 2000  mean_loss_last_100: 0.03643  trial_acc (50 trials): 0.6200
Finished training.

======== GPU REPORT ========

==============NVSMI LOG==============

Timestamp                                 : Fri May  1 15:47:30 2026
Driver Version                            : 580.95.05
CUDA Version                              : 13.0

Attached GPUs                             : 1
GPU 00000000:C3:00.0
    Accounting Mode                       : Enabled
    Accounting Mode Buffer Size           : 4000
    Accounted Processes
        Process ID                        : 1019228
            GPU Utilization               : 4 %
            Memory Utilization            : 0 %
            Max memory usage              : 264 MiB
            Time                          : 92972 ms
            Is Running                    : 0

Fri May  1 15:47:30 2026       
+-----------------------------------------------------------------------------------------+
| NVIDIA-SMI 580.95.05              Driver Version: 580.95.05      CUDA Version: 13.0     |
+-----------------------------------------+------------------------+----------------------+
| GPU  Name                 Persistence-M | Bus-Id          Disp.A | Volatile Uncorr. ECC |
| Fan  Temp   Perf          Pwr:Usage/Cap |           Memory-Usage | GPU-Util  Compute M. |
|                                         |                        |               MIG M. |
|=========================================+========================+======================|
|   0  Quadro RTX 8000                On  |   00000000:C3:00.0 Off |                  N/A |
| 34%   37C    P2             75W /  260W |       1MiB /  46080MiB |      4%      Default |
|                                         |                        |                  N/A |
+-----------------------------------------+------------------------+----------------------+

+-----------------------------------------------------------------------------------------+
| Processes:                                                                              |
|  GPU   GI   CI              PID   Type   Process name                        GPU Memory |
|        ID   ID                                                               Usage      |
|=========================================================================================|
|  No running processes found                                                             |
+-----------------------------------------------------------------------------------------+
