step 100  mean_loss_last_100: 0.12846  trial_acc (50 trials): 0.3800
step 200  mean_loss_last_100: 0.06036  trial_acc (50 trials): 0.9000
step 300  mean_loss_last_100: 0.04390  trial_acc (50 trials): 0.7600
step 400  mean_loss_last_100: 0.03535  trial_acc (50 trials): 0.8200
step 500  mean_loss_last_100: 0.02952  trial_acc (50 trials): 0.8400
step 600  mean_loss_last_100: 0.02519  trial_acc (50 trials): 0.9200
step 700  mean_loss_last_100: 0.02157  trial_acc (50 trials): 0.8400
step 800  mean_loss_last_100: 0.01875  trial_acc (50 trials): 0.8600
step 900  mean_loss_last_100: 0.01783  trial_acc (50 trials): 0.8400
step 1000  mean_loss_last_100: 0.01597  trial_acc (50 trials): 0.8600
step 1100  mean_loss_last_100: 0.01608  trial_acc (50 trials): 0.8400
step 1200  mean_loss_last_100: 0.01518  trial_acc (50 trials): 0.7800
step 1300  mean_loss_last_100: 0.01462  trial_acc (50 trials): 0.8800
step 1400  mean_loss_last_100: 0.01433  trial_acc (50 trials): 0.9200
step 1500  mean_loss_last_100: 0.01458  trial_acc (50 trials): 0.9400
step 1600  mean_loss_last_100: 0.01422  trial_acc (50 trials): 0.8600
step 1700  mean_loss_last_100: 0.01366  trial_acc (50 trials): 0.8800
step 1800  mean_loss_last_100: 0.01384  trial_acc (50 trials): 0.8200
step 1900  mean_loss_last_100: 0.01335  trial_acc (50 trials): 0.8800
step 2000  mean_loss_last_100: 0.01381  trial_acc (50 trials): 0.9000
Finished training.

======== GPU REPORT ========

==============NVSMI LOG==============

Timestamp                                 : Fri May  1 15:17:44 2026
Driver Version                            : 580.95.05
CUDA Version                              : 13.0

Attached GPUs                             : 1
GPU 00000000:27:00.0
    Accounting Mode                       : Enabled
    Accounting Mode Buffer Size           : 4000
    Accounted Processes
        Process ID                        : 1883617
            GPU Utilization               : 12 %
            Memory Utilization            : 0 %
            Max memory usage              : 232 MiB
            Time                          : 393984 ms
            Is Running                    : 0

Fri May  1 15:17:44 2026       
+-----------------------------------------------------------------------------------------+
| NVIDIA-SMI 580.95.05              Driver Version: 580.95.05      CUDA Version: 13.0     |
+-----------------------------------------+------------------------+----------------------+
| GPU  Name                 Persistence-M | Bus-Id          Disp.A | Volatile Uncorr. ECC |
| Fan  Temp   Perf          Pwr:Usage/Cap |           Memory-Usage | GPU-Util  Compute M. |
|                                         |                        |               MIG M. |
|=========================================+========================+======================|
|   0  Quadro RTX 8000                On  |   00000000:27:00.0 Off |                    0 |
| 33%   43C    P2             69W /  260W |       1MiB /  46080MiB |      3%      Default |
|                                         |                        |                  N/A |
+-----------------------------------------+------------------------+----------------------+

+-----------------------------------------------------------------------------------------+
| Processes:                                                                              |
|  GPU   GI   CI              PID   Type   Process name                        GPU Memory |
|        ID   ID                                                               Usage      |
|=========================================================================================|
|  No running processes found                                                             |
+-----------------------------------------------------------------------------------------+
