step 100  mean_loss_last_100: 0.26603  trial_acc (50 trials): 0.4400
step 200  mean_loss_last_100: 0.23673  trial_acc (50 trials): 0.6400
step 300  mean_loss_last_100: 0.23456  trial_acc (50 trials): 0.5000
step 400  mean_loss_last_100: 0.23406  trial_acc (50 trials): 0.5600
step 500  mean_loss_last_100: 0.23311  trial_acc (50 trials): 0.5200
step 600  mean_loss_last_100: 0.23318  trial_acc (50 trials): 0.5000
step 700  mean_loss_last_100: 0.23248  trial_acc (50 trials): 0.5400
step 800  mean_loss_last_100: 0.23270  trial_acc (50 trials): 0.4000
step 900  mean_loss_last_100: 0.23261  trial_acc (50 trials): 0.4400
step 1000  mean_loss_last_100: 0.23191  trial_acc (50 trials): 0.3600
step 1100  mean_loss_last_100: 0.23271  trial_acc (50 trials): 0.4600
step 1200  mean_loss_last_100: 0.23195  trial_acc (50 trials): 0.4400
step 1300  mean_loss_last_100: 0.23169  trial_acc (50 trials): 0.4800
step 1400  mean_loss_last_100: 0.23228  trial_acc (50 trials): 0.5600
step 1500  mean_loss_last_100: 0.23238  trial_acc (50 trials): 0.5600
step 1600  mean_loss_last_100: 0.23201  trial_acc (50 trials): 0.4600
step 1700  mean_loss_last_100: 0.23195  trial_acc (50 trials): 0.4600
step 1800  mean_loss_last_100: 0.23154  trial_acc (50 trials): 0.4400
step 1900  mean_loss_last_100: 0.23130  trial_acc (50 trials): 0.6000
step 2000  mean_loss_last_100: 0.23154  trial_acc (50 trials): 0.4800
Finished training.

======== GPU REPORT ========

==============NVSMI LOG==============

Timestamp                                 : Fri May  1 15:31:29 2026
Driver Version                            : 580.95.05
CUDA Version                              : 13.0

Attached GPUs                             : 1
GPU 00000000:27:00.0
    Accounting Mode                       : Enabled
    Accounting Mode Buffer Size           : 4000
    Accounted Processes
        Process ID                        : 1017017
            GPU Utilization               : 4 %
            Memory Utilization            : 0 %
            Max memory usage              : 264 MiB
            Time                          : 78951 ms
            Is Running                    : 0

Fri May  1 15:31:30 2026       
+-----------------------------------------------------------------------------------------+
| NVIDIA-SMI 580.95.05              Driver Version: 580.95.05      CUDA Version: 13.0     |
+-----------------------------------------+------------------------+----------------------+
| GPU  Name                 Persistence-M | Bus-Id          Disp.A | Volatile Uncorr. ECC |
| Fan  Temp   Perf          Pwr:Usage/Cap |           Memory-Usage | GPU-Util  Compute M. |
|                                         |                        |               MIG M. |
|=========================================+========================+======================|
|   0  Quadro RTX 8000                On  |   00000000:27:00.0 Off |                  N/A |
| 36%   48C    P2             73W /  260W |       1MiB /  46080MiB |      4%      Default |
|                                         |                        |                  N/A |
+-----------------------------------------+------------------------+----------------------+

+-----------------------------------------------------------------------------------------+
| Processes:                                                                              |
|  GPU   GI   CI              PID   Type   Process name                        GPU Memory |
|        ID   ID                                                               Usage      |
|=========================================================================================|
|  No running processes found                                                             |
+-----------------------------------------------------------------------------------------+
