step 100  mean_loss_last_100: 0.10499  trial_acc (50 trials): 0.6800
step 200  mean_loss_last_100: 0.04709  trial_acc (50 trials): 0.8400
step 300  mean_loss_last_100: 0.03471  trial_acc (50 trials): 0.9200
step 400  mean_loss_last_100: 0.02865  trial_acc (50 trials): 0.7600
step 500  mean_loss_last_100: 0.02566  trial_acc (50 trials): 0.8200
step 600  mean_loss_last_100: 0.02338  trial_acc (50 trials): 0.8600
step 700  mean_loss_last_100: 0.02112  trial_acc (50 trials): 0.9000
step 800  mean_loss_last_100: 0.01966  trial_acc (50 trials): 0.9400
step 900  mean_loss_last_100: 0.01923  trial_acc (50 trials): 0.9000
step 1000  mean_loss_last_100: 0.01801  trial_acc (50 trials): 0.8800
step 1100  mean_loss_last_100: 0.01722  trial_acc (50 trials): 0.8800
step 1200  mean_loss_last_100: 0.01626  trial_acc (50 trials): 0.8600
step 1300  mean_loss_last_100: 0.01588  trial_acc (50 trials): 0.8400
step 1400  mean_loss_last_100: 0.01573  trial_acc (50 trials): 0.8800
step 1500  mean_loss_last_100: 0.01591  trial_acc (50 trials): 0.8800
step 1600  mean_loss_last_100: 0.01486  trial_acc (50 trials): 0.8400
step 1700  mean_loss_last_100: 0.01464  trial_acc (50 trials): 1.0000
step 1800  mean_loss_last_100: 0.01409  trial_acc (50 trials): 0.8600
step 1900  mean_loss_last_100: 0.01418  trial_acc (50 trials): 0.8800
step 2000  mean_loss_last_100: 0.01378  trial_acc (50 trials): 0.9200
Finished training.

======== GPU REPORT ========

==============NVSMI LOG==============

Timestamp                                 : Fri May  1 15:17:27 2026
Driver Version                            : 580.95.05
CUDA Version                              : 13.0

Attached GPUs                             : 1
GPU 00000000:44:00.0
    Accounting Mode                       : Enabled
    Accounting Mode Buffer Size           : 4000
    Accounted Processes
        Process ID                        : 3803020
            GPU Utilization               : 12 %
            Memory Utilization            : 0 %
            Max memory usage              : 232 MiB
            Time                          : 389567 ms
            Is Running                    : 0

Fri May  1 15:17:27 2026       
+-----------------------------------------------------------------------------------------+
| NVIDIA-SMI 580.95.05              Driver Version: 580.95.05      CUDA Version: 13.0     |
+-----------------------------------------+------------------------+----------------------+
| GPU  Name                 Persistence-M | Bus-Id          Disp.A | Volatile Uncorr. ECC |
| Fan  Temp   Perf          Pwr:Usage/Cap |           Memory-Usage | GPU-Util  Compute M. |
|                                         |                        |               MIG M. |
|=========================================+========================+======================|
|   0  Quadro RTX 8000                On  |   00000000:44:00.0 Off |                    0 |
| 33%   41C    P2             71W /  260W |       1MiB /  46080MiB |      3%      Default |
|                                         |                        |                  N/A |
+-----------------------------------------+------------------------+----------------------+

+-----------------------------------------------------------------------------------------+
| Processes:                                                                              |
|  GPU   GI   CI              PID   Type   Process name                        GPU Memory |
|        ID   ID                                                               Usage      |
|=========================================================================================|
|  No running processes found                                                             |
+-----------------------------------------------------------------------------------------+
