step 100  mean_loss_last_100: 1.56692  trial_acc (50 trials): 0.0400
step 200  mean_loss_last_100: 1.08844  trial_acc (50 trials): 0.0400
step 300  mean_loss_last_100: 1.04472  trial_acc (50 trials): 0.0400
step 400  mean_loss_last_100: 1.01946  trial_acc (50 trials): 0.0600
step 500  mean_loss_last_100: 0.99207  trial_acc (50 trials): 0.0200
step 600  mean_loss_last_100: 0.95353  trial_acc (50 trials): 0.1000
step 700  mean_loss_last_100: 0.91409  trial_acc (50 trials): 0.0400
step 800  mean_loss_last_100: 0.88332  trial_acc (50 trials): 0.0800
step 900  mean_loss_last_100: 0.85556  trial_acc (50 trials): 0.1600
step 1000  mean_loss_last_100: 0.82958  trial_acc (50 trials): 0.1600
step 1100  mean_loss_last_100: 0.80264  trial_acc (50 trials): 0.1600
step 1200  mean_loss_last_100: 0.77341  trial_acc (50 trials): 0.2200
step 1300  mean_loss_last_100: 0.74398  trial_acc (50 trials): 0.1800
step 1400  mean_loss_last_100: 0.71668  trial_acc (50 trials): 0.3800
step 1500  mean_loss_last_100: 0.69094  trial_acc (50 trials): 0.2800
step 1600  mean_loss_last_100: 0.66647  trial_acc (50 trials): 0.3000
step 1700  mean_loss_last_100: 0.64584  trial_acc (50 trials): 0.5000
step 1800  mean_loss_last_100: 0.62690  trial_acc (50 trials): 0.2800
step 1900  mean_loss_last_100: 0.60806  trial_acc (50 trials): 0.4800
step 2000  mean_loss_last_100: 0.58898  trial_acc (50 trials): 0.4200
Finished training.

======== GPU REPORT ========

==============NVSMI LOG==============

Timestamp                                 : Fri May  1 15:38:53 2026
Driver Version                            : 580.95.05
CUDA Version                              : 13.0

Attached GPUs                             : 1
GPU 00000000:A4:00.0
    Accounting Mode                       : Enabled
    Accounting Mode Buffer Size           : 4000
    Accounted Processes
        Process ID                        : 690061
            GPU Utilization               : 3 %
            Memory Utilization            : 0 %
            Max memory usage              : 266 MiB
            Time                          : 114239 ms
            Is Running                    : 0

Fri May  1 15:38:53 2026       
+-----------------------------------------------------------------------------------------+
| NVIDIA-SMI 580.95.05              Driver Version: 580.95.05      CUDA Version: 13.0     |
+-----------------------------------------+------------------------+----------------------+
| GPU  Name                 Persistence-M | Bus-Id          Disp.A | Volatile Uncorr. ECC |
| Fan  Temp   Perf          Pwr:Usage/Cap |           Memory-Usage | GPU-Util  Compute M. |
|                                         |                        |               MIG M. |
|=========================================+========================+======================|
|   0  Quadro RTX 8000                On  |   00000000:A4:00.0 Off |                    0 |
| 33%   31C    P2             62W /  260W |       1MiB /  46080MiB |      4%      Default |
|                                         |                        |                  N/A |
+-----------------------------------------+------------------------+----------------------+

+-----------------------------------------------------------------------------------------+
| Processes:                                                                              |
|  GPU   GI   CI              PID   Type   Process name                        GPU Memory |
|        ID   ID                                                               Usage      |
|=========================================================================================|
|  No running processes found                                                             |
+-----------------------------------------------------------------------------------------+
