step 100  mean_loss_last_100: 0.10250  trial_acc (50 trials): 0.6800
step 200  mean_loss_last_100: 0.03908  trial_acc (50 trials): 0.7800
step 300  mean_loss_last_100: 0.03367  trial_acc (50 trials): 0.7400
step 400  mean_loss_last_100: 0.03101  trial_acc (50 trials): 0.9000
step 500  mean_loss_last_100: 0.02893  trial_acc (50 trials): 0.7800
step 600  mean_loss_last_100: 0.02701  trial_acc (50 trials): 0.9000
step 700  mean_loss_last_100: 0.02499  trial_acc (50 trials): 0.7800
step 800  mean_loss_last_100: 0.02317  trial_acc (50 trials): 0.8000
step 900  mean_loss_last_100: 0.02120  trial_acc (50 trials): 0.8200
step 1000  mean_loss_last_100: 0.01966  trial_acc (50 trials): 0.8200
step 1100  mean_loss_last_100: 0.01817  trial_acc (50 trials): 0.7800
step 1200  mean_loss_last_100: 0.01711  trial_acc (50 trials): 0.7800
step 1300  mean_loss_last_100: 0.01664  trial_acc (50 trials): 0.9200
step 1400  mean_loss_last_100: 0.01636  trial_acc (50 trials): 0.8400
step 1500  mean_loss_last_100: 0.01641  trial_acc (50 trials): 0.7600
step 1600  mean_loss_last_100: 0.01582  trial_acc (50 trials): 0.9400
step 1700  mean_loss_last_100: 0.01587  trial_acc (50 trials): 0.9200
step 1800  mean_loss_last_100: 0.01496  trial_acc (50 trials): 0.8000
step 1900  mean_loss_last_100: 0.01561  trial_acc (50 trials): 0.7600
step 2000  mean_loss_last_100: 0.01560  trial_acc (50 trials): 0.8200
Finished training.

======== GPU REPORT ========

==============NVSMI LOG==============

Timestamp                                 : Fri May  1 15:12:38 2026
Driver Version                            : 580.95.05
CUDA Version                              : 13.0

Attached GPUs                             : 1
GPU 00000000:44:00.0
    Accounting Mode                       : Enabled
    Accounting Mode Buffer Size           : 4000
    Accounted Processes
        Process ID                        : 1883621
            GPU Utilization               : 4 %
            Memory Utilization            : 0 %
            Max memory usage              : 264 MiB
            Time                          : 88704 ms
            Is Running                    : 0

Fri May  1 15:12:39 2026       
+-----------------------------------------------------------------------------------------+
| NVIDIA-SMI 580.95.05              Driver Version: 580.95.05      CUDA Version: 13.0     |
+-----------------------------------------+------------------------+----------------------+
| GPU  Name                 Persistence-M | Bus-Id          Disp.A | Volatile Uncorr. ECC |
| Fan  Temp   Perf          Pwr:Usage/Cap |           Memory-Usage | GPU-Util  Compute M. |
|                                         |                        |               MIG M. |
|=========================================+========================+======================|
|   0  Quadro RTX 8000                On  |   00000000:44:00.0 Off |                    0 |
| 33%   42C    P2             68W /  260W |       1MiB /  46080MiB |      4%      Default |
|                                         |                        |                  N/A |
+-----------------------------------------+------------------------+----------------------+

+-----------------------------------------------------------------------------------------+
| Processes:                                                                              |
|  GPU   GI   CI              PID   Type   Process name                        GPU Memory |
|        ID   ID                                                               Usage      |
|=========================================================================================|
|  No running processes found                                                             |
+-----------------------------------------------------------------------------------------+
