step 100  mean_loss_last_100: 1.42686  trial_acc (50 trials): 0.0000
step 200  mean_loss_last_100: 1.01463  trial_acc (50 trials): 0.0200
step 300  mean_loss_last_100: 0.89713  trial_acc (50 trials): 0.0600
step 400  mean_loss_last_100: 0.82098  trial_acc (50 trials): 0.1200
step 500  mean_loss_last_100: 0.76437  trial_acc (50 trials): 0.1800
step 600  mean_loss_last_100: 0.71510  trial_acc (50 trials): 0.2600
step 700  mean_loss_last_100: 0.67115  trial_acc (50 trials): 0.3000
step 800  mean_loss_last_100: 0.63365  trial_acc (50 trials): 0.5000
step 900  mean_loss_last_100: 0.59736  trial_acc (50 trials): 0.6400
step 1000  mean_loss_last_100: 0.56462  trial_acc (50 trials): 0.6600
step 1100  mean_loss_last_100: 0.53507  trial_acc (50 trials): 0.7400
step 1200  mean_loss_last_100: 0.49884  trial_acc (50 trials): 0.6400
step 1300  mean_loss_last_100: 0.46868  trial_acc (50 trials): 0.6000
step 1400  mean_loss_last_100: 0.43881  trial_acc (50 trials): 0.8200
step 1500  mean_loss_last_100: 0.41840  trial_acc (50 trials): 0.4600
step 1600  mean_loss_last_100: 0.39182  trial_acc (50 trials): 0.7600
step 1700  mean_loss_last_100: 0.37051  trial_acc (50 trials): 0.6400
step 1800  mean_loss_last_100: 0.35012  trial_acc (50 trials): 0.9000
step 1900  mean_loss_last_100: 0.32988  trial_acc (50 trials): 0.7800
step 2000  mean_loss_last_100: 0.31328  trial_acc (50 trials): 0.9200
Finished training.

======== GPU REPORT ========

==============NVSMI LOG==============

Timestamp                                 : Fri May  1 15:43:01 2026
Driver Version                            : 580.95.05
CUDA Version                              : 13.0

Attached GPUs                             : 1
GPU 00000000:43:00.0
    Accounting Mode                       : Enabled
    Accounting Mode Buffer Size           : 4000
    Accounted Processes
        Process ID                        : 690059
            GPU Utilization               : 11 %
            Memory Utilization            : 0 %
            Max memory usage              : 232 MiB
            Time                          : 362109 ms
            Is Running                    : 0

Fri May  1 15:43:01 2026       
+-----------------------------------------------------------------------------------------+
| NVIDIA-SMI 580.95.05              Driver Version: 580.95.05      CUDA Version: 13.0     |
+-----------------------------------------+------------------------+----------------------+
| GPU  Name                 Persistence-M | Bus-Id          Disp.A | Volatile Uncorr. ECC |
| Fan  Temp   Perf          Pwr:Usage/Cap |           Memory-Usage | GPU-Util  Compute M. |
|                                         |                        |               MIG M. |
|=========================================+========================+======================|
|   0  Quadro RTX 8000                On  |   00000000:43:00.0 Off |                    0 |
| 36%   45C    P2             77W /  260W |       1MiB /  46080MiB |      3%      Default |
|                                         |                        |                  N/A |
+-----------------------------------------+------------------------+----------------------+

+-----------------------------------------------------------------------------------------+
| Processes:                                                                              |
|  GPU   GI   CI              PID   Type   Process name                        GPU Memory |
|        ID   ID                                                               Usage      |
|=========================================================================================|
|  No running processes found                                                             |
+-----------------------------------------------------------------------------------------+
