step 100  mean_loss_last_100: 0.28798  trial_acc (50 trials): 0.0000
step 200  mean_loss_last_100: 0.21101  trial_acc (50 trials): 0.0000
step 300  mean_loss_last_100: 0.19173  trial_acc (50 trials): 0.0000
step 400  mean_loss_last_100: 0.17605  trial_acc (50 trials): 0.0000
step 500  mean_loss_last_100: 0.16401  trial_acc (50 trials): 0.0000
step 600  mean_loss_last_100: 0.15253  trial_acc (50 trials): 0.0000
step 700  mean_loss_last_100: 0.14334  trial_acc (50 trials): 0.0000
step 800  mean_loss_last_100: 0.13468  trial_acc (50 trials): 0.0000
step 900  mean_loss_last_100: 0.12656  trial_acc (50 trials): 0.0000
step 1000  mean_loss_last_100: 0.11944  trial_acc (50 trials): 0.0200
step 1100  mean_loss_last_100: 0.11296  trial_acc (50 trials): 0.0000
step 1200  mean_loss_last_100: 0.10762  trial_acc (50 trials): 0.0200
step 1300  mean_loss_last_100: 0.10164  trial_acc (50 trials): 0.0800
step 1400  mean_loss_last_100: 0.09673  trial_acc (50 trials): 0.0600
step 1500  mean_loss_last_100: 0.09147  trial_acc (50 trials): 0.1200
step 1600  mean_loss_last_100: 0.08666  trial_acc (50 trials): 0.1600
step 1700  mean_loss_last_100: 0.08308  trial_acc (50 trials): 0.2600
step 1800  mean_loss_last_100: 0.07947  trial_acc (50 trials): 0.2200
step 1900  mean_loss_last_100: 0.07623  trial_acc (50 trials): 0.3400
step 2000  mean_loss_last_100: 0.07324  trial_acc (50 trials): 0.5000
Finished training.

======== GPU REPORT ========

==============NVSMI LOG==============

Timestamp                                 : Fri May  1 15:52:13 2026
Driver Version                            : 580.95.05
CUDA Version                              : 13.0

Attached GPUs                             : 1
GPU 00000000:28:00.0
    Accounting Mode                       : Enabled
    Accounting Mode Buffer Size           : 4000
    Accounted Processes
        Process ID                        : 3399222
            GPU Utilization               : 12 %
            Memory Utilization            : 0 %
            Max memory usage              : 232 MiB
            Time                          : 376053 ms
            Is Running                    : 0

Fri May  1 15:52:13 2026       
+-----------------------------------------------------------------------------------------+
| NVIDIA-SMI 580.95.05              Driver Version: 580.95.05      CUDA Version: 13.0     |
+-----------------------------------------+------------------------+----------------------+
| GPU  Name                 Persistence-M | Bus-Id          Disp.A | Volatile Uncorr. ECC |
| Fan  Temp   Perf          Pwr:Usage/Cap |           Memory-Usage | GPU-Util  Compute M. |
|                                         |                        |               MIG M. |
|=========================================+========================+======================|
|   0  Quadro RTX 8000                On  |   00000000:28:00.0 Off |                    0 |
| 34%   42C    P2             72W /  260W |       1MiB /  46080MiB |      3%      Default |
|                                         |                        |                  N/A |
+-----------------------------------------+------------------------+----------------------+

+-----------------------------------------------------------------------------------------+
| Processes:                                                                              |
|  GPU   GI   CI              PID   Type   Process name                        GPU Memory |
|        ID   ID                                                               Usage      |
|=========================================================================================|
|  No running processes found                                                             |
+-----------------------------------------------------------------------------------------+
