step 100  mean_loss_last_100: 1.52698  trial_acc (50 trials): 0.0000
step 200  mean_loss_last_100: 1.09257  trial_acc (50 trials): 0.0000
step 300  mean_loss_last_100: 0.95384  trial_acc (50 trials): 0.0800
step 400  mean_loss_last_100: 0.88793  trial_acc (50 trials): 0.0600
step 500  mean_loss_last_100: 0.83234  trial_acc (50 trials): 0.1000
step 600  mean_loss_last_100: 0.78156  trial_acc (50 trials): 0.1000
step 700  mean_loss_last_100: 0.74232  trial_acc (50 trials): 0.2600
step 800  mean_loss_last_100: 0.69974  trial_acc (50 trials): 0.1800
step 900  mean_loss_last_100: 0.66043  trial_acc (50 trials): 0.3400
step 1000  mean_loss_last_100: 0.62211  trial_acc (50 trials): 0.4600
step 1100  mean_loss_last_100: 0.58810  trial_acc (50 trials): 0.4400
step 1200  mean_loss_last_100: 0.55887  trial_acc (50 trials): 0.5400
step 1300  mean_loss_last_100: 0.53279  trial_acc (50 trials): 0.5800
step 1400  mean_loss_last_100: 0.50813  trial_acc (50 trials): 0.5400
step 1500  mean_loss_last_100: 0.48654  trial_acc (50 trials): 0.6000
step 1600  mean_loss_last_100: 0.46799  trial_acc (50 trials): 0.6400
step 1700  mean_loss_last_100: 0.44737  trial_acc (50 trials): 0.5600
step 1800  mean_loss_last_100: 0.42994  trial_acc (50 trials): 0.6200
step 1900  mean_loss_last_100: 0.41468  trial_acc (50 trials): 0.6200
step 2000  mean_loss_last_100: 0.39774  trial_acc (50 trials): 0.6400
Finished training.

======== GPU REPORT ========

==============NVSMI LOG==============

Timestamp                                 : Fri May  1 15:43:15 2026
Driver Version                            : 580.95.05
CUDA Version                              : 13.0

Attached GPUs                             : 1
GPU 00000000:44:00.0
    Accounting Mode                       : Enabled
    Accounting Mode Buffer Size           : 4000
    Accounted Processes
        Process ID                        : 3669741
            GPU Utilization               : 11 %
            Memory Utilization            : 0 %
            Max memory usage              : 232 MiB
            Time                          : 365733 ms
            Is Running                    : 0

Fri May  1 15:43:15 2026       
+-----------------------------------------------------------------------------------------+
| NVIDIA-SMI 580.95.05              Driver Version: 580.95.05      CUDA Version: 13.0     |
+-----------------------------------------+------------------------+----------------------+
| GPU  Name                 Persistence-M | Bus-Id          Disp.A | Volatile Uncorr. ECC |
| Fan  Temp   Perf          Pwr:Usage/Cap |           Memory-Usage | GPU-Util  Compute M. |
|                                         |                        |               MIG M. |
|=========================================+========================+======================|
|   0  Quadro RTX 8000                On  |   00000000:44:00.0 Off |                  N/A |
| 33%   41C    P2             68W /  260W |       1MiB /  46080MiB |      3%      Default |
|                                         |                        |                  N/A |
+-----------------------------------------+------------------------+----------------------+

+-----------------------------------------------------------------------------------------+
| Processes:                                                                              |
|  GPU   GI   CI              PID   Type   Process name                        GPU Memory |
|        ID   ID                                                               Usage      |
|=========================================================================================|
|  No running processes found                                                             |
+-----------------------------------------------------------------------------------------+
