step 100  mean_loss_last_100: 0.12617  trial_acc (50 trials): 0.0600
step 200  mean_loss_last_100: 0.06905  trial_acc (50 trials): 0.7400
step 300  mean_loss_last_100: 0.05076  trial_acc (50 trials): 0.9000
step 400  mean_loss_last_100: 0.04059  trial_acc (50 trials): 0.8200
step 500  mean_loss_last_100: 0.03359  trial_acc (50 trials): 0.9000
step 600  mean_loss_last_100: 0.02939  trial_acc (50 trials): 0.8400
step 700  mean_loss_last_100: 0.02641  trial_acc (50 trials): 0.7400
step 800  mean_loss_last_100: 0.02391  trial_acc (50 trials): 0.8800
step 900  mean_loss_last_100: 0.02274  trial_acc (50 trials): 0.7800
step 1000  mean_loss_last_100: 0.02105  trial_acc (50 trials): 0.7600
step 1100  mean_loss_last_100: 0.01904  trial_acc (50 trials): 0.9000
step 1200  mean_loss_last_100: 0.01782  trial_acc (50 trials): 0.9400
step 1300  mean_loss_last_100: 0.01696  trial_acc (50 trials): 0.9400
step 1400  mean_loss_last_100: 0.01632  trial_acc (50 trials): 0.8400
step 1500  mean_loss_last_100: 0.01583  trial_acc (50 trials): 0.9600
step 1600  mean_loss_last_100: 0.01575  trial_acc (50 trials): 0.8200
step 1700  mean_loss_last_100: 0.01496  trial_acc (50 trials): 0.9200
step 1800  mean_loss_last_100: 0.01475  trial_acc (50 trials): 0.9200
step 1900  mean_loss_last_100: 0.01473  trial_acc (50 trials): 0.9400
step 2000  mean_loss_last_100: 0.01479  trial_acc (50 trials): 0.9800
Finished training.

======== GPU REPORT ========

==============NVSMI LOG==============

Timestamp                                 : Fri May  1 15:16:14 2026
Driver Version                            : 580.95.05
CUDA Version                              : 13.0

Attached GPUs                             : 1
GPU 00000000:3A:00.0
    Accounting Mode                       : Enabled
    Accounting Mode Buffer Size           : 4000
    Accounted Processes
        Process ID                        : 2321212
            GPU Utilization               : 15 %
            Memory Utilization            : 0 %
            Max memory usage              : 232 MiB
            Time                          : 326980 ms
            Is Running                    : 0

Fri May  1 15:16:14 2026       
+-----------------------------------------------------------------------------------------+
| NVIDIA-SMI 580.95.05              Driver Version: 580.95.05      CUDA Version: 13.0     |
+-----------------------------------------+------------------------+----------------------+
| GPU  Name                 Persistence-M | Bus-Id          Disp.A | Volatile Uncorr. ECC |
| Fan  Temp   Perf          Pwr:Usage/Cap |           Memory-Usage | GPU-Util  Compute M. |
|                                         |                        |               MIG M. |
|=========================================+========================+======================|
|   0  Quadro RTX 8000                On  |   00000000:3A:00.0 Off |                  N/A |
| 33%   33C    P2             67W /  260W |       1MiB /  46080MiB |      0%      Default |
|                                         |                        |                  N/A |
+-----------------------------------------+------------------------+----------------------+

+-----------------------------------------------------------------------------------------+
| Processes:                                                                              |
|  GPU   GI   CI              PID   Type   Process name                        GPU Memory |
|        ID   ID                                                               Usage      |
|=========================================================================================|
|  No running processes found                                                             |
+-----------------------------------------------------------------------------------------+
