step 100  mean_loss_last_100: 0.29763  trial_acc (50 trials): 0.0000
step 200  mean_loss_last_100: 0.17360  trial_acc (50 trials): 0.0000
step 300  mean_loss_last_100: 0.15420  trial_acc (50 trials): 0.0000
step 400  mean_loss_last_100: 0.13776  trial_acc (50 trials): 0.0000
step 500  mean_loss_last_100: 0.12326  trial_acc (50 trials): 0.0000
step 600  mean_loss_last_100: 0.11111  trial_acc (50 trials): 0.0000
step 700  mean_loss_last_100: 0.10039  trial_acc (50 trials): 0.0000
step 800  mean_loss_last_100: 0.09131  trial_acc (50 trials): 0.1200
step 900  mean_loss_last_100: 0.08381  trial_acc (50 trials): 0.2800
step 1000  mean_loss_last_100: 0.07717  trial_acc (50 trials): 0.4400
step 1100  mean_loss_last_100: 0.07110  trial_acc (50 trials): 0.4800
step 1200  mean_loss_last_100: 0.06626  trial_acc (50 trials): 0.4800
step 1300  mean_loss_last_100: 0.06178  trial_acc (50 trials): 0.5800
step 1400  mean_loss_last_100: 0.05786  trial_acc (50 trials): 0.4800
step 1500  mean_loss_last_100: 0.05509  trial_acc (50 trials): 0.6600
step 1600  mean_loss_last_100: 0.05237  trial_acc (50 trials): 0.6800
step 1700  mean_loss_last_100: 0.04986  trial_acc (50 trials): 0.6600
step 1800  mean_loss_last_100: 0.04815  trial_acc (50 trials): 0.8400
step 1900  mean_loss_last_100: 0.04621  trial_acc (50 trials): 0.6800
step 2000  mean_loss_last_100: 0.04432  trial_acc (50 trials): 0.7000
Finished training.

======== GPU REPORT ========

==============NVSMI LOG==============

Timestamp                                 : Fri May  1 15:16:32 2026
Driver Version                            : 580.95.05
CUDA Version                              : 13.0

Attached GPUs                             : 1
GPU 00000000:88:00.0
    Accounting Mode                       : Enabled
    Accounting Mode Buffer Size           : 4000
    Accounted Processes
        Process ID                        : 2058116
            GPU Utilization               : 14 %
            Memory Utilization            : 0 %
            Max memory usage              : 232 MiB
            Time                          : 343493 ms
            Is Running                    : 0

Fri May  1 15:16:32 2026       
+-----------------------------------------------------------------------------------------+
| NVIDIA-SMI 580.95.05              Driver Version: 580.95.05      CUDA Version: 13.0     |
+-----------------------------------------+------------------------+----------------------+
| GPU  Name                 Persistence-M | Bus-Id          Disp.A | Volatile Uncorr. ECC |
| Fan  Temp   Perf          Pwr:Usage/Cap |           Memory-Usage | GPU-Util  Compute M. |
|                                         |                        |               MIG M. |
|=========================================+========================+======================|
|   0  Quadro RTX 8000                On  |   00000000:88:00.0 Off |                    0 |
| 33%   34C    P2             74W /  260W |       1MiB /  46080MiB |      0%      Default |
|                                         |                        |                  N/A |
+-----------------------------------------+------------------------+----------------------+

+-----------------------------------------------------------------------------------------+
| Processes:                                                                              |
|  GPU   GI   CI              PID   Type   Process name                        GPU Memory |
|        ID   ID                                                               Usage      |
|=========================================================================================|
|  No running processes found                                                             |
+-----------------------------------------------------------------------------------------+
