step 100  mean_loss_last_100: 0.26002  trial_acc (50 trials): 0.5600
step 200  mean_loss_last_100: 0.23723  trial_acc (50 trials): 0.4600
step 300  mean_loss_last_100: 0.23487  trial_acc (50 trials): 0.4800
step 400  mean_loss_last_100: 0.23402  trial_acc (50 trials): 0.4800
step 500  mean_loss_last_100: 0.23439  trial_acc (50 trials): 0.3400
step 600  mean_loss_last_100: 0.23382  trial_acc (50 trials): 0.5000
step 700  mean_loss_last_100: 0.23428  trial_acc (50 trials): 0.5200
step 800  mean_loss_last_100: 0.23397  trial_acc (50 trials): 0.6000
step 900  mean_loss_last_100: 0.23334  trial_acc (50 trials): 0.4800
step 1000  mean_loss_last_100: 0.23342  trial_acc (50 trials): 0.5000
step 1100  mean_loss_last_100: 0.23329  trial_acc (50 trials): 0.5600
step 1200  mean_loss_last_100: 0.23310  trial_acc (50 trials): 0.3400
step 1300  mean_loss_last_100: 0.23249  trial_acc (50 trials): 0.5000
step 1400  mean_loss_last_100: 0.23290  trial_acc (50 trials): 0.5000
step 1500  mean_loss_last_100: 0.23247  trial_acc (50 trials): 0.5600
step 1600  mean_loss_last_100: 0.23244  trial_acc (50 trials): 0.6000
step 1700  mean_loss_last_100: 0.23252  trial_acc (50 trials): 0.6000
step 1800  mean_loss_last_100: 0.23205  trial_acc (50 trials): 0.4200
step 1900  mean_loss_last_100: 0.23212  trial_acc (50 trials): 0.5200
step 2000  mean_loss_last_100: 0.23240  trial_acc (50 trials): 0.6200
Finished training.

======== GPU REPORT ========

==============NVSMI LOG==============

Timestamp                                 : Fri May  1 15:31:30 2026
Driver Version                            : 580.95.05
CUDA Version                              : 13.0

Attached GPUs                             : 1
GPU 00000000:A3:00.0
    Accounting Mode                       : Enabled
    Accounting Mode Buffer Size           : 4000
    Accounted Processes
        Process ID                        : 1017015
            GPU Utilization               : 4 %
            Memory Utilization            : 0 %
            Max memory usage              : 264 MiB
            Time                          : 79207 ms
            Is Running                    : 0

Fri May  1 15:31:30 2026       
+-----------------------------------------------------------------------------------------+
| NVIDIA-SMI 580.95.05              Driver Version: 580.95.05      CUDA Version: 13.0     |
+-----------------------------------------+------------------------+----------------------+
| GPU  Name                 Persistence-M | Bus-Id          Disp.A | Volatile Uncorr. ECC |
| Fan  Temp   Perf          Pwr:Usage/Cap |           Memory-Usage | GPU-Util  Compute M. |
|                                         |                        |               MIG M. |
|=========================================+========================+======================|
|   0  Quadro RTX 8000                On  |   00000000:A3:00.0 Off |                  N/A |
| 33%   36C    P2             65W /  260W |       1MiB /  46080MiB |      4%      Default |
|                                         |                        |                  N/A |
+-----------------------------------------+------------------------+----------------------+

+-----------------------------------------------------------------------------------------+
| Processes:                                                                              |
|  GPU   GI   CI              PID   Type   Process name                        GPU Memory |
|        ID   ID                                                               Usage      |
|=========================================================================================|
|  No running processes found                                                             |
+-----------------------------------------------------------------------------------------+
