step 100  mean_loss_last_100: 0.29405  trial_acc (50 trials): 0.5600
step 200  mean_loss_last_100: 0.20116  trial_acc (50 trials): 0.4400
step 300  mean_loss_last_100: 0.19858  trial_acc (50 trials): 0.6600
step 400  mean_loss_last_100: 0.19707  trial_acc (50 trials): 0.4400
step 500  mean_loss_last_100: 0.19614  trial_acc (50 trials): 0.3600
step 600  mean_loss_last_100: 0.19621  trial_acc (50 trials): 0.4800
step 700  mean_loss_last_100: 0.19578  trial_acc (50 trials): 0.4400
step 800  mean_loss_last_100: 0.19513  trial_acc (50 trials): 0.4400
step 900  mean_loss_last_100: 0.19573  trial_acc (50 trials): 0.5400
step 1000  mean_loss_last_100: 0.19493  trial_acc (50 trials): 0.4600
step 1100  mean_loss_last_100: 0.19484  trial_acc (50 trials): 0.4000
step 1200  mean_loss_last_100: 0.19548  trial_acc (50 trials): 0.5000
step 1300  mean_loss_last_100: 0.19474  trial_acc (50 trials): 0.4600
step 1400  mean_loss_last_100: 0.19445  trial_acc (50 trials): 0.6200
step 1500  mean_loss_last_100: 0.19481  trial_acc (50 trials): 0.4400
step 1600  mean_loss_last_100: 0.19455  trial_acc (50 trials): 0.4600
step 1700  mean_loss_last_100: 0.19400  trial_acc (50 trials): 0.5200
step 1800  mean_loss_last_100: 0.19514  trial_acc (50 trials): 0.4600
step 1900  mean_loss_last_100: 0.19476  trial_acc (50 trials): 0.4000
step 2000  mean_loss_last_100: 0.19425  trial_acc (50 trials): 0.5600
Finished training.

======== GPU REPORT ========

==============NVSMI LOG==============

Timestamp                                 : Fri May  1 15:24:16 2026
Driver Version                            : 580.95.05
CUDA Version                              : 13.0

Attached GPUs                             : 1
GPU 00000000:C4:00.0
    Accounting Mode                       : Enabled
    Accounting Mode Buffer Size           : 4000
    Accounted Processes
        Process ID                        : 3804979
            GPU Utilization               : 5 %
            Memory Utilization            : 0 %
            Max memory usage              : 264 MiB
            Time                          : 88386 ms
            Is Running                    : 0

Fri May  1 15:24:16 2026       
+-----------------------------------------------------------------------------------------+
| NVIDIA-SMI 580.95.05              Driver Version: 580.95.05      CUDA Version: 13.0     |
+-----------------------------------------+------------------------+----------------------+
| GPU  Name                 Persistence-M | Bus-Id          Disp.A | Volatile Uncorr. ECC |
| Fan  Temp   Perf          Pwr:Usage/Cap |           Memory-Usage | GPU-Util  Compute M. |
|                                         |                        |               MIG M. |
|=========================================+========================+======================|
|   0  Quadro RTX 8000                On  |   00000000:C4:00.0 Off |                    0 |
| 33%   33C    P2             63W /  260W |       1MiB /  46080MiB |      4%      Default |
|                                         |                        |                  N/A |
+-----------------------------------------+------------------------+----------------------+

+-----------------------------------------------------------------------------------------+
| Processes:                                                                              |
|  GPU   GI   CI              PID   Type   Process name                        GPU Memory |
|        ID   ID                                                               Usage      |
|=========================================================================================|
|  No running processes found                                                             |
+-----------------------------------------------------------------------------------------+
