step 100  mean_loss_last_100: 0.08910  trial_acc (50 trials): 0.4600
step 200  mean_loss_last_100: 0.03638  trial_acc (50 trials): 0.8400
step 300  mean_loss_last_100: 0.03268  trial_acc (50 trials): 0.7000
step 400  mean_loss_last_100: 0.03078  trial_acc (50 trials): 0.7800
step 500  mean_loss_last_100: 0.02869  trial_acc (50 trials): 0.6800
step 600  mean_loss_last_100: 0.02604  trial_acc (50 trials): 0.8000
step 700  mean_loss_last_100: 0.02234  trial_acc (50 trials): 0.7000
step 800  mean_loss_last_100: 0.02060  trial_acc (50 trials): 0.7400
step 900  mean_loss_last_100: 0.01897  trial_acc (50 trials): 0.7200
step 1000  mean_loss_last_100: 0.01893  trial_acc (50 trials): 0.9400
step 1100  mean_loss_last_100: 0.01862  trial_acc (50 trials): 0.9200
step 1200  mean_loss_last_100: 0.01844  trial_acc (50 trials): 0.8400
step 1300  mean_loss_last_100: 0.01788  trial_acc (50 trials): 0.8000
step 1400  mean_loss_last_100: 0.01708  trial_acc (50 trials): 0.8600
step 1500  mean_loss_last_100: 0.01767  trial_acc (50 trials): 0.8800
step 1600  mean_loss_last_100: 0.01653  trial_acc (50 trials): 0.8200
step 1700  mean_loss_last_100: 0.01653  trial_acc (50 trials): 0.8400
step 1800  mean_loss_last_100: 0.01654  trial_acc (50 trials): 0.8200
step 1900  mean_loss_last_100: 0.01595  trial_acc (50 trials): 0.8800
step 2000  mean_loss_last_100: 0.01607  trial_acc (50 trials): 0.7600
Finished training.

======== GPU REPORT ========

==============NVSMI LOG==============

Timestamp                                 : Fri May  1 15:12:27 2026
Driver Version                            : 580.95.05
CUDA Version                              : 13.0

Attached GPUs                             : 1
GPU 00000000:C4:00.0
    Accounting Mode                       : Enabled
    Accounting Mode Buffer Size           : 4000
    Accounted Processes
        Process ID                        : 3803023
            GPU Utilization               : 5 %
            Memory Utilization            : 0 %
            Max memory usage              : 264 MiB
            Time                          : 89152 ms
            Is Running                    : 0

Fri May  1 15:12:27 2026       
+-----------------------------------------------------------------------------------------+
| NVIDIA-SMI 580.95.05              Driver Version: 580.95.05      CUDA Version: 13.0     |
+-----------------------------------------+------------------------+----------------------+
| GPU  Name                 Persistence-M | Bus-Id          Disp.A | Volatile Uncorr. ECC |
| Fan  Temp   Perf          Pwr:Usage/Cap |           Memory-Usage | GPU-Util  Compute M. |
|                                         |                        |               MIG M. |
|=========================================+========================+======================|
|   0  Quadro RTX 8000                On  |   00000000:C4:00.0 Off |                    0 |
| 33%   33C    P2             63W /  260W |       1MiB /  46080MiB |      4%      Default |
|                                         |                        |                  N/A |
+-----------------------------------------+------------------------+----------------------+

+-----------------------------------------------------------------------------------------+
| Processes:                                                                              |
|  GPU   GI   CI              PID   Type   Process name                        GPU Memory |
|        ID   ID                                                               Usage      |
|=========================================================================================|
|  No running processes found                                                             |
+-----------------------------------------------------------------------------------------+
