step 100  mean_loss_last_100: 0.23174  trial_acc (50 trials): 0.0000
step 200  mean_loss_last_100: 0.17187  trial_acc (50 trials): 0.0000
step 300  mean_loss_last_100: 0.14221  trial_acc (50 trials): 0.0000
step 400  mean_loss_last_100: 0.11781  trial_acc (50 trials): 0.0000
step 500  mean_loss_last_100: 0.09922  trial_acc (50 trials): 0.1600
step 600  mean_loss_last_100: 0.08526  trial_acc (50 trials): 0.2000
step 700  mean_loss_last_100: 0.07543  trial_acc (50 trials): 0.2400
step 800  mean_loss_last_100: 0.06814  trial_acc (50 trials): 0.4000
step 900  mean_loss_last_100: 0.06321  trial_acc (50 trials): 0.5000
step 1000  mean_loss_last_100: 0.05922  trial_acc (50 trials): 0.5400
step 1100  mean_loss_last_100: 0.05616  trial_acc (50 trials): 0.4800
step 1200  mean_loss_last_100: 0.05352  trial_acc (50 trials): 0.5000
step 1300  mean_loss_last_100: 0.05155  trial_acc (50 trials): 0.3800
step 1400  mean_loss_last_100: 0.04976  trial_acc (50 trials): 0.6200
step 1500  mean_loss_last_100: 0.04840  trial_acc (50 trials): 0.5200
step 1600  mean_loss_last_100: 0.04737  trial_acc (50 trials): 0.5000
step 1700  mean_loss_last_100: 0.04626  trial_acc (50 trials): 0.5800
step 1800  mean_loss_last_100: 0.04574  trial_acc (50 trials): 0.4600
step 1900  mean_loss_last_100: 0.04480  trial_acc (50 trials): 0.5600
step 2000  mean_loss_last_100: 0.04451  trial_acc (50 trials): 0.4600
Finished training.

======== GPU REPORT ========

==============NVSMI LOG==============

Timestamp                                 : Fri May  1 15:51:12 2026
Driver Version                            : 580.95.05
CUDA Version                              : 13.0

Attached GPUs                             : 1
GPU 00000000:89:00.0
    Accounting Mode                       : Enabled
    Accounting Mode Buffer Size           : 4000
    Accounted Processes
        Process ID                        : 4154586
            GPU Utilization               : 14 %
            Memory Utilization            : 0 %
            Max memory usage              : 232 MiB
            Time                          : 315549 ms
            Is Running                    : 0

Fri May  1 15:51:12 2026       
+-----------------------------------------------------------------------------------------+
| NVIDIA-SMI 580.95.05              Driver Version: 580.95.05      CUDA Version: 13.0     |
+-----------------------------------------+------------------------+----------------------+
| GPU  Name                 Persistence-M | Bus-Id          Disp.A | Volatile Uncorr. ECC |
| Fan  Temp   Perf          Pwr:Usage/Cap |           Memory-Usage | GPU-Util  Compute M. |
|                                         |                        |               MIG M. |
|=========================================+========================+======================|
|   0  Quadro RTX 8000                On  |   00000000:89:00.0 Off |                    0 |
| 33%   35C    P2             79W /  260W |       1MiB /  46080MiB |      3%      Default |
|                                         |                        |                  N/A |
+-----------------------------------------+------------------------+----------------------+

+-----------------------------------------------------------------------------------------+
| Processes:                                                                              |
|  GPU   GI   CI              PID   Type   Process name                        GPU Memory |
|        ID   ID                                                               Usage      |
|=========================================================================================|
|  No running processes found                                                             |
+-----------------------------------------------------------------------------------------+
