step 100  mean_loss_last_100: 0.31890  trial_acc (50 trials): 0.0000
step 200  mean_loss_last_100: 0.21339  trial_acc (50 trials): 0.0000
step 300  mean_loss_last_100: 0.18732  trial_acc (50 trials): 0.0000
step 400  mean_loss_last_100: 0.16230  trial_acc (50 trials): 0.0000
step 500  mean_loss_last_100: 0.14124  trial_acc (50 trials): 0.0000
step 600  mean_loss_last_100: 0.12208  trial_acc (50 trials): 0.0000
step 700  mean_loss_last_100: 0.10687  trial_acc (50 trials): 0.1200
step 800  mean_loss_last_100: 0.09415  trial_acc (50 trials): 0.3000
step 900  mean_loss_last_100: 0.08435  trial_acc (50 trials): 0.3800
step 1000  mean_loss_last_100: 0.07661  trial_acc (50 trials): 0.5000
step 1100  mean_loss_last_100: 0.07089  trial_acc (50 trials): 0.5600
step 1200  mean_loss_last_100: 0.06624  trial_acc (50 trials): 0.5000
step 1300  mean_loss_last_100: 0.06266  trial_acc (50 trials): 0.4200
step 1400  mean_loss_last_100: 0.05958  trial_acc (50 trials): 0.5000
step 1500  mean_loss_last_100: 0.05735  trial_acc (50 trials): 0.4800
step 1600  mean_loss_last_100: 0.05502  trial_acc (50 trials): 0.4600
step 1700  mean_loss_last_100: 0.05302  trial_acc (50 trials): 0.7200
step 1800  mean_loss_last_100: 0.05141  trial_acc (50 trials): 0.6800
step 1900  mean_loss_last_100: 0.05007  trial_acc (50 trials): 0.5800
step 2000  mean_loss_last_100: 0.04901  trial_acc (50 trials): 0.6800
Finished training.

======== GPU REPORT ========

==============NVSMI LOG==============

Timestamp                                 : Fri May  1 15:52:28 2026
Driver Version                            : 580.95.05
CUDA Version                              : 13.0

Attached GPUs                             : 1
GPU 00000000:27:00.0
    Accounting Mode                       : Enabled
    Accounting Mode Buffer Size           : 4000
    Accounted Processes
        Process ID                        : 1332264
            GPU Utilization               : 11 %
            Memory Utilization            : 0 %
            Max memory usage              : 232 MiB
            Time                          : 390435 ms
            Is Running                    : 0

Fri May  1 15:52:28 2026       
+-----------------------------------------------------------------------------------------+
| NVIDIA-SMI 580.95.05              Driver Version: 580.95.05      CUDA Version: 13.0     |
+-----------------------------------------+------------------------+----------------------+
| GPU  Name                 Persistence-M | Bus-Id          Disp.A | Volatile Uncorr. ECC |
| Fan  Temp   Perf          Pwr:Usage/Cap |           Memory-Usage | GPU-Util  Compute M. |
|                                         |                        |               MIG M. |
|=========================================+========================+======================|
|   0  Quadro RTX 8000                On  |   00000000:27:00.0 Off |                  N/A |
| 35%   39C    P2             71W /  260W |       1MiB /  46080MiB |      3%      Default |
|                                         |                        |                  N/A |
+-----------------------------------------+------------------------+----------------------+

+-----------------------------------------------------------------------------------------+
| Processes:                                                                              |
|  GPU   GI   CI              PID   Type   Process name                        GPU Memory |
|        ID   ID                                                               Usage      |
|=========================================================================================|
|  No running processes found                                                             |
+-----------------------------------------------------------------------------------------+
