step 100  mean_loss_last_100: 1.32984  trial_acc (50 trials): 0.0000
step 200  mean_loss_last_100: 1.05337  trial_acc (50 trials): 0.0200
step 300  mean_loss_last_100: 1.03403  trial_acc (50 trials): 0.0200
step 400  mean_loss_last_100: 1.02150  trial_acc (50 trials): 0.0200
step 500  mean_loss_last_100: 1.00268  trial_acc (50 trials): 0.0600
step 600  mean_loss_last_100: 0.96136  trial_acc (50 trials): 0.0000
step 700  mean_loss_last_100: 0.89772  trial_acc (50 trials): 0.0600
step 800  mean_loss_last_100: 0.84361  trial_acc (50 trials): 0.1600
step 900  mean_loss_last_100: 0.78922  trial_acc (50 trials): 0.1400
step 1000  mean_loss_last_100: 0.73471  trial_acc (50 trials): 0.2200
step 1100  mean_loss_last_100: 0.68278  trial_acc (50 trials): 0.3000
step 1200  mean_loss_last_100: 0.64216  trial_acc (50 trials): 0.1800
step 1300  mean_loss_last_100: 0.60426  trial_acc (50 trials): 0.3000
step 1400  mean_loss_last_100: 0.57138  trial_acc (50 trials): 0.5000
step 1500  mean_loss_last_100: 0.54243  trial_acc (50 trials): 0.6000
step 1600  mean_loss_last_100: 0.51624  trial_acc (50 trials): 0.5400
step 1700  mean_loss_last_100: 0.49595  trial_acc (50 trials): 0.5200
step 1800  mean_loss_last_100: 0.47543  trial_acc (50 trials): 0.7000
step 1900  mean_loss_last_100: 0.45798  trial_acc (50 trials): 0.4200
step 2000  mean_loss_last_100: 0.44231  trial_acc (50 trials): 0.6600
Finished training.

======== GPU REPORT ========

==============NVSMI LOG==============

Timestamp                                 : Fri May  1 15:38:52 2026
Driver Version                            : 580.95.05
CUDA Version                              : 13.0

Attached GPUs                             : 1
GPU 00000000:43:00.0
    Accounting Mode                       : Enabled
    Accounting Mode Buffer Size           : 4000
    Accounted Processes
        Process ID                        : 2621418
            GPU Utilization               : 3 %
            Memory Utilization            : 0 %
            Max memory usage              : 266 MiB
            Time                          : 113719 ms
            Is Running                    : 0

Fri May  1 15:38:52 2026       
+-----------------------------------------------------------------------------------------+
| NVIDIA-SMI 580.95.05              Driver Version: 580.95.05      CUDA Version: 13.0     |
+-----------------------------------------+------------------------+----------------------+
| GPU  Name                 Persistence-M | Bus-Id          Disp.A | Volatile Uncorr. ECC |
| Fan  Temp   Perf          Pwr:Usage/Cap |           Memory-Usage | GPU-Util  Compute M. |
|                                         |                        |               MIG M. |
|=========================================+========================+======================|
|   0  Quadro RTX 8000                On  |   00000000:43:00.0 Off |                    0 |
| 35%   42C    P2             79W /  260W |       1MiB /  46080MiB |      0%      Default |
|                                         |                        |                  N/A |
+-----------------------------------------+------------------------+----------------------+

+-----------------------------------------------------------------------------------------+
| Processes:                                                                              |
|  GPU   GI   CI              PID   Type   Process name                        GPU Memory |
|        ID   ID                                                               Usage      |
|=========================================================================================|
|  No running processes found                                                             |
+-----------------------------------------------------------------------------------------+
