step 100  mean_loss_last_100: 0.43178  trial_acc (50 trials): 0.4800
step 200  mean_loss_last_100: 0.28776  trial_acc (50 trials): 0.4400
step 300  mean_loss_last_100: 0.25819  trial_acc (50 trials): 0.4800
step 400  mean_loss_last_100: 0.24132  trial_acc (50 trials): 0.5000
step 500  mean_loss_last_100: 0.23143  trial_acc (50 trials): 0.5200
step 600  mean_loss_last_100: 0.22491  trial_acc (50 trials): 0.3600
step 700  mean_loss_last_100: 0.21955  trial_acc (50 trials): 0.6200
step 800  mean_loss_last_100: 0.21599  trial_acc (50 trials): 0.4200
step 900  mean_loss_last_100: 0.21360  trial_acc (50 trials): 0.4600
step 1000  mean_loss_last_100: 0.21112  trial_acc (50 trials): 0.4200
step 1100  mean_loss_last_100: 0.20894  trial_acc (50 trials): 0.4800
step 1200  mean_loss_last_100: 0.20840  trial_acc (50 trials): 0.5400
step 1300  mean_loss_last_100: 0.20659  trial_acc (50 trials): 0.4800
step 1400  mean_loss_last_100: 0.20516  trial_acc (50 trials): 0.5200
step 1500  mean_loss_last_100: 0.20508  trial_acc (50 trials): 0.5400
step 1600  mean_loss_last_100: 0.20384  trial_acc (50 trials): 0.5200
step 1700  mean_loss_last_100: 0.20283  trial_acc (50 trials): 0.6000
step 1800  mean_loss_last_100: 0.20294  trial_acc (50 trials): 0.3600
step 1900  mean_loss_last_100: 0.20182  trial_acc (50 trials): 0.6000
step 2000  mean_loss_last_100: 0.20129  trial_acc (50 trials): 0.4600
Finished training.

======== GPU REPORT ========

==============NVSMI LOG==============

Timestamp                                 : Fri May  1 15:31:12 2026
Driver Version                            : 580.95.05
CUDA Version                              : 13.0

Attached GPUs                             : 1
GPU 00000000:A4:00.0
    Accounting Mode                       : Enabled
    Accounting Mode Buffer Size           : 4000
    Accounted Processes
        Process ID                        : 3370368
            GPU Utilization               : 13 %
            Memory Utilization            : 0 %
            Max memory usage              : 232 MiB
            Time                          : 494305 ms
            Is Running                    : 0

Fri May  1 15:31:12 2026       
+-----------------------------------------------------------------------------------------+
| NVIDIA-SMI 580.95.05              Driver Version: 580.95.05      CUDA Version: 13.0     |
+-----------------------------------------+------------------------+----------------------+
| GPU  Name                 Persistence-M | Bus-Id          Disp.A | Volatile Uncorr. ECC |
| Fan  Temp   Perf          Pwr:Usage/Cap |           Memory-Usage | GPU-Util  Compute M. |
|                                         |                        |               MIG M. |
|=========================================+========================+======================|
|   0  Quadro RTX 8000                On  |   00000000:A4:00.0 Off |                    0 |
| 33%   33C    P2             71W /  260W |       1MiB /  46080MiB |      3%      Default |
|                                         |                        |                  N/A |
+-----------------------------------------+------------------------+----------------------+

+-----------------------------------------------------------------------------------------+
| Processes:                                                                              |
|  GPU   GI   CI              PID   Type   Process name                        GPU Memory |
|        ID   ID                                                               Usage      |
|=========================================================================================|
|  No running processes found                                                             |
+-----------------------------------------------------------------------------------------+
