step 100  mean_loss_last_100: 0.67243  trial_acc (50 trials): 0.4600
step 200  mean_loss_last_100: 0.36826  trial_acc (50 trials): 0.6200
step 300  mean_loss_last_100: 0.32013  trial_acc (50 trials): 0.5200
step 400  mean_loss_last_100: 0.29250  trial_acc (50 trials): 0.4800
step 500  mean_loss_last_100: 0.27359  trial_acc (50 trials): 0.5400
step 600  mean_loss_last_100: 0.26185  trial_acc (50 trials): 0.5400
step 700  mean_loss_last_100: 0.25216  trial_acc (50 trials): 0.5000
step 800  mean_loss_last_100: 0.24430  trial_acc (50 trials): 0.6200
step 900  mean_loss_last_100: 0.23928  trial_acc (50 trials): 0.4600
step 1000  mean_loss_last_100: 0.23390  trial_acc (50 trials): 0.6000
step 1100  mean_loss_last_100: 0.22990  trial_acc (50 trials): 0.4800
step 1200  mean_loss_last_100: 0.22737  trial_acc (50 trials): 0.5000
step 1300  mean_loss_last_100: 0.22456  trial_acc (50 trials): 0.4800
step 1400  mean_loss_last_100: 0.22162  trial_acc (50 trials): 0.5600
step 1500  mean_loss_last_100: 0.22047  trial_acc (50 trials): 0.5600
step 1600  mean_loss_last_100: 0.21827  trial_acc (50 trials): 0.3000
step 1700  mean_loss_last_100: 0.21647  trial_acc (50 trials): 0.5400
step 1800  mean_loss_last_100: 0.21578  trial_acc (50 trials): 0.5200
step 1900  mean_loss_last_100: 0.21446  trial_acc (50 trials): 0.6000
step 2000  mean_loss_last_100: 0.21282  trial_acc (50 trials): 0.5200
Finished training.

======== GPU REPORT ========

==============NVSMI LOG==============

Timestamp                                 : Fri May  1 15:30:07 2026
Driver Version                            : 580.95.05
CUDA Version                              : 13.0

Attached GPUs                             : 1
GPU 00000000:89:00.0
    Accounting Mode                       : Enabled
    Accounting Mode Buffer Size           : 4000
    Accounted Processes
        Process ID                        : 2059970
            GPU Utilization               : 15 %
            Memory Utilization            : 0 %
            Max memory usage              : 232 MiB
            Time                          : 438764 ms
            Is Running                    : 0

Fri May  1 15:30:07 2026       
+-----------------------------------------------------------------------------------------+
| NVIDIA-SMI 580.95.05              Driver Version: 580.95.05      CUDA Version: 13.0     |
+-----------------------------------------+------------------------+----------------------+
| GPU  Name                 Persistence-M | Bus-Id          Disp.A | Volatile Uncorr. ECC |
| Fan  Temp   Perf          Pwr:Usage/Cap |           Memory-Usage | GPU-Util  Compute M. |
|                                         |                        |               MIG M. |
|=========================================+========================+======================|
|   0  Quadro RTX 8000                On  |   00000000:89:00.0 Off |                    0 |
| 33%   34C    P2             69W /  260W |       1MiB /  46080MiB |      3%      Default |
|                                         |                        |                  N/A |
+-----------------------------------------+------------------------+----------------------+

+-----------------------------------------------------------------------------------------+
| Processes:                                                                              |
|  GPU   GI   CI              PID   Type   Process name                        GPU Memory |
|        ID   ID                                                               Usage      |
|=========================================================================================|
|  No running processes found                                                             |
+-----------------------------------------------------------------------------------------+
