step 100  mean_loss_last_100: 0.17858  trial_acc (50 trials): 0.0000
step 200  mean_loss_last_100: 0.09864  trial_acc (50 trials): 0.0000
step 300  mean_loss_last_100: 0.07187  trial_acc (50 trials): 0.5200
step 400  mean_loss_last_100: 0.05723  trial_acc (50 trials): 0.7400
step 500  mean_loss_last_100: 0.04822  trial_acc (50 trials): 0.7000
step 600  mean_loss_last_100: 0.04283  trial_acc (50 trials): 0.8400
step 700  mean_loss_last_100: 0.03900  trial_acc (50 trials): 0.8400
step 800  mean_loss_last_100: 0.03586  trial_acc (50 trials): 0.8800
step 900  mean_loss_last_100: 0.03337  trial_acc (50 trials): 0.7400
step 1000  mean_loss_last_100: 0.03062  trial_acc (50 trials): 0.9000
step 1100  mean_loss_last_100: 0.02802  trial_acc (50 trials): 0.8000
step 1200  mean_loss_last_100: 0.02631  trial_acc (50 trials): 0.7800
step 1300  mean_loss_last_100: 0.02394  trial_acc (50 trials): 0.8800
step 1400  mean_loss_last_100: 0.02232  trial_acc (50 trials): 0.9000
step 1500  mean_loss_last_100: 0.02062  trial_acc (50 trials): 0.9200
step 1600  mean_loss_last_100: 0.01937  trial_acc (50 trials): 0.8200
step 1700  mean_loss_last_100: 0.01820  trial_acc (50 trials): 0.8800
step 1800  mean_loss_last_100: 0.01758  trial_acc (50 trials): 0.8600
step 1900  mean_loss_last_100: 0.01721  trial_acc (50 trials): 0.9200
step 2000  mean_loss_last_100: 0.01665  trial_acc (50 trials): 0.8000
Finished training.

======== GPU REPORT ========

==============NVSMI LOG==============

Timestamp                                 : Fri May  1 15:17:54 2026
Driver Version                            : 580.95.05
CUDA Version                              : 13.0

Attached GPUs                             : 1
GPU 00000000:C3:00.0
    Accounting Mode                       : Enabled
    Accounting Mode Buffer Size           : 4000
    Accounted Processes
        Process ID                        : 3367015
            GPU Utilization               : 12 %
            Memory Utilization            : 0 %
            Max memory usage              : 232 MiB
            Time                          : 404734 ms
            Is Running                    : 0

Fri May  1 15:17:54 2026       
+-----------------------------------------------------------------------------------------+
| NVIDIA-SMI 580.95.05              Driver Version: 580.95.05      CUDA Version: 13.0     |
+-----------------------------------------+------------------------+----------------------+
| GPU  Name                 Persistence-M | Bus-Id          Disp.A | Volatile Uncorr. ECC |
| Fan  Temp   Perf          Pwr:Usage/Cap |           Memory-Usage | GPU-Util  Compute M. |
|                                         |                        |               MIG M. |
|=========================================+========================+======================|
|   0  Quadro RTX 8000                On  |   00000000:C3:00.0 Off |                    0 |
| 35%   39C    P2             64W /  260W |       1MiB /  46080MiB |      3%      Default |
|                                         |                        |                  N/A |
+-----------------------------------------+------------------------+----------------------+

+-----------------------------------------------------------------------------------------+
| Processes:                                                                              |
|  GPU   GI   CI              PID   Type   Process name                        GPU Memory |
|        ID   ID                                                               Usage      |
|=========================================================================================|
|  No running processes found                                                             |
+-----------------------------------------------------------------------------------------+
