step 100  mean_loss_last_100: 0.10707  trial_acc (50 trials): 0.7400
step 200  mean_loss_last_100: 0.03714  trial_acc (50 trials): 0.8600
step 300  mean_loss_last_100: 0.02955  trial_acc (50 trials): 0.8400
step 400  mean_loss_last_100: 0.02645  trial_acc (50 trials): 0.7800
step 500  mean_loss_last_100: 0.02425  trial_acc (50 trials): 0.9200
step 600  mean_loss_last_100: 0.02255  trial_acc (50 trials): 0.8200
step 700  mean_loss_last_100: 0.02105  trial_acc (50 trials): 0.7800
step 800  mean_loss_last_100: 0.01968  trial_acc (50 trials): 0.9800
step 900  mean_loss_last_100: 0.01840  trial_acc (50 trials): 0.8400
step 1000  mean_loss_last_100: 0.01783  trial_acc (50 trials): 0.8200
step 1100  mean_loss_last_100: 0.01714  trial_acc (50 trials): 0.8200
step 1200  mean_loss_last_100: 0.01679  trial_acc (50 trials): 0.7600
step 1300  mean_loss_last_100: 0.01630  trial_acc (50 trials): 0.9400
step 1400  mean_loss_last_100: 0.01583  trial_acc (50 trials): 0.8400
step 1500  mean_loss_last_100: 0.01589  trial_acc (50 trials): 0.8200
step 1600  mean_loss_last_100: 0.01554  trial_acc (50 trials): 0.8600
step 1700  mean_loss_last_100: 0.01524  trial_acc (50 trials): 0.8800
step 1800  mean_loss_last_100: 0.01518  trial_acc (50 trials): 0.8200
step 1900  mean_loss_last_100: 0.01506  trial_acc (50 trials): 0.8800
step 2000  mean_loss_last_100: 0.01480  trial_acc (50 trials): 0.8200
Finished training.

======== GPU REPORT ========

==============NVSMI LOG==============

Timestamp                                 : Fri May  1 15:12:38 2026
Driver Version                            : 580.95.05
CUDA Version                              : 13.0

Attached GPUs                             : 1
GPU 00000000:28:00.0
    Accounting Mode                       : Enabled
    Accounting Mode Buffer Size           : 4000
    Accounted Processes
        Process ID                        : 3367009
            GPU Utilization               : 5 %
            Memory Utilization            : 0 %
            Max memory usage              : 264 MiB
            Time                          : 88755 ms
            Is Running                    : 0

Fri May  1 15:12:38 2026       
+-----------------------------------------------------------------------------------------+
| NVIDIA-SMI 580.95.05              Driver Version: 580.95.05      CUDA Version: 13.0     |
+-----------------------------------------+------------------------+----------------------+
| GPU  Name                 Persistence-M | Bus-Id          Disp.A | Volatile Uncorr. ECC |
| Fan  Temp   Perf          Pwr:Usage/Cap |           Memory-Usage | GPU-Util  Compute M. |
|                                         |                        |               MIG M. |
|=========================================+========================+======================|
|   0  Quadro RTX 8000                On  |   00000000:28:00.0 Off |                    0 |
| 33%   47C    P2             71W /  260W |       1MiB /  46080MiB |      0%      Default |
|                                         |                        |                  N/A |
+-----------------------------------------+------------------------+----------------------+

+-----------------------------------------------------------------------------------------+
| Processes:                                                                              |
|  GPU   GI   CI              PID   Type   Process name                        GPU Memory |
|        ID   ID                                                               Usage      |
|=========================================================================================|
|  No running processes found                                                             |
+-----------------------------------------------------------------------------------------+
