step 100  mean_loss_last_100: 0.28225  trial_acc (50 trials): 0.0000
step 200  mean_loss_last_100: 0.22718  trial_acc (50 trials): 0.0000
step 300  mean_loss_last_100: 0.20857  trial_acc (50 trials): 0.0000
step 400  mean_loss_last_100: 0.18811  trial_acc (50 trials): 0.0000
step 500  mean_loss_last_100: 0.16620  trial_acc (50 trials): 0.0000
step 600  mean_loss_last_100: 0.14664  trial_acc (50 trials): 0.0000
step 700  mean_loss_last_100: 0.13044  trial_acc (50 trials): 0.0000
step 800  mean_loss_last_100: 0.11542  trial_acc (50 trials): 0.0000
step 900  mean_loss_last_100: 0.10279  trial_acc (50 trials): 0.0000
step 1000  mean_loss_last_100: 0.09245  trial_acc (50 trials): 0.0200
step 1100  mean_loss_last_100: 0.08395  trial_acc (50 trials): 0.2200
step 1200  mean_loss_last_100: 0.07699  trial_acc (50 trials): 0.2600
step 1300  mean_loss_last_100: 0.07129  trial_acc (50 trials): 0.4200
step 1400  mean_loss_last_100: 0.06581  trial_acc (50 trials): 0.5400
step 1500  mean_loss_last_100: 0.06200  trial_acc (50 trials): 0.5400
step 1600  mean_loss_last_100: 0.05834  trial_acc (50 trials): 0.4800
step 1700  mean_loss_last_100: 0.05589  trial_acc (50 trials): 0.5400
step 1800  mean_loss_last_100: 0.05370  trial_acc (50 trials): 0.4600
step 1900  mean_loss_last_100: 0.05213  trial_acc (50 trials): 0.5000
step 2000  mean_loss_last_100: 0.05046  trial_acc (50 trials): 0.4600
Finished training.

======== GPU REPORT ========

==============NVSMI LOG==============

Timestamp                                 : Fri May  1 15:52:17 2026
Driver Version                            : 580.95.05
CUDA Version                              : 13.0

Attached GPUs                             : 1
GPU 00000000:44:00.0
    Accounting Mode                       : Enabled
    Accounting Mode Buffer Size           : 4000
    Accounted Processes
        Process ID                        : 972669
            GPU Utilization               : 12 %
            Memory Utilization            : 0 %
            Max memory usage              : 232 MiB
            Time                          : 379188 ms
            Is Running                    : 0

Fri May  1 15:52:17 2026       
+-----------------------------------------------------------------------------------------+
| NVIDIA-SMI 580.95.05              Driver Version: 580.95.05      CUDA Version: 13.0     |
+-----------------------------------------+------------------------+----------------------+
| GPU  Name                 Persistence-M | Bus-Id          Disp.A | Volatile Uncorr. ECC |
| Fan  Temp   Perf          Pwr:Usage/Cap |           Memory-Usage | GPU-Util  Compute M. |
|                                         |                        |               MIG M. |
|=========================================+========================+======================|
|   0  Quadro RTX 8000                On  |   00000000:44:00.0 Off |                    0 |
| 34%   37C    P2             65W /  260W |       1MiB /  46080MiB |      0%      Default |
|                                         |                        |                  N/A |
+-----------------------------------------+------------------------+----------------------+

+-----------------------------------------------------------------------------------------+
| Processes:                                                                              |
|  GPU   GI   CI              PID   Type   Process name                        GPU Memory |
|        ID   ID                                                               Usage      |
|=========================================================================================|
|  No running processes found                                                             |
+-----------------------------------------------------------------------------------------+
