step 100  mean_loss_last_100: 1.68431  trial_acc (50 trials): 0.0000
step 200  mean_loss_last_100: 1.30237  trial_acc (50 trials): 0.0000
step 300  mean_loss_last_100: 1.16790  trial_acc (50 trials): 0.0000
step 400  mean_loss_last_100: 1.09281  trial_acc (50 trials): 0.0000
step 500  mean_loss_last_100: 1.04521  trial_acc (50 trials): 0.0000
step 600  mean_loss_last_100: 1.00448  trial_acc (50 trials): 0.0000
step 700  mean_loss_last_100: 0.97320  trial_acc (50 trials): 0.0000
step 800  mean_loss_last_100: 0.94895  trial_acc (50 trials): 0.0200
step 900  mean_loss_last_100: 0.92627  trial_acc (50 trials): 0.1000
step 1000  mean_loss_last_100: 0.90494  trial_acc (50 trials): 0.1200
step 1100  mean_loss_last_100: 0.88680  trial_acc (50 trials): 0.0400
step 1200  mean_loss_last_100: 0.87017  trial_acc (50 trials): 0.1000
step 1300  mean_loss_last_100: 0.85729  trial_acc (50 trials): 0.0800
step 1400  mean_loss_last_100: 0.84115  trial_acc (50 trials): 0.1800
step 1500  mean_loss_last_100: 0.82856  trial_acc (50 trials): 0.0800
step 1600  mean_loss_last_100: 0.81508  trial_acc (50 trials): 0.1600
step 1700  mean_loss_last_100: 0.80302  trial_acc (50 trials): 0.1600
step 1800  mean_loss_last_100: 0.79089  trial_acc (50 trials): 0.1600
step 1900  mean_loss_last_100: 0.77707  trial_acc (50 trials): 0.1600
step 2000  mean_loss_last_100: 0.76856  trial_acc (50 trials): 0.1800
Finished training.

======== GPU REPORT ========

==============NVSMI LOG==============

Timestamp                                 : Fri May  1 15:42:58 2026
Driver Version                            : 580.95.05
CUDA Version                              : 13.0

Attached GPUs                             : 1
GPU 00000000:27:00.0
    Accounting Mode                       : Enabled
    Accounting Mode Buffer Size           : 4000
    Accounted Processes
        Process ID                        : 3374081
            GPU Utilization               : 11 %
            Memory Utilization            : 0 %
            Max memory usage              : 232 MiB
            Time                          : 359509 ms
            Is Running                    : 0

Fri May  1 15:42:58 2026       
+-----------------------------------------------------------------------------------------+
| NVIDIA-SMI 580.95.05              Driver Version: 580.95.05      CUDA Version: 13.0     |
+-----------------------------------------+------------------------+----------------------+
| GPU  Name                 Persistence-M | Bus-Id          Disp.A | Volatile Uncorr. ECC |
| Fan  Temp   Perf          Pwr:Usage/Cap |           Memory-Usage | GPU-Util  Compute M. |
|                                         |                        |               MIG M. |
|=========================================+========================+======================|
|   0  Quadro RTX 8000                On  |   00000000:27:00.0 Off |                    0 |
| 37%   44C    P2             78W /  260W |       1MiB /  46080MiB |      3%      Default |
|                                         |                        |                  N/A |
+-----------------------------------------+------------------------+----------------------+

+-----------------------------------------------------------------------------------------+
| Processes:                                                                              |
|  GPU   GI   CI              PID   Type   Process name                        GPU Memory |
|        ID   ID                                                               Usage      |
|=========================================================================================|
|  No running processes found                                                             |
+-----------------------------------------------------------------------------------------+
