step 100  mean_loss_last_100: 0.23953  trial_acc (50 trials): 0.0000
step 200  mean_loss_last_100: 0.13231  trial_acc (50 trials): 0.0000
step 300  mean_loss_last_100: 0.09647  trial_acc (50 trials): 0.2600
step 400  mean_loss_last_100: 0.07524  trial_acc (50 trials): 0.4800
step 500  mean_loss_last_100: 0.06281  trial_acc (50 trials): 0.5200
step 600  mean_loss_last_100: 0.05540  trial_acc (50 trials): 0.5800
step 700  mean_loss_last_100: 0.05069  trial_acc (50 trials): 0.5400
step 800  mean_loss_last_100: 0.04775  trial_acc (50 trials): 0.5200
step 900  mean_loss_last_100: 0.04605  trial_acc (50 trials): 0.4800
step 1000  mean_loss_last_100: 0.04441  trial_acc (50 trials): 0.5400
step 1100  mean_loss_last_100: 0.04264  trial_acc (50 trials): 0.5800
step 1200  mean_loss_last_100: 0.04166  trial_acc (50 trials): 0.5800
step 1300  mean_loss_last_100: 0.04078  trial_acc (50 trials): 0.5600
step 1400  mean_loss_last_100: 0.03890  trial_acc (50 trials): 0.6200
step 1500  mean_loss_last_100: 0.03700  trial_acc (50 trials): 0.7400
step 1600  mean_loss_last_100: 0.03556  trial_acc (50 trials): 0.8000
step 1700  mean_loss_last_100: 0.03515  trial_acc (50 trials): 0.7600
step 1800  mean_loss_last_100: 0.03322  trial_acc (50 trials): 0.7400
step 1900  mean_loss_last_100: 0.03227  trial_acc (50 trials): 0.7400
step 2000  mean_loss_last_100: 0.03124  trial_acc (50 trials): 0.6200
Finished training.

======== GPU REPORT ========

==============NVSMI LOG==============

Timestamp                                 : Fri May  1 15:52:15 2026
Driver Version                            : 580.95.05
CUDA Version                              : 13.0

Attached GPUs                             : 1
GPU 00000000:28:00.0
    Accounting Mode                       : Enabled
    Accounting Mode Buffer Size           : 4000
    Accounted Processes
        Process ID                        : 3713460
            GPU Utilization               : 12 %
            Memory Utilization            : 0 %
            Max memory usage              : 232 MiB
            Time                          : 377710 ms
            Is Running                    : 0

Fri May  1 15:52:15 2026       
+-----------------------------------------------------------------------------------------+
| NVIDIA-SMI 580.95.05              Driver Version: 580.95.05      CUDA Version: 13.0     |
+-----------------------------------------+------------------------+----------------------+
| GPU  Name                 Persistence-M | Bus-Id          Disp.A | Volatile Uncorr. ECC |
| Fan  Temp   Perf          Pwr:Usage/Cap |           Memory-Usage | GPU-Util  Compute M. |
|                                         |                        |               MIG M. |
|=========================================+========================+======================|
|   0  Quadro RTX 8000                On  |   00000000:28:00.0 Off |                    0 |
| 33%   45C    P2             72W /  260W |       1MiB /  46080MiB |      3%      Default |
|                                         |                        |                  N/A |
+-----------------------------------------+------------------------+----------------------+

+-----------------------------------------------------------------------------------------+
| Processes:                                                                              |
|  GPU   GI   CI              PID   Type   Process name                        GPU Memory |
|        ID   ID                                                               Usage      |
|=========================================================================================|
|  No running processes found                                                             |
+-----------------------------------------------------------------------------------------+
