step 100  mean_loss_last_100: 1.36017  trial_acc (50 trials): 0.0200
step 200  mean_loss_last_100: 1.00994  trial_acc (50 trials): 0.1000
step 300  mean_loss_last_100: 0.91987  trial_acc (50 trials): 0.2400
step 400  mean_loss_last_100: 0.84397  trial_acc (50 trials): 0.2800
step 500  mean_loss_last_100: 0.78030  trial_acc (50 trials): 0.0800
step 600  mean_loss_last_100: 0.73107  trial_acc (50 trials): 0.1000
step 700  mean_loss_last_100: 0.69091  trial_acc (50 trials): 0.2400
step 800  mean_loss_last_100: 0.65912  trial_acc (50 trials): 0.4400
step 900  mean_loss_last_100: 0.63297  trial_acc (50 trials): 0.4200
step 1000  mean_loss_last_100: 0.60960  trial_acc (50 trials): 0.3800
step 1100  mean_loss_last_100: 0.59004  trial_acc (50 trials): 0.5800
step 1200  mean_loss_last_100: 0.57070  trial_acc (50 trials): 0.5800
step 1300  mean_loss_last_100: 0.55187  trial_acc (50 trials): 0.4800
step 1400  mean_loss_last_100: 0.53476  trial_acc (50 trials): 0.4400
step 1500  mean_loss_last_100: 0.51971  trial_acc (50 trials): 0.5400
step 1600  mean_loss_last_100: 0.50278  trial_acc (50 trials): 0.4000
step 1700  mean_loss_last_100: 0.48668  trial_acc (50 trials): 0.6800
step 1800  mean_loss_last_100: 0.47403  trial_acc (50 trials): 0.5600
step 1900  mean_loss_last_100: 0.46023  trial_acc (50 trials): 0.5000
step 2000  mean_loss_last_100: 0.44565  trial_acc (50 trials): 0.5600
Finished training.

======== GPU REPORT ========

==============NVSMI LOG==============

Timestamp                                 : Fri May  1 15:38:53 2026
Driver Version                            : 580.95.05
CUDA Version                              : 13.0

Attached GPUs                             : 1
GPU 00000000:A3:00.0
    Accounting Mode                       : Enabled
    Accounting Mode Buffer Size           : 4000
    Accounted Processes
        Process ID                        : 3374084
            GPU Utilization               : 3 %
            Memory Utilization            : 0 %
            Max memory usage              : 266 MiB
            Time                          : 114175 ms
            Is Running                    : 0

Fri May  1 15:38:53 2026       
+-----------------------------------------------------------------------------------------+
| NVIDIA-SMI 580.95.05              Driver Version: 580.95.05      CUDA Version: 13.0     |
+-----------------------------------------+------------------------+----------------------+
| GPU  Name                 Persistence-M | Bus-Id          Disp.A | Volatile Uncorr. ECC |
| Fan  Temp   Perf          Pwr:Usage/Cap |           Memory-Usage | GPU-Util  Compute M. |
|                                         |                        |               MIG M. |
|=========================================+========================+======================|
|   0  Quadro RTX 8000                On  |   00000000:A3:00.0 Off |                    0 |
| 33%   32C    P2             74W /  260W |       1MiB /  46080MiB |      4%      Default |
|                                         |                        |                  N/A |
+-----------------------------------------+------------------------+----------------------+

+-----------------------------------------------------------------------------------------+
| Processes:                                                                              |
|  GPU   GI   CI              PID   Type   Process name                        GPU Memory |
|        ID   ID                                                               Usage      |
|=========================================================================================|
|  No running processes found                                                             |
+-----------------------------------------------------------------------------------------+
