step 100  mean_loss_last_100: 0.21995  trial_acc (50 trials): 0.0000
step 200  mean_loss_last_100: 0.15247  trial_acc (50 trials): 0.0000
step 300  mean_loss_last_100: 0.10973  trial_acc (50 trials): 0.0000
step 400  mean_loss_last_100: 0.07591  trial_acc (50 trials): 0.3800
step 500  mean_loss_last_100: 0.05762  trial_acc (50 trials): 0.3800
step 600  mean_loss_last_100: 0.04854  trial_acc (50 trials): 0.3000
step 700  mean_loss_last_100: 0.04342  trial_acc (50 trials): 0.3800
step 800  mean_loss_last_100: 0.04029  trial_acc (50 trials): 0.6400
step 900  mean_loss_last_100: 0.03820  trial_acc (50 trials): 0.6800
step 1000  mean_loss_last_100: 0.03655  trial_acc (50 trials): 0.8400
step 1100  mean_loss_last_100: 0.03543  trial_acc (50 trials): 0.8200
step 1200  mean_loss_last_100: 0.03469  trial_acc (50 trials): 0.9000
step 1300  mean_loss_last_100: 0.03395  trial_acc (50 trials): 0.7600
step 1400  mean_loss_last_100: 0.03344  trial_acc (50 trials): 0.8600
step 1500  mean_loss_last_100: 0.03298  trial_acc (50 trials): 0.8600
step 1600  mean_loss_last_100: 0.03250  trial_acc (50 trials): 0.7800
step 1700  mean_loss_last_100: 0.03207  trial_acc (50 trials): 0.8600
step 1800  mean_loss_last_100: 0.03177  trial_acc (50 trials): 0.7800
step 1900  mean_loss_last_100: 0.03134  trial_acc (50 trials): 0.7800
step 2000  mean_loss_last_100: 0.03097  trial_acc (50 trials): 0.7200
Finished training.

======== GPU REPORT ========

==============NVSMI LOG==============

Timestamp                                 : Fri May  1 15:12:18 2026
Driver Version                            : 580.95.05
CUDA Version                              : 13.0

Attached GPUs                             : 1
GPU 00000000:14:00.0
    Accounting Mode                       : Enabled
    Accounting Mode Buffer Size           : 4000
    Accounted Processes
        Process ID                        : 2305048
            GPU Utilization               : 4 %
            Memory Utilization            : 0 %
            Max memory usage              : 264 MiB
            Time                          : 90797 ms
            Is Running                    : 0

Fri May  1 15:12:18 2026       
+-----------------------------------------------------------------------------------------+
| NVIDIA-SMI 580.95.05              Driver Version: 580.95.05      CUDA Version: 13.0     |
+-----------------------------------------+------------------------+----------------------+
| GPU  Name                 Persistence-M | Bus-Id          Disp.A | Volatile Uncorr. ECC |
| Fan  Temp   Perf          Pwr:Usage/Cap |           Memory-Usage | GPU-Util  Compute M. |
|                                         |                        |               MIG M. |
|=========================================+========================+======================|
|   0  Quadro RTX 8000                On  |   00000000:14:00.0 Off |                  N/A |
| 33%   39C    P2             68W /  260W |       1MiB /  46080MiB |      4%      Default |
|                                         |                        |                  N/A |
+-----------------------------------------+------------------------+----------------------+

+-----------------------------------------------------------------------------------------+
| Processes:                                                                              |
|  GPU   GI   CI              PID   Type   Process name                        GPU Memory |
|        ID   ID                                                               Usage      |
|=========================================================================================|
|  No running processes found                                                             |
+-----------------------------------------------------------------------------------------+
