step 100  mean_loss_last_100: 0.20474  trial_acc (50 trials): 1.0000
step 200  mean_loss_last_100: 0.07776  trial_acc (50 trials): 1.0000
step 300  mean_loss_last_100: 0.05749  trial_acc (50 trials): 1.0000
step 400  mean_loss_last_100: 0.04650  trial_acc (50 trials): 1.0000
step 500  mean_loss_last_100: 0.04112  trial_acc (50 trials): 1.0000
step 600  mean_loss_last_100: 0.03729  trial_acc (50 trials): 1.0000
step 700  mean_loss_last_100: 0.03438  trial_acc (50 trials): 1.0000
step 800  mean_loss_last_100: 0.03306  trial_acc (50 trials): 1.0000
step 900  mean_loss_last_100: 0.03142  trial_acc (50 trials): 1.0000
step 1000  mean_loss_last_100: 0.03016  trial_acc (50 trials): 1.0000
step 1100  mean_loss_last_100: 0.02965  trial_acc (50 trials): 1.0000
step 1200  mean_loss_last_100: 0.02883  trial_acc (50 trials): 1.0000
step 1300  mean_loss_last_100: 0.02849  trial_acc (50 trials): 1.0000
step 1400  mean_loss_last_100: 0.02800  trial_acc (50 trials): 1.0000
step 1500  mean_loss_last_100: 0.02771  trial_acc (50 trials): 1.0000
step 1600  mean_loss_last_100: 0.02707  trial_acc (50 trials): 1.0000
step 1700  mean_loss_last_100: 0.02717  trial_acc (50 trials): 1.0000
step 1800  mean_loss_last_100: 0.02703  trial_acc (50 trials): 1.0000
step 1900  mean_loss_last_100: 0.02627  trial_acc (50 trials): 1.0000
step 2000  mean_loss_last_100: 0.02657  trial_acc (50 trials): 1.0000
Finished training.

======== GPU REPORT ========

==============NVSMI LOG==============

Timestamp                                 : Fri May  1 15:35:45 2026
Driver Version                            : 580.95.05
CUDA Version                              : 13.0

Attached GPUs                             : 1
GPU 00000000:C3:00.0
    Accounting Mode                       : Enabled
    Accounting Mode Buffer Size           : 4000
    Accounted Processes
        Process ID                        : 687679
            GPU Utilization               : 11 %
            Memory Utilization            : 0 %
            Max memory usage              : 232 MiB
            Time                          : 332986 ms
            Is Running                    : 0

Fri May  1 15:35:45 2026       
+-----------------------------------------------------------------------------------------+
| NVIDIA-SMI 580.95.05              Driver Version: 580.95.05      CUDA Version: 13.0     |
+-----------------------------------------+------------------------+----------------------+
| GPU  Name                 Persistence-M | Bus-Id          Disp.A | Volatile Uncorr. ECC |
| Fan  Temp   Perf          Pwr:Usage/Cap |           Memory-Usage | GPU-Util  Compute M. |
|                                         |                        |               MIG M. |
|=========================================+========================+======================|
|   0  Quadro RTX 8000                On  |   00000000:C3:00.0 Off |                    0 |
| 34%   36C    P2             65W /  260W |       1MiB /  46080MiB |      0%      Default |
|                                         |                        |                  N/A |
+-----------------------------------------+------------------------+----------------------+

+-----------------------------------------------------------------------------------------+
| Processes:                                                                              |
|  GPU   GI   CI              PID   Type   Process name                        GPU Memory |
|        ID   ID                                                               Usage      |
|=========================================================================================|
|  No running processes found                                                             |
+-----------------------------------------------------------------------------------------+
