step 100  mean_loss_last_100: 0.19039  trial_acc (50 trials): 0.0000
step 200  mean_loss_last_100: 0.07903  trial_acc (50 trials): 0.4600
step 300  mean_loss_last_100: 0.05131  trial_acc (50 trials): 0.3000
step 400  mean_loss_last_100: 0.04434  trial_acc (50 trials): 0.6400
step 500  mean_loss_last_100: 0.04178  trial_acc (50 trials): 0.5000
step 600  mean_loss_last_100: 0.04006  trial_acc (50 trials): 0.4600
step 700  mean_loss_last_100: 0.03919  trial_acc (50 trials): 0.5600
step 800  mean_loss_last_100: 0.03846  trial_acc (50 trials): 0.5600
step 900  mean_loss_last_100: 0.03831  trial_acc (50 trials): 0.5000
step 1000  mean_loss_last_100: 0.03815  trial_acc (50 trials): 0.6400
step 1100  mean_loss_last_100: 0.03765  trial_acc (50 trials): 0.4400
step 1200  mean_loss_last_100: 0.03752  trial_acc (50 trials): 0.4600
step 1300  mean_loss_last_100: 0.03735  trial_acc (50 trials): 0.4400
step 1400  mean_loss_last_100: 0.03733  trial_acc (50 trials): 0.5800
step 1500  mean_loss_last_100: 0.03720  trial_acc (50 trials): 0.4400
step 1600  mean_loss_last_100: 0.03704  trial_acc (50 trials): 0.5000
step 1700  mean_loss_last_100: 0.03699  trial_acc (50 trials): 0.5600
step 1800  mean_loss_last_100: 0.03685  trial_acc (50 trials): 0.4000
step 1900  mean_loss_last_100: 0.03676  trial_acc (50 trials): 0.4800
step 2000  mean_loss_last_100: 0.03677  trial_acc (50 trials): 0.3800
Finished training.

======== GPU REPORT ========

==============NVSMI LOG==============

Timestamp                                 : Fri May  1 15:47:29 2026
Driver Version                            : 580.95.05
CUDA Version                              : 13.0

Attached GPUs                             : 1
GPU 00000000:27:00.0
    Accounting Mode                       : Enabled
    Accounting Mode Buffer Size           : 4000
    Accounted Processes
        Process ID                        : 972663
            GPU Utilization               : 4 %
            Memory Utilization            : 0 %
            Max memory usage              : 264 MiB
            Time                          : 92187 ms
            Is Running                    : 0

Fri May  1 15:47:29 2026       
+-----------------------------------------------------------------------------------------+
| NVIDIA-SMI 580.95.05              Driver Version: 580.95.05      CUDA Version: 13.0     |
+-----------------------------------------+------------------------+----------------------+
| GPU  Name                 Persistence-M | Bus-Id          Disp.A | Volatile Uncorr. ECC |
| Fan  Temp   Perf          Pwr:Usage/Cap |           Memory-Usage | GPU-Util  Compute M. |
|                                         |                        |               MIG M. |
|=========================================+========================+======================|
|   0  Quadro RTX 8000                On  |   00000000:27:00.0 Off |                    0 |
| 35%   50C    P2             82W /  260W |       1MiB /  46080MiB |      0%      Default |
|                                         |                        |                  N/A |
+-----------------------------------------+------------------------+----------------------+

+-----------------------------------------------------------------------------------------+
| Processes:                                                                              |
|  GPU   GI   CI              PID   Type   Process name                        GPU Memory |
|        ID   ID                                                               Usage      |
|=========================================================================================|
|  No running processes found                                                             |
+-----------------------------------------------------------------------------------------+
