step 100  mean_loss_last_100: 0.67197  trial_acc (50 trials): 0.0000
step 200  mean_loss_last_100: 0.38903  trial_acc (50 trials): 0.5200
step 300  mean_loss_last_100: 0.31835  trial_acc (50 trials): 0.3800
step 400  mean_loss_last_100: 0.28336  trial_acc (50 trials): 0.4200
step 500  mean_loss_last_100: 0.26156  trial_acc (50 trials): 0.3400
step 600  mean_loss_last_100: 0.24729  trial_acc (50 trials): 0.4600
step 700  mean_loss_last_100: 0.23658  trial_acc (50 trials): 0.4400
step 800  mean_loss_last_100: 0.22899  trial_acc (50 trials): 0.5200
step 900  mean_loss_last_100: 0.22456  trial_acc (50 trials): 0.6600
step 1000  mean_loss_last_100: 0.21989  trial_acc (50 trials): 0.6200
step 1100  mean_loss_last_100: 0.21637  trial_acc (50 trials): 0.5000
step 1200  mean_loss_last_100: 0.21441  trial_acc (50 trials): 0.4400
step 1300  mean_loss_last_100: 0.21191  trial_acc (50 trials): 0.5000
step 1400  mean_loss_last_100: 0.20992  trial_acc (50 trials): 0.5000
step 1500  mean_loss_last_100: 0.20920  trial_acc (50 trials): 0.5800
step 1600  mean_loss_last_100: 0.20753  trial_acc (50 trials): 0.5000
step 1700  mean_loss_last_100: 0.20621  trial_acc (50 trials): 0.4400
step 1800  mean_loss_last_100: 0.20622  trial_acc (50 trials): 0.4600
step 1900  mean_loss_last_100: 0.20493  trial_acc (50 trials): 0.4400
step 2000  mean_loss_last_100: 0.20391  trial_acc (50 trials): 0.6200
Finished training.

======== GPU REPORT ========

==============NVSMI LOG==============

Timestamp                                 : Fri May  1 15:31:05 2026
Driver Version                            : 580.95.05
CUDA Version                              : 13.0

Attached GPUs                             : 1
GPU 00000000:27:00.0
    Accounting Mode                       : Enabled
    Accounting Mode Buffer Size           : 4000
    Accounted Processes
        Process ID                        : 1886218
            GPU Utilization               : 13 %
            Memory Utilization            : 0 %
            Max memory usage              : 232 MiB
            Time                          : 487693 ms
            Is Running                    : 0

Fri May  1 15:31:05 2026       
+-----------------------------------------------------------------------------------------+
| NVIDIA-SMI 580.95.05              Driver Version: 580.95.05      CUDA Version: 13.0     |
+-----------------------------------------+------------------------+----------------------+
| GPU  Name                 Persistence-M | Bus-Id          Disp.A | Volatile Uncorr. ECC |
| Fan  Temp   Perf          Pwr:Usage/Cap |           Memory-Usage | GPU-Util  Compute M. |
|                                         |                        |               MIG M. |
|=========================================+========================+======================|
|   0  Quadro RTX 8000                On  |   00000000:27:00.0 Off |                    0 |
| 33%   43C    P2             69W /  260W |       1MiB /  46080MiB |      3%      Default |
|                                         |                        |                  N/A |
+-----------------------------------------+------------------------+----------------------+

+-----------------------------------------------------------------------------------------+
| Processes:                                                                              |
|  GPU   GI   CI              PID   Type   Process name                        GPU Memory |
|        ID   ID                                                               Usage      |
|=========================================================================================|
|  No running processes found                                                             |
+-----------------------------------------------------------------------------------------+
