step 100  mean_loss_last_100: 0.47355  trial_acc (50 trials): 0.4600
step 200  mean_loss_last_100: 0.24946  trial_acc (50 trials): 0.5600
step 300  mean_loss_last_100: 0.22200  trial_acc (50 trials): 0.4400
step 400  mean_loss_last_100: 0.21175  trial_acc (50 trials): 0.5600
step 500  mean_loss_last_100: 0.20676  trial_acc (50 trials): 0.4600
step 600  mean_loss_last_100: 0.20435  trial_acc (50 trials): 0.4000
step 700  mean_loss_last_100: 0.20216  trial_acc (50 trials): 0.5200
step 800  mean_loss_last_100: 0.20058  trial_acc (50 trials): 0.5400
step 900  mean_loss_last_100: 0.20012  trial_acc (50 trials): 0.5600
step 1000  mean_loss_last_100: 0.19914  trial_acc (50 trials): 0.4800
step 1100  mean_loss_last_100: 0.19833  trial_acc (50 trials): 0.6200
step 1200  mean_loss_last_100: 0.19836  trial_acc (50 trials): 0.4400
step 1300  mean_loss_last_100: 0.19771  trial_acc (50 trials): 0.6000
step 1400  mean_loss_last_100: 0.19721  trial_acc (50 trials): 0.5600
step 1500  mean_loss_last_100: 0.19744  trial_acc (50 trials): 0.4200
step 1600  mean_loss_last_100: 0.19682  trial_acc (50 trials): 0.5200
step 1700  mean_loss_last_100: 0.19626  trial_acc (50 trials): 0.4800
step 1800  mean_loss_last_100: 0.19683  trial_acc (50 trials): 0.5200
step 1900  mean_loss_last_100: 0.19633  trial_acc (50 trials): 0.5400
step 2000  mean_loss_last_100: 0.19579  trial_acc (50 trials): 0.4800
Finished training.

======== GPU REPORT ========

==============NVSMI LOG==============

Timestamp                                 : Fri May  1 15:24:11 2026
Driver Version                            : 580.95.05
CUDA Version                              : 13.0

Attached GPUs                             : 1
GPU 00000000:28:00.0
    Accounting Mode                       : Enabled
    Accounting Mode Buffer Size           : 4000
    Accounted Processes
        Process ID                        : 3804978
            GPU Utilization               : 5 %
            Memory Utilization            : 0 %
            Max memory usage              : 264 MiB
            Time                          : 83858 ms
            Is Running                    : 0

Fri May  1 15:24:11 2026       
+-----------------------------------------------------------------------------------------+
| NVIDIA-SMI 580.95.05              Driver Version: 580.95.05      CUDA Version: 13.0     |
+-----------------------------------------+------------------------+----------------------+
| GPU  Name                 Persistence-M | Bus-Id          Disp.A | Volatile Uncorr. ECC |
| Fan  Temp   Perf          Pwr:Usage/Cap |           Memory-Usage | GPU-Util  Compute M. |
|                                         |                        |               MIG M. |
|=========================================+========================+======================|
|   0  Quadro RTX 8000                On  |   00000000:28:00.0 Off |                    0 |
| 33%   44C    P2             71W /  260W |       1MiB /  46080MiB |      4%      Default |
|                                         |                        |                  N/A |
+-----------------------------------------+------------------------+----------------------+

+-----------------------------------------------------------------------------------------+
| Processes:                                                                              |
|  GPU   GI   CI              PID   Type   Process name                        GPU Memory |
|        ID   ID                                                               Usage      |
|=========================================================================================|
|  No running processes found                                                             |
+-----------------------------------------------------------------------------------------+
