step 100  mean_loss_last_100: 0.99062  trial_acc (50 trials): 0.0000
step 200  mean_loss_last_100: 0.45934  trial_acc (50 trials): 0.5200
step 300  mean_loss_last_100: 0.36407  trial_acc (50 trials): 0.6000
step 400  mean_loss_last_100: 0.32017  trial_acc (50 trials): 0.4000
step 500  mean_loss_last_100: 0.29426  trial_acc (50 trials): 0.5600
step 600  mean_loss_last_100: 0.27698  trial_acc (50 trials): 0.4600
step 700  mean_loss_last_100: 0.26354  trial_acc (50 trials): 0.6000
step 800  mean_loss_last_100: 0.25326  trial_acc (50 trials): 0.4600
step 900  mean_loss_last_100: 0.24666  trial_acc (50 trials): 0.5600
step 1000  mean_loss_last_100: 0.23999  trial_acc (50 trials): 0.5200
step 1100  mean_loss_last_100: 0.23480  trial_acc (50 trials): 0.5200
step 1200  mean_loss_last_100: 0.23167  trial_acc (50 trials): 0.5000
step 1300  mean_loss_last_100: 0.22778  trial_acc (50 trials): 0.5800
step 1400  mean_loss_last_100: 0.22467  trial_acc (50 trials): 0.4600
step 1500  mean_loss_last_100: 0.22299  trial_acc (50 trials): 0.5200
step 1600  mean_loss_last_100: 0.22052  trial_acc (50 trials): 0.5800
step 1700  mean_loss_last_100: 0.21848  trial_acc (50 trials): 0.4800
step 1800  mean_loss_last_100: 0.21770  trial_acc (50 trials): 0.5200
step 1900  mean_loss_last_100: 0.21572  trial_acc (50 trials): 0.5000
step 2000  mean_loss_last_100: 0.21454  trial_acc (50 trials): 0.4400
Finished training.

======== GPU REPORT ========

==============NVSMI LOG==============

Timestamp                                 : Fri May  1 15:29:43 2026
Driver Version                            : 580.95.05
CUDA Version                              : 13.0

Attached GPUs                             : 1
GPU 00000000:39:00.0
    Accounting Mode                       : Enabled
    Accounting Mode Buffer Size           : 4000
    Accounted Processes
        Process ID                        : 3878861
            GPU Utilization               : 16 %
            Memory Utilization            : 0 %
            Max memory usage              : 232 MiB
            Time                          : 414621 ms
            Is Running                    : 0

Fri May  1 15:29:43 2026       
+-----------------------------------------------------------------------------------------+
| NVIDIA-SMI 580.95.05              Driver Version: 580.95.05      CUDA Version: 13.0     |
+-----------------------------------------+------------------------+----------------------+
| GPU  Name                 Persistence-M | Bus-Id          Disp.A | Volatile Uncorr. ECC |
| Fan  Temp   Perf          Pwr:Usage/Cap |           Memory-Usage | GPU-Util  Compute M. |
|                                         |                        |               MIG M. |
|=========================================+========================+======================|
|   0  Quadro RTX 8000                On  |   00000000:39:00.0 Off |                    0 |
| 33%   32C    P2             66W /  260W |       1MiB /  46080MiB |      0%      Default |
|                                         |                        |                  N/A |
+-----------------------------------------+------------------------+----------------------+

+-----------------------------------------------------------------------------------------+
| Processes:                                                                              |
|  GPU   GI   CI              PID   Type   Process name                        GPU Memory |
|        ID   ID                                                               Usage      |
|=========================================================================================|
|  No running processes found                                                             |
+-----------------------------------------------------------------------------------------+
