step 100  mean_loss_last_100: 0.31348  trial_acc (50 trials): 0.5400
step 200  mean_loss_last_100: 0.25055  trial_acc (50 trials): 0.5200
step 300  mean_loss_last_100: 0.24218  trial_acc (50 trials): 0.5400
step 400  mean_loss_last_100: 0.23847  trial_acc (50 trials): 0.5400
step 500  mean_loss_last_100: 0.23701  trial_acc (50 trials): 0.5600
step 600  mean_loss_last_100: 0.23586  trial_acc (50 trials): 0.4400
step 700  mean_loss_last_100: 0.23475  trial_acc (50 trials): 0.5600
step 800  mean_loss_last_100: 0.23438  trial_acc (50 trials): 0.4600
step 900  mean_loss_last_100: 0.23382  trial_acc (50 trials): 0.5400
step 1000  mean_loss_last_100: 0.23319  trial_acc (50 trials): 0.4200
step 1100  mean_loss_last_100: 0.23331  trial_acc (50 trials): 0.4800
step 1200  mean_loss_last_100: 0.23301  trial_acc (50 trials): 0.5200
step 1300  mean_loss_last_100: 0.23243  trial_acc (50 trials): 0.4200
step 1400  mean_loss_last_100: 0.23270  trial_acc (50 trials): 0.4600
step 1500  mean_loss_last_100: 0.23232  trial_acc (50 trials): 0.3600
step 1600  mean_loss_last_100: 0.23172  trial_acc (50 trials): 0.4800
step 1700  mean_loss_last_100: 0.23199  trial_acc (50 trials): 0.4200
step 1800  mean_loss_last_100: 0.23187  trial_acc (50 trials): 0.5000
step 1900  mean_loss_last_100: 0.23150  trial_acc (50 trials): 0.5800
step 2000  mean_loss_last_100: 0.23151  trial_acc (50 trials): 0.4400
Finished training.

======== GPU REPORT ========

==============NVSMI LOG==============

Timestamp                                 : Fri May  1 15:31:28 2026
Driver Version                            : 580.95.05
CUDA Version                              : 13.0

Attached GPUs                             : 1
GPU 00000000:43:00.0
    Accounting Mode                       : Enabled
    Accounting Mode Buffer Size           : 4000
    Accounted Processes
        Process ID                        : 3395676
            GPU Utilization               : 4 %
            Memory Utilization            : 0 %
            Max memory usage              : 264 MiB
            Time                          : 78719 ms
            Is Running                    : 0

Fri May  1 15:31:28 2026       
+-----------------------------------------------------------------------------------------+
| NVIDIA-SMI 580.95.05              Driver Version: 580.95.05      CUDA Version: 13.0     |
+-----------------------------------------+------------------------+----------------------+
| GPU  Name                 Persistence-M | Bus-Id          Disp.A | Volatile Uncorr. ECC |
| Fan  Temp   Perf          Pwr:Usage/Cap |           Memory-Usage | GPU-Util  Compute M. |
|                                         |                        |               MIG M. |
|=========================================+========================+======================|
|   0  Quadro RTX 8000                On  |   00000000:43:00.0 Off |                    0 |
| 35%   46C    P2             68W /  260W |       1MiB /  46080MiB |      4%      Default |
|                                         |                        |                  N/A |
+-----------------------------------------+------------------------+----------------------+

+-----------------------------------------------------------------------------------------+
| Processes:                                                                              |
|  GPU   GI   CI              PID   Type   Process name                        GPU Memory |
|        ID   ID                                                               Usage      |
|=========================================================================================|
|  No running processes found                                                             |
+-----------------------------------------------------------------------------------------+
