step 100  mean_loss_last_100: 0.36505  trial_acc (50 trials): 1.0000
step 200  mean_loss_last_100: 0.20716  trial_acc (50 trials): 1.0000
step 300  mean_loss_last_100: 0.15715  trial_acc (50 trials): 1.0000
step 400  mean_loss_last_100: 0.11935  trial_acc (50 trials): 1.0000
step 500  mean_loss_last_100: 0.09470  trial_acc (50 trials): 1.0000
step 600  mean_loss_last_100: 0.07606  trial_acc (50 trials): 1.0000
step 700  mean_loss_last_100: 0.06391  trial_acc (50 trials): 1.0000
step 800  mean_loss_last_100: 0.05457  trial_acc (50 trials): 1.0000
step 900  mean_loss_last_100: 0.04860  trial_acc (50 trials): 1.0000
step 1000  mean_loss_last_100: 0.04384  trial_acc (50 trials): 1.0000
step 1100  mean_loss_last_100: 0.04124  trial_acc (50 trials): 1.0000
step 1200  mean_loss_last_100: 0.03922  trial_acc (50 trials): 1.0000
step 1300  mean_loss_last_100: 0.03782  trial_acc (50 trials): 1.0000
step 1400  mean_loss_last_100: 0.03599  trial_acc (50 trials): 1.0000
step 1500  mean_loss_last_100: 0.03500  trial_acc (50 trials): 1.0000
step 1600  mean_loss_last_100: 0.03390  trial_acc (50 trials): 1.0000
step 1700  mean_loss_last_100: 0.03344  trial_acc (50 trials): 1.0000
step 1800  mean_loss_last_100: 0.03216  trial_acc (50 trials): 1.0000
step 1900  mean_loss_last_100: 0.03120  trial_acc (50 trials): 1.0000
step 2000  mean_loss_last_100: 0.03089  trial_acc (50 trials): 1.0000
Finished training.

======== GPU REPORT ========

==============NVSMI LOG==============

Timestamp                                 : Fri May  1 15:34:42 2026
Driver Version                            : 580.95.05
CUDA Version                              : 13.0

Attached GPUs                             : 1
GPU 00000000:89:00.0
    Accounting Mode                       : Enabled
    Accounting Mode Buffer Size           : 4000
    Accounted Processes
        Process ID                        : 4102843
            GPU Utilization               : 14 %
            Memory Utilization            : 0 %
            Max memory usage              : 232 MiB
            Time                          : 272017 ms
            Is Running                    : 0

Fri May  1 15:34:42 2026       
+-----------------------------------------------------------------------------------------+
| NVIDIA-SMI 580.95.05              Driver Version: 580.95.05      CUDA Version: 13.0     |
+-----------------------------------------+------------------------+----------------------+
| GPU  Name                 Persistence-M | Bus-Id          Disp.A | Volatile Uncorr. ECC |
| Fan  Temp   Perf          Pwr:Usage/Cap |           Memory-Usage | GPU-Util  Compute M. |
|                                         |                        |               MIG M. |
|=========================================+========================+======================|
|   0  Quadro RTX 8000                On  |   00000000:89:00.0 Off |                    0 |
| 33%   35C    P2             78W /  260W |       1MiB /  46080MiB |      0%      Default |
|                                         |                        |                  N/A |
+-----------------------------------------+------------------------+----------------------+

+-----------------------------------------------------------------------------------------+
| Processes:                                                                              |
|  GPU   GI   CI              PID   Type   Process name                        GPU Memory |
|        ID   ID                                                               Usage      |
|=========================================================================================|
|  No running processes found                                                             |
+-----------------------------------------------------------------------------------------+
