step 100  mean_loss_last_100: 0.31609  trial_acc (50 trials): 0.0000
step 200  mean_loss_last_100: 0.21090  trial_acc (50 trials): 0.0000
step 300  mean_loss_last_100: 0.17643  trial_acc (50 trials): 0.0000
step 400  mean_loss_last_100: 0.14075  trial_acc (50 trials): 0.0000
step 500  mean_loss_last_100: 0.10583  trial_acc (50 trials): 0.0200
step 600  mean_loss_last_100: 0.07981  trial_acc (50 trials): 0.5000
step 700  mean_loss_last_100: 0.06444  trial_acc (50 trials): 0.6000
step 800  mean_loss_last_100: 0.05542  trial_acc (50 trials): 0.5200
step 900  mean_loss_last_100: 0.05063  trial_acc (50 trials): 0.5000
step 1000  mean_loss_last_100: 0.04726  trial_acc (50 trials): 0.6200
step 1100  mean_loss_last_100: 0.04492  trial_acc (50 trials): 0.5400
step 1200  mean_loss_last_100: 0.04349  trial_acc (50 trials): 0.4800
step 1300  mean_loss_last_100: 0.04238  trial_acc (50 trials): 0.5200
step 1400  mean_loss_last_100: 0.04132  trial_acc (50 trials): 0.5800
step 1500  mean_loss_last_100: 0.04084  trial_acc (50 trials): 0.4200
step 1600  mean_loss_last_100: 0.04025  trial_acc (50 trials): 0.5000
step 1700  mean_loss_last_100: 0.03977  trial_acc (50 trials): 0.4200
step 1800  mean_loss_last_100: 0.03942  trial_acc (50 trials): 0.5200
step 1900  mean_loss_last_100: 0.03895  trial_acc (50 trials): 0.5200
step 2000  mean_loss_last_100: 0.03871  trial_acc (50 trials): 0.6000
Finished training.

======== GPU REPORT ========

==============NVSMI LOG==============

Timestamp                                 : Fri May  1 15:47:32 2026
Driver Version                            : 580.95.05
CUDA Version                              : 13.0

Attached GPUs                             : 1
GPU 00000000:C4:00.0
    Accounting Mode                       : Enabled
    Accounting Mode Buffer Size           : 4000
    Accounted Processes
        Process ID                        : 697987
            GPU Utilization               : 4 %
            Memory Utilization            : 0 %
            Max memory usage              : 264 MiB
            Time                          : 94266 ms
            Is Running                    : 0

Fri May  1 15:47:32 2026       
+-----------------------------------------------------------------------------------------+
| NVIDIA-SMI 580.95.05              Driver Version: 580.95.05      CUDA Version: 13.0     |
+-----------------------------------------+------------------------+----------------------+
| GPU  Name                 Persistence-M | Bus-Id          Disp.A | Volatile Uncorr. ECC |
| Fan  Temp   Perf          Pwr:Usage/Cap |           Memory-Usage | GPU-Util  Compute M. |
|                                         |                        |               MIG M. |
|=========================================+========================+======================|
|   0  Quadro RTX 8000                On  |   00000000:C4:00.0 Off |                    0 |
| 34%   31C    P2             73W /  260W |       1MiB /  46080MiB |      4%      Default |
|                                         |                        |                  N/A |
+-----------------------------------------+------------------------+----------------------+

+-----------------------------------------------------------------------------------------+
| Processes:                                                                              |
|  GPU   GI   CI              PID   Type   Process name                        GPU Memory |
|        ID   ID                                                               Usage      |
|=========================================================================================|
|  No running processes found                                                             |
+-----------------------------------------------------------------------------------------+
