step 100  mean_loss_last_100: 0.54882  trial_acc (50 trials): 0.6200
step 200  mean_loss_last_100: 0.31007  trial_acc (50 trials): 0.5400
step 300  mean_loss_last_100: 0.26021  trial_acc (50 trials): 0.5000
step 400  mean_loss_last_100: 0.23491  trial_acc (50 trials): 0.4200
step 500  mean_loss_last_100: 0.22175  trial_acc (50 trials): 0.5000
step 600  mean_loss_last_100: 0.21510  trial_acc (50 trials): 0.4600
step 700  mean_loss_last_100: 0.21047  trial_acc (50 trials): 0.5600
step 800  mean_loss_last_100: 0.20711  trial_acc (50 trials): 0.5400
step 900  mean_loss_last_100: 0.20557  trial_acc (50 trials): 0.4400
step 1000  mean_loss_last_100: 0.20380  trial_acc (50 trials): 0.5400
step 1100  mean_loss_last_100: 0.20241  trial_acc (50 trials): 0.4600
step 1200  mean_loss_last_100: 0.20208  trial_acc (50 trials): 0.5400
step 1300  mean_loss_last_100: 0.20101  trial_acc (50 trials): 0.4800
step 1400  mean_loss_last_100: 0.19993  trial_acc (50 trials): 0.4800
step 1500  mean_loss_last_100: 0.20028  trial_acc (50 trials): 0.6400
step 1600  mean_loss_last_100: 0.19939  trial_acc (50 trials): 0.4800
step 1700  mean_loss_last_100: 0.19869  trial_acc (50 trials): 0.4800
step 1800  mean_loss_last_100: 0.19897  trial_acc (50 trials): 0.5000
step 1900  mean_loss_last_100: 0.19838  trial_acc (50 trials): 0.5200
step 2000  mean_loss_last_100: 0.19777  trial_acc (50 trials): 0.5800
Finished training.

======== GPU REPORT ========

==============NVSMI LOG==============

Timestamp                                 : Fri May  1 15:29:55 2026
Driver Version                            : 580.95.05
CUDA Version                              : 13.0

Attached GPUs                             : 1
GPU 00000000:89:00.0
    Accounting Mode                       : Enabled
    Accounting Mode Buffer Size           : 4000
    Accounted Processes
        Process ID                        : 2307773
            GPU Utilization               : 15 %
            Memory Utilization            : 0 %
            Max memory usage              : 232 MiB
            Time                          : 426848 ms
            Is Running                    : 0

Fri May  1 15:29:55 2026       
+-----------------------------------------------------------------------------------------+
| NVIDIA-SMI 580.95.05              Driver Version: 580.95.05      CUDA Version: 13.0     |
+-----------------------------------------+------------------------+----------------------+
| GPU  Name                 Persistence-M | Bus-Id          Disp.A | Volatile Uncorr. ECC |
| Fan  Temp   Perf          Pwr:Usage/Cap |           Memory-Usage | GPU-Util  Compute M. |
|                                         |                        |               MIG M. |
|=========================================+========================+======================|
|   0  Quadro RTX 8000                On  |   00000000:89:00.0 Off |                  N/A |
| 33%   39C    P2             73W /  260W |       1MiB /  46080MiB |      3%      Default |
|                                         |                        |                  N/A |
+-----------------------------------------+------------------------+----------------------+

+-----------------------------------------------------------------------------------------+
| Processes:                                                                              |
|  GPU   GI   CI              PID   Type   Process name                        GPU Memory |
|        ID   ID                                                               Usage      |
|=========================================================================================|
|  No running processes found                                                             |
+-----------------------------------------------------------------------------------------+
