step 100  mean_loss_last_100: 1.20057  trial_acc (50 trials): 0.0000
step 200  mean_loss_last_100: 1.01574  trial_acc (50 trials): 0.0000
step 300  mean_loss_last_100: 0.91273  trial_acc (50 trials): 0.1400
step 400  mean_loss_last_100: 0.84588  trial_acc (50 trials): 0.0800
step 500  mean_loss_last_100: 0.80015  trial_acc (50 trials): 0.1600
step 600  mean_loss_last_100: 0.74429  trial_acc (50 trials): 0.1200
step 700  mean_loss_last_100: 0.67599  trial_acc (50 trials): 0.2600
step 800  mean_loss_last_100: 0.62300  trial_acc (50 trials): 0.3400
step 900  mean_loss_last_100: 0.57812  trial_acc (50 trials): 0.4400
step 1000  mean_loss_last_100: 0.54139  trial_acc (50 trials): 0.4600
step 1100  mean_loss_last_100: 0.50913  trial_acc (50 trials): 0.3600
step 1200  mean_loss_last_100: 0.48172  trial_acc (50 trials): 0.3200
step 1300  mean_loss_last_100: 0.45538  trial_acc (50 trials): 0.4600
step 1400  mean_loss_last_100: 0.43328  trial_acc (50 trials): 0.4600
step 1500  mean_loss_last_100: 0.41201  trial_acc (50 trials): 0.7000
step 1600  mean_loss_last_100: 0.39138  trial_acc (50 trials): 0.7000
step 1700  mean_loss_last_100: 0.37305  trial_acc (50 trials): 0.6800
step 1800  mean_loss_last_100: 0.36093  trial_acc (50 trials): 0.7200
step 1900  mean_loss_last_100: 0.34671  trial_acc (50 trials): 0.7800
step 2000  mean_loss_last_100: 0.33171  trial_acc (50 trials): 0.9200
Finished training.

======== GPU REPORT ========

==============NVSMI LOG==============

Timestamp                                 : Fri May  1 15:38:52 2026
Driver Version                            : 580.95.05
CUDA Version                              : 13.0

Attached GPUs                             : 1
GPU 00000000:28:00.0
    Accounting Mode                       : Enabled
    Accounting Mode Buffer Size           : 4000
    Accounted Processes
        Process ID                        : 3712039
            GPU Utilization               : 3 %
            Memory Utilization            : 0 %
            Max memory usage              : 266 MiB
            Time                          : 113909 ms
            Is Running                    : 0

Fri May  1 15:38:52 2026       
+-----------------------------------------------------------------------------------------+
| NVIDIA-SMI 580.95.05              Driver Version: 580.95.05      CUDA Version: 13.0     |
+-----------------------------------------+------------------------+----------------------+
| GPU  Name                 Persistence-M | Bus-Id          Disp.A | Volatile Uncorr. ECC |
| Fan  Temp   Perf          Pwr:Usage/Cap |           Memory-Usage | GPU-Util  Compute M. |
|                                         |                        |               MIG M. |
|=========================================+========================+======================|
|   0  Quadro RTX 8000                On  |   00000000:28:00.0 Off |                    0 |
| 33%   45C    P2             72W /  260W |       1MiB /  46080MiB |      4%      Default |
|                                         |                        |                  N/A |
+-----------------------------------------+------------------------+----------------------+

+-----------------------------------------------------------------------------------------+
| Processes:                                                                              |
|  GPU   GI   CI              PID   Type   Process name                        GPU Memory |
|        ID   ID                                                               Usage      |
|=========================================================================================|
|  No running processes found                                                             |
+-----------------------------------------------------------------------------------------+
