step 100  mean_loss_last_100: 0.28232  trial_acc (50 trials): 0.6000
step 200  mean_loss_last_100: 0.21415  trial_acc (50 trials): 0.4200
step 300  mean_loss_last_100: 0.20706  trial_acc (50 trials): 0.4800
step 400  mean_loss_last_100: 0.20319  trial_acc (50 trials): 0.6400
step 500  mean_loss_last_100: 0.20123  trial_acc (50 trials): 0.5400
step 600  mean_loss_last_100: 0.20112  trial_acc (50 trials): 0.4600
step 700  mean_loss_last_100: 0.19943  trial_acc (50 trials): 0.5200
step 800  mean_loss_last_100: 0.19843  trial_acc (50 trials): 0.4600
step 900  mean_loss_last_100: 0.19853  trial_acc (50 trials): 0.5000
step 1000  mean_loss_last_100: 0.19782  trial_acc (50 trials): 0.4200
step 1100  mean_loss_last_100: 0.19724  trial_acc (50 trials): 0.5600
step 1200  mean_loss_last_100: 0.19760  trial_acc (50 trials): 0.5600
step 1300  mean_loss_last_100: 0.19707  trial_acc (50 trials): 0.4000
step 1400  mean_loss_last_100: 0.19647  trial_acc (50 trials): 0.3600
step 1500  mean_loss_last_100: 0.19690  trial_acc (50 trials): 0.5400
step 1600  mean_loss_last_100: 0.19653  trial_acc (50 trials): 0.5600
step 1700  mean_loss_last_100: 0.19610  trial_acc (50 trials): 0.5200
step 1800  mean_loss_last_100: 0.19642  trial_acc (50 trials): 0.5400
step 1900  mean_loss_last_100: 0.19588  trial_acc (50 trials): 0.6000
step 2000  mean_loss_last_100: 0.19571  trial_acc (50 trials): 0.4200
Finished training.

======== GPU REPORT ========

==============NVSMI LOG==============

Timestamp                                 : Fri May  1 15:30:04 2026
Driver Version                            : 580.95.05
CUDA Version                              : 13.0

Attached GPUs                             : 1
GPU 00000000:15:00.0
    Accounting Mode                       : Enabled
    Accounting Mode Buffer Size           : 4000
    Accounted Processes
        Process ID                        : 312466
            GPU Utilization               : 15 %
            Memory Utilization            : 0 %
            Max memory usage              : 232 MiB
            Time                          : 435577 ms
            Is Running                    : 0

Fri May  1 15:30:04 2026       
+-----------------------------------------------------------------------------------------+
| NVIDIA-SMI 580.95.05              Driver Version: 580.95.05      CUDA Version: 13.0     |
+-----------------------------------------+------------------------+----------------------+
| GPU  Name                 Persistence-M | Bus-Id          Disp.A | Volatile Uncorr. ECC |
| Fan  Temp   Perf          Pwr:Usage/Cap |           Memory-Usage | GPU-Util  Compute M. |
|                                         |                        |               MIG M. |
|=========================================+========================+======================|
|   0  Quadro RTX 8000                On  |   00000000:15:00.0 Off |                    0 |
| 33%   31C    P2             65W /  260W |       1MiB /  46080MiB |      3%      Default |
|                                         |                        |                  N/A |
+-----------------------------------------+------------------------+----------------------+

+-----------------------------------------------------------------------------------------+
| Processes:                                                                              |
|  GPU   GI   CI              PID   Type   Process name                        GPU Memory |
|        ID   ID                                                               Usage      |
|=========================================================================================|
|  No running processes found                                                             |
+-----------------------------------------------------------------------------------------+
