step 100  mean_loss_last_100: 0.10410  trial_acc (50 trials): 0.5400
step 200  mean_loss_last_100: 0.04235  trial_acc (50 trials): 0.5200
step 300  mean_loss_last_100: 0.03865  trial_acc (50 trials): 0.3800
step 400  mean_loss_last_100: 0.03785  trial_acc (50 trials): 0.5000
step 500  mean_loss_last_100: 0.03743  trial_acc (50 trials): 0.4400
step 600  mean_loss_last_100: 0.03709  trial_acc (50 trials): 0.5000
step 700  mean_loss_last_100: 0.03656  trial_acc (50 trials): 0.5400
step 800  mean_loss_last_100: 0.03654  trial_acc (50 trials): 0.5000
step 900  mean_loss_last_100: 0.03650  trial_acc (50 trials): 0.4400
step 1000  mean_loss_last_100: 0.03647  trial_acc (50 trials): 0.6200
step 1100  mean_loss_last_100: 0.03615  trial_acc (50 trials): 0.5200
step 1200  mean_loss_last_100: 0.03615  trial_acc (50 trials): 0.5800
step 1300  mean_loss_last_100: 0.03626  trial_acc (50 trials): 0.5000
step 1400  mean_loss_last_100: 0.03624  trial_acc (50 trials): 0.4400
step 1500  mean_loss_last_100: 0.03598  trial_acc (50 trials): 0.4800
step 1600  mean_loss_last_100: 0.03622  trial_acc (50 trials): 0.5600
step 1700  mean_loss_last_100: 0.03628  trial_acc (50 trials): 0.5600
step 1800  mean_loss_last_100: 0.03588  trial_acc (50 trials): 0.5000
step 1900  mean_loss_last_100: 0.03591  trial_acc (50 trials): 0.5200
step 2000  mean_loss_last_100: 0.03604  trial_acc (50 trials): 0.4600
Finished training.

======== GPU REPORT ========

==============NVSMI LOG==============

Timestamp                                 : Fri May  1 15:47:31 2026
Driver Version                            : 580.95.05
CUDA Version                              : 13.0

Attached GPUs                             : 1
GPU 00000000:43:00.0
    Accounting Mode                       : Enabled
    Accounting Mode Buffer Size           : 4000
    Accounted Processes
        Process ID                        : 692575
            GPU Utilization               : 4 %
            Memory Utilization            : 0 %
            Max memory usage              : 264 MiB
            Time                          : 93545 ms
            Is Running                    : 0

Fri May  1 15:47:31 2026       
+-----------------------------------------------------------------------------------------+
| NVIDIA-SMI 580.95.05              Driver Version: 580.95.05      CUDA Version: 13.0     |
+-----------------------------------------+------------------------+----------------------+
| GPU  Name                 Persistence-M | Bus-Id          Disp.A | Volatile Uncorr. ECC |
| Fan  Temp   Perf          Pwr:Usage/Cap |           Memory-Usage | GPU-Util  Compute M. |
|                                         |                        |               MIG M. |
|=========================================+========================+======================|
|   0  Quadro RTX 8000                On  |   00000000:43:00.0 Off |                    0 |
| 36%   43C    P2             76W /  260W |       1MiB /  46080MiB |      4%      Default |
|                                         |                        |                  N/A |
+-----------------------------------------+------------------------+----------------------+

+-----------------------------------------------------------------------------------------+
| Processes:                                                                              |
|  GPU   GI   CI              PID   Type   Process name                        GPU Memory |
|        ID   ID                                                               Usage      |
|=========================================================================================|
|  No running processes found                                                             |
+-----------------------------------------------------------------------------------------+
