step 100  mean_loss_last_100: 0.28583  trial_acc (50 trials): 0.5000
step 200  mean_loss_last_100: 0.13059  trial_acc (50 trials): 1.0000
step 300  mean_loss_last_100: 0.05094  trial_acc (50 trials): 1.0000
step 400  mean_loss_last_100: 0.03899  trial_acc (50 trials): 1.0000
step 500  mean_loss_last_100: 0.03513  trial_acc (50 trials): 1.0000
step 600  mean_loss_last_100: 0.03296  trial_acc (50 trials): 1.0000
step 700  mean_loss_last_100: 0.03238  trial_acc (50 trials): 1.0000
step 800  mean_loss_last_100: 0.03012  trial_acc (50 trials): 1.0000
step 900  mean_loss_last_100: 0.03022  trial_acc (50 trials): 1.0000
step 1000  mean_loss_last_100: 0.02883  trial_acc (50 trials): 1.0000
step 1100  mean_loss_last_100: 0.02898  trial_acc (50 trials): 1.0000
step 1200  mean_loss_last_100: 0.02910  trial_acc (50 trials): 1.0000
step 1300  mean_loss_last_100: 0.02816  trial_acc (50 trials): 1.0000
step 1400  mean_loss_last_100: 0.02742  trial_acc (50 trials): 1.0000
step 1500  mean_loss_last_100: 0.02758  trial_acc (50 trials): 1.0000
step 1600  mean_loss_last_100: 0.02666  trial_acc (50 trials): 1.0000
step 1700  mean_loss_last_100: 0.02665  trial_acc (50 trials): 1.0000
step 1800  mean_loss_last_100: 0.02734  trial_acc (50 trials): 1.0000
step 1900  mean_loss_last_100: 0.02702  trial_acc (50 trials): 1.0000
step 2000  mean_loss_last_100: 0.02595  trial_acc (50 trials): 1.0000
Finished training.

======== GPU REPORT ========

==============NVSMI LOG==============

Timestamp                                 : Fri May  1 15:35:35 2026
Driver Version                            : 580.95.05
CUDA Version                              : 13.0

Attached GPUs                             : 1
GPU 00000000:27:00.0
    Accounting Mode                       : Enabled
    Accounting Mode Buffer Size           : 4000
    Accounted Processes
        Process ID                        : 693942
            GPU Utilization               : 12 %
            Memory Utilization            : 0 %
            Max memory usage              : 232 MiB
            Time                          : 322955 ms
            Is Running                    : 0

Fri May  1 15:35:35 2026       
+-----------------------------------------------------------------------------------------+
| NVIDIA-SMI 580.95.05              Driver Version: 580.95.05      CUDA Version: 13.0     |
+-----------------------------------------+------------------------+----------------------+
| GPU  Name                 Persistence-M | Bus-Id          Disp.A | Volatile Uncorr. ECC |
| Fan  Temp   Perf          Pwr:Usage/Cap |           Memory-Usage | GPU-Util  Compute M. |
|                                         |                        |               MIG M. |
|=========================================+========================+======================|
|   0  Quadro RTX 8000                On  |   00000000:27:00.0 Off |                    0 |
| 35%   44C    P2             73W /  260W |       1MiB /  46080MiB |      0%      Default |
|                                         |                        |                  N/A |
+-----------------------------------------+------------------------+----------------------+

+-----------------------------------------------------------------------------------------+
| Processes:                                                                              |
|  GPU   GI   CI              PID   Type   Process name                        GPU Memory |
|        ID   ID                                                               Usage      |
|=========================================================================================|
|  No running processes found                                                             |
+-----------------------------------------------------------------------------------------+
