step 100  mean_loss_last_100: 0.20976  trial_acc (50 trials): 0.0000
step 200  mean_loss_last_100: 0.09027  trial_acc (50 trials): 0.3400
step 300  mean_loss_last_100: 0.06292  trial_acc (50 trials): 0.8200
step 400  mean_loss_last_100: 0.04907  trial_acc (50 trials): 0.8400
step 500  mean_loss_last_100: 0.04091  trial_acc (50 trials): 0.8400
step 600  mean_loss_last_100: 0.03552  trial_acc (50 trials): 0.9600
step 700  mean_loss_last_100: 0.03141  trial_acc (50 trials): 0.8200
step 800  mean_loss_last_100: 0.02829  trial_acc (50 trials): 0.7400
step 900  mean_loss_last_100: 0.02589  trial_acc (50 trials): 0.8800
step 1000  mean_loss_last_100: 0.02373  trial_acc (50 trials): 0.8400
step 1100  mean_loss_last_100: 0.02232  trial_acc (50 trials): 0.9200
step 1200  mean_loss_last_100: 0.02106  trial_acc (50 trials): 0.9200
step 1300  mean_loss_last_100: 0.01993  trial_acc (50 trials): 0.8200
step 1400  mean_loss_last_100: 0.01901  trial_acc (50 trials): 0.9200
step 1500  mean_loss_last_100: 0.01830  trial_acc (50 trials): 0.8400
step 1600  mean_loss_last_100: 0.01735  trial_acc (50 trials): 0.9000
step 1700  mean_loss_last_100: 0.01681  trial_acc (50 trials): 0.9200
step 1800  mean_loss_last_100: 0.01626  trial_acc (50 trials): 0.8200
step 1900  mean_loss_last_100: 0.01656  trial_acc (50 trials): 0.9400
step 2000  mean_loss_last_100: 0.01570  trial_acc (50 trials): 0.8600
Finished training.

======== GPU REPORT ========

==============NVSMI LOG==============

Timestamp                                 : Fri May  1 15:17:44 2026
Driver Version                            : 580.95.05
CUDA Version                              : 13.0

Attached GPUs                             : 1
GPU 00000000:27:00.0
    Accounting Mode                       : Enabled
    Accounting Mode Buffer Size           : 4000
    Accounted Processes
        Process ID                        : 3367010
            GPU Utilization               : 12 %
            Memory Utilization            : 0 %
            Max memory usage              : 232 MiB
            Time                          : 394854 ms
            Is Running                    : 0

Fri May  1 15:17:44 2026       
+-----------------------------------------------------------------------------------------+
| NVIDIA-SMI 580.95.05              Driver Version: 580.95.05      CUDA Version: 13.0     |
+-----------------------------------------+------------------------+----------------------+
| GPU  Name                 Persistence-M | Bus-Id          Disp.A | Volatile Uncorr. ECC |
| Fan  Temp   Perf          Pwr:Usage/Cap |           Memory-Usage | GPU-Util  Compute M. |
|                                         |                        |               MIG M. |
|=========================================+========================+======================|
|   0  Quadro RTX 8000                On  |   00000000:27:00.0 Off |                    0 |
| 35%   59C    P2             87W /  260W |       1MiB /  46080MiB |      3%      Default |
|                                         |                        |                  N/A |
+-----------------------------------------+------------------------+----------------------+

+-----------------------------------------------------------------------------------------+
| Processes:                                                                              |
|  GPU   GI   CI              PID   Type   Process name                        GPU Memory |
|        ID   ID                                                               Usage      |
|=========================================================================================|
|  No running processes found                                                             |
+-----------------------------------------------------------------------------------------+
