step 100  mean_loss_last_100: 0.23483  trial_acc (50 trials): 0.0000
step 200  mean_loss_last_100: 0.12958  trial_acc (50 trials): 0.1400
step 300  mean_loss_last_100: 0.10363  trial_acc (50 trials): 0.2200
step 400  mean_loss_last_100: 0.08576  trial_acc (50 trials): 0.2200
step 500  mean_loss_last_100: 0.07422  trial_acc (50 trials): 0.4000
step 600  mean_loss_last_100: 0.06643  trial_acc (50 trials): 0.3800
step 700  mean_loss_last_100: 0.05993  trial_acc (50 trials): 0.5400
step 800  mean_loss_last_100: 0.05537  trial_acc (50 trials): 0.5600
step 900  mean_loss_last_100: 0.05256  trial_acc (50 trials): 0.4800
step 1000  mean_loss_last_100: 0.05073  trial_acc (50 trials): 0.6200
step 1100  mean_loss_last_100: 0.04893  trial_acc (50 trials): 0.4000
step 1200  mean_loss_last_100: 0.04729  trial_acc (50 trials): 0.6400
step 1300  mean_loss_last_100: 0.04627  trial_acc (50 trials): 0.5600
step 1400  mean_loss_last_100: 0.04523  trial_acc (50 trials): 0.5200
step 1500  mean_loss_last_100: 0.04452  trial_acc (50 trials): 0.4800
step 1600  mean_loss_last_100: 0.04384  trial_acc (50 trials): 0.5600
step 1700  mean_loss_last_100: 0.04309  trial_acc (50 trials): 0.5600
step 1800  mean_loss_last_100: 0.04232  trial_acc (50 trials): 0.6600
step 1900  mean_loss_last_100: 0.04190  trial_acc (50 trials): 0.5000
step 2000  mean_loss_last_100: 0.04146  trial_acc (50 trials): 0.4800
Finished training.

======== GPU REPORT ========

==============NVSMI LOG==============

Timestamp                                 : Fri May  1 15:52:17 2026
Driver Version                            : 580.95.05
CUDA Version                              : 13.0

Attached GPUs                             : 1
GPU 00000000:A3:00.0
    Accounting Mode                       : Enabled
    Accounting Mode Buffer Size           : 4000
    Accounted Processes
        Process ID                        : 692576
            GPU Utilization               : 12 %
            Memory Utilization            : 0 %
            Max memory usage              : 232 MiB
            Time                          : 379649 ms
            Is Running                    : 0

Fri May  1 15:52:17 2026       
+-----------------------------------------------------------------------------------------+
| NVIDIA-SMI 580.95.05              Driver Version: 580.95.05      CUDA Version: 13.0     |
+-----------------------------------------+------------------------+----------------------+
| GPU  Name                 Persistence-M | Bus-Id          Disp.A | Volatile Uncorr. ECC |
| Fan  Temp   Perf          Pwr:Usage/Cap |           Memory-Usage | GPU-Util  Compute M. |
|                                         |                        |               MIG M. |
|=========================================+========================+======================|
|   0  Quadro RTX 8000                On  |   00000000:A3:00.0 Off |                    0 |
| 34%   32C    P2             63W /  260W |       1MiB /  46080MiB |      3%      Default |
|                                         |                        |                  N/A |
+-----------------------------------------+------------------------+----------------------+

+-----------------------------------------------------------------------------------------+
| Processes:                                                                              |
|  GPU   GI   CI              PID   Type   Process name                        GPU Memory |
|        ID   ID                                                               Usage      |
|=========================================================================================|
|  No running processes found                                                             |
+-----------------------------------------------------------------------------------------+
