step 100  mean_loss_last_100: 0.16359  trial_acc (50 trials): 1.0000
step 200  mean_loss_last_100: 0.06136  trial_acc (50 trials): 1.0000
step 300  mean_loss_last_100: 0.04673  trial_acc (50 trials): 1.0000
step 400  mean_loss_last_100: 0.04004  trial_acc (50 trials): 1.0000
step 500  mean_loss_last_100: 0.03564  trial_acc (50 trials): 1.0000
step 600  mean_loss_last_100: 0.03311  trial_acc (50 trials): 1.0000
step 700  mean_loss_last_100: 0.03106  trial_acc (50 trials): 1.0000
step 800  mean_loss_last_100: 0.03001  trial_acc (50 trials): 1.0000
step 900  mean_loss_last_100: 0.02928  trial_acc (50 trials): 1.0000
step 1000  mean_loss_last_100: 0.02809  trial_acc (50 trials): 1.0000
step 1100  mean_loss_last_100: 0.02791  trial_acc (50 trials): 1.0000
step 1200  mean_loss_last_100: 0.02742  trial_acc (50 trials): 1.0000
step 1300  mean_loss_last_100: 0.02658  trial_acc (50 trials): 1.0000
step 1400  mean_loss_last_100: 0.02659  trial_acc (50 trials): 1.0000
step 1500  mean_loss_last_100: 0.02636  trial_acc (50 trials): 1.0000
step 1600  mean_loss_last_100: 0.02580  trial_acc (50 trials): 1.0000
step 1700  mean_loss_last_100: 0.02595  trial_acc (50 trials): 1.0000
step 1800  mean_loss_last_100: 0.02573  trial_acc (50 trials): 1.0000
step 1900  mean_loss_last_100: 0.02528  trial_acc (50 trials): 1.0000
step 2000  mean_loss_last_100: 0.02549  trial_acc (50 trials): 1.0000
Finished training.

======== GPU REPORT ========

==============NVSMI LOG==============

Timestamp                                 : Fri May  1 15:35:33 2026
Driver Version                            : 580.95.05
CUDA Version                              : 13.0

Attached GPUs                             : 1
GPU 00000000:27:00.0
    Accounting Mode                       : Enabled
    Accounting Mode Buffer Size           : 4000
    Accounted Processes
        Process ID                        : 970043
            GPU Utilization               : 12 %
            Memory Utilization            : 0 %
            Max memory usage              : 232 MiB
            Time                          : 320744 ms
            Is Running                    : 0

Fri May  1 15:35:33 2026       
+-----------------------------------------------------------------------------------------+
| NVIDIA-SMI 580.95.05              Driver Version: 580.95.05      CUDA Version: 13.0     |
+-----------------------------------------+------------------------+----------------------+
| GPU  Name                 Persistence-M | Bus-Id          Disp.A | Volatile Uncorr. ECC |
| Fan  Temp   Perf          Pwr:Usage/Cap |           Memory-Usage | GPU-Util  Compute M. |
|                                         |                        |               MIG M. |
|=========================================+========================+======================|
|   0  Quadro RTX 8000                On  |   00000000:27:00.0 Off |                    0 |
| 35%   51C    P2             81W /  260W |       1MiB /  46080MiB |      3%      Default |
|                                         |                        |                  N/A |
+-----------------------------------------+------------------------+----------------------+

+-----------------------------------------------------------------------------------------+
| Processes:                                                                              |
|  GPU   GI   CI              PID   Type   Process name                        GPU Memory |
|        ID   ID                                                               Usage      |
|=========================================================================================|
|  No running processes found                                                             |
+-----------------------------------------------------------------------------------------+
