step 100  mean_loss_last_100: 0.34740  trial_acc (50 trials): 0.6000
step 200  mean_loss_last_100: 0.21272  trial_acc (50 trials): 0.5200
step 300  mean_loss_last_100: 0.20372  trial_acc (50 trials): 0.4600
step 400  mean_loss_last_100: 0.19998  trial_acc (50 trials): 0.3600
step 500  mean_loss_last_100: 0.19838  trial_acc (50 trials): 0.6000
step 600  mean_loss_last_100: 0.19788  trial_acc (50 trials): 0.3800
step 700  mean_loss_last_100: 0.19690  trial_acc (50 trials): 0.4000
step 800  mean_loss_last_100: 0.19625  trial_acc (50 trials): 0.5200
step 900  mean_loss_last_100: 0.19650  trial_acc (50 trials): 0.4200
step 1000  mean_loss_last_100: 0.19603  trial_acc (50 trials): 0.5800
step 1100  mean_loss_last_100: 0.19555  trial_acc (50 trials): 0.5400
step 1200  mean_loss_last_100: 0.19600  trial_acc (50 trials): 0.4600
step 1300  mean_loss_last_100: 0.19538  trial_acc (50 trials): 0.3200
step 1400  mean_loss_last_100: 0.19513  trial_acc (50 trials): 0.5600
step 1500  mean_loss_last_100: 0.19549  trial_acc (50 trials): 0.6200
step 1600  mean_loss_last_100: 0.19514  trial_acc (50 trials): 0.4800
step 1700  mean_loss_last_100: 0.19460  trial_acc (50 trials): 0.5200
step 1800  mean_loss_last_100: 0.19534  trial_acc (50 trials): 0.4000
step 1900  mean_loss_last_100: 0.19491  trial_acc (50 trials): 0.4800
step 2000  mean_loss_last_100: 0.19466  trial_acc (50 trials): 0.5200
Finished training.

======== GPU REPORT ========

==============NVSMI LOG==============

Timestamp                                 : Fri May  1 15:24:38 2026
Driver Version                            : 580.95.05
CUDA Version                              : 13.0

Attached GPUs                             : 1
GPU 00000000:28:00.0
    Accounting Mode                       : Enabled
    Accounting Mode Buffer Size           : 4000
    Accounted Processes
        Process ID                        : 1886222
            GPU Utilization               : 4 %
            Memory Utilization            : 0 %
            Max memory usage              : 264 MiB
            Time                          : 101465 ms
            Is Running                    : 0

Fri May  1 15:24:38 2026       
+-----------------------------------------------------------------------------------------+
| NVIDIA-SMI 580.95.05              Driver Version: 580.95.05      CUDA Version: 13.0     |
+-----------------------------------------+------------------------+----------------------+
| GPU  Name                 Persistence-M | Bus-Id          Disp.A | Volatile Uncorr. ECC |
| Fan  Temp   Perf          Pwr:Usage/Cap |           Memory-Usage | GPU-Util  Compute M. |
|                                         |                        |               MIG M. |
|=========================================+========================+======================|
|   0  Quadro RTX 8000                On  |   00000000:28:00.0 Off |                    0 |
| 34%   42C    P8             37W /  260W |       1MiB /  46080MiB |      9%      Default |
|                                         |                        |                  N/A |
+-----------------------------------------+------------------------+----------------------+

+-----------------------------------------------------------------------------------------+
| Processes:                                                                              |
|  GPU   GI   CI              PID   Type   Process name                        GPU Memory |
|        ID   ID                                                               Usage      |
|=========================================================================================|
|  No running processes found                                                             |
+-----------------------------------------------------------------------------------------+
