step 100  mean_loss_last_100: 0.43214  trial_acc (50 trials): 0.5000
step 200  mean_loss_last_100: 0.23727  trial_acc (50 trials): 0.4800
step 300  mean_loss_last_100: 0.21738  trial_acc (50 trials): 0.4800
step 400  mean_loss_last_100: 0.20936  trial_acc (50 trials): 0.5200
step 500  mean_loss_last_100: 0.20525  trial_acc (50 trials): 0.4600
step 600  mean_loss_last_100: 0.20335  trial_acc (50 trials): 0.4400
step 700  mean_loss_last_100: 0.20174  trial_acc (50 trials): 0.5200
step 800  mean_loss_last_100: 0.20029  trial_acc (50 trials): 0.4800
step 900  mean_loss_last_100: 0.20000  trial_acc (50 trials): 0.6000
step 1000  mean_loss_last_100: 0.19905  trial_acc (50 trials): 0.4000
step 1100  mean_loss_last_100: 0.19825  trial_acc (50 trials): 0.5400
step 1200  mean_loss_last_100: 0.19849  trial_acc (50 trials): 0.3400
step 1300  mean_loss_last_100: 0.19749  trial_acc (50 trials): 0.4400
step 1400  mean_loss_last_100: 0.19719  trial_acc (50 trials): 0.4400
step 1500  mean_loss_last_100: 0.19756  trial_acc (50 trials): 0.4600
step 1600  mean_loss_last_100: 0.19665  trial_acc (50 trials): 0.4400
step 1700  mean_loss_last_100: 0.19657  trial_acc (50 trials): 0.5400
step 1800  mean_loss_last_100: 0.19692  trial_acc (50 trials): 0.5400
step 1900  mean_loss_last_100: 0.19626  trial_acc (50 trials): 0.5000
step 2000  mean_loss_last_100: 0.19588  trial_acc (50 trials): 0.5600
Finished training.

======== GPU REPORT ========

==============NVSMI LOG==============

Timestamp                                 : Fri May  1 15:24:23 2026
Driver Version                            : 580.95.05
CUDA Version                              : 13.0

Attached GPUs                             : 1
GPU 00000000:B1:00.0
    Accounting Mode                       : Enabled
    Accounting Mode Buffer Size           : 4000
    Accounted Processes
        Process ID                        : 2059976
            GPU Utilization               : 5 %
            Memory Utilization            : 0 %
            Max memory usage              : 264 MiB
            Time                          : 94518 ms
            Is Running                    : 0

Fri May  1 15:24:23 2026       
+-----------------------------------------------------------------------------------------+
| NVIDIA-SMI 580.95.05              Driver Version: 580.95.05      CUDA Version: 13.0     |
+-----------------------------------------+------------------------+----------------------+
| GPU  Name                 Persistence-M | Bus-Id          Disp.A | Volatile Uncorr. ECC |
| Fan  Temp   Perf          Pwr:Usage/Cap |           Memory-Usage | GPU-Util  Compute M. |
|                                         |                        |               MIG M. |
|=========================================+========================+======================|
|   0  Quadro RTX 8000                On  |   00000000:B1:00.0 Off |                    0 |
| 33%   38C    P2             72W /  260W |       1MiB /  46080MiB |      0%      Default |
|                                         |                        |                  N/A |
+-----------------------------------------+------------------------+----------------------+

+-----------------------------------------------------------------------------------------+
| Processes:                                                                              |
|  GPU   GI   CI              PID   Type   Process name                        GPU Memory |
|        ID   ID                                                               Usage      |
|=========================================================================================|
|  No running processes found                                                             |
+-----------------------------------------------------------------------------------------+
