step 100  mean_loss_last_100: 2.15406  trial_acc (50 trials): 0.0000
step 200  mean_loss_last_100: 1.74551  trial_acc (50 trials): 0.0000
step 300  mean_loss_last_100: 1.65368  trial_acc (50 trials): 0.0000
step 400  mean_loss_last_100: 1.57332  trial_acc (50 trials): 0.0000
step 500  mean_loss_last_100: 1.51135  trial_acc (50 trials): 0.0000
step 600  mean_loss_last_100: 1.45973  trial_acc (50 trials): 0.0000
step 700  mean_loss_last_100: 1.40099  trial_acc (50 trials): 0.0000
step 800  mean_loss_last_100: 1.33898  trial_acc (50 trials): 0.0000
step 900  mean_loss_last_100: 1.26839  trial_acc (50 trials): 0.0000
step 1000  mean_loss_last_100: 1.20612  trial_acc (50 trials): 0.0000
step 1100  mean_loss_last_100: 1.16676  trial_acc (50 trials): 0.0000
step 1200  mean_loss_last_100: 1.13914  trial_acc (50 trials): 0.0000
step 1300  mean_loss_last_100: 1.11926  trial_acc (50 trials): 0.0000
step 1400  mean_loss_last_100: 1.09964  trial_acc (50 trials): 0.0000
step 1500  mean_loss_last_100: 1.08466  trial_acc (50 trials): 0.0000
step 1600  mean_loss_last_100: 1.07076  trial_acc (50 trials): 0.0000
step 1700  mean_loss_last_100: 1.05747  trial_acc (50 trials): 0.0000
step 1800  mean_loss_last_100: 1.04521  trial_acc (50 trials): 0.0200
step 1900  mean_loss_last_100: 1.03413  trial_acc (50 trials): 0.1000
step 2000  mean_loss_last_100: 1.02247  trial_acc (50 trials): 0.1400
Finished training.

======== GPU REPORT ========

==============NVSMI LOG==============

Timestamp                                 : Fri May  1 15:43:02 2026
Driver Version                            : 580.95.05
CUDA Version                              : 13.0

Attached GPUs                             : 1
GPU 00000000:C3:00.0
    Accounting Mode                       : Enabled
    Accounting Mode Buffer Size           : 4000
    Accounted Processes
        Process ID                        : 3712040
            GPU Utilization               : 11 %
            Memory Utilization            : 0 %
            Max memory usage              : 232 MiB
            Time                          : 363794 ms
            Is Running                    : 0

Fri May  1 15:43:03 2026       
+-----------------------------------------------------------------------------------------+
| NVIDIA-SMI 580.95.05              Driver Version: 580.95.05      CUDA Version: 13.0     |
+-----------------------------------------+------------------------+----------------------+
| GPU  Name                 Persistence-M | Bus-Id          Disp.A | Volatile Uncorr. ECC |
| Fan  Temp   Perf          Pwr:Usage/Cap |           Memory-Usage | GPU-Util  Compute M. |
|                                         |                        |               MIG M. |
|=========================================+========================+======================|
|   0  Quadro RTX 8000                On  |   00000000:C3:00.0 Off |                    0 |
| 33%   39C    P2             73W /  260W |       1MiB /  46080MiB |      3%      Default |
|                                         |                        |                  N/A |
+-----------------------------------------+------------------------+----------------------+

+-----------------------------------------------------------------------------------------+
| Processes:                                                                              |
|  GPU   GI   CI              PID   Type   Process name                        GPU Memory |
|        ID   ID                                                               Usage      |
|=========================================================================================|
|  No running processes found                                                             |
+-----------------------------------------------------------------------------------------+
