step 100  mean_loss_last_100: 1.37677  trial_acc (50 trials): 0.0200
step 200  mean_loss_last_100: 1.04412  trial_acc (50 trials): 0.0400
step 300  mean_loss_last_100: 0.97885  trial_acc (50 trials): 0.1000
step 400  mean_loss_last_100: 0.91369  trial_acc (50 trials): 0.1600
step 500  mean_loss_last_100: 0.86841  trial_acc (50 trials): 0.2400
step 600  mean_loss_last_100: 0.82911  trial_acc (50 trials): 0.2000
step 700  mean_loss_last_100: 0.79305  trial_acc (50 trials): 0.1600
step 800  mean_loss_last_100: 0.75420  trial_acc (50 trials): 0.2000
step 900  mean_loss_last_100: 0.71883  trial_acc (50 trials): 0.1800
step 1000  mean_loss_last_100: 0.68593  trial_acc (50 trials): 0.3800
step 1100  mean_loss_last_100: 0.65666  trial_acc (50 trials): 0.3000
step 1200  mean_loss_last_100: 0.62964  trial_acc (50 trials): 0.3400
step 1300  mean_loss_last_100: 0.60864  trial_acc (50 trials): 0.3600
step 1400  mean_loss_last_100: 0.58743  trial_acc (50 trials): 0.5000
step 1500  mean_loss_last_100: 0.56624  trial_acc (50 trials): 0.3200
step 1600  mean_loss_last_100: 0.55272  trial_acc (50 trials): 0.3600
step 1700  mean_loss_last_100: 0.53590  trial_acc (50 trials): 0.3400
step 1800  mean_loss_last_100: 0.52267  trial_acc (50 trials): 0.4800
step 1900  mean_loss_last_100: 0.51128  trial_acc (50 trials): 0.4200
step 2000  mean_loss_last_100: 0.50046  trial_acc (50 trials): 0.3400
Finished training.

======== GPU REPORT ========

==============NVSMI LOG==============

Timestamp                                 : Fri May  1 15:38:53 2026
Driver Version                            : 580.95.05
CUDA Version                              : 13.0

Attached GPUs                             : 1
GPU 00000000:A4:00.0
    Accounting Mode                       : Enabled
    Accounting Mode Buffer Size           : 4000
    Accounted Processes
        Process ID                        : 3374080
            GPU Utilization               : 3 %
            Memory Utilization            : 0 %
            Max memory usage              : 266 MiB
            Time                          : 114553 ms
            Is Running                    : 0

Fri May  1 15:38:53 2026       
+-----------------------------------------------------------------------------------------+
| NVIDIA-SMI 580.95.05              Driver Version: 580.95.05      CUDA Version: 13.0     |
+-----------------------------------------+------------------------+----------------------+
| GPU  Name                 Persistence-M | Bus-Id          Disp.A | Volatile Uncorr. ECC |
| Fan  Temp   Perf          Pwr:Usage/Cap |           Memory-Usage | GPU-Util  Compute M. |
|                                         |                        |               MIG M. |
|=========================================+========================+======================|
|   0  Quadro RTX 8000                On  |   00000000:A4:00.0 Off |                    0 |
| 33%   30C    P2             68W /  260W |       1MiB /  46080MiB |      4%      Default |
|                                         |                        |                  N/A |
+-----------------------------------------+------------------------+----------------------+

+-----------------------------------------------------------------------------------------+
| Processes:                                                                              |
|  GPU   GI   CI              PID   Type   Process name                        GPU Memory |
|        ID   ID                                                               Usage      |
|=========================================================================================|
|  No running processes found                                                             |
+-----------------------------------------------------------------------------------------+
