step 100  mean_loss_last_100: 1.25615  trial_acc (50 trials): 0.1000
step 200  mean_loss_last_100: 1.00446  trial_acc (50 trials): 0.1200
step 300  mean_loss_last_100: 0.89893  trial_acc (50 trials): 0.2200
step 400  mean_loss_last_100: 0.80183  trial_acc (50 trials): 0.2000
step 500  mean_loss_last_100: 0.71821  trial_acc (50 trials): 0.5000
step 600  mean_loss_last_100: 0.64814  trial_acc (50 trials): 0.5200
step 700  mean_loss_last_100: 0.58743  trial_acc (50 trials): 0.5800
step 800  mean_loss_last_100: 0.54032  trial_acc (50 trials): 0.5600
step 900  mean_loss_last_100: 0.50074  trial_acc (50 trials): 0.7600
step 1000  mean_loss_last_100: 0.47170  trial_acc (50 trials): 0.5400
step 1100  mean_loss_last_100: 0.44135  trial_acc (50 trials): 0.5400
step 1200  mean_loss_last_100: 0.41756  trial_acc (50 trials): 0.2800
step 1300  mean_loss_last_100: 0.39464  trial_acc (50 trials): 0.3800
step 1400  mean_loss_last_100: 0.37428  trial_acc (50 trials): 0.6200
step 1500  mean_loss_last_100: 0.35147  trial_acc (50 trials): 0.9600
step 1600  mean_loss_last_100: 0.33743  trial_acc (50 trials): 0.6000
step 1700  mean_loss_last_100: 0.31892  trial_acc (50 trials): 0.8600
step 1800  mean_loss_last_100: 0.29820  trial_acc (50 trials): 0.9800
step 1900  mean_loss_last_100: 0.28703  trial_acc (50 trials): 0.9200
step 2000  mean_loss_last_100: 0.27614  trial_acc (50 trials): 0.9000
Finished training.

======== GPU REPORT ========

==============NVSMI LOG==============

Timestamp                                 : Fri May  1 15:38:54 2026
Driver Version                            : 580.95.05
CUDA Version                              : 13.0

Attached GPUs                             : 1
GPU 00000000:44:00.0
    Accounting Mode                       : Enabled
    Accounting Mode Buffer Size           : 4000
    Accounted Processes
        Process ID                        : 2621417
            GPU Utilization               : 3 %
            Memory Utilization            : 0 %
            Max memory usage              : 266 MiB
            Time                          : 115325 ms
            Is Running                    : 0

Fri May  1 15:38:54 2026       
+-----------------------------------------------------------------------------------------+
| NVIDIA-SMI 580.95.05              Driver Version: 580.95.05      CUDA Version: 13.0     |
+-----------------------------------------+------------------------+----------------------+
| GPU  Name                 Persistence-M | Bus-Id          Disp.A | Volatile Uncorr. ECC |
| Fan  Temp   Perf          Pwr:Usage/Cap |           Memory-Usage | GPU-Util  Compute M. |
|                                         |                        |               MIG M. |
|=========================================+========================+======================|
|   0  Quadro RTX 8000                On  |   00000000:44:00.0 Off |                    0 |
| 33%   38C    P2             75W /  260W |       1MiB /  46080MiB |      4%      Default |
|                                         |                        |                  N/A |
+-----------------------------------------+------------------------+----------------------+

+-----------------------------------------------------------------------------------------+
| Processes:                                                                              |
|  GPU   GI   CI              PID   Type   Process name                        GPU Memory |
|        ID   ID                                                               Usage      |
|=========================================================================================|
|  No running processes found                                                             |
+-----------------------------------------------------------------------------------------+
