step 100  mean_loss_last_100: 0.27344  trial_acc (50 trials): 0.4200
step 200  mean_loss_last_100: 0.23666  trial_acc (50 trials): 0.5000
step 300  mean_loss_last_100: 0.23481  trial_acc (50 trials): 0.4200
step 400  mean_loss_last_100: 0.23334  trial_acc (50 trials): 0.5600
step 500  mean_loss_last_100: 0.23372  trial_acc (50 trials): 0.5200
step 600  mean_loss_last_100: 0.23336  trial_acc (50 trials): 0.5200
step 700  mean_loss_last_100: 0.23288  trial_acc (50 trials): 0.4000
step 800  mean_loss_last_100: 0.23280  trial_acc (50 trials): 0.3400
step 900  mean_loss_last_100: 0.23273  trial_acc (50 trials): 0.4200
step 1000  mean_loss_last_100: 0.23217  trial_acc (50 trials): 0.4800
step 1100  mean_loss_last_100: 0.23235  trial_acc (50 trials): 0.4600
step 1200  mean_loss_last_100: 0.23277  trial_acc (50 trials): 0.5000
step 1300  mean_loss_last_100: 0.23214  trial_acc (50 trials): 0.5600
step 1400  mean_loss_last_100: 0.23203  trial_acc (50 trials): 0.4800
step 1500  mean_loss_last_100: 0.23216  trial_acc (50 trials): 0.5000
step 1600  mean_loss_last_100: 0.23177  trial_acc (50 trials): 0.5200
step 1700  mean_loss_last_100: 0.23163  trial_acc (50 trials): 0.5400
step 1800  mean_loss_last_100: 0.23211  trial_acc (50 trials): 0.7000
step 1900  mean_loss_last_100: 0.23150  trial_acc (50 trials): 0.3400
step 2000  mean_loss_last_100: 0.23161  trial_acc (50 trials): 0.4800
Finished training.

======== GPU REPORT ========

==============NVSMI LOG==============

Timestamp                                 : Fri May  1 15:31:20 2026
Driver Version                            : 580.95.05
CUDA Version                              : 13.0

Attached GPUs                             : 1
GPU 00000000:39:00.0
    Accounting Mode                       : Enabled
    Accounting Mode Buffer Size           : 4000
    Accounted Processes
        Process ID                        : 3879669
            GPU Utilization               : 4 %
            Memory Utilization            : 0 %
            Max memory usage              : 264 MiB
            Time                          : 80815 ms
            Is Running                    : 0

Fri May  1 15:31:20 2026       
+-----------------------------------------------------------------------------------------+
| NVIDIA-SMI 580.95.05              Driver Version: 580.95.05      CUDA Version: 13.0     |
+-----------------------------------------+------------------------+----------------------+
| GPU  Name                 Persistence-M | Bus-Id          Disp.A | Volatile Uncorr. ECC |
| Fan  Temp   Perf          Pwr:Usage/Cap |           Memory-Usage | GPU-Util  Compute M. |
|                                         |                        |               MIG M. |
|=========================================+========================+======================|
|   0  Quadro RTX 8000                On  |   00000000:39:00.0 Off |                    0 |
| 33%   32C    P2             66W /  260W |       1MiB /  46080MiB |      0%      Default |
|                                         |                        |                  N/A |
+-----------------------------------------+------------------------+----------------------+

+-----------------------------------------------------------------------------------------+
| Processes:                                                                              |
|  GPU   GI   CI              PID   Type   Process name                        GPU Memory |
|        ID   ID                                                               Usage      |
|=========================================================================================|
|  No running processes found                                                             |
+-----------------------------------------------------------------------------------------+
