step 100  mean_loss_last_100: 0.24968  trial_acc (50 trials): 0.4600
step 200  mean_loss_last_100: 0.19824  trial_acc (50 trials): 0.6000
step 300  mean_loss_last_100: 0.19685  trial_acc (50 trials): 0.4000
step 400  mean_loss_last_100: 0.19609  trial_acc (50 trials): 0.5000
step 500  mean_loss_last_100: 0.19516  trial_acc (50 trials): 0.5200
step 600  mean_loss_last_100: 0.19562  trial_acc (50 trials): 0.4600
step 700  mean_loss_last_100: 0.19510  trial_acc (50 trials): 0.3800
step 800  mean_loss_last_100: 0.19465  trial_acc (50 trials): 0.4400
step 900  mean_loss_last_100: 0.19507  trial_acc (50 trials): 0.4600
step 1000  mean_loss_last_100: 0.19446  trial_acc (50 trials): 0.4400
step 1100  mean_loss_last_100: 0.19434  trial_acc (50 trials): 0.4400
step 1200  mean_loss_last_100: 0.19503  trial_acc (50 trials): 0.5600
step 1300  mean_loss_last_100: 0.19473  trial_acc (50 trials): 0.4600
step 1400  mean_loss_last_100: 0.19407  trial_acc (50 trials): 0.5600
step 1500  mean_loss_last_100: 0.19497  trial_acc (50 trials): 0.3800
step 1600  mean_loss_last_100: 0.19445  trial_acc (50 trials): 0.5200
step 1700  mean_loss_last_100: 0.19421  trial_acc (50 trials): 0.2600
step 1800  mean_loss_last_100: 0.19437  trial_acc (50 trials): 0.5000
step 1900  mean_loss_last_100: 0.19441  trial_acc (50 trials): 0.5800
step 2000  mean_loss_last_100: 0.19408  trial_acc (50 trials): 0.3800
Finished training.

======== GPU REPORT ========

==============NVSMI LOG==============

Timestamp                                 : Fri May  1 15:24:27 2026
Driver Version                            : 580.95.05
CUDA Version                              : 13.0

Attached GPUs                             : 1
GPU 00000000:39:00.0
    Accounting Mode                       : Enabled
    Accounting Mode Buffer Size           : 4000
    Accounted Processes
        Process ID                        : 312464
            GPU Utilization               : 4 %
            Memory Utilization            : 0 %
            Max memory usage              : 264 MiB
            Time                          : 98869 ms
            Is Running                    : 0

Fri May  1 15:24:27 2026       
+-----------------------------------------------------------------------------------------+
| NVIDIA-SMI 580.95.05              Driver Version: 580.95.05      CUDA Version: 13.0     |
+-----------------------------------------+------------------------+----------------------+
| GPU  Name                 Persistence-M | Bus-Id          Disp.A | Volatile Uncorr. ECC |
| Fan  Temp   Perf          Pwr:Usage/Cap |           Memory-Usage | GPU-Util  Compute M. |
|                                         |                        |               MIG M. |
|=========================================+========================+======================|
|   0  Quadro RTX 8000                On  |   00000000:39:00.0 Off |                    0 |
| 33%   32C    P2             71W /  260W |       1MiB /  46080MiB |      0%      Default |
|                                         |                        |                  N/A |
+-----------------------------------------+------------------------+----------------------+

+-----------------------------------------------------------------------------------------+
| Processes:                                                                              |
|  GPU   GI   CI              PID   Type   Process name                        GPU Memory |
|        ID   ID                                                               Usage      |
|=========================================================================================|
|  No running processes found                                                             |
+-----------------------------------------------------------------------------------------+
