step 100  mean_loss_last_100: 1.31370  trial_acc (50 trials): 0.0600
step 200  mean_loss_last_100: 1.00480  trial_acc (50 trials): 0.1000
step 300  mean_loss_last_100: 0.88706  trial_acc (50 trials): 0.3000
step 400  mean_loss_last_100: 0.79963  trial_acc (50 trials): 0.3000
step 500  mean_loss_last_100: 0.73578  trial_acc (50 trials): 0.3000
step 600  mean_loss_last_100: 0.68176  trial_acc (50 trials): 0.4600
step 700  mean_loss_last_100: 0.63603  trial_acc (50 trials): 0.3400
step 800  mean_loss_last_100: 0.60028  trial_acc (50 trials): 0.6400
step 900  mean_loss_last_100: 0.56671  trial_acc (50 trials): 0.4400
step 1000  mean_loss_last_100: 0.53968  trial_acc (50 trials): 0.5800
step 1100  mean_loss_last_100: 0.51482  trial_acc (50 trials): 0.5800
step 1200  mean_loss_last_100: 0.49289  trial_acc (50 trials): 0.7000
step 1300  mean_loss_last_100: 0.46838  trial_acc (50 trials): 0.7400
step 1400  mean_loss_last_100: 0.44801  trial_acc (50 trials): 0.7400
step 1500  mean_loss_last_100: 0.42617  trial_acc (50 trials): 0.6400
step 1600  mean_loss_last_100: 0.41026  trial_acc (50 trials): 0.7000
step 1700  mean_loss_last_100: 0.39443  trial_acc (50 trials): 0.7800
step 1800  mean_loss_last_100: 0.37566  trial_acc (50 trials): 0.6200
step 1900  mean_loss_last_100: 0.35830  trial_acc (50 trials): 0.8600
step 2000  mean_loss_last_100: 0.34391  trial_acc (50 trials): 0.5600
Finished training.

======== GPU REPORT ========

==============NVSMI LOG==============

Timestamp                                 : Fri May  1 15:43:00 2026
Driver Version                            : 580.95.05
CUDA Version                              : 13.0

Attached GPUs                             : 1
GPU 00000000:C3:00.0
    Accounting Mode                       : Enabled
    Accounting Mode Buffer Size           : 4000
    Accounted Processes
        Process ID                        : 3374082
            GPU Utilization               : 11 %
            Memory Utilization            : 0 %
            Max memory usage              : 232 MiB
            Time                          : 361122 ms
            Is Running                    : 0

Fri May  1 15:43:00 2026       
+-----------------------------------------------------------------------------------------+
| NVIDIA-SMI 580.95.05              Driver Version: 580.95.05      CUDA Version: 13.0     |
+-----------------------------------------+------------------------+----------------------+
| GPU  Name                 Persistence-M | Bus-Id          Disp.A | Volatile Uncorr. ECC |
| Fan  Temp   Perf          Pwr:Usage/Cap |           Memory-Usage | GPU-Util  Compute M. |
|                                         |                        |               MIG M. |
|=========================================+========================+======================|
|   0  Quadro RTX 8000                On  |   00000000:C3:00.0 Off |                    0 |
| 33%   31C    P2             62W /  260W |       1MiB /  46080MiB |      3%      Default |
|                                         |                        |                  N/A |
+-----------------------------------------+------------------------+----------------------+

+-----------------------------------------------------------------------------------------+
| Processes:                                                                              |
|  GPU   GI   CI              PID   Type   Process name                        GPU Memory |
|        ID   ID                                                               Usage      |
|=========================================================================================|
|  No running processes found                                                             |
+-----------------------------------------------------------------------------------------+
