step 100  mean_loss_last_100: 0.30140  trial_acc (50 trials): 0.4600
step 200  mean_loss_last_100: 0.24527  trial_acc (50 trials): 0.4600
step 300  mean_loss_last_100: 0.23915  trial_acc (50 trials): 0.5200
step 400  mean_loss_last_100: 0.23649  trial_acc (50 trials): 0.4800
step 500  mean_loss_last_100: 0.23545  trial_acc (50 trials): 0.4400
step 600  mean_loss_last_100: 0.23480  trial_acc (50 trials): 0.4800
step 700  mean_loss_last_100: 0.23394  trial_acc (50 trials): 0.5600
step 800  mean_loss_last_100: 0.23396  trial_acc (50 trials): 0.5000
step 900  mean_loss_last_100: 0.23364  trial_acc (50 trials): 0.4800
step 1000  mean_loss_last_100: 0.23301  trial_acc (50 trials): 0.6800
step 1100  mean_loss_last_100: 0.23306  trial_acc (50 trials): 0.5800
step 1200  mean_loss_last_100: 0.23301  trial_acc (50 trials): 0.3400
step 1300  mean_loss_last_100: 0.23253  trial_acc (50 trials): 0.4400
step 1400  mean_loss_last_100: 0.23275  trial_acc (50 trials): 0.5600
step 1500  mean_loss_last_100: 0.23261  trial_acc (50 trials): 0.4200
step 1600  mean_loss_last_100: 0.23218  trial_acc (50 trials): 0.5000
step 1700  mean_loss_last_100: 0.23251  trial_acc (50 trials): 0.5200
step 1800  mean_loss_last_100: 0.23243  trial_acc (50 trials): 0.4000
step 1900  mean_loss_last_100: 0.23203  trial_acc (50 trials): 0.5200
step 2000  mean_loss_last_100: 0.23238  trial_acc (50 trials): 0.5200
Finished training.

======== GPU REPORT ========

==============NVSMI LOG==============

Timestamp                                 : Fri May  1 15:31:34 2026
Driver Version                            : 580.95.05
CUDA Version                              : 13.0

Attached GPUs                             : 1
GPU 00000000:C3:00.0
    Accounting Mode                       : Enabled
    Accounting Mode Buffer Size           : 4000
    Accounted Processes
        Process ID                        : 1327515
            GPU Utilization               : 4 %
            Memory Utilization            : 0 %
            Max memory usage              : 264 MiB
            Time                          : 81074 ms
            Is Running                    : 0

Fri May  1 15:31:34 2026       
+-----------------------------------------------------------------------------------------+
| NVIDIA-SMI 580.95.05              Driver Version: 580.95.05      CUDA Version: 13.0     |
+-----------------------------------------+------------------------+----------------------+
| GPU  Name                 Persistence-M | Bus-Id          Disp.A | Volatile Uncorr. ECC |
| Fan  Temp   Perf          Pwr:Usage/Cap |           Memory-Usage | GPU-Util  Compute M. |
|                                         |                        |               MIG M. |
|=========================================+========================+======================|
|   0  Quadro RTX 8000                On  |   00000000:C3:00.0 Off |                  N/A |
| 33%   31C    P2             70W /  260W |       1MiB /  46080MiB |      3%      Default |
|                                         |                        |                  N/A |
+-----------------------------------------+------------------------+----------------------+

+-----------------------------------------------------------------------------------------+
| Processes:                                                                              |
|  GPU   GI   CI              PID   Type   Process name                        GPU Memory |
|        ID   ID                                                               Usage      |
|=========================================================================================|
|  No running processes found                                                             |
+-----------------------------------------------------------------------------------------+
