step 100  mean_loss_last_100: 0.07347  trial_acc (50 trials): 0.7400
step 200  mean_loss_last_100: 0.03591  trial_acc (50 trials): 0.8400
step 300  mean_loss_last_100: 0.03170  trial_acc (50 trials): 0.8600
step 400  mean_loss_last_100: 0.02921  trial_acc (50 trials): 0.8200
step 500  mean_loss_last_100: 0.02670  trial_acc (50 trials): 0.8200
step 600  mean_loss_last_100: 0.02463  trial_acc (50 trials): 0.8200
step 700  mean_loss_last_100: 0.02243  trial_acc (50 trials): 0.7800
step 800  mean_loss_last_100: 0.02042  trial_acc (50 trials): 0.8000
step 900  mean_loss_last_100: 0.01893  trial_acc (50 trials): 0.8400
step 1000  mean_loss_last_100: 0.01713  trial_acc (50 trials): 0.8600
step 1100  mean_loss_last_100: 0.01742  trial_acc (50 trials): 0.8000
step 1200  mean_loss_last_100: 0.01668  trial_acc (50 trials): 0.8600
step 1300  mean_loss_last_100: 0.01616  trial_acc (50 trials): 0.8400
step 1400  mean_loss_last_100: 0.01624  trial_acc (50 trials): 0.8600
step 1500  mean_loss_last_100: 0.01588  trial_acc (50 trials): 0.8600
step 1600  mean_loss_last_100: 0.01575  trial_acc (50 trials): 0.7800
step 1700  mean_loss_last_100: 0.01594  trial_acc (50 trials): 0.7600
step 1800  mean_loss_last_100: 0.01521  trial_acc (50 trials): 0.8800
step 1900  mean_loss_last_100: 0.01537  trial_acc (50 trials): 0.8800
step 2000  mean_loss_last_100: 0.01503  trial_acc (50 trials): 0.8800
Finished training.

======== GPU REPORT ========

==============NVSMI LOG==============

Timestamp                                 : Fri May  1 15:12:46 2026
Driver Version                            : 580.95.05
CUDA Version                              : 13.0

Attached GPUs                             : 1
GPU 00000000:27:00.0
    Accounting Mode                       : Enabled
    Accounting Mode Buffer Size           : 4000
    Accounted Processes
        Process ID                        : 3706358
            GPU Utilization               : 4 %
            Memory Utilization            : 0 %
            Max memory usage              : 264 MiB
            Time                          : 96233 ms
            Is Running                    : 0

Fri May  1 15:12:46 2026       
+-----------------------------------------------------------------------------------------+
| NVIDIA-SMI 580.95.05              Driver Version: 580.95.05      CUDA Version: 13.0     |
+-----------------------------------------+------------------------+----------------------+
| GPU  Name                 Persistence-M | Bus-Id          Disp.A | Volatile Uncorr. ECC |
| Fan  Temp   Perf          Pwr:Usage/Cap |           Memory-Usage | GPU-Util  Compute M. |
|                                         |                        |               MIG M. |
|=========================================+========================+======================|
|   0  Quadro RTX 8000                On  |   00000000:27:00.0 Off |                    0 |
| 36%   45C    P2             74W /  260W |       1MiB /  46080MiB |      4%      Default |
|                                         |                        |                  N/A |
+-----------------------------------------+------------------------+----------------------+

+-----------------------------------------------------------------------------------------+
| Processes:                                                                              |
|  GPU   GI   CI              PID   Type   Process name                        GPU Memory |
|        ID   ID                                                               Usage      |
|=========================================================================================|
|  No running processes found                                                             |
+-----------------------------------------------------------------------------------------+
