step 100  mean_loss_last_100: 0.35293  trial_acc (50 trials): 0.0000
step 200  mean_loss_last_100: 0.16627  trial_acc (50 trials): 0.0000
step 300  mean_loss_last_100: 0.13018  trial_acc (50 trials): 0.0000
step 400  mean_loss_last_100: 0.10536  trial_acc (50 trials): 0.3400
step 500  mean_loss_last_100: 0.08891  trial_acc (50 trials): 0.4200
step 600  mean_loss_last_100: 0.07798  trial_acc (50 trials): 0.4200
step 700  mean_loss_last_100: 0.06938  trial_acc (50 trials): 0.5000
step 800  mean_loss_last_100: 0.06297  trial_acc (50 trials): 0.5800
step 900  mean_loss_last_100: 0.05693  trial_acc (50 trials): 0.5800
step 1000  mean_loss_last_100: 0.05300  trial_acc (50 trials): 0.6800
step 1100  mean_loss_last_100: 0.04994  trial_acc (50 trials): 0.7000
step 1200  mean_loss_last_100: 0.04696  trial_acc (50 trials): 0.8400
step 1300  mean_loss_last_100: 0.04460  trial_acc (50 trials): 0.7600
step 1400  mean_loss_last_100: 0.04215  trial_acc (50 trials): 0.7000
step 1500  mean_loss_last_100: 0.04067  trial_acc (50 trials): 0.7000
step 1600  mean_loss_last_100: 0.03848  trial_acc (50 trials): 0.8200
step 1700  mean_loss_last_100: 0.03692  trial_acc (50 trials): 0.8200
step 1800  mean_loss_last_100: 0.03626  trial_acc (50 trials): 0.7800
step 1900  mean_loss_last_100: 0.03500  trial_acc (50 trials): 0.8400
step 2000  mean_loss_last_100: 0.03399  trial_acc (50 trials): 0.8200
Finished training.

======== GPU REPORT ========

==============NVSMI LOG==============

Timestamp                                 : Fri May  1 15:16:13 2026
Driver Version                            : 580.95.05
CUDA Version                              : 13.0

Attached GPUs                             : 1
GPU 00000000:3A:00.0
    Accounting Mode                       : Enabled
    Accounting Mode Buffer Size           : 4000
    Accounted Processes
        Process ID                        : 310288
            GPU Utilization               : 15 %
            Memory Utilization            : 0 %
            Max memory usage              : 232 MiB
            Time                          : 325410 ms
            Is Running                    : 0

Fri May  1 15:16:13 2026       
+-----------------------------------------------------------------------------------------+
| NVIDIA-SMI 580.95.05              Driver Version: 580.95.05      CUDA Version: 13.0     |
+-----------------------------------------+------------------------+----------------------+
| GPU  Name                 Persistence-M | Bus-Id          Disp.A | Volatile Uncorr. ECC |
| Fan  Temp   Perf          Pwr:Usage/Cap |           Memory-Usage | GPU-Util  Compute M. |
|                                         |                        |               MIG M. |
|=========================================+========================+======================|
|   0  Quadro RTX 8000                On  |   00000000:3A:00.0 Off |                    0 |
| 33%   31C    P2             62W /  260W |       1MiB /  46080MiB |      3%      Default |
|                                         |                        |                  N/A |
+-----------------------------------------+------------------------+----------------------+

+-----------------------------------------------------------------------------------------+
| Processes:                                                                              |
|  GPU   GI   CI              PID   Type   Process name                        GPU Memory |
|        ID   ID                                                               Usage      |
|=========================================================================================|
|  No running processes found                                                             |
+-----------------------------------------------------------------------------------------+
