step 100  mean_loss_last_100: 0.22271  trial_acc (50 trials): 0.0000
step 200  mean_loss_last_100: 0.11463  trial_acc (50 trials): 0.0000
step 300  mean_loss_last_100: 0.07969  trial_acc (50 trials): 0.5600
step 400  mean_loss_last_100: 0.06079  trial_acc (50 trials): 0.5000
step 500  mean_loss_last_100: 0.05093  trial_acc (50 trials): 0.7600
step 600  mean_loss_last_100: 0.04520  trial_acc (50 trials): 0.8400
step 700  mean_loss_last_100: 0.04121  trial_acc (50 trials): 0.8000
step 800  mean_loss_last_100: 0.03815  trial_acc (50 trials): 0.8200
step 900  mean_loss_last_100: 0.03568  trial_acc (50 trials): 0.8600
step 1000  mean_loss_last_100: 0.03320  trial_acc (50 trials): 0.8600
step 1100  mean_loss_last_100: 0.03097  trial_acc (50 trials): 0.9200
step 1200  mean_loss_last_100: 0.02897  trial_acc (50 trials): 0.9000
step 1300  mean_loss_last_100: 0.02629  trial_acc (50 trials): 0.8600
step 1400  mean_loss_last_100: 0.02369  trial_acc (50 trials): 0.8400
step 1500  mean_loss_last_100: 0.02177  trial_acc (50 trials): 0.9800
step 1600  mean_loss_last_100: 0.02020  trial_acc (50 trials): 0.9200
step 1700  mean_loss_last_100: 0.01905  trial_acc (50 trials): 0.9400
step 1800  mean_loss_last_100: 0.01839  trial_acc (50 trials): 0.9000
step 1900  mean_loss_last_100: 0.01789  trial_acc (50 trials): 0.9000
step 2000  mean_loss_last_100: 0.01707  trial_acc (50 trials): 0.8800
Finished training.

======== GPU REPORT ========

==============NVSMI LOG==============

Timestamp                                 : Fri May  1 15:17:46 2026
Driver Version                            : 580.95.05
CUDA Version                              : 13.0

Attached GPUs                             : 1
GPU 00000000:28:00.0
    Accounting Mode                       : Enabled
    Accounting Mode Buffer Size           : 4000
    Accounted Processes
        Process ID                        : 3706355
            GPU Utilization               : 12 %
            Memory Utilization            : 0 %
            Max memory usage              : 232 MiB
            Time                          : 397003 ms
            Is Running                    : 0

Fri May  1 15:17:46 2026       
+-----------------------------------------------------------------------------------------+
| NVIDIA-SMI 580.95.05              Driver Version: 580.95.05      CUDA Version: 13.0     |
+-----------------------------------------+------------------------+----------------------+
| GPU  Name                 Persistence-M | Bus-Id          Disp.A | Volatile Uncorr. ECC |
| Fan  Temp   Perf          Pwr:Usage/Cap |           Memory-Usage | GPU-Util  Compute M. |
|                                         |                        |               MIG M. |
|=========================================+========================+======================|
|   0  Quadro RTX 8000                On  |   00000000:28:00.0 Off |                    0 |
| 33%   44C    P2             74W /  260W |       1MiB /  46080MiB |      3%      Default |
|                                         |                        |                  N/A |
+-----------------------------------------+------------------------+----------------------+

+-----------------------------------------------------------------------------------------+
| Processes:                                                                              |
|  GPU   GI   CI              PID   Type   Process name                        GPU Memory |
|        ID   ID                                                               Usage      |
|=========================================================================================|
|  No running processes found                                                             |
+-----------------------------------------------------------------------------------------+
