step 100  mean_loss_last_100: 1.64732  trial_acc (50 trials): 0.0000
step 200  mean_loss_last_100: 1.19277  trial_acc (50 trials): 0.0400
step 300  mean_loss_last_100: 1.05571  trial_acc (50 trials): 0.0400
step 400  mean_loss_last_100: 0.97992  trial_acc (50 trials): 0.1200
step 500  mean_loss_last_100: 0.92001  trial_acc (50 trials): 0.0600
step 600  mean_loss_last_100: 0.87413  trial_acc (50 trials): 0.2200
step 700  mean_loss_last_100: 0.83516  trial_acc (50 trials): 0.1200
step 800  mean_loss_last_100: 0.80110  trial_acc (50 trials): 0.3200
step 900  mean_loss_last_100: 0.76925  trial_acc (50 trials): 0.2200
step 1000  mean_loss_last_100: 0.74315  trial_acc (50 trials): 0.3400
step 1100  mean_loss_last_100: 0.71583  trial_acc (50 trials): 0.2800
step 1200  mean_loss_last_100: 0.68745  trial_acc (50 trials): 0.2200
step 1300  mean_loss_last_100: 0.66859  trial_acc (50 trials): 0.3200
step 1400  mean_loss_last_100: 0.64603  trial_acc (50 trials): 0.4400
step 1500  mean_loss_last_100: 0.62533  trial_acc (50 trials): 0.4400
step 1600  mean_loss_last_100: 0.61007  trial_acc (50 trials): 0.4600
step 1700  mean_loss_last_100: 0.59324  trial_acc (50 trials): 0.4600
step 1800  mean_loss_last_100: 0.57480  trial_acc (50 trials): 0.4600
step 1900  mean_loss_last_100: 0.55703  trial_acc (50 trials): 0.5800
step 2000  mean_loss_last_100: 0.54118  trial_acc (50 trials): 0.5600
Finished training.

======== GPU REPORT ========

==============NVSMI LOG==============

Timestamp                                 : Fri May  1 15:42:13 2026
Driver Version                            : 580.95.05
CUDA Version                              : 13.0

Attached GPUs                             : 1
GPU 00000000:89:00.0
    Accounting Mode                       : Enabled
    Accounting Mode Buffer Size           : 4000
    Accounted Processes
        Process ID                        : 4119857
            GPU Utilization               : 12 %
            Memory Utilization            : 0 %
            Max memory usage              : 232 MiB
            Time                          : 315971 ms
            Is Running                    : 0

Fri May  1 15:42:14 2026       
+-----------------------------------------------------------------------------------------+
| NVIDIA-SMI 580.95.05              Driver Version: 580.95.05      CUDA Version: 13.0     |
+-----------------------------------------+------------------------+----------------------+
| GPU  Name                 Persistence-M | Bus-Id          Disp.A | Volatile Uncorr. ECC |
| Fan  Temp   Perf          Pwr:Usage/Cap |           Memory-Usage | GPU-Util  Compute M. |
|                                         |                        |               MIG M. |
|=========================================+========================+======================|
|   0  Quadro RTX 8000                On  |   00000000:89:00.0 Off |                    0 |
| 33%   34C    P2             78W /  260W |       1MiB /  46080MiB |      3%      Default |
|                                         |                        |                  N/A |
+-----------------------------------------+------------------------+----------------------+

+-----------------------------------------------------------------------------------------+
| Processes:                                                                              |
|  GPU   GI   CI              PID   Type   Process name                        GPU Memory |
|        ID   ID                                                               Usage      |
|=========================================================================================|
|  No running processes found                                                             |
+-----------------------------------------------------------------------------------------+
