step 100  mean_loss_last_100: 1.53761  trial_acc (50 trials): 0.0000
step 200  mean_loss_last_100: 1.09742  trial_acc (50 trials): 0.0200
step 300  mean_loss_last_100: 1.05705  trial_acc (50 trials): 0.0000
step 400  mean_loss_last_100: 1.03997  trial_acc (50 trials): 0.0400
step 500  mean_loss_last_100: 1.02713  trial_acc (50 trials): 0.0000
step 600  mean_loss_last_100: 1.01299  trial_acc (50 trials): 0.0400
step 700  mean_loss_last_100: 0.99628  trial_acc (50 trials): 0.0200
step 800  mean_loss_last_100: 0.97049  trial_acc (50 trials): 0.0600
step 900  mean_loss_last_100: 0.93352  trial_acc (50 trials): 0.1400
step 1000  mean_loss_last_100: 0.88895  trial_acc (50 trials): 0.1400
step 1100  mean_loss_last_100: 0.83913  trial_acc (50 trials): 0.1400
step 1200  mean_loss_last_100: 0.79805  trial_acc (50 trials): 0.2800
step 1300  mean_loss_last_100: 0.76245  trial_acc (50 trials): 0.4600
step 1400  mean_loss_last_100: 0.73418  trial_acc (50 trials): 0.2800
step 1500  mean_loss_last_100: 0.70800  trial_acc (50 trials): 0.3800
step 1600  mean_loss_last_100: 0.68543  trial_acc (50 trials): 0.3800
step 1700  mean_loss_last_100: 0.66354  trial_acc (50 trials): 0.3000
step 1800  mean_loss_last_100: 0.64447  trial_acc (50 trials): 0.3400
step 1900  mean_loss_last_100: 0.62570  trial_acc (50 trials): 0.3000
step 2000  mean_loss_last_100: 0.60831  trial_acc (50 trials): 0.4600
Finished training.

======== GPU REPORT ========

==============NVSMI LOG==============

Timestamp                                 : Fri May  1 15:38:53 2026
Driver Version                            : 580.95.05
CUDA Version                              : 13.0

Attached GPUs                             : 1
GPU 00000000:27:00.0
    Accounting Mode                       : Enabled
    Accounting Mode Buffer Size           : 4000
    Accounted Processes
        Process ID                        : 695889
            GPU Utilization               : 3 %
            Memory Utilization            : 0 %
            Max memory usage              : 266 MiB
            Time                          : 113623 ms
            Is Running                    : 0

Fri May  1 15:38:53 2026       
+-----------------------------------------------------------------------------------------+
| NVIDIA-SMI 580.95.05              Driver Version: 580.95.05      CUDA Version: 13.0     |
+-----------------------------------------+------------------------+----------------------+
| GPU  Name                 Persistence-M | Bus-Id          Disp.A | Volatile Uncorr. ECC |
| Fan  Temp   Perf          Pwr:Usage/Cap |           Memory-Usage | GPU-Util  Compute M. |
|                                         |                        |               MIG M. |
|=========================================+========================+======================|
|   0  Quadro RTX 8000                On  |   00000000:27:00.0 Off |                    0 |
| 35%   44C    P2             70W /  260W |       1MiB /  46080MiB |      4%      Default |
|                                         |                        |                  N/A |
+-----------------------------------------+------------------------+----------------------+

+-----------------------------------------------------------------------------------------+
| Processes:                                                                              |
|  GPU   GI   CI              PID   Type   Process name                        GPU Memory |
|        ID   ID                                                               Usage      |
|=========================================================================================|
|  No running processes found                                                             |
+-----------------------------------------------------------------------------------------+
