step 100  mean_loss_last_100: 1.71250  trial_acc (50 trials): 0.0000
step 200  mean_loss_last_100: 1.34450  trial_acc (50 trials): 0.0000
step 300  mean_loss_last_100: 1.16449  trial_acc (50 trials): 0.0000
step 400  mean_loss_last_100: 1.07106  trial_acc (50 trials): 0.0000
step 500  mean_loss_last_100: 1.00913  trial_acc (50 trials): 0.0000
step 600  mean_loss_last_100: 0.96381  trial_acc (50 trials): 0.0200
step 700  mean_loss_last_100: 0.92049  trial_acc (50 trials): 0.0600
step 800  mean_loss_last_100: 0.88815  trial_acc (50 trials): 0.0800
step 900  mean_loss_last_100: 0.85467  trial_acc (50 trials): 0.2200
step 1000  mean_loss_last_100: 0.82354  trial_acc (50 trials): 0.1200
step 1100  mean_loss_last_100: 0.80036  trial_acc (50 trials): 0.2000
step 1200  mean_loss_last_100: 0.77478  trial_acc (50 trials): 0.1600
step 1300  mean_loss_last_100: 0.74976  trial_acc (50 trials): 0.1000
step 1400  mean_loss_last_100: 0.73004  trial_acc (50 trials): 0.0400
step 1500  mean_loss_last_100: 0.71051  trial_acc (50 trials): 0.1600
step 1600  mean_loss_last_100: 0.69219  trial_acc (50 trials): 0.3200
step 1700  mean_loss_last_100: 0.67413  trial_acc (50 trials): 0.1800
step 1800  mean_loss_last_100: 0.65505  trial_acc (50 trials): 0.2800
step 1900  mean_loss_last_100: 0.63779  trial_acc (50 trials): 0.2800
step 2000  mean_loss_last_100: 0.62565  trial_acc (50 trials): 0.2600
Finished training.

======== GPU REPORT ========

==============NVSMI LOG==============

Timestamp                                 : Fri May  1 15:43:00 2026
Driver Version                            : 580.95.05
CUDA Version                              : 13.0

Attached GPUs                             : 1
GPU 00000000:C4:00.0
    Accounting Mode                       : Enabled
    Accounting Mode Buffer Size           : 4000
    Accounted Processes
        Process ID                        : 695884
            GPU Utilization               : 11 %
            Memory Utilization            : 0 %
            Max memory usage              : 232 MiB
            Time                          : 361124 ms
            Is Running                    : 0

Fri May  1 15:43:00 2026       
+-----------------------------------------------------------------------------------------+
| NVIDIA-SMI 580.95.05              Driver Version: 580.95.05      CUDA Version: 13.0     |
+-----------------------------------------+------------------------+----------------------+
| GPU  Name                 Persistence-M | Bus-Id          Disp.A | Volatile Uncorr. ECC |
| Fan  Temp   Perf          Pwr:Usage/Cap |           Memory-Usage | GPU-Util  Compute M. |
|                                         |                        |               MIG M. |
|=========================================+========================+======================|
|   0  Quadro RTX 8000                On  |   00000000:C4:00.0 Off |                    0 |
| 33%   31C    P2             73W /  260W |       1MiB /  46080MiB |      3%      Default |
|                                         |                        |                  N/A |
+-----------------------------------------+------------------------+----------------------+

+-----------------------------------------------------------------------------------------+
| Processes:                                                                              |
|  GPU   GI   CI              PID   Type   Process name                        GPU Memory |
|        ID   ID                                                               Usage      |
|=========================================================================================|
|  No running processes found                                                             |
+-----------------------------------------------------------------------------------------+
