step 100  mean_loss_last_100: 0.13890  trial_acc (50 trials): 1.0000
step 200  mean_loss_last_100: 0.05789  trial_acc (50 trials): 1.0000
step 300  mean_loss_last_100: 0.04229  trial_acc (50 trials): 1.0000
step 400  mean_loss_last_100: 0.03630  trial_acc (50 trials): 1.0000
step 500  mean_loss_last_100: 0.03363  trial_acc (50 trials): 1.0000
step 600  mean_loss_last_100: 0.03131  trial_acc (50 trials): 1.0000
step 700  mean_loss_last_100: 0.03011  trial_acc (50 trials): 1.0000
step 800  mean_loss_last_100: 0.02907  trial_acc (50 trials): 1.0000
step 900  mean_loss_last_100: 0.02877  trial_acc (50 trials): 1.0000
step 1000  mean_loss_last_100: 0.02820  trial_acc (50 trials): 1.0000
step 1100  mean_loss_last_100: 0.02744  trial_acc (50 trials): 1.0000
step 1200  mean_loss_last_100: 0.02747  trial_acc (50 trials): 1.0000
step 1300  mean_loss_last_100: 0.02673  trial_acc (50 trials): 1.0000
step 1400  mean_loss_last_100: 0.02674  trial_acc (50 trials): 1.0000
step 1500  mean_loss_last_100: 0.02666  trial_acc (50 trials): 1.0000
step 1600  mean_loss_last_100: 0.02617  trial_acc (50 trials): 1.0000
step 1700  mean_loss_last_100: 0.02631  trial_acc (50 trials): 1.0000
step 1800  mean_loss_last_100: 0.02613  trial_acc (50 trials): 1.0000
step 1900  mean_loss_last_100: 0.02569  trial_acc (50 trials): 1.0000
step 2000  mean_loss_last_100: 0.02546  trial_acc (50 trials): 1.0000
Finished training.

======== GPU REPORT ========

==============NVSMI LOG==============

Timestamp                                 : Fri May  1 15:34:36 2026
Driver Version                            : 580.95.05
CUDA Version                              : 13.0

Attached GPUs                             : 1
GPU 00000000:B1:00.0
    Accounting Mode                       : Enabled
    Accounting Mode Buffer Size           : 4000
    Accounted Processes
        Process ID                        : 3762275
            GPU Utilization               : 14 %
            Memory Utilization            : 0 %
            Max memory usage              : 232 MiB
            Time                          : 276077 ms
            Is Running                    : 0

Fri May  1 15:34:36 2026       
+-----------------------------------------------------------------------------------------+
| NVIDIA-SMI 580.95.05              Driver Version: 580.95.05      CUDA Version: 13.0     |
+-----------------------------------------+------------------------+----------------------+
| GPU  Name                 Persistence-M | Bus-Id          Disp.A | Volatile Uncorr. ECC |
| Fan  Temp   Perf          Pwr:Usage/Cap |           Memory-Usage | GPU-Util  Compute M. |
|                                         |                        |               MIG M. |
|=========================================+========================+======================|
|   0  Quadro RTX 8000                On  |   00000000:B1:00.0 Off |                    0 |
| 34%   27C    P2             66W /  260W |       1MiB /  46080MiB |      3%      Default |
|                                         |                        |                  N/A |
+-----------------------------------------+------------------------+----------------------+

+-----------------------------------------------------------------------------------------+
| Processes:                                                                              |
|  GPU   GI   CI              PID   Type   Process name                        GPU Memory |
|        ID   ID                                                               Usage      |
|=========================================================================================|
|  No running processes found                                                             |
+-----------------------------------------------------------------------------------------+
