step 100  mean_loss_last_100: 0.47333  trial_acc (50 trials): 0.4200
step 200  mean_loss_last_100: 0.27935  trial_acc (50 trials): 0.3800
step 300  mean_loss_last_100: 0.24357  trial_acc (50 trials): 0.5600
step 400  mean_loss_last_100: 0.22560  trial_acc (50 trials): 0.6800
step 500  mean_loss_last_100: 0.21285  trial_acc (50 trials): 0.5600
step 600  mean_loss_last_100: 0.20458  trial_acc (50 trials): 0.5400
step 700  mean_loss_last_100: 0.19526  trial_acc (50 trials): 0.7000
step 800  mean_loss_last_100: 0.18519  trial_acc (50 trials): 0.7600
step 900  mean_loss_last_100: 0.17241  trial_acc (50 trials): 0.7600
step 1000  mean_loss_last_100: 0.14659  trial_acc (50 trials): 0.9800
step 1100  mean_loss_last_100: 0.11673  trial_acc (50 trials): 1.0000
step 1200  mean_loss_last_100: 0.09556  trial_acc (50 trials): 1.0000
step 1300  mean_loss_last_100: 0.08527  trial_acc (50 trials): 1.0000
step 1400  mean_loss_last_100: 0.07836  trial_acc (50 trials): 1.0000
step 1500  mean_loss_last_100: 0.07484  trial_acc (50 trials): 1.0000
step 1600  mean_loss_last_100: 0.06865  trial_acc (50 trials): 1.0000
step 1700  mean_loss_last_100: 0.06736  trial_acc (50 trials): 1.0000
step 1800  mean_loss_last_100: 0.06411  trial_acc (50 trials): 1.0000
step 1900  mean_loss_last_100: 0.06770  trial_acc (50 trials): 1.0000
step 2000  mean_loss_last_100: 0.06267  trial_acc (50 trials): 1.0000
Finished training.

======== GPU REPORT ========

==============NVSMI LOG==============

Timestamp                                 : Fri May  1 15:31:05 2026
Driver Version                            : 580.95.05
CUDA Version                              : 13.0

Attached GPUs                             : 1
GPU 00000000:C3:00.0
    Accounting Mode                       : Enabled
    Accounting Mode Buffer Size           : 4000
    Accounted Processes
        Process ID                        : 3708966
            GPU Utilization               : 13 %
            Memory Utilization            : 0 %
            Max memory usage              : 232 MiB
            Time                          : 487280 ms
            Is Running                    : 0

Fri May  1 15:31:05 2026       
+-----------------------------------------------------------------------------------------+
| NVIDIA-SMI 580.95.05              Driver Version: 580.95.05      CUDA Version: 13.0     |
+-----------------------------------------+------------------------+----------------------+
| GPU  Name                 Persistence-M | Bus-Id          Disp.A | Volatile Uncorr. ECC |
| Fan  Temp   Perf          Pwr:Usage/Cap |           Memory-Usage | GPU-Util  Compute M. |
|                                         |                        |               MIG M. |
|=========================================+========================+======================|
|   0  Quadro RTX 8000                On  |   00000000:C3:00.0 Off |                    0 |
| 34%   43C    P2             74W /  260W |       1MiB /  46080MiB |      3%      Default |
|                                         |                        |                  N/A |
+-----------------------------------------+------------------------+----------------------+

+-----------------------------------------------------------------------------------------+
| Processes:                                                                              |
|  GPU   GI   CI              PID   Type   Process name                        GPU Memory |
|        ID   ID                                                               Usage      |
|=========================================================================================|
|  No running processes found                                                             |
+-----------------------------------------------------------------------------------------+
