step 100  mean_loss_last_100: 0.27400  trial_acc (50 trials): 0.0000
step 200  mean_loss_last_100: 0.23530  trial_acc (50 trials): 0.0000
step 300  mean_loss_last_100: 0.20756  trial_acc (50 trials): 0.0000
step 400  mean_loss_last_100: 0.18462  trial_acc (50 trials): 0.0000
step 500  mean_loss_last_100: 0.16284  trial_acc (50 trials): 0.0000
step 600  mean_loss_last_100: 0.14596  trial_acc (50 trials): 0.0000
step 700  mean_loss_last_100: 0.13150  trial_acc (50 trials): 0.0000
step 800  mean_loss_last_100: 0.11820  trial_acc (50 trials): 0.0000
step 900  mean_loss_last_100: 0.10684  trial_acc (50 trials): 0.0400
step 1000  mean_loss_last_100: 0.09755  trial_acc (50 trials): 0.0000
step 1100  mean_loss_last_100: 0.08953  trial_acc (50 trials): 0.1600
step 1200  mean_loss_last_100: 0.08326  trial_acc (50 trials): 0.2600
step 1300  mean_loss_last_100: 0.07778  trial_acc (50 trials): 0.4600
step 1400  mean_loss_last_100: 0.07355  trial_acc (50 trials): 0.4600
step 1500  mean_loss_last_100: 0.06932  trial_acc (50 trials): 0.5600
step 1600  mean_loss_last_100: 0.06581  trial_acc (50 trials): 0.3400
step 1700  mean_loss_last_100: 0.06373  trial_acc (50 trials): 0.4400
step 1800  mean_loss_last_100: 0.06086  trial_acc (50 trials): 0.4800
step 1900  mean_loss_last_100: 0.05867  trial_acc (50 trials): 0.4400
step 2000  mean_loss_last_100: 0.05716  trial_acc (50 trials): 0.6000
Finished training.

======== GPU REPORT ========

==============NVSMI LOG==============

Timestamp                                 : Fri May  1 15:52:12 2026
Driver Version                            : 580.95.05
CUDA Version                              : 13.0

Attached GPUs                             : 1
GPU 00000000:27:00.0
    Accounting Mode                       : Enabled
    Accounting Mode Buffer Size           : 4000
    Accounted Processes
        Process ID                        : 1890944
            GPU Utilization               : 12 %
            Memory Utilization            : 0 %
            Max memory usage              : 232 MiB
            Time                          : 375009 ms
            Is Running                    : 0

Fri May  1 15:52:12 2026       
+-----------------------------------------------------------------------------------------+
| NVIDIA-SMI 580.95.05              Driver Version: 580.95.05      CUDA Version: 13.0     |
+-----------------------------------------+------------------------+----------------------+
| GPU  Name                 Persistence-M | Bus-Id          Disp.A | Volatile Uncorr. ECC |
| Fan  Temp   Perf          Pwr:Usage/Cap |           Memory-Usage | GPU-Util  Compute M. |
|                                         |                        |               MIG M. |
|=========================================+========================+======================|
|   0  Quadro RTX 8000                On  |   00000000:27:00.0 Off |                    0 |
| 33%   43C    P2             69W /  260W |       1MiB /  46080MiB |      3%      Default |
|                                         |                        |                  N/A |
+-----------------------------------------+------------------------+----------------------+

+-----------------------------------------------------------------------------------------+
| Processes:                                                                              |
|  GPU   GI   CI              PID   Type   Process name                        GPU Memory |
|        ID   ID                                                               Usage      |
|=========================================================================================|
|  No running processes found                                                             |
+-----------------------------------------------------------------------------------------+
