step 100  mean_loss_last_100: 1.32258  trial_acc (50 trials): 0.0200
step 200  mean_loss_last_100: 1.05470  trial_acc (50 trials): 0.0600
step 300  mean_loss_last_100: 1.01785  trial_acc (50 trials): 0.0800
step 400  mean_loss_last_100: 0.96687  trial_acc (50 trials): 0.0800
step 500  mean_loss_last_100: 0.89386  trial_acc (50 trials): 0.0800
step 600  mean_loss_last_100: 0.82971  trial_acc (50 trials): 0.2000
step 700  mean_loss_last_100: 0.77307  trial_acc (50 trials): 0.2800
step 800  mean_loss_last_100: 0.72535  trial_acc (50 trials): 0.2600
step 900  mean_loss_last_100: 0.68248  trial_acc (50 trials): 0.2800
step 1000  mean_loss_last_100: 0.64762  trial_acc (50 trials): 0.3200
step 1100  mean_loss_last_100: 0.61390  trial_acc (50 trials): 0.5200
step 1200  mean_loss_last_100: 0.58840  trial_acc (50 trials): 0.5400
step 1300  mean_loss_last_100: 0.56299  trial_acc (50 trials): 0.6200
step 1400  mean_loss_last_100: 0.54302  trial_acc (50 trials): 0.5600
step 1500  mean_loss_last_100: 0.52200  trial_acc (50 trials): 0.5000
step 1600  mean_loss_last_100: 0.50629  trial_acc (50 trials): 0.3400
step 1700  mean_loss_last_100: 0.48946  trial_acc (50 trials): 0.5800
step 1800  mean_loss_last_100: 0.47258  trial_acc (50 trials): 0.4400
step 1900  mean_loss_last_100: 0.45729  trial_acc (50 trials): 0.5600
step 2000  mean_loss_last_100: 0.44377  trial_acc (50 trials): 0.7000
Finished training.

======== GPU REPORT ========

==============NVSMI LOG==============

Timestamp                                 : Fri May  1 15:39:10 2026
Driver Version                            : 580.95.05
CUDA Version                              : 13.0

Attached GPUs                             : 1
GPU 00000000:44:00.0
    Accounting Mode                       : Enabled
    Accounting Mode Buffer Size           : 4000
    Accounted Processes
        Process ID                        : 4162481
            GPU Utilization               : 3 %
            Memory Utilization            : 0 %
            Max memory usage              : 266 MiB
            Time                          : 118243 ms
            Is Running                    : 0

Fri May  1 15:39:10 2026       
+-----------------------------------------------------------------------------------------+
| NVIDIA-SMI 580.95.05              Driver Version: 580.95.05      CUDA Version: 13.0     |
+-----------------------------------------+------------------------+----------------------+
| GPU  Name                 Persistence-M | Bus-Id          Disp.A | Volatile Uncorr. ECC |
| Fan  Temp   Perf          Pwr:Usage/Cap |           Memory-Usage | GPU-Util  Compute M. |
|                                         |                        |               MIG M. |
|=========================================+========================+======================|
|   0  Quadro RTX 8000                On  |   00000000:44:00.0 Off |                  N/A |
| 33%   39C    P2             62W /  260W |       1MiB /  46080MiB |      4%      Default |
|                                         |                        |                  N/A |
+-----------------------------------------+------------------------+----------------------+

+-----------------------------------------------------------------------------------------+
| Processes:                                                                              |
|  GPU   GI   CI              PID   Type   Process name                        GPU Memory |
|        ID   ID                                                               Usage      |
|=========================================================================================|
|  No running processes found                                                             |
+-----------------------------------------------------------------------------------------+
