step 100  mean_loss_last_100: 0.58898  trial_acc (50 trials): 0.0000
step 200  mean_loss_last_100: 0.27850  trial_acc (50 trials): 0.0000
step 300  mean_loss_last_100: 0.25735  trial_acc (50 trials): 0.0000
step 400  mean_loss_last_100: 0.24148  trial_acc (50 trials): 0.0000
step 500  mean_loss_last_100: 0.22928  trial_acc (50 trials): 0.0000
step 600  mean_loss_last_100: 0.21710  trial_acc (50 trials): 0.0000
step 700  mean_loss_last_100: 0.20579  trial_acc (50 trials): 0.0000
step 800  mean_loss_last_100: 0.19540  trial_acc (50 trials): 0.0000
step 900  mean_loss_last_100: 0.18741  trial_acc (50 trials): 0.0000
step 1000  mean_loss_last_100: 0.17869  trial_acc (50 trials): 0.0000
step 1100  mean_loss_last_100: 0.16965  trial_acc (50 trials): 0.0000
step 1200  mean_loss_last_100: 0.16217  trial_acc (50 trials): 0.0000
step 1300  mean_loss_last_100: 0.15437  trial_acc (50 trials): 0.0000
step 1400  mean_loss_last_100: 0.14802  trial_acc (50 trials): 0.0000
step 1500  mean_loss_last_100: 0.14242  trial_acc (50 trials): 0.0000
step 1600  mean_loss_last_100: 0.13622  trial_acc (50 trials): 0.0000
step 1700  mean_loss_last_100: 0.13076  trial_acc (50 trials): 0.0000
step 1800  mean_loss_last_100: 0.12657  trial_acc (50 trials): 0.0000
step 1900  mean_loss_last_100: 0.12178  trial_acc (50 trials): 0.0000
step 2000  mean_loss_last_100: 0.11713  trial_acc (50 trials): 0.0000
Finished training.

======== GPU REPORT ========

==============NVSMI LOG==============

Timestamp                                 : Fri May  1 15:52:18 2026
Driver Version                            : 580.95.05
CUDA Version                              : 13.0

Attached GPUs                             : 1
GPU 00000000:A4:00.0
    Accounting Mode                       : Enabled
    Accounting Mode Buffer Size           : 4000
    Accounted Processes
        Process ID                        : 697981
            GPU Utilization               : 12 %
            Memory Utilization            : 0 %
            Max memory usage              : 232 MiB
            Time                          : 380652 ms
            Is Running                    : 0

Fri May  1 15:52:18 2026       
+-----------------------------------------------------------------------------------------+
| NVIDIA-SMI 580.95.05              Driver Version: 580.95.05      CUDA Version: 13.0     |
+-----------------------------------------+------------------------+----------------------+
| GPU  Name                 Persistence-M | Bus-Id          Disp.A | Volatile Uncorr. ECC |
| Fan  Temp   Perf          Pwr:Usage/Cap |           Memory-Usage | GPU-Util  Compute M. |
|                                         |                        |               MIG M. |
|=========================================+========================+======================|
|   0  Quadro RTX 8000                On  |   00000000:A4:00.0 Off |                    0 |
| 33%   30C    P2             67W /  260W |       1MiB /  46080MiB |      3%      Default |
|                                         |                        |                  N/A |
+-----------------------------------------+------------------------+----------------------+

+-----------------------------------------------------------------------------------------+
| Processes:                                                                              |
|  GPU   GI   CI              PID   Type   Process name                        GPU Memory |
|        ID   ID                                                               Usage      |
|=========================================================================================|
|  No running processes found                                                             |
+-----------------------------------------------------------------------------------------+
