step 100  mean_loss_last_100: 0.25457  trial_acc (50 trials): 0.5000
step 200  mean_loss_last_100: 0.23637  trial_acc (50 trials): 0.6200
step 300  mean_loss_last_100: 0.23393  trial_acc (50 trials): 0.5600
step 400  mean_loss_last_100: 0.23350  trial_acc (50 trials): 0.5800
step 500  mean_loss_last_100: 0.23310  trial_acc (50 trials): 0.4000
step 600  mean_loss_last_100: 0.23298  trial_acc (50 trials): 0.4800
step 700  mean_loss_last_100: 0.23209  trial_acc (50 trials): 0.5800
step 800  mean_loss_last_100: 0.23190  trial_acc (50 trials): 0.6600
step 900  mean_loss_last_100: 0.23119  trial_acc (50 trials): 0.5800
step 1000  mean_loss_last_100: 0.23008  trial_acc (50 trials): 0.5200
step 1100  mean_loss_last_100: 0.22878  trial_acc (50 trials): 0.5600
step 1200  mean_loss_last_100: 0.22637  trial_acc (50 trials): 0.5600
step 1300  mean_loss_last_100: 0.21294  trial_acc (50 trials): 1.0000
step 1400  mean_loss_last_100: 0.21156  trial_acc (50 trials): 0.5600
step 1500  mean_loss_last_100: 0.09847  trial_acc (50 trials): 1.0000
step 1600  mean_loss_last_100: 0.15006  trial_acc (50 trials): 0.5000
step 1700  mean_loss_last_100: 0.11373  trial_acc (50 trials): 1.0000
step 1800  mean_loss_last_100: 0.04087  trial_acc (50 trials): 1.0000
step 1900  mean_loss_last_100: 0.03852  trial_acc (50 trials): 1.0000
step 2000  mean_loss_last_100: 0.03334  trial_acc (50 trials): 1.0000
Finished training.

======== GPU REPORT ========

==============NVSMI LOG==============

Timestamp                                 : Fri May  1 15:31:36 2026
Driver Version                            : 580.95.05
CUDA Version                              : 13.0

Attached GPUs                             : 1
GPU 00000000:28:00.0
    Accounting Mode                       : Enabled
    Accounting Mode Buffer Size           : 4000
    Accounted Processes
        Process ID                        : 808612
            GPU Utilization               : 4 %
            Memory Utilization            : 0 %
            Max memory usage              : 264 MiB
            Time                          : 84603 ms
            Is Running                    : 0

Fri May  1 15:31:36 2026       
+-----------------------------------------------------------------------------------------+
| NVIDIA-SMI 580.95.05              Driver Version: 580.95.05      CUDA Version: 13.0     |
+-----------------------------------------+------------------------+----------------------+
| GPU  Name                 Persistence-M | Bus-Id          Disp.A | Volatile Uncorr. ECC |
| Fan  Temp   Perf          Pwr:Usage/Cap |           Memory-Usage | GPU-Util  Compute M. |
|                                         |                        |               MIG M. |
|=========================================+========================+======================|
|   0  Quadro RTX 8000                On  |   00000000:28:00.0 Off |                    0 |
| 33%   34C    P2             65W /  260W |       1MiB /  46080MiB |      4%      Default |
|                                         |                        |                  N/A |
+-----------------------------------------+------------------------+----------------------+

+-----------------------------------------------------------------------------------------+
| Processes:                                                                              |
|  GPU   GI   CI              PID   Type   Process name                        GPU Memory |
|        ID   ID                                                               Usage      |
|=========================================================================================|
|  No running processes found                                                             |
+-----------------------------------------------------------------------------------------+
