step 100  mean_loss_last_100: 0.39902  trial_acc (50 trials): 0.4800
step 200  mean_loss_last_100: 0.26728  trial_acc (50 trials): 0.5600
step 300  mean_loss_last_100: 0.23925  trial_acc (50 trials): 0.4000
step 400  mean_loss_last_100: 0.22662  trial_acc (50 trials): 0.4600
step 500  mean_loss_last_100: 0.21845  trial_acc (50 trials): 0.4800
step 600  mean_loss_last_100: 0.21379  trial_acc (50 trials): 0.4400
step 700  mean_loss_last_100: 0.20983  trial_acc (50 trials): 0.4800
step 800  mean_loss_last_100: 0.20671  trial_acc (50 trials): 0.4800
step 900  mean_loss_last_100: 0.20538  trial_acc (50 trials): 0.5000
step 1000  mean_loss_last_100: 0.20354  trial_acc (50 trials): 0.4600
step 1100  mean_loss_last_100: 0.20212  trial_acc (50 trials): 0.5000
step 1200  mean_loss_last_100: 0.20213  trial_acc (50 trials): 0.4600
step 1300  mean_loss_last_100: 0.20072  trial_acc (50 trials): 0.4000
step 1400  mean_loss_last_100: 0.19960  trial_acc (50 trials): 0.5200
step 1500  mean_loss_last_100: 0.19994  trial_acc (50 trials): 0.4400
step 1600  mean_loss_last_100: 0.19927  trial_acc (50 trials): 0.4800
step 1700  mean_loss_last_100: 0.19835  trial_acc (50 trials): 0.5600
step 1800  mean_loss_last_100: 0.19841  trial_acc (50 trials): 0.4800
step 1900  mean_loss_last_100: 0.19797  trial_acc (50 trials): 0.5000
step 2000  mean_loss_last_100: 0.19740  trial_acc (50 trials): 0.4200
Finished training.

======== GPU REPORT ========

==============NVSMI LOG==============

Timestamp                                 : Fri May  1 15:31:04 2026
Driver Version                            : 580.95.05
CUDA Version                              : 13.0

Attached GPUs                             : 1
GPU 00000000:27:00.0
    Accounting Mode                       : Enabled
    Accounting Mode Buffer Size           : 4000
    Accounted Processes
        Process ID                        : 3370371
            GPU Utilization               : 13 %
            Memory Utilization            : 0 %
            Max memory usage              : 232 MiB
            Time                          : 486868 ms
            Is Running                    : 0

Fri May  1 15:31:04 2026       
+-----------------------------------------------------------------------------------------+
| NVIDIA-SMI 580.95.05              Driver Version: 580.95.05      CUDA Version: 13.0     |
+-----------------------------------------+------------------------+----------------------+
| GPU  Name                 Persistence-M | Bus-Id          Disp.A | Volatile Uncorr. ECC |
| Fan  Temp   Perf          Pwr:Usage/Cap |           Memory-Usage | GPU-Util  Compute M. |
|                                         |                        |               MIG M. |
|=========================================+========================+======================|
|   0  Quadro RTX 8000                On  |   00000000:27:00.0 Off |                    0 |
| 35%   59C    P2             87W /  260W |       1MiB /  46080MiB |      3%      Default |
|                                         |                        |                  N/A |
+-----------------------------------------+------------------------+----------------------+

+-----------------------------------------------------------------------------------------+
| Processes:                                                                              |
|  GPU   GI   CI              PID   Type   Process name                        GPU Memory |
|        ID   ID                                                               Usage      |
|=========================================================================================|
|  No running processes found                                                             |
+-----------------------------------------------------------------------------------------+
