warning: `VIRTUAL_ENV=inhibition/.venv` does not match the project environment path `.venv` and will be ignored; use `--active` to target the active environment instead
wandb: [wandb.login()] Loaded credentials for https://api.wandb.ai from /home/mila/r/roy.eyono/.netrc.
wandb: Currently logged in as: royeyono to https://api.wandb.ai. Use `wandb login --relogin` to force relogin
wandb: Tracking run with wandb version 0.25.1
wandb: Run data is saved locally in /home/mila/r/roy.eyono/RNN_EI_Network/wandb/run-20260501_152301-10g3uuof
wandb: Run `wandb offline` to turn off syncing.
wandb: Syncing run ng_9431571_vanilla_25
wandb: ⭐️ View project at https://wandb.ai/royeyono/ng-delaymatchsample-v0
wandb: 🚀 View run at https://wandb.ai/royeyono/ng-delaymatchsample-v0/runs/10g3uuof
wandb: uploading history steps 1498-1869, summary, console lines 14-17
wandb: uploading history steps 1498-1869, summary, console lines 14-17; uploading output.log; uploading wandb-summary.json; uploading config.yaml
wandb: uploading history steps 1498-1869, summary, console lines 14-17
wandb: uploading history steps 1870-1999, summary, console lines 18-20
wandb: 
wandb: Run history:
wandb:    eval/trial_accuracy ▇▂▇▆▃▂▆▅▂▆▅▃▃▃▆▄▃▄▁▅▄▇▃▇▂▇▅▆▆▄▆▄▇█▄▄▅▂▄▅
wandb:  train/loss_batch_mean ▅▃█▂▂█▂▂▆▂▂▇▂▂▇▂▁▇▂▂
wandb: train/loss_window_mean █▂▁▁▁▁▁▁▁▁▁▁▁▁▁▁▁▁▁▁
wandb: 
wandb: Run summary:
wandb:    eval/trial_accuracy 0.58
wandb:  train/loss_batch_mean 0.18865
wandb: train/loss_window_mean 0.19456
wandb: 
wandb: 🚀 View run ng_9431571_vanilla_25 at: https://wandb.ai/royeyono/ng-delaymatchsample-v0/runs/10g3uuof
wandb: ⭐️ View project at: https://wandb.ai/royeyono/ng-delaymatchsample-v0
wandb: Synced 5 W&B file(s), 0 media file(s), 0 artifact file(s) and 0 other file(s)
wandb: Find logs at: ./wandb/run-20260501_152301-10g3uuof/logs
