warning: `VIRTUAL_ENV=inhibition/.venv` does not match the project environment path `.venv` and will be ignored; use `--active` to target the active environment instead
wandb: [wandb.login()] Loaded credentials for https://api.wandb.ai from /home/mila/r/roy.eyono/.netrc.
wandb: Currently logged in as: royeyono to https://api.wandb.ai. Use `wandb login --relogin` to force relogin
wandb: setting up run rj51yw2k
wandb: Tracking run with wandb version 0.25.1
wandb: Run data is saved locally in /home/mila/r/roy.eyono/RNN_EI_Network/wandb/run-20260501_153659-rj51yw2k
wandb: Run `wandb offline` to turn off syncing.
wandb: Syncing run ng_9431755_ei_8
wandb: ⭐️ View project at https://wandb.ai/royeyono/ng-antireach-v0
wandb: 🚀 View run at https://wandb.ai/royeyono/ng-antireach-v0/runs/rj51yw2k
wandb: uploading history steps 1947-1999, summary, console lines 19-20
wandb: 
wandb: Run history:
wandb:    eval/trial_accuracy ▁▁▁▁▁▁▁▁▁▁▁▂▁▂▂▂▃▂▃▄▃▄▃▂▃▃▅▄▂▄▅▆▄▄▄▆▄▅▇█
wandb:  train/loss_batch_mean █▆▅▅▄▄▄▃▃▃▃▃▂▂▂▂▂▁▁▁
wandb: train/loss_window_mean █▆▅▄▄▃▃▃▃▃▂▂▂▂▂▂▁▁▁▁
wandb: 
wandb: Run summary:
wandb:    eval/trial_accuracy 0.58
wandb:  train/loss_batch_mean 0.55099
wandb: train/loss_window_mean 0.56309
wandb: 
wandb: 🚀 View run ng_9431755_ei_8 at: https://wandb.ai/royeyono/ng-antireach-v0/runs/rj51yw2k
wandb: ⭐️ View project at: https://wandb.ai/royeyono/ng-antireach-v0
wandb: Synced 5 W&B file(s), 0 media file(s), 0 artifact file(s) and 0 other file(s)
wandb: Find logs at: ./wandb/run-20260501_153659-rj51yw2k/logs
