warning: `VIRTUAL_ENV=inhibition/.venv` does not match the project environment path `.venv` and will be ignored; use `--active` to target the active environment instead
wandb: [wandb.login()] Loaded credentials for https://api.wandb.ai from /home/mila/r/roy.eyono/.netrc.
wandb: Currently logged in as: royeyono to https://api.wandb.ai. Use `wandb login --relogin` to force relogin
wandb: setting up run o1bhio26
wandb: Tracking run with wandb version 0.25.1
wandb: Run data is saved locally in /home/mila/r/roy.eyono/RNN_EI_Network/wandb/run-20260501_151116-o1bhio26
wandb: Run `wandb offline` to turn off syncing.
wandb: Syncing run ng_9431462_vanilla_23
wandb: ⭐️ View project at https://wandb.ai/royeyono/ng-perceptualdecisionmaking-v0
wandb: 🚀 View run at https://wandb.ai/royeyono/ng-perceptualdecisionmaking-v0/runs/o1bhio26
wandb: updating run metadata
wandb: uploading history steps 1912-1999, summary, console lines 19-20
wandb: 
wandb: Run history:
wandb:    eval/trial_accuracy ▁▆▇▇▇▇█▇▇▇█▆▇▇▇▇▇▇▇▇▆█▇██▇▇▇▇▇▇▇▇█▇▇▆▇▇▇
wandb:  train/loss_batch_mean █▄▄▄▂▃▃▂▂▂▂▂▃▁▂▂▁▁▂▂
wandb: train/loss_window_mean █▃▂▂▂▂▁▁▁▁▁▁▁▁▁▁▁▁▁▁
wandb: 
wandb: Run summary:
wandb:    eval/trial_accuracy 0.82
wandb:  train/loss_batch_mean 0.01656
wandb: train/loss_window_mean 0.0148
wandb: 
wandb: 🚀 View run ng_9431462_vanilla_23 at: https://wandb.ai/royeyono/ng-perceptualdecisionmaking-v0/runs/o1bhio26
wandb: ⭐️ View project at: https://wandb.ai/royeyono/ng-perceptualdecisionmaking-v0
wandb: Synced 5 W&B file(s), 0 media file(s), 0 artifact file(s) and 0 other file(s)
wandb: Find logs at: ./wandb/run-20260501_151116-o1bhio26/logs
