warning: `VIRTUAL_ENV=inhibition/.venv` does not match the project environment path `.venv` and will be ignored; use `--active` to target the active environment instead
wandb: [wandb.login()] Loaded credentials for https://api.wandb.ai from /home/mila/r/roy.eyono/.netrc.
wandb: Currently logged in as: royeyono to https://api.wandb.ai. Use `wandb login --relogin` to force relogin
wandb: Tracking run with wandb version 0.25.1
wandb: Run data is saved locally in /home/mila/r/roy.eyono/RNN_EI_Network/wandb/run-20260501_153701-od14fb2q
wandb: Run `wandb offline` to turn off syncing.
wandb: Syncing run ng_9431755_ei_20
wandb: ⭐️ View project at https://wandb.ai/royeyono/ng-antireach-v0
wandb: 🚀 View run at https://wandb.ai/royeyono/ng-antireach-v0/runs/od14fb2q
wandb: updating run metadata
wandb: uploading history steps 1926-1999, summary, console lines 19-20
wandb: 
wandb: Run history:
wandb:    eval/trial_accuracy ▁▁▁▁▂▂▂▃▃▃▅▄▄▅▄▅▅▄▆▅▅▅▆▆▆▅▆▅▆▆▆▇█▇████▇▇
wandb:  train/loss_batch_mean █▆▅▅▄▄▃▃▃▃▂▂▂▂▂▂▁▂▁▁
wandb: train/loss_window_mean █▅▅▄▃▃▃▃▂▂▂▂▂▂▁▁▁▁▁▁
wandb: 
wandb: Run summary:
wandb:    eval/trial_accuracy 0.92
wandb:  train/loss_batch_mean 0.29018
wandb: train/loss_window_mean 0.30697
wandb: 
wandb: 🚀 View run ng_9431755_ei_20 at: https://wandb.ai/royeyono/ng-antireach-v0/runs/od14fb2q
wandb: ⭐️ View project at: https://wandb.ai/royeyono/ng-antireach-v0
wandb: Synced 5 W&B file(s), 0 media file(s), 0 artifact file(s) and 0 other file(s)
wandb: Find logs at: ./wandb/run-20260501_153701-od14fb2q/logs
